ARM GAS  C:\Users\zozo\AppData\Local\Temp\cceZafqW.s 			page 1


   1              		.cpu cortex-m0
   2              		.fpu softvfp
   3              		.eabi_attribute 20, 1
   4              		.eabi_attribute 21, 1
   5              		.eabi_attribute 23, 3
   6              		.eabi_attribute 24, 1
   7              		.eabi_attribute 25, 1
   8              		.eabi_attribute 26, 1
   9              		.eabi_attribute 30, 4
  10              		.eabi_attribute 34, 0
  11              		.eabi_attribute 18, 4
  12              		.code	16
  13              		.file	"BLE_HAL_INT.c"
  14              		.text
  15              	.Ltext0:
  16              		.section	.gnu.lto_.profile.d9224bb5,"",%progbits
  17 0000 789C6366 		.ascii	"x\234cf```a\200\000F\006\036&\000\000\216\000\027"
  17      60606061 
  17      80004606 
  17      1E260000 
  17      8E0017
  18              		.text
  19              		.section	.gnu.lto_.jmpfuncs.d9224bb5,"",%progbits
  20 0000 789C6366 		.ascii	"x\234cf\300\016\330\2404#\230\004\000\000\362\000\013"
  20      C00ED8A0 
  20      34239804 
  20      0000F200 
  20      0B
  21              		.text
  22              		.section	.gnu.lto_.inline.d9224bb5,"",%progbits
  23 0000 789C6366 		.ascii	"x\234cf\300\016$\2414#\003\003\013\017#\003\023\220"
  23      C00E24A1 
  23      34230303 
  23      0B0F2303 
  23      1390
  24 0012 C9B6409E 		.ascii	"\311\266@\236\011,\304\005\"\001\017\370\001\003"
  24      092CC405 
  24      22010FF8 
  24      0103
  25              		.text
  26              		.section	.gnu.lto_.pureconst.d9224bb5,"",%progbits
  27 0000 789C6366 		.ascii	"x\234cf```f\200\000F\006\011\000\000x\000 "
  27      60606066 
  27      80004606 
  27      09000078 
  27      0020
  28              		.text
  29              		.section	.gnu.lto_CyBLE_Bless_Interrupt.d9224bb5,"",%progbits
  30 0000 789C6366 		.ascii	"x\234cf\300\004R@\274\020\2105\201\230\221\231\201\221"
  30      C0045240 
  30      BC108835 
  30      81989199 
  30      8191
  31 0012 69C23906 		.ascii	"i\3029\006\206F\016&FF\020\203\201\221\241\236\211\261"
  31      86460E26 
  31      46461083 
  31      8191A19E 
ARM GAS  C:\Users\zozo\AppData\Local\Temp\cceZafqW.s 			page 2


  31      89B1
  32 0024 9EF125D3 		.ascii	"\236\361%\323G&\306\011\007V\317\340V_\332\320\320\360"
  32      4726C609 
  32      0756CFE0 
  32      565FDAD0 
  32      D0F0
  33 0036 E1D1F286 		.ascii	"\341\321\362\206\200\003\214?\231\030\030>3A\314a\\"
  33      80038C3F 
  33      9918183E 
  33      3341CC61 
  33      5C
  34 0047 CEA8CE00 		.ascii	"\316\250\316\000T\364\261\345\357un\266\026\240\"\001"
  34      54F4B1E5 
  34      EF756EB6 
  34      16A02201 
  35 0057 881CE30A 		.ascii	"\210\034\343\012F6F \275^\350@\303\377\377\227\347\177"
  35      46364620 
  35      BD5EE840 
  35      C3FFFF97 
  35      E77F
  36 0069 E1646660 		.ascii	"\341df`x\002\224\001\231\377\224\211\011D3\337al>0["
  36      78029401 
  36      99FF9489 
  36      094433DF 
  36      616C3E30 
  37 007e 14A41464 		.ascii	"\024\244\024d\306\274\313}\353\230j\1777t4p\374db\374"
  37      C6BCCB7D 
  37      EB986A7F 
  37      37743470 
  37      FC6462FC 
  38 0092 CC04D4CE 		.ascii	"\314\004\324\316\270\222\261\226\341'P\365=\306\306"
  38      B892B196 
  38      E12750F5 
  38      3DC6C6
  39 00a1 03F359C1 		.ascii	"\003\363Y\301*\031@\3460\202\364\003MS\327\213qO\315"
  39      2A1940E6 
  39      3082F403 
  39      4D53D78B 
  39      714FCD
  40 00b4 4B2D4A2C 		.ascii	"K-J,IM\211\017\316/-JN\215\011\010\316w6\211q\362q\215"
  40      494D890F 
  40      CE2F2D4A 
  40      4E8D0908 
  40      CE773689 
  41 00cc F770F489 		.ascii	"\367p\364\211\367\364\013\321Kf\000\000\343\036G\005"
  41      F7F40BD1 
  41      4B660000 
  41      E31E4705 
  42              		.text
  43              		.section	.gnu.lto_.symbol_nodes.d9224bb5,"",%progbits
  44 0000 789C6366 		.ascii	"x\234cf``\320d\200\002&\246z\006\206\011\347\030\030"
  44      6060D064 
  44      800226A6 
  44      7A068609 
  44      E71818
  45 0013 EAEB19E6 		.ascii	"\352\353\031\346-\340``d\256g\204\360\031\032\0328\030"
  45      2DE06060 
ARM GAS  C:\Users\zozo\AppData\Local\Temp\cceZafqW.s 			page 3


  45      64AE6784 
  45      F0191A1A 
  45      3818
  46 0025 98191819 		.ascii	"\230\031\030\031\226<\370\307\310\000\000\317\017\012"
  46      963CF8C7 
  46      C80000CF 
  46      0F0A
  47 0033 42       		.ascii	"B"
  48              		.text
  49              		.section	.gnu.lto_.refs.d9224bb5,"",%progbits
  50 0000 789C6366 		.ascii	"x\234cf```d\200\002\000\000=\000\005"
  50      60606064 
  50      80020000 
  50      3D0005
  51              		.text
  52              		.section	.gnu.lto_.decls.d9224bb5,"",%progbits
  53 0000 789C6366 		.ascii	"x\234cf``H\000\342\377@`\305\310\300\320\003d3\001q"
  53      60604800 
  53      E2FF4060 
  53      C5C8C0D0 
  53      03643301 
  54 0015 00030280 		.ascii	"\000\003\002\200\370k\200x\035\003&\000\2113C\325o\004"
  54      F86B8078 
  54      1D032600 
  54      893343D5 
  54      6F04
  55 0027 E29544E8 		.ascii	"\342\225D\350\371\310\304x\372\321\217\317</\230\030"
  55      F9C8C478 
  55      FAD18FCF 
  55      3C2F9818 
  56 0037 F9B80440 		.ascii	"\371\270\004@\334Y\327\237~a\006ry\270\230@\334m?\277"
  56      DC59D79F 
  56      7E610672 
  56      79B89840 
  56      DC6D3FBF 
  57 004b AD67139F 		.ascii	"\255g\023\237\332\000\002\315\015\002L\214\001b\214"
  57      DA0002CD 
  57      0D024C8C 
  57      01628C
  58 005a CB19A518 		.ascii	"\313\031\245\030W0J100\256d\024\007\222\321,\020\223"
  58      57304A31 
  58      3030AE64 
  58      140792D1 
  58      2C1093
  59 006d 267FFF79 		.ascii	"&\177\377y\205\211\231\211\021\304^<\343\341\025.\235"
  59      85899989 
  59      11C45E3C 
  59      E3E1152E 
  59      9D
  60 007e 55405D1D 		.ascii	"U@]\035\015\007\0160#\254\233\270g\353\015~\205y\015"
  60      0D070E30 
  60      23AC9BB8 
  60      67EB0D7E 
  60      85790D
  61 0091 0B367CD8 		.ascii	"\0136|\330\377\347\010O\303\212\206\003\377\377\333"
  61      FFE7084F 
  61      C38A8603 
ARM GAS  C:\Users\zozo\AppData\Local\Temp\cceZafqW.s 			page 4


  61      FFFFDB
  62 00a0 838D625C 		.ascii	"\203\215b\\\305\310\314\270\232Q\007\244\022\304\006"
  62      C5C8CCB8 
  62      9A5107A4 
  62      12C406
  63 00af 6B615CC3 		.ascii	"ka\\\303\250\000\324\326{v\373aFfw\260\331\223\272Z"
  63      A800D4D6 
  63      7B76FB61 
  63      466677B0 
  63      D993BA5A 
  64 00c3 4E73038D 		.ascii	"Ns\003\215x\320\360\341\364\343O\031\023\233'Lix\360"
  64      78D0F0E1 
  64      F4E34F19 
  64      139B274C 
  64      6978F0
  65 00d6 FFBF3CC4 		.ascii	"\377\277<\304\220\265H\206\254\205\031\262\016l\310"
  65      90B54886 
  65      AC8519B2 
  65      0E6CC8
  66 00e5 CE755FCE 		.ascii	"\316u_\316r\203\275\252\0002g\327\244\0233\330\300^"
  66      7283BDAA 
  66      003267D7 
  66      A41333D8 
  66      C05E
  67 00f7 65017157 		.ascii	"e\001qW\257om\347\347\351jhhj\230\320\334\300y\202\017"
  67      AF6F6DE7 
  67      E7E96A68 
  67      686A98D0 
  67      DCC07982 
  68 010c 6CDC7AA0 		.ascii	"l\334z\240g7\200=\273\221\221\007j0\210\311 \352\\\351"
  68      6737803D 
  68      BB919107 
  68      6A3088C9 
  68      20EA5CE9 
  69 0120 E4E31AEF 		.ascii	"\344\343\032\357\224\223Z\\\034\357\231W\222ZTTZP\302"
  69      94935A5C 
  69      1CEF9957 
  69      925A5454 
  69      5A50C2
  70 0133 E6EE17AA 		.ascii	"\346\356\027\252\340\314\240\256\027\343\236\232\227"
  70      E0CCA0AE 
  70      17E39E9A 
  70      97
  71 0140 5A945892 		.ascii	"Z\224X\222\232\022\037\234_Z\224\234\032\023\020\234"
  71      9A121F9C 
  71      5F5A949C 
  71      1A13109C 
  72 0150 EF6C1203 		.ascii	"\357l\022\003\322\343\341\350\023\357\351\027\242\227"
  72      D2E3E1E8 
  72      13EFE917 
  72      A297
  73 015e CC200D34 		.ascii	"\314 \0154$'\025dHp0\334\014\217\304\274\224\234\324"
  73      24271564 
  73      487030DC 
  73      0C8FC4BC 
  73      949CD4
  74 0171 224DBC66 		.ascii	"\"M\274f\004\2078:{\307\007\204\205\350e0\000\000=\037"
ARM GAS  C:\Users\zozo\AppData\Local\Temp\cceZafqW.s 			page 5


  74      0487383A 
  74      7BC70784 
  74      85E86530 
  74      00003D1F 
  75 0185 9E61     		.ascii	"\236a"
  76              		.text
  77              		.section	.gnu.lto_.symtab.d9224bb5,"",%progbits
  78 0000 4379424C 		.ascii	"CyBLE_Bless_Interrupt\000\000\000\000\000\000\000\000"
  78      455F426C 
  78      6573735F 
  78      496E7465 
  78      72727570 
  79 001d 00000000 		.ascii	"\000\000\000\000\254\000\000\000CyBle_BleSSInterrup"
  79      AC000000 
  79      4379426C 
  79      655F426C 
  79      65535349 
  80 0038 7448616E 		.ascii	"tHandler\000\000\002\000\000\000\000\000\000\000\000"
  80      646C6572 
  80      00000200 
  80      00000000 
  80      000000
  81 004b 00AE0000 		.ascii	"\000\256\000\000\000"
  81      00
  82              		.text
  83              		.section	.gnu.lto_.opts,"",%progbits
  84 0000 272D666E 		.ascii	"'-fno-trapv' '-mcpu=cortex-m0' '-mthumb' '-g' '-Os'"
  84      6F2D7472 
  84      61707627 
  84      20272D6D 
  84      6370753D 
  85 0033 20272D66 		.ascii	" '-ffunction-sections' '-flto' '-ffat-lto-objects'\000"
  85      66756E63 
  85      74696F6E 
  85      2D736563 
  85      74696F6E 
  86              		.text
  87              		.cfi_sections	.debug_frame
  88              		.section	.text.CyBLE_Bless_Interrupt,"ax",%progbits
  89              		.align	1
  90              		.global	CyBLE_Bless_Interrupt
  91              		.code	16
  92              		.thumb_func
  93              		.type	CyBLE_Bless_Interrupt, %function
  94              	CyBLE_Bless_Interrupt:
  95              	.LFB2:
  96              		.file 1 ".\\Generated_Source\\PSoC4\\BLE_HAL_INT.c"
   1:.\Generated_Source\PSoC4/BLE_HAL_INT.c **** /***************************************************************************//**
   2:.\Generated_Source\PSoC4/BLE_HAL_INT.c **** * \file BLE_HAL_INT.c
   3:.\Generated_Source\PSoC4/BLE_HAL_INT.c **** * \version 3.10
   4:.\Generated_Source\PSoC4/BLE_HAL_INT.c **** *
   5:.\Generated_Source\PSoC4/BLE_HAL_INT.c **** * \brief
   6:.\Generated_Source\PSoC4/BLE_HAL_INT.c **** *  This file contains the source code for the Interrupt Service Routine for the
   7:.\Generated_Source\PSoC4/BLE_HAL_INT.c **** *  HAL section of the BLE component
   8:.\Generated_Source\PSoC4/BLE_HAL_INT.c **** *
   9:.\Generated_Source\PSoC4/BLE_HAL_INT.c **** ********************************************************************************
  10:.\Generated_Source\PSoC4/BLE_HAL_INT.c **** * \copyright
ARM GAS  C:\Users\zozo\AppData\Local\Temp\cceZafqW.s 			page 6


  11:.\Generated_Source\PSoC4/BLE_HAL_INT.c **** * Copyright 2014-2016, Cypress Semiconductor Corporation.  All rights reserved.
  12:.\Generated_Source\PSoC4/BLE_HAL_INT.c **** * You may use this file only in accordance with the license, terms, conditions,
  13:.\Generated_Source\PSoC4/BLE_HAL_INT.c **** * disclaimers, and limitations in the end user license agreement accompanying
  14:.\Generated_Source\PSoC4/BLE_HAL_INT.c **** * the software package with which this file was provided.
  15:.\Generated_Source\PSoC4/BLE_HAL_INT.c **** *******************************************************************************/
  16:.\Generated_Source\PSoC4/BLE_HAL_INT.c **** 
  17:.\Generated_Source\PSoC4/BLE_HAL_INT.c **** #include "BLE_HAL_PVT.h"
  18:.\Generated_Source\PSoC4/BLE_HAL_INT.c **** 
  19:.\Generated_Source\PSoC4/BLE_HAL_INT.c **** 
  20:.\Generated_Source\PSoC4/BLE_HAL_INT.c **** /*******************************************************************************
  21:.\Generated_Source\PSoC4/BLE_HAL_INT.c **** * Function Name: CyBLE_Bless_Interrupt
  22:.\Generated_Source\PSoC4/BLE_HAL_INT.c **** ****************************************************************************//**
  23:.\Generated_Source\PSoC4/BLE_HAL_INT.c **** *
  24:.\Generated_Source\PSoC4/BLE_HAL_INT.c **** *  Handles the Interrupt Service Routine for the BLE sub-system.
  25:.\Generated_Source\PSoC4/BLE_HAL_INT.c **** *
  26:.\Generated_Source\PSoC4/BLE_HAL_INT.c **** * \return
  27:.\Generated_Source\PSoC4/BLE_HAL_INT.c **** *  None
  28:.\Generated_Source\PSoC4/BLE_HAL_INT.c **** *
  29:.\Generated_Source\PSoC4/BLE_HAL_INT.c **** *******************************************************************************/
  30:.\Generated_Source\PSoC4/BLE_HAL_INT.c **** CY_ISR(CyBLE_Bless_Interrupt)
  31:.\Generated_Source\PSoC4/BLE_HAL_INT.c **** {
  97              		.loc 1 31 0
  98              		.cfi_startproc
  99 0000 08B5     		push	{r3, lr}
 100              		.cfi_def_cfa_offset 8
 101              		.cfi_offset 3, -8
 102              		.cfi_offset 14, -4
  32:.\Generated_Source\PSoC4/BLE_HAL_INT.c ****     #if(CYBLE_STACK_MODE_DEBUG)
  33:.\Generated_Source\PSoC4/BLE_HAL_INT.c ****         CyBle_ApplCallback(CYBLE_DEBUG_EVT_BLESS_INT, NULL);
  34:.\Generated_Source\PSoC4/BLE_HAL_INT.c ****     #endif /* CYBLE_STACK_MODE_DEBUG */
  35:.\Generated_Source\PSoC4/BLE_HAL_INT.c **** 
  36:.\Generated_Source\PSoC4/BLE_HAL_INT.c ****     /* Call stack manager bless function handler */
  37:.\Generated_Source\PSoC4/BLE_HAL_INT.c ****     CyBLE_pf_bless_event_hdlr();
 103              		.loc 1 37 0
 104 0002 FFF7FEFF 		bl	CyBle_BleSSInterruptHandler
 105              	.LVL0:
  38:.\Generated_Source\PSoC4/BLE_HAL_INT.c ****     /* Host stack takes care of clearing interrupts */
  39:.\Generated_Source\PSoC4/BLE_HAL_INT.c **** }
 106              		.loc 1 39 0
 107              		@ sp needed
 108 0006 08BD     		pop	{r3, pc}
 109              		.cfi_endproc
 110              	.LFE2:
 111              		.size	CyBLE_Bless_Interrupt, .-CyBLE_Bless_Interrupt
 112              		.text
 113              	.Letext0:
 114              		.file 2 ".\\Generated_Source\\PSoC4\\BLE_STACK_PVT.h"
 115              		.section	.debug_info,"",%progbits
 116              	.Ldebug_info0:
 117 0000 AA000000 		.4byte	0xaa
 118 0004 0400     		.2byte	0x4
 119 0006 00000000 		.4byte	.Ldebug_abbrev0
 120 000a 04       		.byte	0x4
 121 000b 01       		.uleb128 0x1
 122 000c 56010000 		.4byte	.LASF13
 123 0010 01       		.byte	0x1
 124 0011 1B000000 		.4byte	.LASF14
ARM GAS  C:\Users\zozo\AppData\Local\Temp\cceZafqW.s 			page 7


 125 0015 54000000 		.4byte	.LASF15
 126 0019 00000000 		.4byte	.Ldebug_ranges0+0
 127 001d 00000000 		.4byte	0
 128 0021 00000000 		.4byte	.Ldebug_line0
 129 0025 02       		.uleb128 0x2
 130 0026 01       		.byte	0x1
 131 0027 06       		.byte	0x6
 132 0028 31010000 		.4byte	.LASF0
 133 002c 02       		.uleb128 0x2
 134 002d 01       		.byte	0x1
 135 002e 08       		.byte	0x8
 136 002f C9000000 		.4byte	.LASF1
 137 0033 02       		.uleb128 0x2
 138 0034 02       		.byte	0x2
 139 0035 05       		.byte	0x5
 140 0036 43010000 		.4byte	.LASF2
 141 003a 02       		.uleb128 0x2
 142 003b 02       		.byte	0x2
 143 003c 07       		.byte	0x7
 144 003d 1E010000 		.4byte	.LASF3
 145 0041 02       		.uleb128 0x2
 146 0042 04       		.byte	0x4
 147 0043 05       		.byte	0x5
 148 0044 DC000000 		.4byte	.LASF4
 149 0048 02       		.uleb128 0x2
 150 0049 04       		.byte	0x4
 151 004a 07       		.byte	0x7
 152 004b 42000000 		.4byte	.LASF5
 153 004f 02       		.uleb128 0x2
 154 0050 08       		.byte	0x8
 155 0051 05       		.byte	0x5
 156 0052 00000000 		.4byte	.LASF6
 157 0056 02       		.uleb128 0x2
 158 0057 08       		.byte	0x8
 159 0058 07       		.byte	0x7
 160 0059 B2000000 		.4byte	.LASF7
 161 005d 03       		.uleb128 0x3
 162 005e 04       		.byte	0x4
 163 005f 05       		.byte	0x5
 164 0060 696E7400 		.ascii	"int\000"
 165 0064 02       		.uleb128 0x2
 166 0065 04       		.byte	0x4
 167 0066 07       		.byte	0x7
 168 0067 0E000000 		.4byte	.LASF8
 169 006b 02       		.uleb128 0x2
 170 006c 04       		.byte	0x4
 171 006d 04       		.byte	0x4
 172 006e 3D010000 		.4byte	.LASF9
 173 0072 02       		.uleb128 0x2
 174 0073 08       		.byte	0x8
 175 0074 04       		.byte	0x4
 176 0075 FB000000 		.4byte	.LASF10
 177 0079 02       		.uleb128 0x2
 178 007a 01       		.byte	0x1
 179 007b 08       		.byte	0x8
 180 007c D7000000 		.4byte	.LASF11
 181 0080 02       		.uleb128 0x2
ARM GAS  C:\Users\zozo\AppData\Local\Temp\cceZafqW.s 			page 8


 182 0081 04       		.byte	0x4
 183 0082 07       		.byte	0x7
 184 0083 4D010000 		.4byte	.LASF12
 185 0087 04       		.uleb128 0x4
 186 0088 E5000000 		.4byte	.LASF16
 187 008c 01       		.byte	0x1
 188 008d 1E       		.byte	0x1e
 189 008e 00000000 		.4byte	.LFB2
 190 0092 08000000 		.4byte	.LFE2-.LFB2
 191 0096 01       		.uleb128 0x1
 192 0097 9C       		.byte	0x9c
 193 0098 A6000000 		.4byte	0xa6
 194 009c 05       		.uleb128 0x5
 195 009d 06000000 		.4byte	.LVL0
 196 00a1 A6000000 		.4byte	0xa6
 197 00a5 00       		.byte	0
 198 00a6 06       		.uleb128 0x6
 199 00a7 02010000 		.4byte	.LASF17
 200 00ab 02       		.byte	0x2
 201 00ac 63       		.byte	0x63
 202 00ad 00       		.byte	0
 203              		.section	.debug_abbrev,"",%progbits
 204              	.Ldebug_abbrev0:
 205 0000 01       		.uleb128 0x1
 206 0001 11       		.uleb128 0x11
 207 0002 01       		.byte	0x1
 208 0003 25       		.uleb128 0x25
 209 0004 0E       		.uleb128 0xe
 210 0005 13       		.uleb128 0x13
 211 0006 0B       		.uleb128 0xb
 212 0007 03       		.uleb128 0x3
 213 0008 0E       		.uleb128 0xe
 214 0009 1B       		.uleb128 0x1b
 215 000a 0E       		.uleb128 0xe
 216 000b 55       		.uleb128 0x55
 217 000c 17       		.uleb128 0x17
 218 000d 11       		.uleb128 0x11
 219 000e 01       		.uleb128 0x1
 220 000f 10       		.uleb128 0x10
 221 0010 17       		.uleb128 0x17
 222 0011 00       		.byte	0
 223 0012 00       		.byte	0
 224 0013 02       		.uleb128 0x2
 225 0014 24       		.uleb128 0x24
 226 0015 00       		.byte	0
 227 0016 0B       		.uleb128 0xb
 228 0017 0B       		.uleb128 0xb
 229 0018 3E       		.uleb128 0x3e
 230 0019 0B       		.uleb128 0xb
 231 001a 03       		.uleb128 0x3
 232 001b 0E       		.uleb128 0xe
 233 001c 00       		.byte	0
 234 001d 00       		.byte	0
 235 001e 03       		.uleb128 0x3
 236 001f 24       		.uleb128 0x24
 237 0020 00       		.byte	0
 238 0021 0B       		.uleb128 0xb
ARM GAS  C:\Users\zozo\AppData\Local\Temp\cceZafqW.s 			page 9


 239 0022 0B       		.uleb128 0xb
 240 0023 3E       		.uleb128 0x3e
 241 0024 0B       		.uleb128 0xb
 242 0025 03       		.uleb128 0x3
 243 0026 08       		.uleb128 0x8
 244 0027 00       		.byte	0
 245 0028 00       		.byte	0
 246 0029 04       		.uleb128 0x4
 247 002a 2E       		.uleb128 0x2e
 248 002b 01       		.byte	0x1
 249 002c 3F       		.uleb128 0x3f
 250 002d 19       		.uleb128 0x19
 251 002e 03       		.uleb128 0x3
 252 002f 0E       		.uleb128 0xe
 253 0030 3A       		.uleb128 0x3a
 254 0031 0B       		.uleb128 0xb
 255 0032 3B       		.uleb128 0x3b
 256 0033 0B       		.uleb128 0xb
 257 0034 27       		.uleb128 0x27
 258 0035 19       		.uleb128 0x19
 259 0036 11       		.uleb128 0x11
 260 0037 01       		.uleb128 0x1
 261 0038 12       		.uleb128 0x12
 262 0039 06       		.uleb128 0x6
 263 003a 40       		.uleb128 0x40
 264 003b 18       		.uleb128 0x18
 265 003c 9742     		.uleb128 0x2117
 266 003e 19       		.uleb128 0x19
 267 003f 01       		.uleb128 0x1
 268 0040 13       		.uleb128 0x13
 269 0041 00       		.byte	0
 270 0042 00       		.byte	0
 271 0043 05       		.uleb128 0x5
 272 0044 898201   		.uleb128 0x4109
 273 0047 00       		.byte	0
 274 0048 11       		.uleb128 0x11
 275 0049 01       		.uleb128 0x1
 276 004a 31       		.uleb128 0x31
 277 004b 13       		.uleb128 0x13
 278 004c 00       		.byte	0
 279 004d 00       		.byte	0
 280 004e 06       		.uleb128 0x6
 281 004f 2E       		.uleb128 0x2e
 282 0050 00       		.byte	0
 283 0051 3F       		.uleb128 0x3f
 284 0052 19       		.uleb128 0x19
 285 0053 03       		.uleb128 0x3
 286 0054 0E       		.uleb128 0xe
 287 0055 3A       		.uleb128 0x3a
 288 0056 0B       		.uleb128 0xb
 289 0057 3B       		.uleb128 0x3b
 290 0058 0B       		.uleb128 0xb
 291 0059 27       		.uleb128 0x27
 292 005a 19       		.uleb128 0x19
 293 005b 3C       		.uleb128 0x3c
 294 005c 19       		.uleb128 0x19
 295 005d 00       		.byte	0
ARM GAS  C:\Users\zozo\AppData\Local\Temp\cceZafqW.s 			page 10


 296 005e 00       		.byte	0
 297 005f 00       		.byte	0
 298              		.section	.debug_aranges,"",%progbits
 299 0000 1C000000 		.4byte	0x1c
 300 0004 0200     		.2byte	0x2
 301 0006 00000000 		.4byte	.Ldebug_info0
 302 000a 04       		.byte	0x4
 303 000b 00       		.byte	0
 304 000c 0000     		.2byte	0
 305 000e 0000     		.2byte	0
 306 0010 00000000 		.4byte	.LFB2
 307 0014 08000000 		.4byte	.LFE2-.LFB2
 308 0018 00000000 		.4byte	0
 309 001c 00000000 		.4byte	0
 310              		.section	.debug_ranges,"",%progbits
 311              	.Ldebug_ranges0:
 312 0000 00000000 		.4byte	.LFB2
 313 0004 08000000 		.4byte	.LFE2
 314 0008 00000000 		.4byte	0
 315 000c 00000000 		.4byte	0
 316              		.section	.debug_line,"",%progbits
 317              	.Ldebug_line0:
 318 0000 67000000 		.section	.debug_str,"MS",%progbits,1
 318      02005000 
 318      00000201 
 318      FB0E0D00 
 318      01010101 
 319              	.LASF6:
 320 0000 6C6F6E67 		.ascii	"long long int\000"
 320      206C6F6E 
 320      6720696E 
 320      7400
 321              	.LASF8:
 322 000e 756E7369 		.ascii	"unsigned int\000"
 322      676E6564 
 322      20696E74 
 322      00
 323              	.LASF14:
 324 001b 2E5C4765 		.ascii	".\\Generated_Source\\PSoC4\\BLE_HAL_INT.c\000"
 324      6E657261 
 324      7465645F 
 324      536F7572 
 324      63655C50 
 325              	.LASF5:
 326 0042 6C6F6E67 		.ascii	"long unsigned int\000"
 326      20756E73 
 326      69676E65 
 326      6420696E 
 326      7400
 327              	.LASF15:
 328 0054 433A5C55 		.ascii	"C:\\Users\\zozo\\GitHub\\Connection_Parameters1\\Co"
 328      73657273 
 328      5C7A6F7A 
 328      6F5C4769 
 328      74487562 
 329 0082 6E6E6563 		.ascii	"nnection_Parameters\\Connection_Parameters.cydsn\000"
 329      74696F6E 
ARM GAS  C:\Users\zozo\AppData\Local\Temp\cceZafqW.s 			page 11


 329      5F506172 
 329      616D6574 
 329      6572735C 
 330              	.LASF7:
 331 00b2 6C6F6E67 		.ascii	"long long unsigned int\000"
 331      206C6F6E 
 331      6720756E 
 331      7369676E 
 331      65642069 
 332              	.LASF1:
 333 00c9 756E7369 		.ascii	"unsigned char\000"
 333      676E6564 
 333      20636861 
 333      7200
 334              	.LASF11:
 335 00d7 63686172 		.ascii	"char\000"
 335      00
 336              	.LASF4:
 337 00dc 6C6F6E67 		.ascii	"long int\000"
 337      20696E74 
 337      00
 338              	.LASF16:
 339 00e5 4379424C 		.ascii	"CyBLE_Bless_Interrupt\000"
 339      455F426C 
 339      6573735F 
 339      496E7465 
 339      72727570 
 340              	.LASF10:
 341 00fb 646F7562 		.ascii	"double\000"
 341      6C6500
 342              	.LASF17:
 343 0102 4379426C 		.ascii	"CyBle_BleSSInterruptHandler\000"
 343      655F426C 
 343      65535349 
 343      6E746572 
 343      72757074 
 344              	.LASF3:
 345 011e 73686F72 		.ascii	"short unsigned int\000"
 345      7420756E 
 345      7369676E 
 345      65642069 
 345      6E7400
 346              	.LASF0:
 347 0131 7369676E 		.ascii	"signed char\000"
 347      65642063 
 347      68617200 
 348              	.LASF9:
 349 013d 666C6F61 		.ascii	"float\000"
 349      7400
 350              	.LASF2:
 351 0143 73686F72 		.ascii	"short int\000"
 351      7420696E 
 351      7400
 352              	.LASF12:
 353 014d 73697A65 		.ascii	"sizetype\000"
 353      74797065 
 353      00
ARM GAS  C:\Users\zozo\AppData\Local\Temp\cceZafqW.s 			page 12


 354              	.LASF13:
 355 0156 474E5520 		.ascii	"GNU C 4.9.3 20150303 (release) [ARM/embedded-4_9-br"
 355      4320342E 
 355      392E3320 
 355      32303135 
 355      30333033 
 356 0189 616E6368 		.ascii	"anch revision 221220] -mcpu=cortex-m0 -mthumb -g -O"
 356      20726576 
 356      6973696F 
 356      6E203232 
 356      31323230 
 357 01bc 73202D66 		.ascii	"s -ffunction-sections -flto -ffat-lto-objects\000"
 357      66756E63 
 357      74696F6E 
 357      2D736563 
 357      74696F6E 
 358              		.comm	__gnu_lto_v1,1,1
 359              		.ident	"GCC: (GNU Tools for ARM Embedded Processors) 4.9.3 20150303 (release) [ARM/embedded-4_9-br
