--------------- Clean Started: 06/30/2016 16:24:25 Project: Connection_Parameters, Configuration: ARM GCC 4.9-2015-q1-update Debug ---------------
Deleting file ".\CortexM0\ARM_GCC_493\Debug\main.o"
Deleting file ".\CortexM0\ARM_GCC_493\Debug\debug.o"
Deleting file ".\CortexM0\ARM_GCC_493\Debug\cyfitter_cfg.o"
Deleting file ".\CortexM0\ARM_GCC_493\Debug\cymetadata.o"
Deleting file ".\CortexM0\ARM_GCC_493\Debug\BLE.o"
Deleting file ".\CortexM0\ARM_GCC_493\Debug\BLE_gatt.o"
Deleting file ".\CortexM0\ARM_GCC_493\Debug\BLE_eventHandler.o"
Deleting file ".\CortexM0\ARM_GCC_493\Debug\BLE_HAL_INT.o"
Deleting file ".\CortexM0\ARM_GCC_493\Debug\BLE_HAL_PVT.o"
Deleting file ".\CortexM0\ARM_GCC_493\Debug\BLE_dis.o"
Deleting file ".\CortexM0\ARM_GCC_493\Debug\SW2.o"
Deleting file ".\CortexM0\ARM_GCC_493\Debug\SW2_PM.o"
Deleting file ".\CortexM0\ARM_GCC_493\Debug\SW2_Interrupt.o"
Deleting file ".\CortexM0\ARM_GCC_493\Debug\Led_Red.o"
Deleting file ".\CortexM0\ARM_GCC_493\Debug\Led_Red_PM.o"
Deleting file ".\CortexM0\ARM_GCC_493\Debug\Led_Green.o"
Deleting file ".\CortexM0\ARM_GCC_493\Debug\Led_Green_PM.o"
Deleting file ".\CortexM0\ARM_GCC_493\Debug\Led_Blue.o"
Deleting file ".\CortexM0\ARM_GCC_493\Debug\Led_Blue_PM.o"
Deleting file ".\CortexM0\ARM_GCC_493\Debug\SW_Tx_UART_AsmGnu.o"
Deleting file ".\CortexM0\ARM_GCC_493\Debug\SW_Tx_UART.o"
Deleting file ".\CortexM0\ARM_GCC_493\Debug\BLE_bless_isr.o"
Deleting file ".\CortexM0\ARM_GCC_493\Debug\Cm0Start.o"
Deleting file ".\CortexM0\ARM_GCC_493\Debug\CyBootAsmGnu.o"
Deleting file ".\CortexM0\ARM_GCC_493\Debug\CyFlash.o"
Deleting file ".\CortexM0\ARM_GCC_493\Debug\CyLib.o"
Deleting file ".\CortexM0\ARM_GCC_493\Debug\cyPm.o"
Deleting file ".\CortexM0\ARM_GCC_493\Debug\cyutils.o"
Deleting file ".\CortexM0\ARM_GCC_493\Debug\CyLFClk.o"
Deleting file ".\CortexM0\ARM_GCC_493\Debug\Connection_Parameters.hex"
Deleting file ".\CortexM0\ARM_GCC_493\Debug\Connection_Parameters.elf"
Deleting file ".\CortexM0\ARM_GCC_493\Debug\Connection_Parameters.map"
Deleting file ".\Connection_Parameters.cycdx"
Deleting file ".\Connection_Parameters.rpt"
Deleting file ".\Connection_Parameters_timing.html"
Deleting file ".\CortexM0\ARM_GCC_493\Debug\.deps\C_FILE.P"
Deleting file ".\CortexM0\ARM_GCC_493\Debug\.deps\ARM_C_FILE.P"
Deleting file ".\CortexM0\ARM_GCC_493\Debug\.deps\GNU_ARM_ASM_FILE.P"
--------------- Clean Succeeded: 06/30/2016 16:24:25 ---------------
