ARM GAS  C:\Users\zozo\AppData\Local\Temp\ccLdUso7.s 			page 1


   1              		.cpu cortex-m0
   2              		.fpu softvfp
   3              		.eabi_attribute 20, 1
   4              		.eabi_attribute 21, 1
   5              		.eabi_attribute 23, 3
   6              		.eabi_attribute 24, 1
   7              		.eabi_attribute 25, 1
   8              		.eabi_attribute 26, 1
   9              		.eabi_attribute 30, 4
  10              		.eabi_attribute 34, 0
  11              		.eabi_attribute 18, 4
  12              		.code	16
  13              		.file	"Clock_1.c"
  14              		.text
  15              	.Ltext0:
  16              		.section	.gnu.lto_.profile.d92278e9,"",%progbits
  17 0000 789C6366 		.ascii	"x\234cf```a\200\000F\0069I\000\000\311\000@"
  17      60606061 
  17      80004606 
  17      39490000 
  17      C90040
  18              		.text
  19              		.section	.gnu.lto_.jmpfuncs.d92278e9,"",%progbits
  20 0000 789C6366 		.ascii	"x\234cf\300\016\304\2414+\003##c=#\003\003\023\023#"
  20      C00EC4A1 
  20      342B0323 
  20      23633D23 
  20      03031313 
  21 0015 23737D3D 		.ascii	"#s}=3\003\003\013P\030\000\026R\001\261"
  21      3303030B 
  21      50180016 
  21      5201B1
  22              		.text
  23              		.section	.gnu.lto_.inline.d92278e9,"",%progbits
  24 0000 789C6D8B 		.ascii	"x\234m\213\273\025\2000\014\003eG\201\020\012FH\303"
  24      BB158030 
  24      0C036547 
  24      81100A46 
  24      48C3
  25 0012 631C3662 		.ascii	"c\0346b\007J\312\314\301\024\214\204\375\3705\250\261"
  25      074ACACC 
  25      C1148C84 
  25      FDF835A8 
  25      B1
  26 0023 ADF305FC 		.ascii	"\255\363\005\374g\271g\004\272I\004\002\204\264oDS\213"
  26      67B96704 
  26      BA490402 
  26      84B46F44 
  26      538B
  27 0035 82B5D0A9 		.ascii	"\202\265\320\251\240\035\005\372\001\213\242\317\242"
  27      A01D05FA 
  27      018BA2CF 
  27      A2
  28 0042 2E9806E6 		.ascii	".\230\006\346u\276\220\036\003]L\376\024\020i\242\235"
  28      75BE901E 
  28      035D4CFE 
  28      141069A2 
ARM GAS  C:\Users\zozo\AppData\Local\Temp\ccLdUso7.s 			page 2


  28      9D
  29 0053 AF4704B5 		.ascii	"\257G\004\265\312\266\247\301\011M\203\013\347"
  29      CAB6A7C1 
  29      094D830B 
  29      E7
  30              		.text
  31              		.section	.gnu.lto_.pureconst.d92278e9,"",%progbits
  32 0000 789C6366 		.ascii	"x\234cf``\340f\200\000V\006)F)&)f)\026\006\000\003\374"
  32      6060E066 
  32      80005606 
  32      29462926 
  32      29662916 
  33 0018 0086     		.ascii	"\000\206"
  34              		.text
  35              		.section	.gnu.lto_Clock_1_StartEx.d92278e9,"",%progbits
  36 0000 789C6551 		.ascii	"x\234eQ\317KTQ\024>\337\275\357>\037\216A\264t%\210"
  36      CF4B5451 
  36      143EDFBD 
  36      EF3E1F8E 
  36      41B47425 
  37 0015 B94A10FA 		.ascii	"\271J\020\372\003\212\021\332\012n\007D\306!\314\301"
  37      038A11DA 
  37      0A6E0744 
  37      C621CCC1 
  38 0025 01A9166D 		.ascii	"\001\251\026m\272O\037\023H\013\021\014C\\\225\364c"
  38      BA4F1F13 
  38      480B110C 
  38      435C95F4 
  38      63
  39 0036 A6197FAC 		.ascii	"\246\031\177\254\012\205\247 %\324D\213\024\206\301"
  39      0A85A720 
  39      25D4448B 
  39      1486C1
  40 0045 3663548B 		.ascii	"6cT\213pJ\222\001\303\316y\317\205\341\203{\317=\207"
  40      704A9201 
  40      C3CE79CF 
  40      85E1837B 
  40      CF3D87
  41 0058 EFFBCE77 		.ascii	"\357\373\316w\316\323t\376\353\343c\024Q/G\270\0045"
  41      CED374FE 
  41      EBE36314 
  41      512F47B8 
  41      0435
  42 006a 5D21F23D 		.ascii	"]!\362=\005\035?\2642\017\337\022\331V'h!\333f\342\372"
  42      051D3FB4 
  42      320FDF12 
  42      D9562768 
  42      21DB66E2 
  43 007f 75079048 		.ascii	"u\007\220H\240\373J\033\007|\307z\337UCa:,\314%\272"
  43      A0FB4A1B 
  43      077CC77A 
  43      DF554361 
  43      3A2CCC25 
  44 0094 17ADB507 		.ascii	"\027\255\265\007\277\266\375\376\020M\356\360[\305\010"
  44      BFB6FDFE 
  44      104DEEF0 
  44      5BC508
ARM GAS  C:\Users\zozo\AppData\Local\Temp\ccLdUso7.s 			page 3


  45 00a3 3C433763 		.ascii	"<C7c\266\216\177\206\027\364e\020\277_\227\016?$\276"
  45      B68E7F86 
  45      17F46510 
  45      BF5F970E 
  45      3F24BE
  46 00b6 A9A64287 		.ascii	"\251\246B\207\244of\336\315\271\222*G\322\355|\351\261"
  46      A46F66DE 
  46      CDB9922A 
  46      47D2ED7C 
  46      E9B1
  47 00c8 DBF5C4DA 		.ascii	"\333\365\304\332\211p}\305^s\232J\34394\353\341\005"
  47      89707DC5 
  47      5E739A4A 
  47      E33934EB 
  47      E105
  48 00da DAF112ED 		.ascii	"\332\361\022\355\304%B\001]\002o\004\177w\023n\300\315"
  48      C4254201 
  48      5D026F04 
  48      7F77136E 
  48      C0CD
  49 00ec 2FC63D51 		.ascii	"/\306=Q\204\013\216\345K\241=9Y-n\354\300SLq4_\354]"
  49      840B8EE5 
  49      4BA13D39 
  49      592D6EEC 
  49      C0534C71 
  50 0104 88467257 		.ascii	"\210FrW.\242:\223x\330\272R\034\364>K\363\250\272\212"
  50      2EA23A93 
  50      78D8BA52 
  50      1CF43E4B 
  50      F3A8BA8A 
  51 0118 CD3F533B 		.ascii	"\315?S;[Z\324\216\224L9[+T\332\304\246km`#\253_\352"
  51      5B5AD48E 
  51      944C395B 
  51      2B54DAC4 
  51      A66B6D60 
  52 0130 1F3F7951 		.ascii	"\037?yQ\211$\335X\237\272\267\200y?\340\005\264\340"
  52      8924DD58 
  52      9FBAB780 
  52      793FE005 
  52      B4E0
  53 0142 159B2DB1 		.ascii	"\025\233-\261YB\031\013\240*&\366\036\034\273\261\236"
  53      5942190B 
  53      A02A26F6 
  53      1E1CBBB1 
  53      9E
  54 0153 6649FA8C 		.ascii	"fI\372\214\340\375\344\255\323\302Y5\303\234%a\222\270"
  54      E0FDE4AD 
  54      D3C25935 
  54      C39C2561 
  54      92B8
  55 0165 33C47F04 		.ascii	"3\304\177\004\373l\225\355U1Y\313W\276\232\230e\216"
  55      FB6C95ED 
  55      553159CB 
  55      57BE9A98 
  55      658E
  56 0177 94C3C4A7 		.ascii	"\224\303\304\247\263\217\212F\210\236GXf\"\243\016\363"
  56      B38F8A46 
ARM GAS  C:\Users\zozo\AppData\Local\Temp\ccLdUso7.s 			page 4


  56      889E4758 
  56      6622A30E 
  56      F3
  57 0188 B5D35E82 		.ascii	"\265\323^\202\023\365\265\037\007\221}'\344]1p%\002"
  57      13F5B51F 
  57      07917D27 
  57      E45D3170 
  57      2502
  58 019a 6ECE34CA 		.ascii	"n\3164\312W\004x\326\277\037\232\377'X\345\011X\211"
  58      570478D6 
  58      BF1F9AFF 
  58      2758E509 
  58      5889
  59 01ac F6E087BB 		.ascii	"\366\340\207\273Q\363\330\033\330\023\257\257\263'u"
  59      51F3D81B 
  59      D813AFAF 
  59      B32775
  60 01bb 23339619 		.ascii	"#3\226\031\037\272\235\031\036\034\310\335\031OgR\375"
  60      1FBA9D19 
  60      1E1CC8DD 
  60      194F6752 
  60      FD
  61 01cc 03B9E4D5 		.ascii	"\003\271\344\325T2\233K\217\016\366\366\244)1\224\035"
  61      54329B4B 
  61      8F0EF6F6 
  61      A4293194 
  61      1D
  62 01dd B93996CC 		.ascii	"\2719\226\314\216\366\215\334\375\0074\336\311M"
  62      8EF68DDC 
  62      FD0734DE 
  62      C94D
  63              		.text
  64              		.section	.gnu.lto_Clock_1_Stop.d92278e9,"",%progbits
  65 0000 789C6590 		.ascii	"x\234e\220;H\003A\020\206gv\357.\301\004\021\253\220"
  65      3B480341 
  65      10866776 
  65      EF2EC104 
  65      11AB90
  66 0013 56245D40 		.ascii	"V$]@\260\020;\211\220VH\033\010r^\243b hc\343\236\236"
  66      B0103B89 
  66      9056481B 
  66      08725EA3 
  66      62206863 
  67 002a 08C12216 		.ascii	"\010\301\"\026\202\240)\305G|\201\205\225p\332\244\221"
  67      82A029C5 
  67      477C8185 
  67      9570DAA4 
  67      91
  68 003b 480A0904 		.ascii	"H\012\011\004\211\026\027\211`qQP\016\2248\353YD\\\330"
  68      89161789 
  68      60715150 
  68      0E9438EB 
  68      59445CD8 
  69 004f D7EC3FFF 		.ascii	"\327\354?\377\377\261\034\376\217q\232:\002\014\322"
  69      FFB11CFE 
  69      8F719A3A 
  69      020CD2
ARM GAS  C:\Users\zozo\AppData\Local\Temp\ccLdUso7.s 			page 5


  70 005e 8E1A202B 		.ascii	"\216\032 +T\000\314 C\356\0378S\327\313\000\242G\261"
  70      5400CC20 
  70      43EE1F38 
  70      53D7CB00 
  70      A247B1
  71 0071 0220C2AA 		.ascii	"\002 \302\252_\037S\020\345\016\010K\214\253\012\322"
  71      5F1F5310 
  71      E50E084B 
  71      8CAB0AD2 
  72 0081 EAFB3DB3 		.ascii	"\352\373=\2636\303\202]\332\012\305v\205\020\356\353"
  72      36C3825D 
  72      DA0AC576 
  72      8510EEEB 
  73 0091 456435E2 		.ascii	"Ed5\3421\2007\346\013p\017c@\232\266\365U\013i\026i"
  73      318037E6 
  73      0B700F63 
  73      409AB6F5 
  73      550B6916 
  74 00a6 FAFC37DC 		.ascii	"\372\3747\334G\215@\340\264\337\026\235\316\271\263"
  74      478D40E0 
  74      B4DF169D 
  74      CEB9B3
  75 00b5 D11A4595 		.ascii	"\321\032E\225\201G(\264\220\302\241I\020\016\235\255"
  75      814728B4 
  75      90C2A149 
  75      100E9DAD 
  76 00c5 006F5222 		.ascii	"\000oR\"!\360:^\277\347\237vFd\373\007\223\351\233\367"
  76      21F03A5E 
  76      BFE79F76 
  76      4664FB07 
  76      93E99BF7 
  77 00d9 A54AB8C5 		.ascii	"\245J\270\305<\306\205\260\204\"\303\036\234\333j\360"
  77      3CC685B0 
  77      8422C31E 
  77      9CDB6AF0 
  78 00e9 A704F27A 		.ascii	"\247\004\362zu\231_,\342\266i\241\307\024<\300(\036"
  78      75995F2C 
  78      E2B669A1 
  78      C7143CC0 
  78      281E
  79 00fb 6294084A 		.ascii	"b\224\010JXD\250\343rc\355S\363\3758Y\302\035Z7+\323"
  79      5844A8E3 
  79      7263ED53 
  79      F3FD3859 
  79      C21D5A37 
  80 0111 BF856E37 		.ascii	"\277\205n7\002\302#\331\011\222N\005\372)l2E\342\021"
  80      02C223D9 
  80      09924E05 
  80      FA296C32 
  80      45E211
  81 0124 96EBBE54 		.ascii	"\226\353\276TU\331\325\235h\332\352\337\314c\312$\301"
  81      55D9D59D 
  81      68DAEADF 
  81      CC63CA24 
  81      C1
  82 0135 63F9CCED 		.ascii	"c\371\314\355\225\236h\323\227(\200'\364\332@\323\256"
  82      959E68D3 
ARM GAS  C:\Users\zozo\AppData\Local\Temp\ccLdUso7.s 			page 6


  82      97288027 
  82      F4DA40D3 
  82      AE
  83 0146 25A5859F 		.ascii	"%\245\205\237\200\344L\231\003\361t\322\2303r\223\363"
  83      80E44C99 
  83      03F174D2 
  83      98337293 
  83      F3
  84 0157 C6542695 		.ascii	"\306T&\225]\310\351Fz\"\225M\014\247\023\263Y}&3\024"
  84      5DC8E946 
  84      7A22954D 
  84      0CA713B3 
  84      597D2633 
  85 016c D7E11B9D 		.ascii	"\327\341\033\235\200\217\004"
  85      808F04
  86              		.text
  87              		.section	.gnu.lto_Clock_1_SetFractionalDividerRegister.d92278e9,"",%progbits
  88 0000 789C7552 		.ascii	"x\234uR]H\223a\024~\317\373\375\354\267\222\256d7\005"
  88      5D489361 
  88      147ECFFB 
  88      FDECB792 
  88      AE643705 
  89 0014 63491086 		.ascii	"cI\020\206\320EW\025\030\011A\020\010^\015d\314\021"
  89      D0455715 
  89      18094110 
  89      085E0D64 
  89      CC11
  90 0026 E272B0AC 		.ascii	"\342r\260\254[\277\331\\ #d`\231\"\025&\371\227\232"
  90      5BBFD95C 
  90      20236460 
  90      99221526 
  90      F9979A
  91 0039 F6A346B0 		.ascii	"\366\243F\260\274Q0\015+\034\212M\323\031\375\201\015"
  91      BC51300D 
  91      2B1C8A4D 
  91      D319FD81 
  91      0D
  92 004a C53948D6 		.ascii	"\3059H\3269\357\253\225D\037|\357\317\363\235\3479\347"
  92      39EFAB95 
  92      441F7CEF 
  92      CFF39DE7 
  92      39E7
  93 005c 3CE753D8 		.ascii	"<\347S\330\277\217\003\337\012\205\261\013\270\203\302"
  93      BF8F03DF 
  93      0A85B10B 
  93      B883C2
  94 006b 80374E33 		.ascii	"\2007N3\0262s\000:0`\265\034j\341\013Osh\214\3674\333"
  94      16327300 
  94      3A3060B5 
  94      1C6AE10B 
  94      4F73688C 
  95 0082 0A3A0CC3 		.ascii	"\012:\014\303\370\261<\223_\237\237\345\214\255s)\003"
  95      F8B13C93 
  95      5F9F9FE5 
  95      8CAD7329 
  95      03
  96 0093 0FA10043 		.ascii	"\017\241\000C\266>\315\337\266(G\200\341yryk\335\376"
ARM GAS  C:\Users\zozo\AppData\Local\Temp\ccLdUso7.s 			page 7


  96      B63ECDDF 
  96      B6284780 
  96      E1797279 
  96      6BDDFE
  97 00a6 996739E4 		.ascii	"\231g9\344\321\265%\261\272\241\320\225s\2726u\276\373"
  97      D1B525B1 
  97      BAA1D095 
  97      73BA3675 
  97      BEFB
  98 00b8 C85DED86 		.ascii	"\310]\355\206Q\027\377:`\234A\\\201NPP\017\272\300\001"
  98      5117FF3A 
  98      609C415C 
  98      814E5050 
  98      0FBAC001 
  99 00cc DDE06008 		.ascii	"\335\340`\0101\350\001\027iE{-J\221\220\3759\327x\327"
  99      31E80117 
  99      69457B2D 
  99      4A9190FD 
  99      39D778D7 
 100 00e0 2C89D115 		.ascii	",\211\321\025\015\213P\241W\362\2169\340(\261T\006\217"
 100      0D8B50A1 
 100      57F28E39 
 100      E028B154 
 100      068F
 101 00f2 C045B189 		.ascii	"\300E\261\211\331X\203\252\234\026\274\221\276\215)"
 101      D95883AA 
 101      9C16BC91 
 101      BE8D29
 102 0101 9B28E730 		.ascii	"\233(\3470]Gc\023\315\272(G\245k\327\342\324\232\352"
 102      5D476313 
 102      CDBA2847 
 102      A56BD7E2 
 102      D49AEA
 103 0114 BC8FAA4B 		.ascii	"\274\217\252K\315\365\343vc\302\010/\345r\207\262\\"
 103      CDF5E376 
 103      63C2082F 
 103      E57287B2 
 103      5C
 104 0125 833EA9DE 		.ascii	"\203>\251\336\217U\015\200c\3076\244D\007W\207\255J"
 104      8F550D80 
 104      63C736A4 
 104      44075787 
 104      AD4A
 105 0137 89108F0F 		.ascii	"\211\020\217\017DW\270\240\337\273\323\241\377E\036"
 105      4457B8A0 
 105      DFBBD3A1 
 105      FF451E
 106 0146 FC0F391D 		.ascii	"\374\0179\035\336N\330\3640z\231\007\217\301\011C\340"
 106      DE4ED8F4 
 106      307A9907 
 106      8FC10943 
 106      E0
 107 0157 945EC213 		.ascii	"\224^\302\023\320\2011\276\213\366\037\214\033\271\334"
 107      D08131BE 
 107      8BF61F8C 
 107      1BB9DC
 108 0166 FA786CE2 		.ascii	"\372xl\3428\337\317\261;\035M\301o*\2205\032\001:-&"
ARM GAS  C:\Users\zozo\AppData\Local\Temp\ccLdUso7.s 			page 8


 108      38DFCFB1 
 108      3B1D4DC1 
 108      6F2A9035 
 108      1A013A2D 
 109 017b 5ACC409D 		.ascii	"Z\314@\235[\350h\245\305F\213\235\011u\226By\232\351"
 109      5BE868A5 
 109      C5468B9D 
 109      09759642 
 109      799AE9
 110 018e 2A0E0077 		.ascii	"*\016\000we\036\3066\0336\273NQ\306\014\247\001\267"
 110      651EC636 
 110      1B36BB4E 
 110      51C60CA7 
 110      01B7
 111 01a0 2EA4D70E 		.ascii	".\244\327\016\220'&#\0226\204/\213\25173f\001\211\262"
 111      90272623 
 111      1236842F 
 111      8BA93733 
 111      660189B2 
 112 01b4 131F1A5E 		.ascii	"\023\037\032^\252m\320\032\012C\226\233\341)\266\365"
 112      AA6DD01A 
 112      0A43969B 
 112      E129B6F5 
 113 01c4 8CDA82E7 		.ascii	"\214\332\202\347\320\006l\036\256oE\276\203\024T\244"
 113      D0066C1E 
 113      AE6F45BE 
 113      831454A4 
 114 01d4 66A67DE9 		.ascii	"f\246}\351\033\220\000V\010\303\030;\013\\\364\210="
 114      1B900056 
 114      08C3183B 
 114      0B5CF488 
 114      3D
 115 01e5 601072EA 		.ascii	"`\020r\352\2227f\273\313$I\313\3408Pf!\362:_\"\004\242"
 115      923766BB 
 115      CB2449CB 
 115      E0385066 
 115      21F23A5F 
 116 01fc CC83A65B 		.ascii	"\314\203\246[\275\032\311X\314\014FP\006\2036\"\323"
 116      BD1AC958 
 116      CC0C4650 
 116      06833622 
 116      D3
 117 020d DD6E1965 		.ascii	"\335n\031e\022\371t\251\226\334U\263d\270Y\252\275\337"
 117      12F974A9 
 117      96DC55B3 
 117      64B859AA 
 117      BDDF
 118 021f 29CA8A20 		.ascii	")\312\212 \270\034\262\322\324N\012\033\342\230\342"
 118      B81CB2D2 
 118      D44E0A1B 
 118      E298E2
 119 022e E664CB2B 		.ascii	"\346d\313+\361\203\3529`0\372'\307I\031f\027il\277\033"
 119      F183EA39 
 119      6030FA27 
 119      C7491966 
 119      17696CBF 
 120 0243 18A206EC 		.ascii	"\030\242\006\354\0304\026K'\337j\204\355q(\024\327\366"
ARM GAS  C:\Users\zozo\AppData\Local\Temp\ccLdUso7.s 			page 9


 120      1834164B 
 120      27DF6A84 
 120      ED712814 
 120      D7F6
 121 0255 7AF4023D 		.ascii	"z\364\002=\"F\022B\361\355\363\024O?C\212\003\215\003"
 121      22461242 
 121      F1EDF314 
 121      4F3F438A 
 121      038D03
 122 0268 87E32C74 		.ascii	"\207\343,t\227\370\252}AO\215\257\242\2744p5\350\365"
 122      97F8AA7D 
 122      414F8DAF 
 122      A2BC3470 
 122      35E8F5
 123 027b B92F9606 		.ascii	"\271/\226\006\212O\270\213\375\001oUyQ\241\227Y\275"
 123      8A4FB88B 
 123      FD016F55 
 123      7951A197 
 123      59BD
 124 028d FEAAB395 		.ascii	"\376\252\263\225\327*+|\301}x<\027\364xk*\003\325\036"
 124      D72A2B7C 
 124      C17D783C 
 124      17F4786B 
 124      2A03D51E 
 125 02a1 BFE9B2E7 		.ascii	"\277\351\262\347JU\231\307\257\007}\227p\373\005W\255"
 125      4A5599C7 
 125      AF077D97 
 125      70FB0557 
 125      AD
 126 02b2 450F     		.ascii	"E\017"
 127              		.text
 128              		.section	.gnu.lto_Clock_1_GetDividerRegister.d92278e9,"",%progbits
 129 0000 789C658E 		.ascii	"x\234e\216\317K\002A\024\307\337wf]\244\202\244c\327"
 129      CF4B0241 
 129      14C7DF77 
 129      665DA482 
 129      A463D7
 130 0013 086F4211 		.ascii	"\010oB\021t\350\350\241k\340u\301\302\366T$H\235\035"
 130      74E8E8A1 
 130      6BE075C1 
 130      C2F65424 
 130      489D1D
 131 0026 6DB1F014 		.ascii	"m\261\360\024Q\021\211\320\241\350\227m\177@\004\321"
 131      511189D0 
 131      A1E8976D 
 131      7F4004D1 
 132 0036 3530BA28 		.ascii	"50\272(Hn \012u*Y\251<\204\315\313n\015\274y\363\235"
 132      486E200A 
 132      752A59A9 
 132      3C84CDCB 
 132      6E0DBC79 
 133 004c F9CEF77D 		.ascii	"\371\316\367}$\375_\243\272\246A4\256;$Al\225\2112A"
 133      24FD5FA3 
 133      BAA64134 
 133      AE3B2441 
 133      6C958932 
 134 0061 01F08140 		.ascii	"\001\360\201@i\2014^E[\340\276\361\345\017\275\210\256"
ARM GAS  C:\Users\zozo\AppData\Local\Temp\ccLdUso7.s 			page 10


 134      6981345E 
 134      455BE0BE 
 134      F1E50FBD 
 134      88AE
 135 0073 A0106979 		.ascii	"\240\020iyPmu$K\010\226\327~\271a\206\217\225\312\276"
 135      506D7524 
 135      4B0896D7 
 135      7EB96186 
 135      8F95CABE 
 136 0087 67EBF3FB 		.ascii	"g\353\363\373;\207\350\012A\276 \234`\024\247\340A8"
 136      3B87E80A 
 136      41BE209C 
 136      6014A7E0 
 136      4138
 137 0099 4398BD6D 		.ascii	"C\230\275m\347\273:h:J\251\020;\364\3039L\015AW#\267"
 137      E7BB3A68 
 137      3A4AA910 
 137      3BF4C339 
 137      4C0D4157 
 138 00af AAD7F33B 		.ascii	"\252\327\363;\333\2333\" \250+\244\344\315 \316\242"
 138      DB9B3322 
 138      20A82BA4 
 138      E4CD20CE 
 138      A2
 139 00c0 A62EA66A 		.ascii	"\246.\246ji\241\273\254\341\356#_q-\376\375)\030\261"
 139      69A1BBAC 
 139      E1EE235F 
 139      712DFEFD 
 139      2918B1
 140 00d3 F0D47E1B 		.ascii	"\360\324~\033f&C\345\034e\360\254\347\346\303c\360\367"
 140      662643E5 
 140      1C65F0AC 
 140      E7E6C363 
 140      F0F7
 141 00e5 8A5856EB 		.ascii	"\212XV\353\371\033\243\210B\306\321|\001\\h\266\022"
 141      F91BA388 
 141      42C6D17C 
 141      015C68B6 
 141      12
 142 00f6 B3E11245 		.ascii	"\263\341\022EP\015\353^\316s'\373\211\262\037z\264\273"
 142      500DEB5E 
 142      CE7327FB 
 142      89B21F7A 
 142      B4BB
 143 0108 570A7082 		.ascii	"W\012p\202\031$\270\332\\C\326\333\250\270\003}\227"
 143      1924B8DA 
 143      5C43D6DB 
 143      A8B8037D 
 143      97
 144 0119 A18DE401 		.ascii	"\241\215\344\001\177\212\230\023\314\247i\307\"\326"
 144      7F8A9813 
 144      CCA769C7 
 144      22D6
 145 0127 ACBD62A7 		.ascii	"\254\275b\247\026V\355\305x,\271\226J\330\326\\,\031"
 145      1656EDC5 
 145      782CB996 
 145      4AD8D65C 
ARM GAS  C:\Users\zozo\AppData\Local\Temp\ccLdUso7.s 			page 11


 145      2C19
 146 0139 9DB2A2CB 		.ascii	"\235\262\242\313\311\304R|\"\222\240\0372\242}\216"
 146      C9C4527C 
 146      2292A01F 
 146      32A27D8E 
 147              		.text
 148              		.section	.gnu.lto_Clock_1_GetFractionalDividerRegister.d92278e9,"",%progbits
 149 0000 789C6366 		.ascii	"x\234cf\300\004R@<\001\210U\201\230\221\231\201\221"
 149      C0045240 
 149      3C018855 
 149      81989199 
 149      8191
 150 0012 69C23906 		.ascii	"i\3029\006\206F\016&FF\020\203\201\221\241\236\211\261"
 150      86460E26 
 150      46461083 
 150      8191A19E 
 150      89B1
 151 0024 9EF125D3 		.ascii	"\236\361%\323G&\3063;\377]fT_\332\320\320\364\341\321"
 151      4726C633 
 151      3BFF5D66 
 151      545FDAD0 
 151      D0F4E1D1 
 152 0038 C73BDCAD 		.ascii	"\307;\334\255\022?\231\030\030>310\352H1j\202\314a\\"
 152      123F9918 
 152      183E3331 
 152      30EA4831 
 152      6A82CC61 
 153 004d CEA8CE00 		.ascii	"\316\250\316\000T\370\261\345\357un\266\226\206\206"
 153      54F8B1E5 
 153      EF756EB6 
 153      968686
 154 005c 0601903C 		.ascii	"\006\001\220<Pb\005#\033#\220^/t\240\341\377\377\317"
 154      50620523 
 154      1B23905E 
 154      2F74A0E1 
 154      FFFFCF
 155 006f C727BF50 		.ascii	"\307'\277Pg\006\212?\001b\220-O\231\230@4\363=\306\306"
 155      67068A3F 
 155      0162902D 
 155      4F999840 
 155      34F33DC6 
 156 0084 03BBCF31 		.ascii	"\003\273\3171\201T\003M\271\377\344\374E\216\027L?\301"
 156      8154034D 
 156      B9FFE4FC 
 156      458E174C 
 156      3FC1
 157 0096 06AC6404 		.ascii	"\006\254d\004Y\360\204\211\021\244\020(\242\254\027"
 157      59F08489 
 157      11A41028 
 157      A2AC17
 158 00a5 E39E9A97 		.ascii	"\343\236\232\227Z\224X\222\232\022\037\234_Z\224\234"
 158      5A945892 
 158      9A121F9C 
 158      5F5A949C 
 159 00b5 1A13109C 		.ascii	"\032\023\020\234\357l\022\343\234\223\237\234\035o\250"
 159      EF6C12E3 
 159      9C939F9C 
ARM GAS  C:\Users\zozo\AppData\Local\Temp\ccLdUso7.s 			page 12


 159      1D6FA8
 160 00c4 97CC0000 		.ascii	"\227\314\000\000\271\332B7"
 160      B9DA4237 
 161              		.text
 162              		.section	.gnu.lto_.symbol_nodes.d92278e9,"",%progbits
 163 0000 789C55C7 		.ascii	"x\234U\3071\021\000 \014\004\301\313\207\002}\030z\013"
 163      31110020 
 163      0C04C1CB 
 163      87027D18 
 163      7A0B
 164 0012 28605084 		.ascii	"(`P\204&\032\012\262\335&0x\204a\036\260Y\273\243p\224"
 164      261A0AB2 
 164      DD263078 
 164      84611EB0 
 164      59BBA370 
 165 0027 CB2A4F67 		.ascii	"\313*Ogys\373\317\005lA\025\031"
 165      7973FBCF 
 165      056C4115 
 165      19
 166              		.text
 167              		.section	.gnu.lto_.refs.d92278e9,"",%progbits
 168 0000 789C6366 		.ascii	"x\234cf```d\200\002\000\000=\000\005"
 168      60606064 
 168      80020000 
 168      3D0005
 169              		.text
 170              		.section	.gnu.lto_.decls.d92278e9,"",%progbits
 171 0000 789C8D54 		.ascii	"x\234\215T]L\034U\024\276g\357\376\300\270\201>Q\263"
 171      5D4C1C55 
 171      14BE67EF 
 171      FEC0B881 
 171      3E51B3
 172 0013 F1618984 		.ascii	"\361a\211\204\304\204`\240\306\370\346\003U\022\037"
 172      C48460A0 
 172      C6F8E603 
 172      55121F
 173 0022 0C91F854 		.ascii	"\014\221\370T\022B\266c\335H\330v\331\032\353\213\227"
 173      1242B663 
 173      DD48D876 
 173      D91AEB8B 
 173      97
 174 0033 56DC152D 		.ascii	"V\334\025-\320\265\215\024+\022i-\266J\027A\376\026"
 174      D0B58D14 
 174      2B12692D 
 174      B64A1741 
 174      FE16
 175 0045 CB6CB7D0 		.ascii	"\313l\267\320]\371\321Rb%1)m\323\210\322(Tj\026\265"
 175      5DF9D152 
 175      62253129 
 175      6DD388D2 
 175      28546A16 
 176 005a 8EE7DE99 		.ascii	"\216\347\336\231\335\031\350\222x\22333\347\236\363"
 176      DD19E892 
 176      78933333 
 176      E79EF3
 177 0069 9DEFDC73 		.ascii	"\235\357\334s\316\035J\010\251\007BT\\\007l\204\374"
 177      CE1D4A08 
ARM GAS  C:\Users\zozo\AppData\Local\Temp\ccLdUso7.s 			page 13


 177      A9074254 
 177      5C076C84 
 177      FC
 178 007a 8ABA1DA5 		.ascii	"\212\272\035\245\212\030\013\267\311 \3120\312\024J"
 178      8A180BB7 
 178      C920CA30 
 178      CA144A
 179 0089 1265863C 		.ascii	"\022e\206<\274\270O\256\216\315Cq\242DP\012Q\346P\026"
 179      BCB84FAE 
 179      8ECD4371 
 179      A244500A 
 179      51E65016 
 180 009d 50E6515E 		.ascii	"P\346Q^\320\375A\307l]\303:gU\026l\0327\234\005\307"
 180      D0FD41C7 
 180      6C5DC33A 
 180      6755166C 
 180      1A379C05 
 181 00b2 7393B6F0 		.ascii	"s\223\266\360\217\243(\246<\262\3450\225%\026?\243c"
 181      8FA328A6 
 181      3CB2E530 
 181      9525163F 
 181      A363
 182 00c4 4B9CEDF0 		.ascii	"K\234\355\360\311,\370\031\335\246\230\374\262\325l"
 182      C92CF819 
 182      DDA698FC 
 182      B2D56C
 183 00d3 CD02D3B7 		.ascii	"\315\002\323\267R\1778\227-\220'\355\340j\347\365;\353"
 183      527F3897 
 183      2D9027ED 
 183      E06AE7F5 
 183      3BEB
 184 00e5 1455A764 		.ascii	"\024U\247d\341\352h\337\372\354#\302\352\346\352X8\321"
 184      E1EA68DF 
 184      FAEC23C2 
 184      EAE6EA58 
 184      38D1
 185 00f7 6117562B 		.ascii	"a\027V+Wo\376x}\334A-\300\277{:n.H%\347\030c!\246$\300"
 185      576FFE78 
 185      7DDC412D 
 185      C0BF7B3A 
 185      6E2E4825 
 186 0112 2068FA2C 		.ascii	" h\372,\372\276\0031\205\222Po|\264q:W\250\274\351\371"
 186      FABE0331 
 186      8592506F 
 186      7CB4713A 
 186      57A8BCE9 
 187 0127 B865895E 		.ascii	"\270e\211^\012_\225\240X:\215\340\325\336\365k\2171"
 187      0A5F95A0 
 187      583A8DE0 
 187      D5DEF56B 
 187      8F31
 188 0139 66850848 		.ascii	"f\205\010Hp\036(|\001%\374\000\034\315W\210\261\303"
 188      701E287C 
 188      0125FC00 
 188      1CCD5788 
 188      B1C3
 189 014b ACFD08CB 		.ascii	"\254\375\010\313M\344\021\370\034\\p\016\\\004.@1z\010"
ARM GAS  C:\Users\zozo\AppData\Local\Temp\ccLdUso7.s 			page 14


 189      4DE411F8 
 189      1C5C700E 
 189      5C042E40 
 189      317A08
 190 015e 5FF81237 		.ascii	"_\370\0227\373p\223\037\346\344\"\003\253\005\341<\332"
 190      FB70931F 
 190      E6E42203 
 190      AB05E13C 
 190      DA
 191 016f 1E91F340 		.ascii	"\036\221\363@\374J\314\276\363\004\343\353\010\333a"
 191      FC4ACCBE 
 191      F304E3EB 
 191      08DB61
 192 017e 81AA0238 		.ascii	"\201\252\0028\213\220^\204\020\370\012v\342\263\037"
 192      8B905E84 
 192      10F80A76 
 192      E2B31F
 193 018d AC5AEEF1 		.ascii	"\254Z\356\361\305S\235\371\264\\\034\360A\377\3459p"
 193      C5539DF9 
 193      B45C1CF0 
 193      41FFE539 
 193      70
 194 019e 77B1EEC8 		.ascii	"w\261\356\310j\313\355\017\350I\326\335\304\376UU\020"
 194      6ACBED0F 
 194      E849D6DD 
 194      C4FE5555 
 194      10
 195 01af 2018C8A4 		.ascii	" \030\310\244J\370\267V\365Ap#ph\343\317\013\3333~-"
 195      4AF8B756 
 195      F5417023 
 195      7068E3CF 
 195      0BDB337E 
 196 01c4 18F7E884 		.ascii	"\030\367\350\204\211\373]A+}E\020\016\314\035\017;\004"
 196      89FB5D41 
 196      2B7D4510 
 196      0ECC1D0F 
 196      3B04
 197 01d6 61F7448F 		.ascii	"a\367D\217\275\227)\252\372,w\207!\023\327P\232kXp}"
 197      BD9729AA 
 197      FA2C7787 
 197      2113D750 
 197      9A6B5870 
 198 01eb 7CEFB7F1 		.ascii	"|\357\267\361\\\332\010\346\302\273\265\302\177\270"
 198      5CDA08E6 
 198      C2BBB5C2 
 198      7FB8
 199 01f9 921ACC11 		.ascii	"\222\032\314\021\252\252R^\366\277o\367\235\265g\312"
 199      AAAA525E 
 199      F6BF6FF7 
 199      9DB567CA 
 200 0209 7E4F2BFB 		.ascii	"~O+\3738\026j\304(\273\333\\v\314\336\326\213eO'\017"
 200      38166AC4 
 200      28BBDB5C 
 200      76CCDED6 
 200      8B654F27 
 201 021e 512CBB5B 		.ascii	"Q,\273[/\373(n\216ie\377a\"\030\314\241onJ\242@K\242"
 201      2FFB286E 
ARM GAS  C:\Users\zozo\AppData\Local\Temp\ccLdUso7.s 			page 15


 201      8E6965FF 
 201      612218CC 
 201      A16F6E4A 
 202 0236 75BA3346 		.ascii	"u\2723F\205\252r\263eq\361\370\006\005\251X\304_\015"
 202      85AA72B3 
 202      6571F1F8 
 202      0605A958 
 202      C45F0D
 203 0249 33FA2881 		.ascii	"3\372(\201\022\027<\201\301c\030\274@\017~\021\203O"
 203      12173C81 
 203      C16318BC 
 203      400F7E11 
 203      834F
 204 025b 60709E6A 		.ascii	"`p\236jw*\027@\3014\2771\322,\2202\343\326\336\034k"
 204      772A1740 
 204      C134BF31 
 204      D22C9032 
 204      E3D6DE1C 
 205 0270 B78A9E2B 		.ascii	"\267\212\236+\231\236wM\376u\321.\366\370\361.\201\330"
 205      999E774D 
 205      FE75D12E 
 205      F6F8F12E 
 205      81D8
 206 0282 1C6D5B39 		.ascii	"\034m[9C\267m\313e\321\226xz\020\232\216\006\177\262"
 206      43B76DCB 
 206      65D19678 
 206      7A109A8E 
 206      067FB2
 207 0295 5106DA99 		.ascii	"Q\006\332\231ZN\365;\365I\210\367\224\231&\001Q0i\352"
 207      5A4EF53B 
 207      F54988F7 
 207      94992601 
 207      513069EA 
 208 02a9 CE64BA3B 		.ascii	"\316d\272;S\242;\357\266\205S\222\231\222\247cp^\331"
 208      53A23BEF 
 208      B6855392 
 208      9992A763 
 208      705ED9
 209 02bc 340ABF2F 		.ascii	"4\012\277/\215\334\267\3233\032\345H\360\330/VA\271"
 209      8DDCB7D3 
 209      331AE548 
 209      F0D82F56 
 209      41B9
 210 02ce B4DC3CE5 		.ascii	"\264\334<\345d\3324\010\010$L\204\2114aR\020\316\236"
 210      64DA3408 
 210      08244C84 
 210      89346152 
 210      10CE9E
 211 02e1 4FBE0366 		.ascii	"O\276\003fBe\023\341\267\233\010\337>\332\332\354\240"
 211      426513E1 
 211      B79B08DF 
 211      3EDADAEC 
 211      A0
 212 02f2 8A46387F 		.ascii	"\212F8\1777z\227\023F\"K\255?\313\312a\366\017\237\032"
 212      377A9713 
 212      46224BAD 
 212      3FCBCA61 
ARM GAS  C:\Users\zozo\AppData\Local\Temp\ccLdUso7.s 			page 16


 212      F60F9F1A 
 213 0306 8E806913 		.ascii	"\216\200i\023\337t\232o\206\363\321X|,j\005\227\344"
 213      DF749A6F 
 213      86F3D158 
 213      7C2C6A05 
 213      97E4
 214 0318 EAC0BF40 		.ascii	"\352\300\277@\012\357\367[*\2059\220\370\374\260\207"
 214      0AEFF75B 
 214      2A853990 
 214      F8FCB087 
 215 0328 AE2D1126 		.ascii	"\256-\021&\002\337\241>\213:\007)\241c\237\356\016="
 215      02DFA13E 
 215      8B3A0729 
 215      A1639FEE 
 215      0E3D
 216 033a E0FF06B5 		.ascii	"\340\377\006\265\315!\034\370\0033\012\205\207Vl\364"
 216      CD211CF8 
 216      03330A85 
 216      87566CF4 
 217 034a 8E9EDE89 		.ascii	"\216\236\336\211\265Or\244\020?\325\377\374\031X\336"
 217      B54F72A4 
 217      103FD5FF 
 217      FC1958DE 
 218 035a 4B2DAFE5 		.ascii	"K-\257\345i\243\226\005t-\013H\273\030\0357\212\370"
 218      69A39605 
 218      742D0B48 
 218      BB181D37 
 218      8AF8
 219 036c C598C7CA 		.ascii	"\305\230\307\312}oL\334U0Fn$\331\177\313\342l1\376L"
 219      7D6F4CDC 
 219      5530466E 
 219      24D97FCB 
 219      E26C31FE 
 220 0381 C2D938E5 		.ascii	"\302\3318\345\0028E\215\370\333~\320\333\020\330Un\257"
 220      0238458D 
 220      F8DB7ED0 
 220      DB10D855 
 220      6EAF
 221 0393 7CF16577 		.ascii	"|\361ew\005)\254\224\033d\177]@\336[[\355;\350\367\310"
 221      0529AC94 
 221      1B647F5D 
 221      40DE5B5B 
 221      ED3BE8F7 
 222 03a8 3555D5BE 		.ascii	"5U\325\276\212\247\236\364\034\012\034\332/7\226\276"
 222      8AA79EF4 
 222      1C0A1CDA 
 222      2F3796BE 
 223 03b8 4AF22BEA 		.ascii	"J\362+\352}\236\327j\313j\253\003u\376\300so<^Z\223"
 223      7D9ED76A 
 223      CB6AAB03 
 223      75FEC073 
 223      6F3C5E5A 
 224 03cd 1D53A33B 		.ascii	"\035S\243;\226z\210\323\300\370\366\013\302\262\247"
 224      967A88D3 
 224      C0F8F60B 
 224      C2B2A7
 225 03dc 6DFCF54C 		.ascii	"m\374\365LQ\306\"\007\236\367\327y\002^_C]\375n\357"
ARM GAS  C:\Users\zozo\AppData\Local\Temp\ccLdUso7.s 			page 17


 225      51C62207 
 225      9EF7D779 
 225      025E5F43 
 225      5DFD6EEF 
 226 03f0 EBDEBDB2 		.ascii	"\353\336\275\262\377%y\237\2671 \373]i\247J9\260\305"
 226      FF25799F 
 226      B73120FB 
 226      5D69A74A 
 226      39B0C5
 227 0403 5464326D 		.ascii	"Td2m\213\267\371\345}\273\312\377\003r\366\031{"
 227      8BB7F9E5 
 227      7DBBCAFF 
 227      0372F619 
 227      7B
 228              		.text
 229              		.section	.gnu.lto_.symtab.d92278e9,"",%progbits
 230 0000 436C6F63 		.ascii	"Clock_1_StartEx\000\000\000\000\000\000\000\000\000"
 230      6B5F315F 
 230      53746172 
 230      74457800 
 230      00000000 
 231 0018 000000B4 		.ascii	"\000\000\000\264\000\000\000Clock_1_Stop\000\000\000"
 231      00000043 
 231      6C6F636B 
 231      5F315F53 
 231      746F7000 
 232 002e 00000000 		.ascii	"\000\000\000\000\000\000\000\000\000\267\000\000\000"
 232      00000000 
 232      00B70000 
 232      00
 233 003b 436C6F63 		.ascii	"Clock_1_SetFractionalDividerRegister\000\000\000\000"
 233      6B5F315F 
 233      53657446 
 233      72616374 
 233      696F6E61 
 234 0063 00000000 		.ascii	"\000\000\000\000\000\000\000\000\306\000\000\000Clo"
 234      00000000 
 234      C6000000 
 234      436C6F
 235 0072 636B5F31 		.ascii	"ck_1_GetDividerRegister\000\000\000\000\000\000\000"
 235      5F476574 
 235      44697669 
 235      64657252 
 235      65676973 
 236 0090 00000000 		.ascii	"\000\000\000\000\000\311\000\000\000Clock_1_GetFrac"
 236      00C90000 
 236      00436C6F 
 236      636B5F31 
 236      5F476574 
 237 00a8 74696F6E 		.ascii	"tionalDividerRegister\000\000\000\000\000\000\000\000"
 237      616C4469 
 237      76696465 
 237      72526567 
 237      69737465 
 238 00c5 00000000 		.ascii	"\000\000\000\000\314\000\000\000"
 238      CC000000 
 239              		.text
ARM GAS  C:\Users\zozo\AppData\Local\Temp\ccLdUso7.s 			page 18


 240              		.section	.gnu.lto_.opts,"",%progbits
 241 0000 272D666E 		.ascii	"'-fno-trapv' '-mcpu=cortex-m0' '-mthumb' '-g' '-Os'"
 241      6F2D7472 
 241      61707627 
 241      20272D6D 
 241      6370753D 
 242 0033 20272D66 		.ascii	" '-ffunction-sections' '-flto' '-ffat-lto-objects'\000"
 242      66756E63 
 242      74696F6E 
 242      2D736563 
 242      74696F6E 
 243              		.text
 244              		.cfi_sections	.debug_frame
 245              		.section	.text.Clock_1_StartEx,"ax",%progbits
 246              		.align	1
 247              		.global	Clock_1_StartEx
 248              		.code	16
 249              		.thumb_func
 250              		.type	Clock_1_StartEx, %function
 251              	Clock_1_StartEx:
 252              	.LFB0:
 253              		.file 1 ".\\Generated_Source\\PSoC4\\Clock_1.c"
   1:.\Generated_Source\PSoC4/Clock_1.c **** /*******************************************************************************
   2:.\Generated_Source\PSoC4/Clock_1.c **** * File Name: Clock_1.c
   3:.\Generated_Source\PSoC4/Clock_1.c **** * Version 2.20
   4:.\Generated_Source\PSoC4/Clock_1.c **** *
   5:.\Generated_Source\PSoC4/Clock_1.c **** *  Description:
   6:.\Generated_Source\PSoC4/Clock_1.c **** *   Provides system API for the clocking, interrupts and watchdog timer.
   7:.\Generated_Source\PSoC4/Clock_1.c **** *
   8:.\Generated_Source\PSoC4/Clock_1.c **** *  Note:
   9:.\Generated_Source\PSoC4/Clock_1.c **** *   Documentation of the API's in this file is located in the
  10:.\Generated_Source\PSoC4/Clock_1.c **** *   System Reference Guide provided with PSoC Creator.
  11:.\Generated_Source\PSoC4/Clock_1.c **** *
  12:.\Generated_Source\PSoC4/Clock_1.c **** ********************************************************************************
  13:.\Generated_Source\PSoC4/Clock_1.c **** * Copyright 2008-2012, Cypress Semiconductor Corporation.  All rights reserved.
  14:.\Generated_Source\PSoC4/Clock_1.c **** * You may use this file only in accordance with the license, terms, conditions,
  15:.\Generated_Source\PSoC4/Clock_1.c **** * disclaimers, and limitations in the end user license agreement accompanying
  16:.\Generated_Source\PSoC4/Clock_1.c **** * the software package with which this file was provided.
  17:.\Generated_Source\PSoC4/Clock_1.c **** *******************************************************************************/
  18:.\Generated_Source\PSoC4/Clock_1.c **** 
  19:.\Generated_Source\PSoC4/Clock_1.c **** #include <cydevice_trm.h>
  20:.\Generated_Source\PSoC4/Clock_1.c **** #include "Clock_1.h"
  21:.\Generated_Source\PSoC4/Clock_1.c **** 
  22:.\Generated_Source\PSoC4/Clock_1.c **** #if defined CYREG_PERI_DIV_CMD
  23:.\Generated_Source\PSoC4/Clock_1.c **** 
  24:.\Generated_Source\PSoC4/Clock_1.c **** /*******************************************************************************
  25:.\Generated_Source\PSoC4/Clock_1.c **** * Function Name: Clock_1_StartEx
  26:.\Generated_Source\PSoC4/Clock_1.c **** ********************************************************************************
  27:.\Generated_Source\PSoC4/Clock_1.c **** *
  28:.\Generated_Source\PSoC4/Clock_1.c **** * Summary:
  29:.\Generated_Source\PSoC4/Clock_1.c **** *  Starts the clock, aligned to the specified running clock.
  30:.\Generated_Source\PSoC4/Clock_1.c **** *
  31:.\Generated_Source\PSoC4/Clock_1.c **** * Parameters:
  32:.\Generated_Source\PSoC4/Clock_1.c **** *  alignClkDiv:  The divider to which phase alignment is performed when the
  33:.\Generated_Source\PSoC4/Clock_1.c **** *    clock is started.
  34:.\Generated_Source\PSoC4/Clock_1.c **** *
  35:.\Generated_Source\PSoC4/Clock_1.c **** * Returns:
ARM GAS  C:\Users\zozo\AppData\Local\Temp\ccLdUso7.s 			page 19


  36:.\Generated_Source\PSoC4/Clock_1.c **** *  None
  37:.\Generated_Source\PSoC4/Clock_1.c **** *
  38:.\Generated_Source\PSoC4/Clock_1.c **** *******************************************************************************/
  39:.\Generated_Source\PSoC4/Clock_1.c **** void Clock_1_StartEx(uint32 alignClkDiv)
  40:.\Generated_Source\PSoC4/Clock_1.c **** {
 254              		.loc 1 40 0
 255              		.cfi_startproc
 256              	.LVL0:
 257              	.L2:
  41:.\Generated_Source\PSoC4/Clock_1.c ****     /* Make sure any previous start command has finished. */
  42:.\Generated_Source\PSoC4/Clock_1.c ****     while((Clock_1_CMD_REG & Clock_1_CMD_ENABLE_MASK) != 0u)
 258              		.loc 1 42 0 discriminator 1
 259 0000 044B     		ldr	r3, .L4
 260 0002 1A68     		ldr	r2, [r3]
 261 0004 002A     		cmp	r2, #0
 262 0006 FBDB     		blt	.L2
  43:.\Generated_Source\PSoC4/Clock_1.c ****     {
  44:.\Generated_Source\PSoC4/Clock_1.c ****     }
  45:.\Generated_Source\PSoC4/Clock_1.c ****     
  46:.\Generated_Source\PSoC4/Clock_1.c ****     /* Specify the target divider and it's alignment divider, and enable. */
  47:.\Generated_Source\PSoC4/Clock_1.c ****     Clock_1_CMD_REG =
  48:.\Generated_Source\PSoC4/Clock_1.c ****         ((uint32)Clock_1__DIV_ID << Clock_1_CMD_DIV_SHIFT)|
  49:.\Generated_Source\PSoC4/Clock_1.c ****         (alignClkDiv << Clock_1_CMD_PA_DIV_SHIFT) |
 263              		.loc 1 49 0
 264 0008 034A     		ldr	r2, .L4+4
 265 000a 0002     		lsl	r0, r0, #8
 266              	.LVL1:
 267 000c 1043     		orr	r0, r2
  47:.\Generated_Source\PSoC4/Clock_1.c ****         ((uint32)Clock_1__DIV_ID << Clock_1_CMD_DIV_SHIFT)|
 268              		.loc 1 47 0
 269 000e 1860     		str	r0, [r3]
  50:.\Generated_Source\PSoC4/Clock_1.c ****         (uint32)Clock_1_CMD_ENABLE_MASK;
  51:.\Generated_Source\PSoC4/Clock_1.c **** }
 270              		.loc 1 51 0
 271              		@ sp needed
 272 0010 7047     		bx	lr
 273              	.L5:
 274 0012 C046     		.align	2
 275              	.L4:
 276 0014 00000140 		.word	1073807360
 277 0018 40000080 		.word	-2147483584
 278              		.cfi_endproc
 279              	.LFE0:
 280              		.size	Clock_1_StartEx, .-Clock_1_StartEx
 281              		.section	.text.Clock_1_Stop,"ax",%progbits
 282              		.align	1
 283              		.global	Clock_1_Stop
 284              		.code	16
 285              		.thumb_func
 286              		.type	Clock_1_Stop, %function
 287              	Clock_1_Stop:
 288              	.LFB1:
  52:.\Generated_Source\PSoC4/Clock_1.c **** 
  53:.\Generated_Source\PSoC4/Clock_1.c **** #else
  54:.\Generated_Source\PSoC4/Clock_1.c **** 
  55:.\Generated_Source\PSoC4/Clock_1.c **** /*******************************************************************************
  56:.\Generated_Source\PSoC4/Clock_1.c **** * Function Name: Clock_1_Start
ARM GAS  C:\Users\zozo\AppData\Local\Temp\ccLdUso7.s 			page 20


  57:.\Generated_Source\PSoC4/Clock_1.c **** ********************************************************************************
  58:.\Generated_Source\PSoC4/Clock_1.c **** *
  59:.\Generated_Source\PSoC4/Clock_1.c **** * Summary:
  60:.\Generated_Source\PSoC4/Clock_1.c **** *  Starts the clock.
  61:.\Generated_Source\PSoC4/Clock_1.c **** *
  62:.\Generated_Source\PSoC4/Clock_1.c **** * Parameters:
  63:.\Generated_Source\PSoC4/Clock_1.c **** *  None
  64:.\Generated_Source\PSoC4/Clock_1.c **** *
  65:.\Generated_Source\PSoC4/Clock_1.c **** * Returns:
  66:.\Generated_Source\PSoC4/Clock_1.c **** *  None
  67:.\Generated_Source\PSoC4/Clock_1.c **** *
  68:.\Generated_Source\PSoC4/Clock_1.c **** *******************************************************************************/
  69:.\Generated_Source\PSoC4/Clock_1.c **** 
  70:.\Generated_Source\PSoC4/Clock_1.c **** void Clock_1_Start(void)
  71:.\Generated_Source\PSoC4/Clock_1.c **** {
  72:.\Generated_Source\PSoC4/Clock_1.c ****     /* Set the bit to enable the clock. */
  73:.\Generated_Source\PSoC4/Clock_1.c ****     Clock_1_ENABLE_REG |= Clock_1__ENABLE_MASK;
  74:.\Generated_Source\PSoC4/Clock_1.c **** }
  75:.\Generated_Source\PSoC4/Clock_1.c **** 
  76:.\Generated_Source\PSoC4/Clock_1.c **** #endif /* CYREG_PERI_DIV_CMD */
  77:.\Generated_Source\PSoC4/Clock_1.c **** 
  78:.\Generated_Source\PSoC4/Clock_1.c **** 
  79:.\Generated_Source\PSoC4/Clock_1.c **** /*******************************************************************************
  80:.\Generated_Source\PSoC4/Clock_1.c **** * Function Name: Clock_1_Stop
  81:.\Generated_Source\PSoC4/Clock_1.c **** ********************************************************************************
  82:.\Generated_Source\PSoC4/Clock_1.c **** *
  83:.\Generated_Source\PSoC4/Clock_1.c **** * Summary:
  84:.\Generated_Source\PSoC4/Clock_1.c **** *  Stops the clock and returns immediately. This API does not require the
  85:.\Generated_Source\PSoC4/Clock_1.c **** *  source clock to be running but may return before the hardware is actually
  86:.\Generated_Source\PSoC4/Clock_1.c **** *  disabled.
  87:.\Generated_Source\PSoC4/Clock_1.c **** *
  88:.\Generated_Source\PSoC4/Clock_1.c **** * Parameters:
  89:.\Generated_Source\PSoC4/Clock_1.c **** *  None
  90:.\Generated_Source\PSoC4/Clock_1.c **** *
  91:.\Generated_Source\PSoC4/Clock_1.c **** * Returns:
  92:.\Generated_Source\PSoC4/Clock_1.c **** *  None
  93:.\Generated_Source\PSoC4/Clock_1.c **** *
  94:.\Generated_Source\PSoC4/Clock_1.c **** *******************************************************************************/
  95:.\Generated_Source\PSoC4/Clock_1.c **** void Clock_1_Stop(void)
  96:.\Generated_Source\PSoC4/Clock_1.c **** {
 289              		.loc 1 96 0
 290              		.cfi_startproc
 291              	.L7:
  97:.\Generated_Source\PSoC4/Clock_1.c **** #if defined CYREG_PERI_DIV_CMD
  98:.\Generated_Source\PSoC4/Clock_1.c **** 
  99:.\Generated_Source\PSoC4/Clock_1.c ****     /* Make sure any previous start command has finished. */
 100:.\Generated_Source\PSoC4/Clock_1.c ****     while((Clock_1_CMD_REG & Clock_1_CMD_ENABLE_MASK) != 0u)
 292              		.loc 1 100 0 discriminator 1
 293 0000 034B     		ldr	r3, .L8
 294 0002 1A68     		ldr	r2, [r3]
 295 0004 002A     		cmp	r2, #0
 296 0006 FBDB     		blt	.L7
 101:.\Generated_Source\PSoC4/Clock_1.c ****     {
 102:.\Generated_Source\PSoC4/Clock_1.c ****     }
 103:.\Generated_Source\PSoC4/Clock_1.c ****     
 104:.\Generated_Source\PSoC4/Clock_1.c ****     /* Specify the target divider and it's alignment divider, and disable. */
 105:.\Generated_Source\PSoC4/Clock_1.c ****     Clock_1_CMD_REG =
ARM GAS  C:\Users\zozo\AppData\Local\Temp\ccLdUso7.s 			page 21


 297              		.loc 1 105 0
 298 0008 024A     		ldr	r2, .L8+4
 106:.\Generated_Source\PSoC4/Clock_1.c ****         ((uint32)Clock_1__DIV_ID << Clock_1_CMD_DIV_SHIFT)|
 107:.\Generated_Source\PSoC4/Clock_1.c ****         ((uint32)Clock_1_CMD_DISABLE_MASK);
 108:.\Generated_Source\PSoC4/Clock_1.c **** 
 109:.\Generated_Source\PSoC4/Clock_1.c **** #else
 110:.\Generated_Source\PSoC4/Clock_1.c **** 
 111:.\Generated_Source\PSoC4/Clock_1.c ****     /* Clear the bit to disable the clock. */
 112:.\Generated_Source\PSoC4/Clock_1.c ****     Clock_1_ENABLE_REG &= (uint32)(~Clock_1__ENABLE_MASK);
 113:.\Generated_Source\PSoC4/Clock_1.c ****     
 114:.\Generated_Source\PSoC4/Clock_1.c **** #endif /* CYREG_PERI_DIV_CMD */
 115:.\Generated_Source\PSoC4/Clock_1.c **** }
 299              		.loc 1 115 0
 300              		@ sp needed
 105:.\Generated_Source\PSoC4/Clock_1.c ****         ((uint32)Clock_1__DIV_ID << Clock_1_CMD_DIV_SHIFT)|
 301              		.loc 1 105 0
 302 000a 1A60     		str	r2, [r3]
 303              		.loc 1 115 0
 304 000c 7047     		bx	lr
 305              	.L9:
 306 000e C046     		.align	2
 307              	.L8:
 308 0010 00000140 		.word	1073807360
 309 0014 40000040 		.word	1073741888
 310              		.cfi_endproc
 311              	.LFE1:
 312              		.size	Clock_1_Stop, .-Clock_1_Stop
 313              		.section	.text.Clock_1_SetFractionalDividerRegister,"ax",%progbits
 314              		.align	1
 315              		.global	Clock_1_SetFractionalDividerRegister
 316              		.code	16
 317              		.thumb_func
 318              		.type	Clock_1_SetFractionalDividerRegister, %function
 319              	Clock_1_SetFractionalDividerRegister:
 320              	.LFB2:
 116:.\Generated_Source\PSoC4/Clock_1.c **** 
 117:.\Generated_Source\PSoC4/Clock_1.c **** 
 118:.\Generated_Source\PSoC4/Clock_1.c **** /*******************************************************************************
 119:.\Generated_Source\PSoC4/Clock_1.c **** * Function Name: Clock_1_SetFractionalDividerRegister
 120:.\Generated_Source\PSoC4/Clock_1.c **** ********************************************************************************
 121:.\Generated_Source\PSoC4/Clock_1.c **** *
 122:.\Generated_Source\PSoC4/Clock_1.c **** * Summary:
 123:.\Generated_Source\PSoC4/Clock_1.c **** *  Modifies the clock divider and the fractional divider.
 124:.\Generated_Source\PSoC4/Clock_1.c **** *
 125:.\Generated_Source\PSoC4/Clock_1.c **** * Parameters:
 126:.\Generated_Source\PSoC4/Clock_1.c **** *  clkDivider:  Divider register value (0-65535). This value is NOT the
 127:.\Generated_Source\PSoC4/Clock_1.c **** *    divider; the clock hardware divides by clkDivider plus one. For example,
 128:.\Generated_Source\PSoC4/Clock_1.c **** *    to divide the clock by 2, this parameter should be set to 1.
 129:.\Generated_Source\PSoC4/Clock_1.c **** *  fracDivider:  Fractional Divider register value (0-31).
 130:.\Generated_Source\PSoC4/Clock_1.c **** * Returns:
 131:.\Generated_Source\PSoC4/Clock_1.c **** *  None
 132:.\Generated_Source\PSoC4/Clock_1.c **** *
 133:.\Generated_Source\PSoC4/Clock_1.c **** *******************************************************************************/
 134:.\Generated_Source\PSoC4/Clock_1.c **** void Clock_1_SetFractionalDividerRegister(uint16 clkDivider, uint8 clkFractional)
 135:.\Generated_Source\PSoC4/Clock_1.c **** {
 321              		.loc 1 135 0
 322              		.cfi_startproc
ARM GAS  C:\Users\zozo\AppData\Local\Temp\ccLdUso7.s 			page 22


 323              	.LVL2:
 136:.\Generated_Source\PSoC4/Clock_1.c ****     uint32 maskVal;
 137:.\Generated_Source\PSoC4/Clock_1.c ****     uint32 regVal;
 138:.\Generated_Source\PSoC4/Clock_1.c ****     
 139:.\Generated_Source\PSoC4/Clock_1.c **** #if defined (Clock_1__FRAC_MASK) || defined (CYREG_PERI_DIV_CMD)
 140:.\Generated_Source\PSoC4/Clock_1.c ****     
 141:.\Generated_Source\PSoC4/Clock_1.c **** 	/* get all but divider bits */
 142:.\Generated_Source\PSoC4/Clock_1.c ****     maskVal = Clock_1_DIV_REG & 
 143:.\Generated_Source\PSoC4/Clock_1.c ****                     (uint32)(~(uint32)(Clock_1_DIV_INT_MASK | Clock_1_DIV_FRAC_MASK)); 
 144:.\Generated_Source\PSoC4/Clock_1.c **** 	/* combine mask and new divider vals into 32-bit value */
 145:.\Generated_Source\PSoC4/Clock_1.c ****     regVal = maskVal |
 146:.\Generated_Source\PSoC4/Clock_1.c ****         ((uint32)((uint32)clkDivider <<  Clock_1_DIV_INT_SHIFT) & Clock_1_DIV_INT_MASK) |
 147:.\Generated_Source\PSoC4/Clock_1.c ****         ((uint32)((uint32)clkFractional << Clock_1_DIV_FRAC_SHIFT) & Clock_1_DIV_FRAC_MASK);
 324              		.loc 1 147 0
 325 0000 FF22     		mov	r2, #255
 142:.\Generated_Source\PSoC4/Clock_1.c ****                     (uint32)(~(uint32)(Clock_1_DIV_INT_MASK | Clock_1_DIV_FRAC_MASK)); 
 326              		.loc 1 142 0
 327 0002 0723     		mov	r3, #7
 135:.\Generated_Source\PSoC4/Clock_1.c ****     uint32 maskVal;
 328              		.loc 1 135 0
 329 0004 30B5     		push	{r4, r5, lr}
 330              		.cfi_def_cfa_offset 12
 331              		.cfi_offset 4, -12
 332              		.cfi_offset 5, -8
 333              		.cfi_offset 14, -4
 142:.\Generated_Source\PSoC4/Clock_1.c ****                     (uint32)(~(uint32)(Clock_1_DIV_INT_MASK | Clock_1_DIV_FRAC_MASK)); 
 334              		.loc 1 142 0
 335 0006 054C     		ldr	r4, .L11
 336              		.loc 1 147 0
 337 0008 C900     		lsl	r1, r1, #3
 338              	.LVL3:
 142:.\Generated_Source\PSoC4/Clock_1.c ****                     (uint32)(~(uint32)(Clock_1_DIV_INT_MASK | Clock_1_DIV_FRAC_MASK)); 
 339              		.loc 1 142 0
 340 000a 2568     		ldr	r5, [r4]
 341              	.LVL4:
 146:.\Generated_Source\PSoC4/Clock_1.c ****         ((uint32)((uint32)clkFractional << Clock_1_DIV_FRAC_SHIFT) & Clock_1_DIV_FRAC_MASK);
 342              		.loc 1 146 0
 343 000c 0002     		lsl	r0, r0, #8
 344              	.LVL5:
 345              		.loc 1 147 0
 346 000e 1140     		and	r1, r2
 142:.\Generated_Source\PSoC4/Clock_1.c ****                     (uint32)(~(uint32)(Clock_1_DIV_INT_MASK | Clock_1_DIV_FRAC_MASK)); 
 347              		.loc 1 142 0
 348 0010 2B40     		and	r3, r5
 349              	.LVL6:
 350 0012 0143     		orr	r1, r0
 145:.\Generated_Source\PSoC4/Clock_1.c ****         ((uint32)((uint32)clkDivider <<  Clock_1_DIV_INT_SHIFT) & Clock_1_DIV_INT_MASK) |
 351              		.loc 1 145 0
 352 0014 1943     		orr	r1, r3
 353              	.LVL7:
 148:.\Generated_Source\PSoC4/Clock_1.c ****     
 149:.\Generated_Source\PSoC4/Clock_1.c **** #else
 150:.\Generated_Source\PSoC4/Clock_1.c ****     /* get all but integer divider bits */
 151:.\Generated_Source\PSoC4/Clock_1.c ****     maskVal = Clock_1_DIV_REG & (uint32)(~(uint32)Clock_1__DIVIDER_MASK);
 152:.\Generated_Source\PSoC4/Clock_1.c ****     /* combine mask and new divider val into 32-bit value */
 153:.\Generated_Source\PSoC4/Clock_1.c ****     regVal = clkDivider | maskVal;
 154:.\Generated_Source\PSoC4/Clock_1.c ****     
ARM GAS  C:\Users\zozo\AppData\Local\Temp\ccLdUso7.s 			page 23


 155:.\Generated_Source\PSoC4/Clock_1.c **** #endif /* Clock_1__FRAC_MASK || CYREG_PERI_DIV_CMD */
 156:.\Generated_Source\PSoC4/Clock_1.c **** 
 157:.\Generated_Source\PSoC4/Clock_1.c ****     Clock_1_DIV_REG = regVal;
 354              		.loc 1 157 0
 355 0016 2160     		str	r1, [r4]
 158:.\Generated_Source\PSoC4/Clock_1.c **** }
 356              		.loc 1 158 0
 357              		@ sp needed
 358 0018 30BD     		pop	{r4, r5, pc}
 359              	.L12:
 360 001a C046     		.align	2
 361              	.L11:
 362 001c 00030140 		.word	1073808128
 363              		.cfi_endproc
 364              	.LFE2:
 365              		.size	Clock_1_SetFractionalDividerRegister, .-Clock_1_SetFractionalDividerRegister
 366              		.section	.text.Clock_1_GetDividerRegister,"ax",%progbits
 367              		.align	1
 368              		.global	Clock_1_GetDividerRegister
 369              		.code	16
 370              		.thumb_func
 371              		.type	Clock_1_GetDividerRegister, %function
 372              	Clock_1_GetDividerRegister:
 373              	.LFB3:
 159:.\Generated_Source\PSoC4/Clock_1.c **** 
 160:.\Generated_Source\PSoC4/Clock_1.c **** 
 161:.\Generated_Source\PSoC4/Clock_1.c **** /*******************************************************************************
 162:.\Generated_Source\PSoC4/Clock_1.c **** * Function Name: Clock_1_GetDividerRegister
 163:.\Generated_Source\PSoC4/Clock_1.c **** ********************************************************************************
 164:.\Generated_Source\PSoC4/Clock_1.c **** *
 165:.\Generated_Source\PSoC4/Clock_1.c **** * Summary:
 166:.\Generated_Source\PSoC4/Clock_1.c **** *  Gets the clock divider register value.
 167:.\Generated_Source\PSoC4/Clock_1.c **** *
 168:.\Generated_Source\PSoC4/Clock_1.c **** * Parameters:
 169:.\Generated_Source\PSoC4/Clock_1.c **** *  None
 170:.\Generated_Source\PSoC4/Clock_1.c **** *
 171:.\Generated_Source\PSoC4/Clock_1.c **** * Returns:
 172:.\Generated_Source\PSoC4/Clock_1.c **** *  Divide value of the clock minus 1. For example, if the clock is set to
 173:.\Generated_Source\PSoC4/Clock_1.c **** *  divide by 2, the return value will be 1.
 174:.\Generated_Source\PSoC4/Clock_1.c **** *
 175:.\Generated_Source\PSoC4/Clock_1.c **** *******************************************************************************/
 176:.\Generated_Source\PSoC4/Clock_1.c **** uint16 Clock_1_GetDividerRegister(void)
 177:.\Generated_Source\PSoC4/Clock_1.c **** {
 374              		.loc 1 177 0
 375              		.cfi_startproc
 178:.\Generated_Source\PSoC4/Clock_1.c ****     return (uint16)((Clock_1_DIV_REG & Clock_1_DIV_INT_MASK)
 376              		.loc 1 178 0
 377 0000 024B     		ldr	r3, .L14
 179:.\Generated_Source\PSoC4/Clock_1.c ****         >> Clock_1_DIV_INT_SHIFT);
 180:.\Generated_Source\PSoC4/Clock_1.c **** }
 378              		.loc 1 180 0
 379              		@ sp needed
 178:.\Generated_Source\PSoC4/Clock_1.c ****     return (uint16)((Clock_1_DIV_REG & Clock_1_DIV_INT_MASK)
 380              		.loc 1 178 0
 381 0002 1868     		ldr	r0, [r3]
 179:.\Generated_Source\PSoC4/Clock_1.c ****         >> Clock_1_DIV_INT_SHIFT);
 382              		.loc 1 179 0
ARM GAS  C:\Users\zozo\AppData\Local\Temp\ccLdUso7.s 			page 24


 383 0004 000A     		lsr	r0, r0, #8
 178:.\Generated_Source\PSoC4/Clock_1.c ****     return (uint16)((Clock_1_DIV_REG & Clock_1_DIV_INT_MASK)
 384              		.loc 1 178 0
 385 0006 80B2     		uxth	r0, r0
 386              		.loc 1 180 0
 387 0008 7047     		bx	lr
 388              	.L15:
 389 000a C046     		.align	2
 390              	.L14:
 391 000c 00030140 		.word	1073808128
 392              		.cfi_endproc
 393              	.LFE3:
 394              		.size	Clock_1_GetDividerRegister, .-Clock_1_GetDividerRegister
 395              		.section	.text.Clock_1_GetFractionalDividerRegister,"ax",%progbits
 396              		.align	1
 397              		.global	Clock_1_GetFractionalDividerRegister
 398              		.code	16
 399              		.thumb_func
 400              		.type	Clock_1_GetFractionalDividerRegister, %function
 401              	Clock_1_GetFractionalDividerRegister:
 402              	.LFB4:
 181:.\Generated_Source\PSoC4/Clock_1.c **** 
 182:.\Generated_Source\PSoC4/Clock_1.c **** 
 183:.\Generated_Source\PSoC4/Clock_1.c **** /*******************************************************************************
 184:.\Generated_Source\PSoC4/Clock_1.c **** * Function Name: Clock_1_GetFractionalDividerRegister
 185:.\Generated_Source\PSoC4/Clock_1.c **** ********************************************************************************
 186:.\Generated_Source\PSoC4/Clock_1.c **** *
 187:.\Generated_Source\PSoC4/Clock_1.c **** * Summary:
 188:.\Generated_Source\PSoC4/Clock_1.c **** *  Gets the clock fractional divider register value.
 189:.\Generated_Source\PSoC4/Clock_1.c **** *
 190:.\Generated_Source\PSoC4/Clock_1.c **** * Parameters:
 191:.\Generated_Source\PSoC4/Clock_1.c **** *  None
 192:.\Generated_Source\PSoC4/Clock_1.c **** *
 193:.\Generated_Source\PSoC4/Clock_1.c **** * Returns:
 194:.\Generated_Source\PSoC4/Clock_1.c **** *  Fractional Divide value of the clock
 195:.\Generated_Source\PSoC4/Clock_1.c **** *  0 if the fractional divider is not in use.
 196:.\Generated_Source\PSoC4/Clock_1.c **** *
 197:.\Generated_Source\PSoC4/Clock_1.c **** *******************************************************************************/
 198:.\Generated_Source\PSoC4/Clock_1.c **** uint8 Clock_1_GetFractionalDividerRegister(void)
 199:.\Generated_Source\PSoC4/Clock_1.c **** {
 403              		.loc 1 199 0
 404              		.cfi_startproc
 200:.\Generated_Source\PSoC4/Clock_1.c **** #if defined (Clock_1__FRAC_MASK)
 201:.\Generated_Source\PSoC4/Clock_1.c ****     /* return fractional divider bits */
 202:.\Generated_Source\PSoC4/Clock_1.c ****     return (uint8)((Clock_1_DIV_REG & Clock_1_DIV_FRAC_MASK)
 203:.\Generated_Source\PSoC4/Clock_1.c ****         >> Clock_1_DIV_FRAC_SHIFT);
 204:.\Generated_Source\PSoC4/Clock_1.c **** #else
 205:.\Generated_Source\PSoC4/Clock_1.c ****     return 0u;
 206:.\Generated_Source\PSoC4/Clock_1.c **** #endif /* Clock_1__FRAC_MASK */
 207:.\Generated_Source\PSoC4/Clock_1.c **** }
 405              		.loc 1 207 0
 406 0000 0020     		mov	r0, #0
 407              		@ sp needed
 408 0002 7047     		bx	lr
 409              		.cfi_endproc
 410              	.LFE4:
 411              		.size	Clock_1_GetFractionalDividerRegister, .-Clock_1_GetFractionalDividerRegister
ARM GAS  C:\Users\zozo\AppData\Local\Temp\ccLdUso7.s 			page 25


 412              		.text
 413              	.Letext0:
 414              		.file 2 "Generated_Source\\PSoC4/cytypes.h"
 415              		.section	.debug_info,"",%progbits
 416              	.Ldebug_info0:
 417 0000 62010000 		.4byte	0x162
 418 0004 0400     		.2byte	0x4
 419 0006 00000000 		.4byte	.Ldebug_abbrev0
 420 000a 04       		.byte	0x4
 421 000b 01       		.uleb128 0x1
 422 000c 24000000 		.4byte	.LASF25
 423 0010 01       		.byte	0x1
 424 0011 F8000000 		.4byte	.LASF26
 425 0015 F6010000 		.4byte	.LASF27
 426 0019 00000000 		.4byte	.Ldebug_ranges0+0
 427 001d 00000000 		.4byte	0
 428 0021 00000000 		.4byte	.Ldebug_line0
 429 0025 02       		.uleb128 0x2
 430 0026 01       		.byte	0x1
 431 0027 06       		.byte	0x6
 432 0028 54020000 		.4byte	.LASF0
 433 002c 02       		.uleb128 0x2
 434 002d 01       		.byte	0x1
 435 002e 08       		.byte	0x8
 436 002f C5000000 		.4byte	.LASF1
 437 0033 02       		.uleb128 0x2
 438 0034 02       		.byte	0x2
 439 0035 05       		.byte	0x5
 440 0036 B8010000 		.4byte	.LASF2
 441 003a 02       		.uleb128 0x2
 442 003b 02       		.byte	0x2
 443 003c 07       		.byte	0x7
 444 003d E5000000 		.4byte	.LASF3
 445 0041 02       		.uleb128 0x2
 446 0042 04       		.byte	0x4
 447 0043 05       		.byte	0x5
 448 0044 ED010000 		.4byte	.LASF4
 449 0048 02       		.uleb128 0x2
 450 0049 04       		.byte	0x4
 451 004a 07       		.byte	0x7
 452 004b D3000000 		.4byte	.LASF5
 453 004f 02       		.uleb128 0x2
 454 0050 08       		.byte	0x8
 455 0051 05       		.byte	0x5
 456 0052 A5010000 		.4byte	.LASF6
 457 0056 02       		.uleb128 0x2
 458 0057 08       		.byte	0x8
 459 0058 07       		.byte	0x7
 460 0059 69010000 		.4byte	.LASF7
 461 005d 03       		.uleb128 0x3
 462 005e 04       		.byte	0x4
 463 005f 05       		.byte	0x5
 464 0060 696E7400 		.ascii	"int\000"
 465 0064 02       		.uleb128 0x2
 466 0065 04       		.byte	0x4
 467 0066 07       		.byte	0x7
 468 0067 5C010000 		.4byte	.LASF8
ARM GAS  C:\Users\zozo\AppData\Local\Temp\ccLdUso7.s 			page 26


 469 006b 04       		.uleb128 0x4
 470 006c C2010000 		.4byte	.LASF9
 471 0070 02       		.byte	0x2
 472 0071 3801     		.2byte	0x138
 473 0073 2C000000 		.4byte	0x2c
 474 0077 04       		.uleb128 0x4
 475 0078 4E010000 		.4byte	.LASF10
 476 007c 02       		.byte	0x2
 477 007d 3901     		.2byte	0x139
 478 007f 3A000000 		.4byte	0x3a
 479 0083 04       		.uleb128 0x4
 480 0084 55010000 		.4byte	.LASF11
 481 0088 02       		.byte	0x2
 482 0089 3A01     		.2byte	0x13a
 483 008b 48000000 		.4byte	0x48
 484 008f 02       		.uleb128 0x2
 485 0090 04       		.byte	0x4
 486 0091 04       		.byte	0x4
 487 0092 1E000000 		.4byte	.LASF12
 488 0096 02       		.uleb128 0x2
 489 0097 08       		.byte	0x8
 490 0098 04       		.byte	0x4
 491 0099 26010000 		.4byte	.LASF13
 492 009d 02       		.uleb128 0x2
 493 009e 01       		.byte	0x1
 494 009f 08       		.byte	0x8
 495 00a0 B3010000 		.4byte	.LASF14
 496 00a4 04       		.uleb128 0x4
 497 00a5 00000000 		.4byte	.LASF15
 498 00a9 02       		.byte	0x2
 499 00aa E401     		.2byte	0x1e4
 500 00ac B0000000 		.4byte	0xb0
 501 00b0 05       		.uleb128 0x5
 502 00b1 83000000 		.4byte	0x83
 503 00b5 06       		.uleb128 0x6
 504 00b6 0E000000 		.4byte	.LASF16
 505 00ba 01       		.byte	0x1
 506 00bb 27       		.byte	0x27
 507 00bc 00000000 		.4byte	.LFB0
 508 00c0 1C000000 		.4byte	.LFE0-.LFB0
 509 00c4 01       		.uleb128 0x1
 510 00c5 9C       		.byte	0x9c
 511 00c6 DA000000 		.4byte	0xda
 512 00ca 07       		.uleb128 0x7
 513 00cb 34010000 		.4byte	.LASF18
 514 00cf 01       		.byte	0x1
 515 00d0 27       		.byte	0x27
 516 00d1 83000000 		.4byte	0x83
 517 00d5 00000000 		.4byte	.LLST0
 518 00d9 00       		.byte	0
 519 00da 08       		.uleb128 0x8
 520 00db B8000000 		.4byte	.LASF28
 521 00df 01       		.byte	0x1
 522 00e0 5F       		.byte	0x5f
 523 00e1 00000000 		.4byte	.LFB1
 524 00e5 18000000 		.4byte	.LFE1-.LFB1
 525 00e9 01       		.uleb128 0x1
ARM GAS  C:\Users\zozo\AppData\Local\Temp\ccLdUso7.s 			page 27


 526 00ea 9C       		.byte	0x9c
 527 00eb 06       		.uleb128 0x6
 528 00ec C8010000 		.4byte	.LASF17
 529 00f0 01       		.byte	0x1
 530 00f1 86       		.byte	0x86
 531 00f2 00000000 		.4byte	.LFB2
 532 00f6 20000000 		.4byte	.LFE2-.LFB2
 533 00fa 01       		.uleb128 0x1
 534 00fb 9C       		.byte	0x9c
 535 00fc 3B010000 		.4byte	0x13b
 536 0100 07       		.uleb128 0x7
 537 0101 1B010000 		.4byte	.LASF19
 538 0105 01       		.byte	0x1
 539 0106 86       		.byte	0x86
 540 0107 77000000 		.4byte	0x77
 541 010b 21000000 		.4byte	.LLST1
 542 010f 07       		.uleb128 0x7
 543 0110 40010000 		.4byte	.LASF20
 544 0114 01       		.byte	0x1
 545 0115 86       		.byte	0x86
 546 0116 6B000000 		.4byte	0x6b
 547 011a 42000000 		.4byte	.LLST2
 548 011e 09       		.uleb128 0x9
 549 011f 06000000 		.4byte	.LASF21
 550 0123 01       		.byte	0x1
 551 0124 88       		.byte	0x88
 552 0125 83000000 		.4byte	0x83
 553 0129 63000000 		.4byte	.LLST3
 554 012d 0A       		.uleb128 0xa
 555 012e 2D010000 		.4byte	.LASF22
 556 0132 01       		.byte	0x1
 557 0133 89       		.byte	0x89
 558 0134 83000000 		.4byte	0x83
 559 0138 01       		.uleb128 0x1
 560 0139 51       		.byte	0x51
 561 013a 00       		.byte	0
 562 013b 0B       		.uleb128 0xb
 563 013c 60020000 		.4byte	.LASF23
 564 0140 01       		.byte	0x1
 565 0141 B0       		.byte	0xb0
 566 0142 77000000 		.4byte	0x77
 567 0146 00000000 		.4byte	.LFB3
 568 014a 10000000 		.4byte	.LFE3-.LFB3
 569 014e 01       		.uleb128 0x1
 570 014f 9C       		.byte	0x9c
 571 0150 0B       		.uleb128 0xb
 572 0151 80010000 		.4byte	.LASF24
 573 0155 01       		.byte	0x1
 574 0156 C6       		.byte	0xc6
 575 0157 6B000000 		.4byte	0x6b
 576 015b 00000000 		.4byte	.LFB4
 577 015f 04000000 		.4byte	.LFE4-.LFB4
 578 0163 01       		.uleb128 0x1
 579 0164 9C       		.byte	0x9c
 580 0165 00       		.byte	0
 581              		.section	.debug_abbrev,"",%progbits
 582              	.Ldebug_abbrev0:
ARM GAS  C:\Users\zozo\AppData\Local\Temp\ccLdUso7.s 			page 28


 583 0000 01       		.uleb128 0x1
 584 0001 11       		.uleb128 0x11
 585 0002 01       		.byte	0x1
 586 0003 25       		.uleb128 0x25
 587 0004 0E       		.uleb128 0xe
 588 0005 13       		.uleb128 0x13
 589 0006 0B       		.uleb128 0xb
 590 0007 03       		.uleb128 0x3
 591 0008 0E       		.uleb128 0xe
 592 0009 1B       		.uleb128 0x1b
 593 000a 0E       		.uleb128 0xe
 594 000b 55       		.uleb128 0x55
 595 000c 17       		.uleb128 0x17
 596 000d 11       		.uleb128 0x11
 597 000e 01       		.uleb128 0x1
 598 000f 10       		.uleb128 0x10
 599 0010 17       		.uleb128 0x17
 600 0011 00       		.byte	0
 601 0012 00       		.byte	0
 602 0013 02       		.uleb128 0x2
 603 0014 24       		.uleb128 0x24
 604 0015 00       		.byte	0
 605 0016 0B       		.uleb128 0xb
 606 0017 0B       		.uleb128 0xb
 607 0018 3E       		.uleb128 0x3e
 608 0019 0B       		.uleb128 0xb
 609 001a 03       		.uleb128 0x3
 610 001b 0E       		.uleb128 0xe
 611 001c 00       		.byte	0
 612 001d 00       		.byte	0
 613 001e 03       		.uleb128 0x3
 614 001f 24       		.uleb128 0x24
 615 0020 00       		.byte	0
 616 0021 0B       		.uleb128 0xb
 617 0022 0B       		.uleb128 0xb
 618 0023 3E       		.uleb128 0x3e
 619 0024 0B       		.uleb128 0xb
 620 0025 03       		.uleb128 0x3
 621 0026 08       		.uleb128 0x8
 622 0027 00       		.byte	0
 623 0028 00       		.byte	0
 624 0029 04       		.uleb128 0x4
 625 002a 16       		.uleb128 0x16
 626 002b 00       		.byte	0
 627 002c 03       		.uleb128 0x3
 628 002d 0E       		.uleb128 0xe
 629 002e 3A       		.uleb128 0x3a
 630 002f 0B       		.uleb128 0xb
 631 0030 3B       		.uleb128 0x3b
 632 0031 05       		.uleb128 0x5
 633 0032 49       		.uleb128 0x49
 634 0033 13       		.uleb128 0x13
 635 0034 00       		.byte	0
 636 0035 00       		.byte	0
 637 0036 05       		.uleb128 0x5
 638 0037 35       		.uleb128 0x35
 639 0038 00       		.byte	0
ARM GAS  C:\Users\zozo\AppData\Local\Temp\ccLdUso7.s 			page 29


 640 0039 49       		.uleb128 0x49
 641 003a 13       		.uleb128 0x13
 642 003b 00       		.byte	0
 643 003c 00       		.byte	0
 644 003d 06       		.uleb128 0x6
 645 003e 2E       		.uleb128 0x2e
 646 003f 01       		.byte	0x1
 647 0040 3F       		.uleb128 0x3f
 648 0041 19       		.uleb128 0x19
 649 0042 03       		.uleb128 0x3
 650 0043 0E       		.uleb128 0xe
 651 0044 3A       		.uleb128 0x3a
 652 0045 0B       		.uleb128 0xb
 653 0046 3B       		.uleb128 0x3b
 654 0047 0B       		.uleb128 0xb
 655 0048 27       		.uleb128 0x27
 656 0049 19       		.uleb128 0x19
 657 004a 11       		.uleb128 0x11
 658 004b 01       		.uleb128 0x1
 659 004c 12       		.uleb128 0x12
 660 004d 06       		.uleb128 0x6
 661 004e 40       		.uleb128 0x40
 662 004f 18       		.uleb128 0x18
 663 0050 9742     		.uleb128 0x2117
 664 0052 19       		.uleb128 0x19
 665 0053 01       		.uleb128 0x1
 666 0054 13       		.uleb128 0x13
 667 0055 00       		.byte	0
 668 0056 00       		.byte	0
 669 0057 07       		.uleb128 0x7
 670 0058 05       		.uleb128 0x5
 671 0059 00       		.byte	0
 672 005a 03       		.uleb128 0x3
 673 005b 0E       		.uleb128 0xe
 674 005c 3A       		.uleb128 0x3a
 675 005d 0B       		.uleb128 0xb
 676 005e 3B       		.uleb128 0x3b
 677 005f 0B       		.uleb128 0xb
 678 0060 49       		.uleb128 0x49
 679 0061 13       		.uleb128 0x13
 680 0062 02       		.uleb128 0x2
 681 0063 17       		.uleb128 0x17
 682 0064 00       		.byte	0
 683 0065 00       		.byte	0
 684 0066 08       		.uleb128 0x8
 685 0067 2E       		.uleb128 0x2e
 686 0068 00       		.byte	0
 687 0069 3F       		.uleb128 0x3f
 688 006a 19       		.uleb128 0x19
 689 006b 03       		.uleb128 0x3
 690 006c 0E       		.uleb128 0xe
 691 006d 3A       		.uleb128 0x3a
 692 006e 0B       		.uleb128 0xb
 693 006f 3B       		.uleb128 0x3b
 694 0070 0B       		.uleb128 0xb
 695 0071 27       		.uleb128 0x27
 696 0072 19       		.uleb128 0x19
ARM GAS  C:\Users\zozo\AppData\Local\Temp\ccLdUso7.s 			page 30


 697 0073 11       		.uleb128 0x11
 698 0074 01       		.uleb128 0x1
 699 0075 12       		.uleb128 0x12
 700 0076 06       		.uleb128 0x6
 701 0077 40       		.uleb128 0x40
 702 0078 18       		.uleb128 0x18
 703 0079 9742     		.uleb128 0x2117
 704 007b 19       		.uleb128 0x19
 705 007c 00       		.byte	0
 706 007d 00       		.byte	0
 707 007e 09       		.uleb128 0x9
 708 007f 34       		.uleb128 0x34
 709 0080 00       		.byte	0
 710 0081 03       		.uleb128 0x3
 711 0082 0E       		.uleb128 0xe
 712 0083 3A       		.uleb128 0x3a
 713 0084 0B       		.uleb128 0xb
 714 0085 3B       		.uleb128 0x3b
 715 0086 0B       		.uleb128 0xb
 716 0087 49       		.uleb128 0x49
 717 0088 13       		.uleb128 0x13
 718 0089 02       		.uleb128 0x2
 719 008a 17       		.uleb128 0x17
 720 008b 00       		.byte	0
 721 008c 00       		.byte	0
 722 008d 0A       		.uleb128 0xa
 723 008e 34       		.uleb128 0x34
 724 008f 00       		.byte	0
 725 0090 03       		.uleb128 0x3
 726 0091 0E       		.uleb128 0xe
 727 0092 3A       		.uleb128 0x3a
 728 0093 0B       		.uleb128 0xb
 729 0094 3B       		.uleb128 0x3b
 730 0095 0B       		.uleb128 0xb
 731 0096 49       		.uleb128 0x49
 732 0097 13       		.uleb128 0x13
 733 0098 02       		.uleb128 0x2
 734 0099 18       		.uleb128 0x18
 735 009a 00       		.byte	0
 736 009b 00       		.byte	0
 737 009c 0B       		.uleb128 0xb
 738 009d 2E       		.uleb128 0x2e
 739 009e 00       		.byte	0
 740 009f 3F       		.uleb128 0x3f
 741 00a0 19       		.uleb128 0x19
 742 00a1 03       		.uleb128 0x3
 743 00a2 0E       		.uleb128 0xe
 744 00a3 3A       		.uleb128 0x3a
 745 00a4 0B       		.uleb128 0xb
 746 00a5 3B       		.uleb128 0x3b
 747 00a6 0B       		.uleb128 0xb
 748 00a7 27       		.uleb128 0x27
 749 00a8 19       		.uleb128 0x19
 750 00a9 49       		.uleb128 0x49
 751 00aa 13       		.uleb128 0x13
 752 00ab 11       		.uleb128 0x11
 753 00ac 01       		.uleb128 0x1
ARM GAS  C:\Users\zozo\AppData\Local\Temp\ccLdUso7.s 			page 31


 754 00ad 12       		.uleb128 0x12
 755 00ae 06       		.uleb128 0x6
 756 00af 40       		.uleb128 0x40
 757 00b0 18       		.uleb128 0x18
 758 00b1 9742     		.uleb128 0x2117
 759 00b3 19       		.uleb128 0x19
 760 00b4 00       		.byte	0
 761 00b5 00       		.byte	0
 762 00b6 00       		.byte	0
 763              		.section	.debug_loc,"",%progbits
 764              	.Ldebug_loc0:
 765              	.LLST0:
 766 0000 00000000 		.4byte	.LVL0
 767 0004 0C000000 		.4byte	.LVL1
 768 0008 0100     		.2byte	0x1
 769 000a 50       		.byte	0x50
 770 000b 0C000000 		.4byte	.LVL1
 771 000f 1C000000 		.4byte	.LFE0
 772 0013 0400     		.2byte	0x4
 773 0015 F3       		.byte	0xf3
 774 0016 01       		.uleb128 0x1
 775 0017 50       		.byte	0x50
 776 0018 9F       		.byte	0x9f
 777 0019 00000000 		.4byte	0
 778 001d 00000000 		.4byte	0
 779              	.LLST1:
 780 0021 00000000 		.4byte	.LVL2
 781 0025 0E000000 		.4byte	.LVL5
 782 0029 0100     		.2byte	0x1
 783 002b 50       		.byte	0x50
 784 002c 0E000000 		.4byte	.LVL5
 785 0030 20000000 		.4byte	.LFE2
 786 0034 0400     		.2byte	0x4
 787 0036 F3       		.byte	0xf3
 788 0037 01       		.uleb128 0x1
 789 0038 50       		.byte	0x50
 790 0039 9F       		.byte	0x9f
 791 003a 00000000 		.4byte	0
 792 003e 00000000 		.4byte	0
 793              	.LLST2:
 794 0042 00000000 		.4byte	.LVL2
 795 0046 0A000000 		.4byte	.LVL3
 796 004a 0100     		.2byte	0x1
 797 004c 51       		.byte	0x51
 798 004d 0A000000 		.4byte	.LVL3
 799 0051 20000000 		.4byte	.LFE2
 800 0055 0400     		.2byte	0x4
 801 0057 F3       		.byte	0xf3
 802 0058 01       		.uleb128 0x1
 803 0059 51       		.byte	0x51
 804 005a 9F       		.byte	0x9f
 805 005b 00000000 		.4byte	0
 806 005f 00000000 		.4byte	0
 807              	.LLST3:
 808 0063 0C000000 		.4byte	.LVL4
 809 0067 12000000 		.4byte	.LVL6
 810 006b 0500     		.2byte	0x5
ARM GAS  C:\Users\zozo\AppData\Local\Temp\ccLdUso7.s 			page 32


 811 006d 75       		.byte	0x75
 812 006e 00       		.sleb128 0
 813 006f 37       		.byte	0x37
 814 0070 1A       		.byte	0x1a
 815 0071 9F       		.byte	0x9f
 816 0072 12000000 		.4byte	.LVL6
 817 0076 20000000 		.4byte	.LFE2
 818 007a 0100     		.2byte	0x1
 819 007c 53       		.byte	0x53
 820 007d 00000000 		.4byte	0
 821 0081 00000000 		.4byte	0
 822              		.section	.debug_aranges,"",%progbits
 823 0000 3C000000 		.4byte	0x3c
 824 0004 0200     		.2byte	0x2
 825 0006 00000000 		.4byte	.Ldebug_info0
 826 000a 04       		.byte	0x4
 827 000b 00       		.byte	0
 828 000c 0000     		.2byte	0
 829 000e 0000     		.2byte	0
 830 0010 00000000 		.4byte	.LFB0
 831 0014 1C000000 		.4byte	.LFE0-.LFB0
 832 0018 00000000 		.4byte	.LFB1
 833 001c 18000000 		.4byte	.LFE1-.LFB1
 834 0020 00000000 		.4byte	.LFB2
 835 0024 20000000 		.4byte	.LFE2-.LFB2
 836 0028 00000000 		.4byte	.LFB3
 837 002c 10000000 		.4byte	.LFE3-.LFB3
 838 0030 00000000 		.4byte	.LFB4
 839 0034 04000000 		.4byte	.LFE4-.LFB4
 840 0038 00000000 		.4byte	0
 841 003c 00000000 		.4byte	0
 842              		.section	.debug_ranges,"",%progbits
 843              	.Ldebug_ranges0:
 844 0000 00000000 		.4byte	.LFB0
 845 0004 1C000000 		.4byte	.LFE0
 846 0008 00000000 		.4byte	.LFB1
 847 000c 18000000 		.4byte	.LFE1
 848 0010 00000000 		.4byte	.LFB2
 849 0014 20000000 		.4byte	.LFE2
 850 0018 00000000 		.4byte	.LFB3
 851 001c 10000000 		.4byte	.LFE3
 852 0020 00000000 		.4byte	.LFB4
 853 0024 04000000 		.4byte	.LFE4
 854 0028 00000000 		.4byte	0
 855 002c 00000000 		.4byte	0
 856              		.section	.debug_line,"",%progbits
 857              	.Ldebug_line0:
 858 0000 E2000000 		.section	.debug_str,"MS",%progbits,1
 858      02005D00 
 858      00000201 
 858      FB0E0D00 
 858      01010101 
 859              	.LASF15:
 860 0000 72656733 		.ascii	"reg32\000"
 860      3200
 861              	.LASF21:
 862 0006 6D61736B 		.ascii	"maskVal\000"
ARM GAS  C:\Users\zozo\AppData\Local\Temp\ccLdUso7.s 			page 33


 862      56616C00 
 863              	.LASF16:
 864 000e 436C6F63 		.ascii	"Clock_1_StartEx\000"
 864      6B5F315F 
 864      53746172 
 864      74457800 
 865              	.LASF12:
 866 001e 666C6F61 		.ascii	"float\000"
 866      7400
 867              	.LASF25:
 868 0024 474E5520 		.ascii	"GNU C 4.9.3 20150303 (release) [ARM/embedded-4_9-br"
 868      4320342E 
 868      392E3320 
 868      32303135 
 868      30333033 
 869 0057 616E6368 		.ascii	"anch revision 221220] -mcpu=cortex-m0 -mthumb -g -O"
 869      20726576 
 869      6973696F 
 869      6E203232 
 869      31323230 
 870 008a 73202D66 		.ascii	"s -ffunction-sections -flto -ffat-lto-objects\000"
 870      66756E63 
 870      74696F6E 
 870      2D736563 
 870      74696F6E 
 871              	.LASF28:
 872 00b8 436C6F63 		.ascii	"Clock_1_Stop\000"
 872      6B5F315F 
 872      53746F70 
 872      00
 873              	.LASF1:
 874 00c5 756E7369 		.ascii	"unsigned char\000"
 874      676E6564 
 874      20636861 
 874      7200
 875              	.LASF5:
 876 00d3 6C6F6E67 		.ascii	"long unsigned int\000"
 876      20756E73 
 876      69676E65 
 876      6420696E 
 876      7400
 877              	.LASF3:
 878 00e5 73686F72 		.ascii	"short unsigned int\000"
 878      7420756E 
 878      7369676E 
 878      65642069 
 878      6E7400
 879              	.LASF26:
 880 00f8 2E5C4765 		.ascii	".\\Generated_Source\\PSoC4\\Clock_1.c\000"
 880      6E657261 
 880      7465645F 
 880      536F7572 
 880      63655C50 
 881              	.LASF19:
 882 011b 636C6B44 		.ascii	"clkDivider\000"
 882      69766964 
 882      657200
ARM GAS  C:\Users\zozo\AppData\Local\Temp\ccLdUso7.s 			page 34


 883              	.LASF13:
 884 0126 646F7562 		.ascii	"double\000"
 884      6C6500
 885              	.LASF22:
 886 012d 72656756 		.ascii	"regVal\000"
 886      616C00
 887              	.LASF18:
 888 0134 616C6967 		.ascii	"alignClkDiv\000"
 888      6E436C6B 
 888      44697600 
 889              	.LASF20:
 890 0140 636C6B46 		.ascii	"clkFractional\000"
 890      72616374 
 890      696F6E61 
 890      6C00
 891              	.LASF10:
 892 014e 75696E74 		.ascii	"uint16\000"
 892      313600
 893              	.LASF11:
 894 0155 75696E74 		.ascii	"uint32\000"
 894      333200
 895              	.LASF8:
 896 015c 756E7369 		.ascii	"unsigned int\000"
 896      676E6564 
 896      20696E74 
 896      00
 897              	.LASF7:
 898 0169 6C6F6E67 		.ascii	"long long unsigned int\000"
 898      206C6F6E 
 898      6720756E 
 898      7369676E 
 898      65642069 
 899              	.LASF24:
 900 0180 436C6F63 		.ascii	"Clock_1_GetFractionalDividerRegister\000"
 900      6B5F315F 
 900      47657446 
 900      72616374 
 900      696F6E61 
 901              	.LASF6:
 902 01a5 6C6F6E67 		.ascii	"long long int\000"
 902      206C6F6E 
 902      6720696E 
 902      7400
 903              	.LASF14:
 904 01b3 63686172 		.ascii	"char\000"
 904      00
 905              	.LASF2:
 906 01b8 73686F72 		.ascii	"short int\000"
 906      7420696E 
 906      7400
 907              	.LASF9:
 908 01c2 75696E74 		.ascii	"uint8\000"
 908      3800
 909              	.LASF17:
 910 01c8 436C6F63 		.ascii	"Clock_1_SetFractionalDividerRegister\000"
 910      6B5F315F 
 910      53657446 
ARM GAS  C:\Users\zozo\AppData\Local\Temp\ccLdUso7.s 			page 35


 910      72616374 
 910      696F6E61 
 911              	.LASF4:
 912 01ed 6C6F6E67 		.ascii	"long int\000"
 912      20696E74 
 912      00
 913              	.LASF27:
 914 01f6 433A5C55 		.ascii	"C:\\Users\\zozo\\GitHub\\Connection_Parameters1\\Co"
 914      73657273 
 914      5C7A6F7A 
 914      6F5C4769 
 914      74487562 
 915 0224 6E6E6563 		.ascii	"nnection_Parameters\\Connection_Parameters.cydsn\000"
 915      74696F6E 
 915      5F506172 
 915      616D6574 
 915      6572735C 
 916              	.LASF0:
 917 0254 7369676E 		.ascii	"signed char\000"
 917      65642063 
 917      68617200 
 918              	.LASF23:
 919 0260 436C6F63 		.ascii	"Clock_1_GetDividerRegister\000"
 919      6B5F315F 
 919      47657444 
 919      69766964 
 919      65725265 
 920              		.comm	__gnu_lto_v1,1,1
 921              		.ident	"GCC: (GNU Tools for ARM Embedded Processors) 4.9.3 20150303 (release) [ARM/embedded-4_9-br
