ARM GAS  C:\Users\zozo\AppData\Local\Temp\cc5MwzPY.s 			page 1


   1              		.cpu cortex-m0
   2              		.fpu softvfp
   3              		.eabi_attribute 20, 1
   4              		.eabi_attribute 21, 1
   5              		.eabi_attribute 23, 3
   6              		.eabi_attribute 24, 1
   7              		.eabi_attribute 25, 1
   8              		.eabi_attribute 26, 1
   9              		.eabi_attribute 30, 4
  10              		.eabi_attribute 34, 0
  11              		.eabi_attribute 18, 4
  12              		.code	16
  13              		.file	"cymetadata.c"
  14              		.text
  15              	.Ltext0:
  16              		.section	.gnu.lto_.profile.d9227722,"",%progbits
  17 0000 789C6366 		.ascii	"x\234cf```d\200\002\000\000=\000\005"
  17      60606064 
  17      80020000 
  17      3D0005
  18              		.text
  19              		.section	.gnu.lto_.inline.d9227722,"",%progbits
  20 0000 789C6366 		.ascii	"x\234cf\300\016\230\340,\000\000\234\000\006"
  20      C00E98E0 
  20      2C00009C 
  20      0006
  21              		.text
  22              		.section	.gnu.lto_.pureconst.d9227722,"",%progbits
  23 0000 789C6366 		.ascii	"x\234cf```d\200\002\000\000=\000\005"
  23      60606064 
  23      80020000 
  23      3D0005
  24              		.text
  25              		.section	.gnu.lto_.symbol_nodes.d9227722,"",%progbits
  26 0000 789C6366 		.ascii	"x\234cf``\020g\200\002V&\206\305L\365\014\254\214\214"
  26      60601067 
  26      80025626 
  26      86C54CF5 
  26      0CAC8C8C 
  27 0014 608A8109 		.ascii	"`\212\201\011D1\000\000*\227\003\234"
  27      44310000 
  27      2A97039C 
  28              		.text
  29              		.section	.gnu.lto_.refs.d9227722,"",%progbits
  30 0000 789C6366 		.ascii	"x\234cf```d\200\002\000\000=\000\005"
  30      60606064 
  30      80020000 
  30      3D0005
  31              		.text
  32              		.section	.gnu.lto_.decls.d9227722,"",%progbits
  33 0000 789C9597 		.ascii	"x\234\225\227\011XT\327\025\307\347\316\214,\003\016"
  33      095854D7 
  33      15C7E7CE 
  33      8C2C030E 
  34 0010 D6A4D6D0 		.ascii	"\326\244\326\320\244\330\330X\223X\2326\211M\323\305"
  34      A4D8D858 
  34      93589A36 
ARM GAS  C:\Users\zozo\AppData\Local\Temp\cc5MwzPY.s 			page 2


  34      894DD3C5 
  35 0020 A4B6B54B 		.ascii	"\244\266\265Kjmm\332\2645%\024I\260M\324*\266\265\353"
  35      6A6D6DDA 
  35      B4352514 
  35      49B04DD4 
  35      2AB6B5EB 
  36 0034 13258E48 		.ascii	"\023%\216H\000\021\020T6E\035d\007E\034p\206]\302\260"
  36      00111054 
  36      36451D64 
  36      07451C70 
  36      865DC2B0 
  37 0048 C936ACB2 		.ascii	"\3116\254\262\214,\202\010\210\010\2108\271\367\234"
  37      8C2C8208 
  37      88088838 
  37      B9F79C
  38 0057 F3D2D1AF 		.ascii	"\363\322\321\257\244_\371|\376\336\377\335s\357=\367"
  38      A45FF97C 
  38      FEDEFFDD 
  38      73EF3DF7 
  39 0067 DC73EE7B 		.ascii	"\334s\356{\243R(\024\317\361\313\306\377\332\026+\024"
  39      A3522814 
  39      CFF1CBC6 
  39      FFDA162B 
  39      14
  40 0078 35FC9EF1 		.ascii	"5\374\236\361k\203\342\301?\025\277\312\371\325\317"
  40      6B83E2C1 
  40      3F15BFCA 
  40      F9D5CF
  41 0087 AF77D883 		.ascii	"\257w\330\203m\343Jv2\272\247Q\263\352\254$I:\251p\321"
  41      6DE34A76 
  41      32BAA751 
  41      B3EAAC24 
  41      493AA970 
  42 009c 7F9EEF39 		.ascii	"\177\236\3579\235\037\3548\250dK4 C\314G\213T mL\350"
  42      9D1FEC38 
  42      A8644B34 
  42      2043CC47 
  42      8B54206D 
  43 00b2 66D3FEFD 		.ascii	"f\323\376\375N*gq\257lm\215\230Q1\315\012\235$\005H"
  43      4E2A6771 
  43      AF6C6D8D 
  43      985131CD 
  43      0A9D2405 
  44 00c7 63E1926A 		.ascii	"c\341\222j\251\202\255rgO\273+X*[\301\273\2603l\225"
  44      A982AD72 
  44      674FBB2B 
  44      582A5BC1 
  44      BBB0336C 
  45 00dc 82E9993B 		.ascii	"\202\351\231;Kf\356\212$>\327X\374X\303\343\222\244"
  45      4B66EE8A 
  45      243ED758 
  45      FC58C3E3 
  45      92A4
  46 00ee 66294CC3 		.ascii	"f)L\303\3162\025Xp\377\305l\344@\315Q\335m\215\206\306"
  46      CE321558 
  46      70FFC56C 
  46      E440CD51 
ARM GAS  C:\Users\zozo\AppData\Local\Temp\cc5MwzPY.s 			page 3


  46      DD6D8D86 
  47 0103 D4FD8F31 		.ascii	"\324\375\2171\271\375\305\364\333\325.\334C\255f\231"
  47      B9FDC5F4 
  47      DBD52EDC 
  47      43AD6699 
  48 0113 9086F08A 		.ascii	"\220\206\360\212h\007.]5j!\203\016f\331\034\305h\222"
  48      68072E5D 
  48      356A2183 
  48      0E66D91C 
  48      C56892
  49 0126 14B65772 		.ascii	"\024\266Wr\256\320\362\006\226\316{g\360\336\012\226"
  49      AED0F206 
  49      96CE7B67 
  49      F0DE0A96 
  50 0136 C9F8C46C 		.ascii	"\311\370\304l\245;\377'\254{\363\273^^\034&\214\307"
  50      A53BFF27 
  50      AC7BF3BB 
  50      5E5E1C26 
  50      8CC7
  51 0148 02A4650C 		.ascii	"\002\244e\014\274\304\331\025,\213-\226;\010\3238\335"
  51      BCC4D915 
  51      2C8B2D96 
  51      3B08D338 
  51      DD
  52 0159 BEB285F6 		.ascii	"\276\262\205\366\266i\363\333Z\033.\332\234U\317C\000"
  52      B669F3DB 
  52      5A1B2EDA 
  52      9C55CF43 
  52      00
  53 016a EF9D9546 		.ascii	"\357\235\225F5\252upol\017;\241U\275\006\367\025)\261"
  53      35AA7570 
  53      6F6C0F3B 
  53      A155BD06 
  53      F71529B1 
  54 017e 6FA9DE10 		.ascii	"o\251\336\020\267j\353\361\314\\7\266\302\335]\223\004"
  54      B76AEBF1 
  54      CC5C37B6 
  54      C2DD5D93 
  54      04
  55 018f DBF30A33 		.ascii	"\333\363\0123\360\261s\231\312n\007\243\371\363\351"
  55      F0B17399 
  55      CA6E07A3 
  55      F9F3E9
  56 019e 35A281DF 		.ascii	"5\242\201\337:\001\377\3136\\\340!\023}!f\027\371\252"
  56      3A01FFCB 
  56      365CE021 
  56      137D2166 
  56      17F9AA
  57 01b1 F3306659 		.ascii	"\3630fYM\203\026\015\304\354\257B\266t\007T\272@\314"
  57      4D83160D 
  57      C4ECAF42 
  57      B6740754 
  57      BA40CC
  58 01c4 DCA035B1 		.ascii	"\334\2405\261}J\005R+d\316\344\251\004\345\374!4\312"
  58      7D4A0552 
  58      2B64CEE4 
  58      A904E5FC 
ARM GAS  C:\Users\zozo\AppData\Local\Temp\cc5MwzPY.s 			page 4


  58      2134CA
  59 01d7 21BC8463 		.ascii	"!\274\204c\233\343\015\375\032\014\014\377\217\007F"
  59      9BE30DFD 
  59      1A0C0CFF 
  59      8F0746
  60 01e6 3890CFCD 		.ascii	"8\220\317\315\013\300\334\004\2411\312\241\331[p\265"
  60      0BC0DC04 
  60      A131CAA1 
  60      D95B70B5 
  61 01f6 C2D5E3CD 		.ascii	"\302\325\343\315X)z\0314\361GQ\303\035\323\216j%\267"
  61      58297A19 
  61      34F14751 
  61      C31DD38E 
  61      6A25B7
  62 0209 2A641E60 		.ascii	"*d\036`\224`i\211r\341O\330y\2361EL\015\017k\323#\272"
  62      94606989 
  62      72E14FD8 
  62      799E3145 
  62      4C0D0F6B 
  63 0220 D4E2E139 		.ascii	"\324\342\3419\036\030V\314`\273/\307\016f\253!]!\250"
  63      1E1856CC 
  63      60BB2FC7 
  63      0E66AB21 
  63      5D21A8
  64 0233 573AF31E 		.ascii	"W:\363\036[}N\322%8\261l\266\230=\343\316J\321\311\311"
  64      5B7D4ED2 
  64      2538B16C 
  64      B6983DE3 
  64      CE4AD1C9 
  65 0248 D9C900C7 		.ascii	"\331\311\000\307\345\211Rf\302X\247\265\337o<@\027\314"
  65      E5895266 
  65      C258A7B5 
  65      DF6F3C40 
  65      17CC
  66 025a F7D1B6C6 		.ascii	"\367\321\266\306\003\354r011\212\254\204\017\015\217"
  66      03EC7230 
  66      31318AAC 
  66      840F0D8F 
  67 026a 843BAC8C 		.ascii	"\204;\254\214\255V\260r\266\234\017\222iJ9\340\014Q"
  67      AD56B072 
  67      B69C0F92 
  67      694A39E0 
  67      0C51
  68 027c 7C4B8C39 		.ascii	"|K\2149\0258v@\003as\025r L\237\341\012\322\005\362"
  68      15387640 
  68      03617315 
  68      72204C9F 
  68      E10AD205 
  69 0291 723C2E6A 		.ascii	"r<.j\341\374Q\254\224\243\370!:x-8\244\306\301>\212"
  69      E1FC51AC 
  69      94A3F821 
  69      3A782D38 
  69      A4C6C13E 
  70 02a6 22152F73 		.ascii	"\"\025/s\363\01207C\024+\345(v\007V\335U\332[\247}\222"
  70      F30A3037 
  70      43142BE5 
  70      28760756 
ARM GAS  C:\Users\zozo\AppData\Local\Temp\cc5MwzPY.s 			page 5


  70      DD55DA5B 
  71 02bd 754B5268 		.ascii	"uKRh\273\223*\202A\210\262O\236\312\305E\274\"dRdT\352"
  71      BB932A82 
  71      4188B24F 
  71      9ECAC545 
  71      BC226452 
  72 02d4 02F0DA09 		.ascii	"\002\360\332\011\326t\262{\230\201t\204y\356\207In\363"
  72      D674B27B 
  72      98817484 
  72      79EE8749 
  72      6EF3
  73 02e6 2FE28ABC 		.ascii	"/\342\212\274\210:\\DDd\370\210\212\334J\220S\241\206"
  73      883A5C44 
  73      4464F888 
  73      8ADC4A90 
  73      53A186
  74 02f9 9BD78279 		.ascii	"\233\327\202y=\270uEv\353Nf{\210\203G\002\203\\\250"
  74      3DB87545 
  74      76EB4E66 
  74      7B888347 
  74      02835CA8 
  75 030d C75C289F 		.ascii	"\307\\(\237\016\357r\206\\h\240\\hn-mt\224s\241\221"
  75      0EEF7286 
  75      5C68A05C 
  75      686E2D6D 
  75      749473A1 
  76 0322 72E1E044 		.ascii	"r\341\340DB\212\352\343\\h\302\\8j\351\273\215G\227"
  76      428AEAE3 
  76      5C68C25C 
  76      386AE9BB 
  76      8D4797
  77 0335 D25E6A51 		.ascii	"\322^jQ\312I\276\004\223<$=i\302\015ZU\020\242\212#"
  77      CA49BE04 
  77      933C243D 
  77      69C20D5A 
  77      5510A28A 
  78 034a 2F42A3B3 		.ascii	"/B\243\263\375\231\242\3053e\272\367V5v\375\224\220"
  78      FD99A2C5 
  78      3365BAF7 
  78      563576FD 
  78      9490
  79 035c 371A8E19 		.ascii	"7\032\216\031\\\241u\201\220\261\215Y5.\320\032\007"
  79      5CA17581 
  79      90B18D59 
  79      352ED01A 
  79      07
  80 036d 010E0FCC 		.ascii	"\001\016\017\314\313\323B\263\203}D\265\030Q\232H\213"
  80      CBD342B3 
  80      837D44B5 
  80      18519A48 
  80      8B
  81 037e 137D7077 		.ascii	"\023}pw\274\032m5\366)\244\305\024\352\2753\034\351"
  81      BC1A6D35 
  81      F629A4C5 
  81      14EABD33 
  81      1CE9
  82 0390 02E9DCCD 		.ascii	"\002\351\334\315X\025\346\2638\010\237ug\026\216\026"
ARM GAS  C:\Users\zozo\AppData\Local\Temp\cc5MwzPY.s 			page 6


  82      5815E6B3 
  82      38089F75 
  82      67168E16 
  83 03a0 7EB5F2AB 		.ascii	"~\265\362\253\215_\355\374\352\340W'\277\256\362\253"
  83      8D5FEDFC 
  83      EAE05727 
  83      BFAEF2AB 
  84 03b0 8B5FDD0C 		.ascii	"\213_\335\014\315{\210\253\020\275$\255\304kH1a\337"
  84      CD7B88AB 
  84      10BD24AD 
  84      C46B4831 
  84      61DF
  85 03c2 A8299441 		.ascii	"\250)\224A\225$\334\013\220^\335#I\367m6\234\272\232"
  85      9524DC0B 
  85      905EDD23 
  85      49F76D36 
  85      9CBA9A
  86 03d5 4A84928C 		.ascii	"J\204\222\2145\213\"\021\017\305>\261>Q$\375P$fs\352"
  86      358B2211 
  86      0FC53EB1 
  86      3E5124FD 
  86      50246673 
  87 03ea 52588204 		.ascii	"RX\202\004\011\025Yp<\334\031\022J\202\3504\334\257"
  87      09155970 
  87      3CDC1912 
  87      4A82E834 
  87      DCAF
  88 03fc 29C104FB 		.ascii	")\301\004\3737\234\2169\246z\327\371\023lHN\260\353"
  88      379C8E39 
  88      A67AD7F9 
  88      136C484E 
  88      B0EB
  89 040e E86055E2 		.ascii	"\350`U\342h\224\333\303U2\300\315\007\301|\030\022l"
  89      6894DBC3 
  89      5532C0CD 
  89      07C17C18 
  89      126C
  90 0420 484EB023 		.ascii	"HN\260#9\015\207\035\036\256\222y\255\363\313\214}j"
  90      390D871D 
  90      1EAE9279 
  90      ADF3CB8C 
  90      7D6A
  91 0432 55325689 		.ascii	"U2V\211\354\266\226\3346\367NO`q/\022\262\263% \336"
  91      ECB696DC 
  91      36F74E4F 
  91      60712F12 
  91      B2B32520 
  92 0447 617EB7C7 		.ascii	"a~\267\307d\267\013\320\355\222\234\372\233N\017\037"
  92      64B70BD0 
  92      ED929CFA 
  92      9B4E0F1F 
  93 0457 9137B9F9 		.ascii	"\2217\271\371(\230\217\203#c\262#\203\245\351\301\013"
  93      28988F83 
  93      2363B223 
  93      83A5E9C1 
  93      0B
  94 0468 3D8C5817 		.ascii	"=\214X\027\343X\027!\323\263:\025\324\305-\252\213["
ARM GAS  C:\Users\zozo\AppData\Local\Temp\cc5MwzPY.s 			page 7


  94      E3581721 
  94      D3B33A15 
  94      D4C52DAA 
  94      8B5B
  95 047a BAEB43CE 		.ascii	"\272\353C\316r]LP]44\214Nh?\256\213\333X\027\3629\245"
  95      725D4C50 
  95      5D34348C 
  95      4E683FAE 
  95      8BDB5817 
  96 0491 C573EA46 		.ascii	"\305s\352FvB\271\023\310\205\366u\241\305\272\220_\015"
  96      7642B913 
  96      C885F675 
  96      A1C5BA90 
  96      5F0D
  97 04a3 5A7C35C8 		.ascii	"Z|5\310\353\326\342\272\345J\320b%\350FbB\321\030\234"
  97      EBD6E2BA 
  97      E54AD062 
  97      25E84662 
  97      42D1189C 
  98 04b7 8C311FA1 		.ascii	"\2141\037\241l~\004bh\316\353\304y\037\025\322\0243"
  98      6C7E0462 
  98      68CEEBC4 
  98      791F15D2 
  98      1433
  99 04c9 1A8F437D 		.ascii	"\032\217C}\032BXT\322\346\010r\211\220\035uM)\330\367"
  99      1A425854 
  99      D2E60872 
  99      89901D75 
  99      4D29D8F7 
 100 04dd 3330D454 		.ascii	"30\324TU9\226\347R8\035\223\017\331p\336\307\204\274"
 100      553996E7 
 100      52381D93 
 100      0FD970DE 
 100      C784BC
 101 04f0 9F659AC2 		.ascii	"\237e\232\302\241 \274\2253\326\201\005 ?\013'\\\301"
 101      A120BC95 
 101      33D68105 
 101      203F0B27 
 101      5CC1
 102 0502 E024F67D 		.ascii	"\340$\366}\\\310c\361\226\233\013A>!d\350\341\271\034"
 102      5CC863F1 
 102      969B0B41 
 102      3E2164E8 
 102      E1B91C
 103 0515 25C8CF09 		.ascii	"%\310\317\011Y\020\032Z\206nx\010Y?\021\241\307\025"
 103      59101A5A 
 103      866E7808 
 103      593F11A1 
 103      C715
 104 0527 7D1E9C2C 		.ascii	"}\036\234,7T\250A>)\344\270\276\351)P\313\205J\264V"
 104      3754A841 
 104      3E29E4B8 
 104      BEE92950 
 104      CB854AB4 
 105 053c 9AD1F60B 		.ascii	"\232\321\366\013\260mc\031\271xh<\005\337\000\373N\035"
 105      B06D6319 
 105      B978683C 
ARM GAS  C:\Users\zozo\AppData\Local\Temp\cc5MwzPY.s 			page 8


 105      05DF00FB 
 105      4E1D
 106 054e C40C5A01 		.ascii	"\304\014Z\001/\325\302\024\011\247\375\242\220\372\336"
 106      2FD5C214 
 106      09A7FDA2 
 106      90FADE
 107 055d 9A70746A 		.ascii	"\232ptj%l\246\311\322\201\363<-\344m\313\27184~\006"
 107      256CA6C9 
 107      D281F33C 
 107      2DE46DCB 
 107      B938347E 
 108 0572 26CAAF31 		.ascii	"&\312\2571\341\216=+d[mV\017\206j\025\274,\255\003M"
 108      E18E3D2B 
 108      645B6D56 
 108      0F866A15 
 108      BC2CAD03 
 109 0587 B8DC2FC1 		.ascii	"\270\334/\301y\331\221\241C7<\205l\275~\301\212C}Y\310"
 109      79D991A1 
 109      43373C85 
 109      6CBD7EC1 
 109      8A437D59 
 110 059c AEA9AE62 		.ascii	"\256\251\256b\\\356s\020\233\364|#\366\375\212\220g"
 110      5CEE7310 
 110      9BF47C23 
 110      F6FD8A90 
 110      67
 111 05ad 2E5C6BC6 		.ascii	".\\k\306\263\352\253\360\322l\317i\3070?/\244-\327\322"
 111      B3EAABF0 
 111      D26CCF69 
 111      C7303F2F 
 111      A42DD7D2 
 112 05c1 83AD2F40 		.ascii	"\203\255/@J\316\215\354C\257^\204\362\031\232k\302\335"
 112      4ACE8DEC 
 112      43AF5E84 
 112      F2199A6B 
 112      C2DD
 113 05d3 5E2DA474 		.ascii	"^-\244t7\212\336\225_\203\257\314\302\264\006\234\367"
 113      378ADE95 
 113      5F83AFCC 
 113      C2B4069C 
 113      F7
 114 05e4 2521FB53 		.ascii	"%!\373S\207\3148\324\327\341\223\356tk>.\377e8\206b"
 114      87CC38D4 
 114      D7E193EE 
 114      746B3E2E 
 114      FF653886 
 115 05f9 262DB8DB 		.ascii	"&-\270\333\337\200\244\223\246+p\242o\202\033Y\305\235"
 115      DF80A493 
 115      A62B70A2 
 115      6F821B59 
 115      C59D
 116 060b D8F75B90 		.ascii	"\330\367[\220\032\326[\321\270\204o\203\254m2\342Dk"
 116      1AD65BD1 
 116      B8846F83 
 116      AC6D32E2 
 116      446B
 117 061d E0F53691 		.ascii	"\340\3656\221\224\212n\274\012CEe\345\341\212\276\003"
ARM GAS  C:\Users\zozo\AppData\Local\Temp\cc5MwzPY.s 			page 9


 117      948A6EBC 
 117      0A434565 
 117      E5E18ABE 
 117      03
 118 062e 79545A50 		.ascii	"yTZP\216;\270V\310\263yA\2638\321w!5b\263\2120\255\276"
 118      8E3BB856 
 118      C8B37941 
 118      B338D177 
 118      213562B3 
 119 0646 07611F8E 		.ascii	"\007a\037\216mA\371}8\253\367\005\335D'\327\301\022"
 119      6D41F97D 
 119      38ABF705 
 119      DD4427D7 
 119      C112
 120 0658 B2C26670 		.ascii	"\262\302fpS~\000\3110kz\022\324\017!\233\033\007C\320"
 120      537E00C9 
 120      306B7A12 
 120      D40F219B 
 120      1B0743D0 
 121 066c F647D058 		.ascii	"\366G\320X\2647\020\267\350\307P\030\201\207\352p\365"
 121      B43710B7 
 121      E8C75018 
 121      8187EA70 
 121      F5
 122 067d AF09D9D8 		.ascii	"\257\011\331\330\334\327\205N\375\004^\002\225s\265"
 122      DCD7854E 
 122      FD045E02 
 122      9573B5
 123 068c 28D70B59 		.ascii	"(\327\013Y\034\326\023\207}\177\012^\030oPZm\020\362"
 123      1CD61387 
 123      7D7F0A5E 
 123      186F505A 
 123      6D10F2
 124 069f 7C559911 		.ascii	"|U\231\021c\3633\330\223\223\373\263q\365?\2077\223"
 124      63F333D8 
 124      9393FBB3 
 124      71F53F87 
 124      3793
 125 06b1 BEF00E1A 		.ascii	"\276\360\016\032o\204\324\010I\033\300\035\373\205\220"
 125      6F84D408 
 125      491BC01D 
 125      FB8590
 126 06c0 8746EF16 		.ascii	"\207F\357\026\343D\257\303\3339y\274\003\227\373K8Y"
 126      E344AFC3 
 126      DB3979BC 
 126      0397FB4B 
 126      3859
 127 06d2 2EE62562 		.ascii	".\346%b\337_A\345\027D\234\306\221\337\200=\031H0\341"
 127      DF5F41E5 
 127      17449CC6 
 127      91DF803D 
 127      194830E1 
 128 06e6 EA7F2D64 		.ascii	"\352\177-d\264!#\0107\3417p\342$7\337\303\005\376\026"
 128      B4212308 
 128      37E13770 
 128      E22437DF 
 128      C305FE16 
ARM GAS  C:\Users\zozo\AppData\Local\Temp\cc5MwzPY.s 			page 10


 129 06fa 8EE58821 		.ascii	"\216\345\210!+N\264\011\336\345sI\235\270\201o\0129"
 129      2B4EB409 
 129      DEE57349 
 129      9DB8816F 
 129      0A39
 130 070c 7B6BAE14 		.ascii	"{k\256\024G\376\035|\201XM64\366\002\237\2153\265\270"
 130      47FE1D7C 
 130      81584D36 
 130      34F6029F 
 130      8D33B5B8 
 131 0720 45DED0DA 		.ascii	"E\336\320\332m\034\301\326\337\303\310\245\315\205\270"
 131      6D1CC1D6 
 131      DFC3C8A5 
 131      CD85B8
 132 072f 7C1F28C1 		.ascii	"|\037(\301\262\310\026\034y3|\020\224\315\346`__!\337"
 132      B2C8161C 
 132      79337C10 
 132      94CDE660 
 132      5F5F21DF 
 133 0743 9F4D49C2 		.ascii	"\237MI\302My\033\226_WLKx\007*#\254>\0063\305\017\352"
 133      4D791B96 
 133      5F574C4B 
 133      78072A23 
 133      AC3E0633 
 134 075a D558328B 		.ascii	"\325X2\213\306[ \354\007\016\032p\250?\300\246\\\352"
 134      C65B20EC 
 134      070E1A70 
 134      A83FC0A6 
 134      5CEA
 135 076c F102F547 		.ascii	"\361\002\365G\241\366\317\350\373\320\213w\205\034\231"
 135      A1F6CFE8 
 135      FBD08B77 
 135      851C99
 136 077b 8908462F 		.ascii	"\211\010F/\336\203W~\234\245\015\243\276U\310\246\361"
 136      DE83577E 
 136      9CA50DA3 
 136      BE55C8A6 
 136      F1
 137 078c 284AEE6D 		.ascii	"(J\356mB\306\207d\317\340\366n\0272\245ol\020\373\376"
 137      42C68764 
 137      CFE0F66E 
 137      1732A56F 
 137      6C10FBFE 
 138 07a0 0942753C 		.ascii	"\011Bu<\251\020\235\332\001\023\205\217\304\342\352"
 138      A9109DDA 
 138      0113858F 
 138      C4E2EA
 139 07af 770A1938 		.ascii	"w\012\0318T=\214\255\376p\3547]z\002\324.p\361N\331"
 139      543D8CAD 
 139      FE70EC37 
 139      5D7A02D4 
 139      2E70F14E 
 140 07c4 791CF8CF 		.ascii	"y\034\370\317P\236&[.\256\347/"
 140      509E265B 
 140      2EAEE72F 
 141 07d0 B043A7CF 		.ascii	"\260C\247\317\\\303\256\273\241\000\263\333\263\261"
 141      5CC3AEBB 
ARM GAS  C:\Users\zozo\AppData\Local\Temp\cc5MwzPY.s 			page 11


 141      A100B3DB 
 141      B3B1
 142 07de F56F10C7 		.ascii	"\365o\020\307\331Z\332\260\277\203\313\243-F\\\301?"
 142      D95ADAB0 
 142      BF83CBA3 
 142      2D465CC1 
 142      3F
 143 07ef E0B0AA3F 		.ascii	"\340\260\252?\261\036\324?\205\272Pg\030\300\365\374"
 143      B11ED43F 
 143      85BA5067 
 143      18C0F5FC 
 144 07ff CBFE75AF 		.ascii	"\313\376u\257\305\327\375p\355H\260\033|\321\024\256"
 144      C5D7FD70 
 144      ED48B01B 
 144      7CD114AE 
 145 080f 64371EF8 		.ascii	"d7\036\370\242\321\323\027\215\236\276h\364\364E\243"
 145      A2D1D317 
 145      8D9EBE68 
 145      F4F445A3 
 146 081f A72F1AFD 		.ascii	"\247/\032\375\377\375E\303\356\020\247\210\323\304\031"
 146      FFFD45C3 
 146      EE10A788 
 146      D3C419
 147 082e E25DE22C 		.ascii	"\342]\342,\361\036q\216x\237h#JJ\344\036b\000q/q\037"
 147      F11E718E 
 147      789F6823 
 147      4A4AE41E 
 147      6200712F 
 148 0844 3190F83E 		.ascii	"1\220\370>q?QG<@L\247q\203H\037$\006\023? \206\020C"
 148      713F5147 
 148      3C404CA7 
 148      7183481F 
 148      2406133F 
 149 085c 8961C443 		.ascii	"\211a\304C\304p\342ab\0041\222\030E<B\214&\306\020\217"
 149      C470E261 
 149      62043192 
 149      18453C42 
 149      8C26C610 
 150 0871 128F118F 		.ascii	"\022\217\021\217\023c\211q\304xb\0021\221x\202x\222"
 150      13638971 
 150      C4786202 
 150      31917882 
 150      7892
 151 0883 98443C45 		.ascii	"\230D<E<M<C\324\023kh\375\311\244\317\022S\210\251\304"
 151      3C4D3C43 
 151      D4136B68 
 151      FDC9A4CF 
 151      125388A9 
 152 0898 34395EC4 		.ascii	"49^\304\014b&1\213\230M\314!\236#\236'\346\022/\020"
 152      0C622631 
 152      8B984DCC 
 152      219E239E 
 152      27E6122F 
 153 08ad F3881789 		.ascii	"\363\210\027\211\006b>\261\200x\211h$\232\210\205\304"
 153      06623EB1 
 153      80788968 
 153      249A8885 
ARM GAS  C:\Users\zozo\AppData\Local\Temp\cc5MwzPY.s 			page 12


 153      C4
 154 08be 226231B1 		.ascii	"\"b1\261\204XJ,#\226\023/\313\244\365W\220\376\220X"
 154      84584A2C 
 154      2396132F 
 154      CBA4F557 
 154      90FE9058 
 155 08d2 493413AB 		.ascii	"I4\023\253\210\325r\334\210\265\304:\342\025b=\261\201"
 155      88D572DC 
 155      88B5C43A 
 155      E215623D 
 155      B181
 156 08e4 D8486C22 		.ascii	"\330Hl\"6\023-\304\026b+\261\215\330N\354 v\022\257"
 156      36132DC4 
 156      16622BB1 
 156      8DD84EEC 
 156      207612AF 
 157 08f8 CA7122FF 		.ascii	"\312q\"\377\273Hw\023{\210\275D+\361\032\261\017)\016"
 157      BB487713 
 157      7B88BD44 
 157      2BF11AB1 
 157      0F290E
 158 090b 84348321 		.ascii	"\2044\203!H\211\2778Lv\2778\304\3210B\2778\350\203\235"
 158      4889BF38 
 158      4C76BF38 
 158      C4D13042 
 158      BF38E883 
 159 0920 4D8A5F1C 		.ascii	"M\212_\034\342\241\370\002f\375J\376\213c@\271\\\341"
 159      E2A1F802 
 159      66FD4AFE 
 159      8B6340B9 
 159      5CE1
 160 0932 B06EFDEB 		.ascii	"\260n\375\353\313\326*\026\354\332\262\325\377\245\345"
 160      CBD62A16 
 160      ECDAB2D5 
 160      FFA5E5
 161 0941 9E9BD6F9 		.ascii	"\236\233\326\371n\365\335\341\355\357\273\331k\343\266"
 161      6EF5DDE1 
 161      EDEFBBD9 
 161      6BE3B6
 162 0950 5D3B7C7C 		.ascii	"];||7m\330\270m\355\013\233|v\373\357\336\356\273\323"
 162      376DD8B8 
 162      6DED0B9B 
 162      7C76FBEF 
 162      DEEEBBD3 
 163 0964 D34FF188 		.ascii	"\323O\361\210\317n\257\367|\375\275\275|\374\266l\337"
 163      CF6EAFF7 
 163      7CFDBDBD 
 163      7CFCB66C 
 163      DF
 164 0975 BE639BBF 		.ascii	"\276c\233\277\257\217\277z\327N\337\315.^^;\371\375"
 164      AF8FBF7A 
 164      D74EDFCD 
 164      2E5E5E3B 
 164      F9FD
 165 0987 966D5BBD 		.ascii	"\226m[\275\274\324>~\336;\334<}v\333\031)V|\302\350"
 165      BCD43E7E 
 165      DE3BDC3C 
ARM GAS  C:\Users\zozo\AppData\Local\Temp\cc5MwzPY.s 			page 13


 165      7D76DB19 
 165      29567CC2 
 166 099c 62C4CDDE 		.ascii	"b\304\315\336\376\336\236>\012\027\232@H'OlR<*\317\372"
 166      FEDE9E3E 
 166      0A179A40 
 166      48274F6C 
 166      523C2ACF 
 167 09b1 F6BBDE3B 		.ascii	"\366\273\336;\375h\304E\274\325^+>\002v\322\360\314"
 167      FD68C445 
 167      BCD55E2B 
 167      3E0276D2 
 167      F0CC
 168              		.text
 169              		.section	.gnu.lto_.symtab.d9227722,"",%progbits
 170 0000 63795F6D 		.ascii	"cy_meta_chipprotect\000\000\000\000\000\000\000\000"
 170      6574615F 
 170      63686970 
 170      70726F74 
 170      65637400 
 171 001b 00000000 		.ascii	"\000\000\000\000\306\000\000\000cy_metadata\000\000"
 171      C6000000 
 171      63795F6D 
 171      65746164 
 171      61746100 
 172 0030 00000000 		.ascii	"\000\000\000\000\000\000\000\000\000\000\346\000\000"
 172      00000000 
 172      0000E600 
 172      00
 173 003d 0063795F 		.ascii	"\000cy_meta_flashprotect\000\000\000\000\000\000\000"
 173      6D657461 
 173      5F666C61 
 173      73687072 
 173      6F746563 
 174 0059 00000000 		.ascii	"\000\000\000\000\000g\001\000\000"
 174      00670100 
 174      00
 175              		.text
 176              		.section	.gnu.lto_.opts,"",%progbits
 177 0000 272D666E 		.ascii	"'-fno-trapv' '-mcpu=cortex-m0' '-mthumb' '-g' '-Os'"
 177      6F2D7472 
 177      61707627 
 177      20272D6D 
 177      6370753D 
 178 0033 20272D66 		.ascii	" '-ffunction-sections' '-flto' '-ffat-lto-objects'\000"
 178      66756E63 
 178      74696F6E 
 178      2D736563 
 178      74696F6E 
 179              		.text
 180              		.cfi_sections	.debug_frame
 181              		.global	cy_meta_chipprotect
 182              		.global	cy_metadata
 183              		.global	cy_meta_flashprotect
 184              		.section	.cychipprotect,"a",%progbits
 185              		.type	cy_meta_chipprotect, %object
 186              		.size	cy_meta_chipprotect, 1
 187              	cy_meta_chipprotect:
ARM GAS  C:\Users\zozo\AppData\Local\Temp\cc5MwzPY.s 			page 14


 188 0000 01       		.byte	1
 189              		.section	.cymeta,"a",%progbits
 190              		.type	cy_metadata, %object
 191              		.size	cy_metadata, 12
 192              	cy_metadata:
 193 0000 00       		.byte	0
 194 0001 02       		.byte	2
 195 0002 0E       		.byte	14
 196 0003 09       		.byte	9
 197 0004 11       		.byte	17
 198 0005 9E       		.byte	-98
 199 0006 00       		.byte	0
 200 0007 00       		.byte	0
 201 0008 00       		.byte	0
 202 0009 00       		.byte	0
 203 000a 00       		.byte	0
 204 000b 00       		.byte	0
 205              		.section	.cyflashprotect,"a",%progbits
 206              		.type	cy_meta_flashprotect, %object
 207              		.size	cy_meta_flashprotect, 128
 208              	cy_meta_flashprotect:
 209 0000 00000000 		.space	128
 209      00000000 
 209      00000000 
 209      00000000 
 209      00000000 
 210              		.text
 211              	.Letext0:
 212              		.file 1 ".\\Generated_Source\\PSoC4\\cymetadata.c"
 213              		.file 2 ".\\Generated_Source\\PSoC4\\cytypes.h"
 214              		.section	.debug_info,"",%progbits
 215              	.Ldebug_info0:
 216 0000 FA000000 		.4byte	0xfa
 217 0004 0400     		.2byte	0x4
 218 0006 00000000 		.4byte	.Ldebug_abbrev0
 219 000a 04       		.byte	0x4
 220 000b 01       		.uleb128 0x1
 221 000c 26000000 		.4byte	.LASF16
 222 0010 01       		.byte	0x1
 223 0011 F4000000 		.4byte	.LASF17
 224 0015 88010000 		.4byte	.LASF18
 225 0019 00000000 		.4byte	.Ldebug_line0
 226 001d 02       		.uleb128 0x2
 227 001e 01       		.byte	0x1
 228 001f 06       		.byte	0x6
 229 0020 E6010000 		.4byte	.LASF0
 230 0024 02       		.uleb128 0x2
 231 0025 01       		.byte	0x1
 232 0026 08       		.byte	0x8
 233 0027 BA000000 		.4byte	.LASF1
 234 002b 02       		.uleb128 0x2
 235 002c 02       		.byte	0x2
 236 002d 05       		.byte	0x5
 237 002e 6F010000 		.4byte	.LASF2
 238 0032 02       		.uleb128 0x2
 239 0033 02       		.byte	0x2
 240 0034 07       		.byte	0x7
ARM GAS  C:\Users\zozo\AppData\Local\Temp\cc5MwzPY.s 			page 15


 241 0035 DA000000 		.4byte	.LASF3
 242 0039 02       		.uleb128 0x2
 243 003a 04       		.byte	0x4
 244 003b 05       		.byte	0x5
 245 003c 7F010000 		.4byte	.LASF4
 246 0040 02       		.uleb128 0x2
 247 0041 04       		.byte	0x4
 248 0042 07       		.byte	0x7
 249 0043 C8000000 		.4byte	.LASF5
 250 0047 02       		.uleb128 0x2
 251 0048 08       		.byte	0x8
 252 0049 05       		.byte	0x5
 253 004a 5C010000 		.4byte	.LASF6
 254 004e 02       		.uleb128 0x2
 255 004f 08       		.byte	0x8
 256 0050 07       		.byte	0x7
 257 0051 27010000 		.4byte	.LASF7
 258 0055 03       		.uleb128 0x3
 259 0056 04       		.byte	0x4
 260 0057 05       		.byte	0x5
 261 0058 696E7400 		.ascii	"int\000"
 262 005c 02       		.uleb128 0x2
 263 005d 04       		.byte	0x4
 264 005e 07       		.byte	0x7
 265 005f 1A010000 		.4byte	.LASF8
 266 0063 04       		.uleb128 0x4
 267 0064 79010000 		.4byte	.LASF19
 268 0068 02       		.byte	0x2
 269 0069 3801     		.2byte	0x138
 270 006b 24000000 		.4byte	0x24
 271 006f 02       		.uleb128 0x2
 272 0070 04       		.byte	0x4
 273 0071 04       		.byte	0x4
 274 0072 20000000 		.4byte	.LASF9
 275 0076 02       		.uleb128 0x2
 276 0077 08       		.byte	0x8
 277 0078 04       		.byte	0x4
 278 0079 ED000000 		.4byte	.LASF10
 279 007d 02       		.uleb128 0x2
 280 007e 01       		.byte	0x1
 281 007f 08       		.byte	0x8
 282 0080 6A010000 		.4byte	.LASF11
 283 0084 05       		.uleb128 0x5
 284 0085 63000000 		.4byte	0x63
 285 0089 94000000 		.4byte	0x94
 286 008d 06       		.uleb128 0x6
 287 008e 94000000 		.4byte	0x94
 288 0092 7F       		.byte	0x7f
 289 0093 00       		.byte	0
 290 0094 02       		.uleb128 0x2
 291 0095 04       		.byte	0x4
 292 0096 07       		.byte	0x7
 293 0097 53010000 		.4byte	.LASF12
 294 009b 07       		.uleb128 0x7
 295 009c 3E010000 		.4byte	.LASF13
 296 00a0 01       		.byte	0x1
 297 00a1 1F       		.byte	0x1f
ARM GAS  C:\Users\zozo\AppData\Local\Temp\cc5MwzPY.s 			page 16


 298 00a2 AC000000 		.4byte	0xac
 299 00a6 05       		.uleb128 0x5
 300 00a7 03       		.byte	0x3
 301 00a8 00000000 		.4byte	cy_meta_flashprotect
 302 00ac 08       		.uleb128 0x8
 303 00ad 84000000 		.4byte	0x84
 304 00b1 05       		.uleb128 0x5
 305 00b2 63000000 		.4byte	0x63
 306 00b6 C1000000 		.4byte	0xc1
 307 00ba 06       		.uleb128 0x6
 308 00bb 94000000 		.4byte	0x94
 309 00bf 0B       		.byte	0xb
 310 00c0 00       		.byte	0
 311 00c1 07       		.uleb128 0x7
 312 00c2 14000000 		.4byte	.LASF14
 313 00c6 01       		.byte	0x1
 314 00c7 3C       		.byte	0x3c
 315 00c8 D2000000 		.4byte	0xd2
 316 00cc 05       		.uleb128 0x5
 317 00cd 03       		.byte	0x3
 318 00ce 00000000 		.4byte	cy_metadata
 319 00d2 08       		.uleb128 0x8
 320 00d3 B1000000 		.4byte	0xb1
 321 00d7 05       		.uleb128 0x5
 322 00d8 63000000 		.4byte	0x63
 323 00dc E7000000 		.4byte	0xe7
 324 00e0 06       		.uleb128 0x6
 325 00e1 94000000 		.4byte	0x94
 326 00e5 00       		.byte	0
 327 00e6 00       		.byte	0
 328 00e7 07       		.uleb128 0x7
 329 00e8 00000000 		.4byte	.LASF15
 330 00ec 01       		.byte	0x1
 331 00ed 4B       		.byte	0x4b
 332 00ee F8000000 		.4byte	0xf8
 333 00f2 05       		.uleb128 0x5
 334 00f3 03       		.byte	0x3
 335 00f4 00000000 		.4byte	cy_meta_chipprotect
 336 00f8 08       		.uleb128 0x8
 337 00f9 D7000000 		.4byte	0xd7
 338 00fd 00       		.byte	0
 339              		.section	.debug_abbrev,"",%progbits
 340              	.Ldebug_abbrev0:
 341 0000 01       		.uleb128 0x1
 342 0001 11       		.uleb128 0x11
 343 0002 01       		.byte	0x1
 344 0003 25       		.uleb128 0x25
 345 0004 0E       		.uleb128 0xe
 346 0005 13       		.uleb128 0x13
 347 0006 0B       		.uleb128 0xb
 348 0007 03       		.uleb128 0x3
 349 0008 0E       		.uleb128 0xe
 350 0009 1B       		.uleb128 0x1b
 351 000a 0E       		.uleb128 0xe
 352 000b 10       		.uleb128 0x10
 353 000c 17       		.uleb128 0x17
 354 000d 00       		.byte	0
ARM GAS  C:\Users\zozo\AppData\Local\Temp\cc5MwzPY.s 			page 17


 355 000e 00       		.byte	0
 356 000f 02       		.uleb128 0x2
 357 0010 24       		.uleb128 0x24
 358 0011 00       		.byte	0
 359 0012 0B       		.uleb128 0xb
 360 0013 0B       		.uleb128 0xb
 361 0014 3E       		.uleb128 0x3e
 362 0015 0B       		.uleb128 0xb
 363 0016 03       		.uleb128 0x3
 364 0017 0E       		.uleb128 0xe
 365 0018 00       		.byte	0
 366 0019 00       		.byte	0
 367 001a 03       		.uleb128 0x3
 368 001b 24       		.uleb128 0x24
 369 001c 00       		.byte	0
 370 001d 0B       		.uleb128 0xb
 371 001e 0B       		.uleb128 0xb
 372 001f 3E       		.uleb128 0x3e
 373 0020 0B       		.uleb128 0xb
 374 0021 03       		.uleb128 0x3
 375 0022 08       		.uleb128 0x8
 376 0023 00       		.byte	0
 377 0024 00       		.byte	0
 378 0025 04       		.uleb128 0x4
 379 0026 16       		.uleb128 0x16
 380 0027 00       		.byte	0
 381 0028 03       		.uleb128 0x3
 382 0029 0E       		.uleb128 0xe
 383 002a 3A       		.uleb128 0x3a
 384 002b 0B       		.uleb128 0xb
 385 002c 3B       		.uleb128 0x3b
 386 002d 05       		.uleb128 0x5
 387 002e 49       		.uleb128 0x49
 388 002f 13       		.uleb128 0x13
 389 0030 00       		.byte	0
 390 0031 00       		.byte	0
 391 0032 05       		.uleb128 0x5
 392 0033 01       		.uleb128 0x1
 393 0034 01       		.byte	0x1
 394 0035 49       		.uleb128 0x49
 395 0036 13       		.uleb128 0x13
 396 0037 01       		.uleb128 0x1
 397 0038 13       		.uleb128 0x13
 398 0039 00       		.byte	0
 399 003a 00       		.byte	0
 400 003b 06       		.uleb128 0x6
 401 003c 21       		.uleb128 0x21
 402 003d 00       		.byte	0
 403 003e 49       		.uleb128 0x49
 404 003f 13       		.uleb128 0x13
 405 0040 2F       		.uleb128 0x2f
 406 0041 0B       		.uleb128 0xb
 407 0042 00       		.byte	0
 408 0043 00       		.byte	0
 409 0044 07       		.uleb128 0x7
 410 0045 34       		.uleb128 0x34
 411 0046 00       		.byte	0
ARM GAS  C:\Users\zozo\AppData\Local\Temp\cc5MwzPY.s 			page 18


 412 0047 03       		.uleb128 0x3
 413 0048 0E       		.uleb128 0xe
 414 0049 3A       		.uleb128 0x3a
 415 004a 0B       		.uleb128 0xb
 416 004b 3B       		.uleb128 0x3b
 417 004c 0B       		.uleb128 0xb
 418 004d 49       		.uleb128 0x49
 419 004e 13       		.uleb128 0x13
 420 004f 3F       		.uleb128 0x3f
 421 0050 19       		.uleb128 0x19
 422 0051 02       		.uleb128 0x2
 423 0052 18       		.uleb128 0x18
 424 0053 00       		.byte	0
 425 0054 00       		.byte	0
 426 0055 08       		.uleb128 0x8
 427 0056 26       		.uleb128 0x26
 428 0057 00       		.byte	0
 429 0058 49       		.uleb128 0x49
 430 0059 13       		.uleb128 0x13
 431 005a 00       		.byte	0
 432 005b 00       		.byte	0
 433 005c 00       		.byte	0
 434              		.section	.debug_aranges,"",%progbits
 435 0000 14000000 		.4byte	0x14
 436 0004 0200     		.2byte	0x2
 437 0006 00000000 		.4byte	.Ldebug_info0
 438 000a 04       		.byte	0x4
 439 000b 00       		.byte	0
 440 000c 0000     		.2byte	0
 441 000e 0000     		.2byte	0
 442 0010 00000000 		.4byte	0
 443 0014 00000000 		.4byte	0
 444              		.section	.debug_line,"",%progbits
 445              	.Ldebug_line0:
 446 0000 4F000000 		.section	.debug_str,"MS",%progbits,1
 446      02004900 
 446      00000201 
 446      FB0E0D00 
 446      01010101 
 447              	.LASF15:
 448 0000 63795F6D 		.ascii	"cy_meta_chipprotect\000"
 448      6574615F 
 448      63686970 
 448      70726F74 
 448      65637400 
 449              	.LASF14:
 450 0014 63795F6D 		.ascii	"cy_metadata\000"
 450      65746164 
 450      61746100 
 451              	.LASF9:
 452 0020 666C6F61 		.ascii	"float\000"
 452      7400
 453              	.LASF16:
 454 0026 474E5520 		.ascii	"GNU C 4.9.3 20150303 (release) [ARM/embedded-4_9-br"
 454      4320342E 
 454      392E3320 
 454      32303135 
ARM GAS  C:\Users\zozo\AppData\Local\Temp\cc5MwzPY.s 			page 19


 454      30333033 
 455 0059 616E6368 		.ascii	"anch revision 221220] -mcpu=cortex-m0 -mthumb -g -O"
 455      20726576 
 455      6973696F 
 455      6E203232 
 455      31323230 
 456 008c 73202D66 		.ascii	"s -ffunction-sections -flto -ffat-lto-objects\000"
 456      66756E63 
 456      74696F6E 
 456      2D736563 
 456      74696F6E 
 457              	.LASF1:
 458 00ba 756E7369 		.ascii	"unsigned char\000"
 458      676E6564 
 458      20636861 
 458      7200
 459              	.LASF5:
 460 00c8 6C6F6E67 		.ascii	"long unsigned int\000"
 460      20756E73 
 460      69676E65 
 460      6420696E 
 460      7400
 461              	.LASF3:
 462 00da 73686F72 		.ascii	"short unsigned int\000"
 462      7420756E 
 462      7369676E 
 462      65642069 
 462      6E7400
 463              	.LASF10:
 464 00ed 646F7562 		.ascii	"double\000"
 464      6C6500
 465              	.LASF17:
 466 00f4 2E5C4765 		.ascii	".\\Generated_Source\\PSoC4\\cymetadata.c\000"
 466      6E657261 
 466      7465645F 
 466      536F7572 
 466      63655C50 
 467              	.LASF8:
 468 011a 756E7369 		.ascii	"unsigned int\000"
 468      676E6564 
 468      20696E74 
 468      00
 469              	.LASF7:
 470 0127 6C6F6E67 		.ascii	"long long unsigned int\000"
 470      206C6F6E 
 470      6720756E 
 470      7369676E 
 470      65642069 
 471              	.LASF13:
 472 013e 63795F6D 		.ascii	"cy_meta_flashprotect\000"
 472      6574615F 
 472      666C6173 
 472      6870726F 
 472      74656374 
 473              	.LASF12:
 474 0153 73697A65 		.ascii	"sizetype\000"
 474      74797065 
ARM GAS  C:\Users\zozo\AppData\Local\Temp\cc5MwzPY.s 			page 20


 474      00
 475              	.LASF6:
 476 015c 6C6F6E67 		.ascii	"long long int\000"
 476      206C6F6E 
 476      6720696E 
 476      7400
 477              	.LASF11:
 478 016a 63686172 		.ascii	"char\000"
 478      00
 479              	.LASF2:
 480 016f 73686F72 		.ascii	"short int\000"
 480      7420696E 
 480      7400
 481              	.LASF19:
 482 0179 75696E74 		.ascii	"uint8\000"
 482      3800
 483              	.LASF4:
 484 017f 6C6F6E67 		.ascii	"long int\000"
 484      20696E74 
 484      00
 485              	.LASF18:
 486 0188 433A5C55 		.ascii	"C:\\Users\\zozo\\GitHub\\Connection_Parameters1\\Co"
 486      73657273 
 486      5C7A6F7A 
 486      6F5C4769 
 486      74487562 
 487 01b6 6E6E6563 		.ascii	"nnection_Parameters\\Connection_Parameters.cydsn\000"
 487      74696F6E 
 487      5F506172 
 487      616D6574 
 487      6572735C 
 488              	.LASF0:
 489 01e6 7369676E 		.ascii	"signed char\000"
 489      65642063 
 489      68617200 
 490              		.comm	__gnu_lto_v1,1,1
 491              		.ident	"GCC: (GNU Tools for ARM Embedded Processors) 4.9.3 20150303 (release) [ARM/embedded-4_9-br
