ARM GAS  C:\Users\zozo\AppData\Local\Temp\ccECABzA.s 			page 1


   1              		.cpu cortex-m0
   2              		.fpu softvfp
   3              		.eabi_attribute 20, 1
   4              		.eabi_attribute 21, 1
   5              		.eabi_attribute 23, 3
   6              		.eabi_attribute 24, 1
   7              		.eabi_attribute 25, 1
   8              		.eabi_attribute 26, 1
   9              		.eabi_attribute 30, 4
  10              		.eabi_attribute 34, 0
  11              		.eabi_attribute 18, 4
  12              		.code	16
  13              		.file	"cyutils.c"
  14              		.text
  15              	.Ltext0:
  16              		.section	.gnu.lto_.profile.d922707a,"",%progbits
  17 0000 789C6366 		.ascii	"x\234cf```a\200\000F\006\001>\000\000\242\000'"
  17      60606061 
  17      80004606 
  17      013E0000 
  17      A20027
  18              		.text
  19              		.section	.gnu.lto_.jmpfuncs.d922707a,"",%progbits
  20 0000 789C6366 		.ascii	"x\234cf\300\016\370\2404\023\003\023##s}=#\020\3243"
  20      C00EF8A0 
  20      34130313 
  20      2323737D 
  20      3D2310D4 
  21 0015 00000AD1 		.ascii	"\000\000\012\321\001\234"
  21      019C
  22              		.text
  23              		.section	.gnu.lto_.inline.d922707a,"",%progbits
  24 0000 789C6366 		.ascii	"x\234cf\300\016\034\2414\023\003\003\007;#\0200003\357"
  24      C00E1CA1 
  24      34130303 
  24      073B2310 
  24      30303033 
  25 0015 1067E0BC 		.ascii	"\020g\340\274a\306\304\300\262@\236\005$\311\310\300"
  25      61C6C4C0 
  25      B2409E05 
  25      24C9C8C0 
  26 0025 C5099461 		.ascii	"\305\011\224ad`f`\341\232\340\307\300\361A\217\211\201"
  26      64606660 
  26      E19AE0C7 
  26      C0F1418F 
  26      8981
  27 0037 F1053B0B 		.ascii	"\361\005;\013\204\004\033\000\000\335\031\007'"
  27      84041B00 
  27      00DD1907 
  27      27
  28              		.text
  29              		.section	.gnu.lto_.pureconst.d922707a,"",%progbits
  30 0000 789C6366 		.ascii	"x\234cf```e\200\000&\006)F)\000\000\371\000@"
  30      60606065 
  30      80002606 
  30      29462900 
  30      00F90040 
ARM GAS  C:\Users\zozo\AppData\Local\Temp\ccECABzA.s 			page 2


  31              		.text
  32              		.section	.gnu.lto_CySetReg24.d922707a,"",%progbits
  33 0000 789C6591 		.ascii	"x\234e\221Oh\023A\030\305\347\315dw\263I\301\"(\222"
  33      4F681341 
  33      18C5E7CD 
  33      6477B349 
  33      C1222892 
  34 0014 93106205 		.ascii	"\223\020b\005\241 x\360\250x\360*\364\032\220\222\344"
  34      A12078F0 
  34      A878F02A 
  34      F41A9092 
  34      E4
  35 0025 20542B31 		.ascii	" T+1\021<u\223F{\264\326*\245\266\240\330\332jj\253"
  35      113C7593 
  35      467BB4D6 
  35      2AA5B6A0 
  35      D8DA6A6A 
  36 003a 8D7FEA3F 		.ascii	"\215\177\352?X\025E)\032\322C\325\036b\225\264(\324"
  36      58154529 
  36      1AD243D5 
  36      1E6295B4 
  36      28D4
  37 004c 6213255D 		.ascii	"b\023%]\251\306of\361\220\270\354\356|3\274\367~3\337"
  37      A9C66F66 
  37      F190B8EC 
  37      EE7C33BC 
  37      F77E33DF 
  38 0060 08F6FF13 		.ascii	"\010\366\377\023\240\317\346\214\355\245\021\202\201"
  38      A0CFE68C 
  38      EDA51182 
  38      81
  39 006d F7BE652C 		.ascii	"\367\276e,\345\345\200,\030X\027G\027\276\3625\216^"
  39      E5E5802C 
  39      18581747 
  39      17BEF235 
  39      8E5E
  40 007f 3B3BE06F 		.ascii	";;\340o\031\265,\353\373\334k\375\3646\207l\025\356"
  40      19B52CEB 
  40      FBDC6BFD 
  40      F436876C 
  40      15EE
  41 0091 C6600C2D 		.ascii	"\306`\014-$I?\252\226}b\007\030\325\017&\177\274\361"
  41      24493FAA 
  41      967D6207 
  41      18D50F26 
  41      7FBCF1
  42 00a4 7FE10EC7 		.ascii	"\177\341\016\307v9}\330\367j@\227S\356\221\323\331l"
  42      76397DD8 
  42      F76A4097 
  42      53EE91D3 
  42      D96C
  43 00b6 61D50C5D 		.ascii	"a\325\014]\265\254\264\235\237\266\366y\034.0\016Ay"
  43      B5ACB49D 
  43      9FB6F679 
  43      1C2E300E 
  43      4179
  44 00c8 B88E006E 		.ascii	"\270\216\000n \300h\211!\213\020\251+Y\253_\210]*\327"
ARM GAS  C:\Users\zozo\AppData\Local\Temp\ccECABzA.s 			page 3


  44      20C06889 
  44      218B10A9 
  44      2B59AB5F 
  44      885D2AD7 
  45 00dc 79393722 		.ascii	"y97\"\\\347\212\353\364`\242\321\351a\270\211\220\224"
  45      5CE78AEB 
  45      F460A2D1 
  45      E961B889 
  45      9094
  46 00ee 7F185A1F 		.ascii	"\177\030Z\037\322\305ne\315\367/\237G\360\012Y\027\363"
  46      D2C56E65 
  46      CDF72F9F 
  46      47F00A59 
  46      17F3
  47 0100 E5A89DB9 		.ascii	"\345\250\235\271l\375\251\325\340p\015\223\365\001\356"
  47      6CFDA9D5 
  47      E0700D93 
  47      F501EE
  48 010f 438EB5CC 		.ascii	"C\216\265\314\357w~=Cgn\306\024\202\356yq\013:h\234"
  48      EF777E3D 
  48      43676EC6 
  48      1482EE79 
  48      710B3A68 
  49 0124 DA6C5BB5 		.ascii	"\332l[\265Zn\354\305c4\001r\253\3246\302\012\332\200"
  49      5A6EECC5 
  49      63340172 
  49      ABD436C2 
  49      0ADA80
  50 0137 AED3CF30 		.ascii	"\256\323\3170de\312\312'+\306J\344\227\215]\342\\\216"
  50      6465CACA 
  50      272BC64A 
  50      E4978D5D 
  50      E25C8E
  51 014a 621E693B 		.ascii	"b\036i;7\012\225H\371U\016\266\200\364\373\236\342O"
  51      370A9548 
  51      F9550EB6 
  51      80F4FB9E 
  51      E24F
  52 015c 4DAE55B9 		.ascii	"M\256U\271\250\222r\001\317\372>m\225\013\264\245\217"
  52      A8927201 
  52      CFFA3E6D 
  52      950BB4A5 
  52      8F
  53 016d A57CC12B 		.ascii	"\245|\301+\033\251\251\035\016\236\233\2317\207q)\225"
  53      1BA9A91D 
  53      0E9E9B99 
  53      37877129 
  53      95
  54 017e 49D93B1D 		.ascii	"I\331;\035\356\245\010\334\226G\3004\206A\001\344\356"
  54      EEA508DC 
  54      9647C034 
  54      864101E4 
  54      EE
  55 018f 2E9E595E 		.ascii	".\236Y^2\335@z\345e\216\\\2708\241\311\024\323\313\220"
  55      32DD407A 
  55      E5658E5C 
  55      B838A1C9 
ARM GAS  C:\Users\zozo\AppData\Local\Temp\ccECABzA.s 			page 4


  55      14D3CB90 
  56 01a3 23BDC26E 		.ascii	"#\275\302npWd\220\256\236Z\030\274\326\275IQU'W\236"
  56      70576490 
  56      AE9E5A18 
  56      BCD6BD49 
  56      51552757 
  57 01b8 FEFAC61B 		.ascii	"\376\372\306\033\250w\024\365\256\242\032.u\365\037"
  57      A87714F5 
  57      AEA21A2E 
  57      75F51F
  58 01c7 D574A9B3 		.ascii	"\325t\251\263\237\327+M\212\332\314p\257\221\352#]="
  58      9FD72B4D 
  58      8ADACC70 
  58      AF91EA23 
  58      5D3D
  59 01d9 35BFF8FC 		.ascii	"5\277\370\374\254\322k\\R7\306Ke\243\201z_Qg\024\325"
  59      ACD26B5C 
  59      5237C64B 
  59      65A3817A 
  59      5F516714 
  60 01ee C78A48D9 		.ascii	"\307\212H\331O\266H\267\274\300\022\265\223\272L=\017"
  60      4FB648B7 
  60      BCC012B5 
  60      93BA4C3D 
  60      0F
  61 01ff B6860FC6 		.ascii	"\266\206\017\306\216\305\342\355\211X\364p[g2\036\211"
  61      8EC5E2ED 
  61      8958F470 
  61      5B67321E 
  61      89
  62 0210 850FB575 		.ascii	"\205\017\265u\036\330\023\216\234J&\216t\234h\2150O"
  62      1ED8138E 
  62      9C4A268E 
  62      749C688D 
  62      304F
  63 0222 7B341AD7 		.ascii	"{4\032\327N\266w$cF\342\350\361\3754\373\013\247D\013"
  63      4EB67724 
  63      6346E2E8 
  63      F1FD34FB 
  63      0BA7440B 
  64 0236 72       		.ascii	"r"
  65              		.text
  66              		.section	.gnu.lto_CyGetReg24.d922707a,"",%progbits
  67 0000 789C7552 		.ascii	"x\234uRMh\023A\024\2367\263\331l~\324\342\301C.*\241"
  67      4D681341 
  67      149E37B3 
  67      D96C7ED4 
  67      E2C1432E 
  68 0016 F620F4A2 		.ascii	"\366 \364\242\007\217\212\007=\012\275\006$$9\010\325"
  68      078F8A07 
  68      3D0ABD06 
  68      24243908 
  68      D5
  69 0027 4A4C044F 		.ascii	"JL\004O\335\374P\301\203\265\032\245\255\255\264h\265"
  69      DDFC50C1 
  69      83B51AA5 
  69      ADADB468 
ARM GAS  C:\Users\zozo\AppData\Local\Temp\ccECABzA.s 			page 5


  69      B5
  70 0038 9ADADAD6 		.ascii	"\232\332\332\326\237\252\007c\205P(Z\"\222\240\224\030"
  70      9FAA0763 
  70      8550285A 
  70      2292A094 
  70      18
  71 0049 3416A55A 		.ascii	"4\026\245ZlSL#\225\370\336l\010]\213\013;o\3367\357"
  71      6C534C23 
  71      95F8DE6C 
  71      085D8B0B 
  71      3B6FDE37 
  72 005e FBE69B79 		.ascii	"\373\346\233y#\330\346\317\205\377Q\301\330\001\214"
  72      23D8E6CF 
  72      85FF51C1 
  72      D8018C
  73 006d 2018F04B 		.ascii	" \030\360Ko\030\213h\034\200&\014X;\207v\370\306\227"
  73      6F188B68 
  73      1C80260C 
  73      583B8776 
  73      F8C697
  74 0080 393C1D5D 		.ascii	"9<\035]}\355\370\312+\234\355b\230>\273<\323\255R\012"
  74      7DEDF8CA 
  74      2B9CED62 
  74      983EBB3C 
  74      D3AD520A 
  75 0094 0AA5B96C 		.ascii	"\012\245\271lw\316\3264\244\353\321\237\323\343\003"
  75      77CED634 
  75      A4EBD19F 
  75      D3E303
  76 00a3 D09318C0 		.ascii	"\320\223\030\300%\316J\234\301\035p\3010\320Np\027\232"
  76      25CE4A9C 
  76      C11D70C1 
  76      30D04E70 
  76      179A
  77 00b5 B036FABC 		.ascii	"\2606\372\274\274b\027{\200x\263\311\314\222\255\361"
  77      BC62177B 
  77      8078B3C9 
  77      CC92ADF1 
  78 00c5 26F2528B 		.ascii	"&\362R\213\023\372A\245\302\005\334\003\261\221\207"
  78      13FA41A5 
  78      C205DC03 
  78      B19187
  79 00d4 10832434 		.ascii	"\020\203$4R\371\373\276\265>U\354\225\324\271\304\302"
  79      52F9FBBE 
  79      B53E55EC 
  79      95D4B9C4 
  79      C2
  80 00e5 15700F22 		.ascii	"\025p\017\"\265p\361\363[\247>\243\307\013\325\352\316"
  80      B570F1F3 
  80      5BA73EA3 
  80      C70BD5EA 
  80      CE
  81 00f6 0A5760C4 		.ascii	"\012W`\304\254`|H)%\365\204\020\373$}\361\335\340\220"
  81      AC607C48 
  81      2925F584 
  81      10FB247D 
  81      F1DDE090 
ARM GAS  C:\Users\zozo\AppData\Local\Temp\ccECABzA.s 			page 6


  82 010a DDA077C6 		.ascii	"\335\240w\306f7\3209\214\376\207\276\034\377\223s\250"
  82      6637D039 
  82      8CFE87BE 
  82      1CFF9373 
  82      A8
  83 011b 715DD71B 		.ascii	"q]\327\033\340>\270a\014\334tB<\330\003P\001\003!c\333"
  83      E03EB861 
  83      0CDC7442 
  83      3CD80350 
  83      01032163 
  84 0130 537AB55A 		.ascii	"Sz\265ZJw\305v\273\266\000\220s\201g\260(\214V-4UqP"
  84      4A77C576 
  84      BBB60090 
  84      738167B0 
  84      288C562D 
  85 0148 AD346812 		.ascii	"\2554h\022\264\021h\247\334A\203S\202\214\025Q\232\332"
  85      B41168A7 
  85      DC418353 
  85      828C1551 
  85      9ADA
  86 015a F0052F12 		.ascii	"\360\005/\022\243\310B45\231\336!7\303\355\313\034\330"
  86      A3C84234 
  86      3599DE21 
  86      37C3EDCB 
  86      1CD8
  87 016c 0798FE75 		.ascii	"\007\230\376u!\337s\003\010,s\201&?\026\3472\0325F\221"
  87      21DF7303 
  87      082C7381 
  87      263F16E7 
  87      321A3546 
  88 0181 9E7BBBA6 		.ascii	"\236{\273\246\262\266~\270\036\211C\205[\221\003\343"
  88      B2B67EB8 
  88      1E894385 
  88      5B9103E3 
  89 0191 74249880 		.ascii	"t$\230\200~\242G\363\347\213\334 +\310gY\220\031\031"
  89      7EA247F3 
  89      E78BDC20 
  89      2BC86759 
  89      901919
  90 01a4 40C4D05F 		.ascii	"@\304\320_\250\353[P0\323{;\266M\352\313k\374\376\362"
  90      A8EB5B50 
  90      30D37B3B 
  90      B64DEACB 
  90      6BFCFEF2 
  91 01b8 F70F6ED2 		.ascii	"\367\017n\322\237\224\372\017\353\372\3535}\342#\022"
  91      9F94FA0F 
  91      EBFAEB35 
  91      7DE22312 
  92 01c8 9BEF285A 		.ascii	"\233\357(Z\014\004\313U\224\270u\365\332\210\205\024"
  92      0C04CB55 
  92      94B875F5 
  92      DA888514 
  93 01d8 35BC8E47 		.ascii	"5\274\216G\310\306\242\325\216\371\032M\223\316\254"
  93      C8C6A2D5 
  93      8EF91A4D 
  93      93CEAC
  94 01e7 66679AE1 		.ascii	"fg\232\341l\251\356\314F\017\242\360\252\323)\235qr"
ARM GAS  C:\Users\zozo\AppData\Local\Temp\ccECABzA.s 			page 7


  94      6CA9EECC 
  94      460FA2F0 
  94      AAD3299D 
  94      7172
  95 01f9 B63E5C5C 		.ascii	"\266>\\\\\261\232\234=\226\316\236lrfG\276\331\231\003"
  95      B19A9C3D 
  95      96CE9E6C 
  95      726647BE 
  95      D99903
  96 020c 417A9D9F 		.ascii	"Az\235\237\326JRQk`0\365\2573\2474\3470;s\262<DR/\322"
  96      D64A5251 
  96      6B6030F5 
  96      AF33A734 
  96      E7303B73 
  97 0226 5B6B358C 		.ascii	"[k5\214\372\010\324?\354\246\273\331s$p*\020\364\206"
  97      FA08D43F 
  97      ECA6BBD9 
  97      7324702A 
  97      10F486
  98 0239 02FEE32D 		.ascii	"\002\376\343-m\341\240/\3409\326\322vx\277\307w.\034"
  98      6DE1A02F 
  98      E039D6D2 
  98      7678BFC7 
  98      772E1C
  99 024c 3AD17AA6 		.ascii	":\321z\246\331\307\024\257\337\037\264\206N\236>\204"
  99      D9C714AF 
  99      DF1FB486 
  99      4E9E3E84 
 100 025c D172D6DB 		.ascii	"\321r\326\333\032\016\374\005d\3331\274"
 100      1A0EFC05 
 100      64DB31BC 
 101              		.text
 102              		.section	.gnu.lto_.symbol_nodes.d922707a,"",%progbits
 103 0000 789C6366 		.ascii	"x\234cf``Pb\200\002&\206z\006\206\011\347\030\030\352"
 103      60605062 
 103      80022686 
 103      7A068609 
 103      E71818EA 
 104 0014 EB19E62D 		.ascii	"\353\031\346-\340``b\254gD\3463\000\000\2212\010n"
 104      E0606062 
 104      AC6744E6 
 104      33000091 
 104      32086E
 105              		.text
 106              		.section	.gnu.lto_.refs.d922707a,"",%progbits
 107 0000 789C6366 		.ascii	"x\234cf```d\200\002\000\000=\000\005"
 107      60606064 
 107      80020000 
 107      3D0005
 108              		.text
 109              		.section	.gnu.lto_.decls.d922707a,"",%progbits
 110 0000 789C8D53 		.ascii	"x\234\215S_HSa\024\377\316\275k\272\317\353\362i\206"
 110      5F485361 
 110      14FFCEBD 
 110      6BBACFEB 
 110      F26986
 111 0013 F4300984 		.ascii	"\3640\011\204@|0\037z\353\301\007\241\207\220FO\011"
ARM GAS  C:\Users\zozo\AppData\Local\Temp\ccECABzA.s 			page 8


 111      407C301F 
 111      7AEBC107 
 111      A1879046 
 111      4F09
 112 0025 11EB5283 		.ascii	"\021\353R\203\320\320\371\340\333gC\034&\022\226\240"
 112      D0D0F9E0 
 112      DB67431C 
 112      261296A0 
 113 0035 33FF54A3 		.ascii	"3\377T\243L\323\314\374\323t\266\3717ID\263\320\346"
 113      4CD3CCFC 
 113      D374B6F9 
 113      374944B3 
 113      D0E6
 114 0047 4B690851 		.ascii	"Ki\010Q&\223F\344K\267\363}\273s\233Ez\340\354\373\316"
 114      269346E4 
 114      4BB7F37D 
 114      BB739B45 
 114      7AE0ECFB 
 115 005c B9E7FCEE 		.ascii	"\271\347\374\356\371\375\356\231L\010\011\242kha\231"
 115      F9FDEE99 
 115      4C0809A2 
 115      6B686199 
 116 006c 900ABCE3 		.ascii	"\220\012\274\343A\212I\334$\364\021\364q\362\267\361"
 116      418A49DC 
 116      24F411F4 
 116      71F2B7F1 
 117 007c 3CD5EBCD 		.ascii	"<\325\353\315\350\012\372\000z?\3724\272\005=\033}\012"
 117      E80AFA00 
 117      7A3FFA34 
 117      BA053D1B 
 117      7D0A
 118 008e FDACDE03 		.ascii	"\375\254\336\003z\337~\343\370\246\004\034\216\341C"
 118      7ADF7EE3 
 118      F8A6041C 
 118      8EE143
 119 009d 9F4DC099 		.ascii	"\237M\300\231\331\207\363\257\231v$\230\337\370\365"
 119      D987F3AF 
 119      99762498 
 119      DFF8F5
 120 00ac 43F92281 		.ascii	"C\371\"\201\231f\360\320\263\272\031\2211T\250\304C"
 120      9966F0D0 
 120      B3BA1991 
 120      3154A8C4 
 120      43
 121 00bd 5F5F6421 		.ascii	"__d!M<\265\362p\264q\256\331(\236\032x\370\260y\375"
 121      4D3CB5F2 
 121      70B471AE 
 121      D9289E1A 
 121      78F8B079 
 122 00d2 3DCDED66 		.ascii	"=\315\355f\214\271Y0#\216Y\375h\254>\005\313\262\251"
 122      8CB95930 
 122      238E59FD 
 122      68AC3E05 
 122      CBB2A9
 123 00e5 083FB6EE 		.ascii	"\010?\266\356zM\"\344\332\035\345\251\365\017\253\376"
 123      7A4D22E4 
 123      DA1DE5A9 
ARM GAS  C:\Users\zozo\AppData\Local\Temp\ccECABzA.s 			page 9


 123      F50FABFE 
 124 00f5 14D90478 		.ascii	"\024\331\004x\227\306&\033\337R\310\241^\304\011wE\336"
 124      97C6261B 
 124      DF52C8A1 
 124      5EC40977 
 124      45DE
 125 0107 1D67CC00 		.ascii	"\035g\314\000\375@\241\017d\350\201\\>?G\342\346f\354"
 125      FD40A10F 
 125      64E8815C 
 125      3E3F47E2 
 125      E666EC
 126 011a 26BBED62 		.ascii	"&\273\355b\24693\201'\220\005\335\220E\340\031\344`"
 126      A6393381 
 126      279005DD 
 126      9045E019 
 126      E460
 127 012c 85A885A7 		.ascii	"\205\250\205\247\230\354\305$\276d\271i\247#\225b\213"
 127      98ECC524 
 127      BE64B969 
 127      A7239562 
 127      8B
 128 013d EBD02D1B 		.ascii	"\353\320-\033\303\337\333\014J]\374-\360\034\007\211"
 128      C3DFDB0C 
 128      4A5DFC2D 
 128      F01C0789 
 129 014d 75111800 		.ascii	"u\021\030\000E\347\350i\01110\340\007\027\243^\024z"
 129      45E7E869 
 129      093130E0 
 129      0717A35E 
 129      147A
 130 015f 7CDE6EF8 		.ascii	"|\336n\370\232&rX\007/@$\003\241\301nSf\023\343\346"
 130      9A267258 
 130      072F4024 
 130      03A1C16E 
 130      536613E3 
 131 0174 62191214 		.ascii	"b\031\022\024[\3401\002v\011\300!\310\304\337A,\025"
 131      5BE03102 
 131      7609C021 
 131      C8C4DF41 
 131      2C15
 132 0186 A8CB230F 		.ascii	"\250\313#\017:$\271\200\353\002kM\325\016k;\353\354"
 132      3A24B980 
 132      EB026B4D 
 132      D50E6B3B 
 132      EBEC
 133 0198 0F6B1E47 		.ascii	"\017k\036G\013\353\254f\2775\015D\013\014\357IC\370"
 133      0BEBAC66 
 133      BF350D44 
 133      0B0CEF49 
 133      43F8
 134 01aa 3DFA9147 		.ascii	"=\372\221G\300\212m5\336\231V\032c\355>\024\353\216"
 134      C08A6D35 
 134      DE99561A 
 134      63ED3E14 
 134      EB8E
 135 01bc D7EDBD52 		.ascii	"\327\355\275R\022\353\227I\254}{\254G7\226\346R\005"
 135      12EB9749 
ARM GAS  C:\Users\zozo\AppData\Local\Temp\ccECABzA.s 			page 10


 135      AC7D7BAC 
 135      473796E6 
 135      5205
 136 01ce 43CCE9AC 		.ascii	"C\314\351\254\357\267\365x!\221 \027$\316pL0\034\215"
 136      EFB7F578 
 136      21912017 
 136      24CE704C 
 136      301C8D
 137 01e1 31DCFCB6 		.ascii	"1\334\374\266\266\224.\333\005\303@\357\255\025*(~\252"
 137      B6942EDB 
 137      05C340EF 
 137      AD152A28 
 137      7EAA
 138 01f3 77BD5158 		.ascii	"w\275QX\027\013j\332\031\321\002\376\004\206\376\030"
 138      170B6ADA 
 138      19D102FE 
 138      0486FE18 
 139 0203 C371C130 		.ascii	"\303q\3010\266^\226\350z5\314{&d\021j\002u%P[\233*\227"
 139      B65E96E8 
 139      7A35CC7B 
 139      2664116A 
 139      02752550 
 140 021b 8ADD0A85 		.ascii	"\212\335\012\205\356\356\312@s\304\336\204\033\231|"
 140      EEEECA40 
 140      73C4DE84 
 140      1B997C
 141 022a 8C406E16 		.ascii	"\214@n\026\234D-&Q\013\213\256\305+\2346\200\323FW0"
 141      9C442D26 
 141      510B8BAE 
 141      C52B9C36 
 141      80D34657 
 142 023f 1C5DC109 		.ascii	"\034]\301\011\244\021\214\257\240\205\356\355\367\320"
 142      A4118CAF 
 142      A085EEED 
 142      F7D0
 143 024d CF3A5F7A 		.ascii	"\317:_zT\342\2031\261>\024\331\272\247$\351;\225\244"
 143      54E28331 
 143      B13E14D9 
 143      BAA724E9 
 143      3B95A4
 144 0260 EF74545F 		.ascii	"\357tT_~\362\277\313\326\235Ec\014\335}0zM\373\342\266"
 144      7EF2BFCB 
 144      D69D4563 
 144      0CDD7D30 
 144      7A4DFBE2 
 145 0275 39097D26 		.ascii	"9\011}&\011}VG\347\247\261\350\334\005k!1V:J\235\247"
 145      097D5647 
 145      E7A7B1E8 
 145      DC056B21 
 145      31563A4A 
 146 028b F24FE495 		.ascii	"\362O\344\225\024\251\245j\371e\247z\345\222\255\254"
 146      14A9A56A 
 146      F965A77A 
 146      E592ADAC 
 147 029b B2DCAE96 		.ascii	"\262\334\256\226\024\333\312\012\013J\354U\316\252\033"
 147      14DBCA0A 
 147      0B4AEC55 
ARM GAS  C:\Users\zozo\AppData\Local\Temp\ccECABzA.s 			page 11


 147      CEAA1B
 148 02aa 6A45DE35 		.ascii	"jE\3365B\013\253l\252\363\274z5\277\340\177\345\225"
 148      420BAB6C 
 148      AAF3BC7A 
 148      35BFE07F 
 148      E595
 149 02bc 4EC7F58A 		.ascii	"N\307\365\212<;//\322\313\217\360\227\234\376\003=\207"
 149      3C3B2F2F 
 149      D2CB8FF0 
 149      979CFE03 
 149      3D87
 150 02ce 5F0E     		.ascii	"_\016"
 151              		.text
 152              		.section	.gnu.lto_.symtab.d922707a,"",%progbits
 153 0000 43795365 		.ascii	"CySetReg24\000\000\000\000\000\000\000\000\000\000\000"
 153      74526567 
 153      32340000 
 153      00000000 
 153      00000000 
 154 0015 00B70000 		.ascii	"\000\267\000\000\000CyGetReg24\000\000\000\000\000\000"
 154      00437947 
 154      65745265 
 154      67323400 
 154      00000000 
 155 002a 00000000 		.ascii	"\000\000\000\000\000\000\275\000\000\000"
 155      0000BD00 
 155      0000
 156              		.text
 157              		.section	.gnu.lto_.opts,"",%progbits
 158 0000 272D666E 		.ascii	"'-fno-trapv' '-mcpu=cortex-m0' '-mthumb' '-g' '-Os'"
 158      6F2D7472 
 158      61707627 
 158      20272D6D 
 158      6370753D 
 159 0033 20272D66 		.ascii	" '-ffunction-sections' '-flto' '-ffat-lto-objects'\000"
 159      66756E63 
 159      74696F6E 
 159      2D736563 
 159      74696F6E 
 160              		.text
 161              		.cfi_sections	.debug_frame
 162              		.section	.text.CySetReg24,"ax",%progbits
 163              		.align	1
 164              		.global	CySetReg24
 165              		.code	16
 166              		.thumb_func
 167              		.type	CySetReg24, %function
 168              	CySetReg24:
 169              	.LFB0:
 170              		.file 1 ".\\Generated_Source\\PSoC4\\cyutils.c"
   1:.\Generated_Source\PSoC4/cyutils.c **** /*******************************************************************************
   2:.\Generated_Source\PSoC4/cyutils.c **** * FILENAME: cyutils.c
   3:.\Generated_Source\PSoC4/cyutils.c **** * Version 5.30
   4:.\Generated_Source\PSoC4/cyutils.c **** *
   5:.\Generated_Source\PSoC4/cyutils.c **** *  Description:
   6:.\Generated_Source\PSoC4/cyutils.c **** *   CyUtils provides a function to handle 24-bit value writes.
   7:.\Generated_Source\PSoC4/cyutils.c **** *
ARM GAS  C:\Users\zozo\AppData\Local\Temp\ccECABzA.s 			page 12


   8:.\Generated_Source\PSoC4/cyutils.c **** ********************************************************************************
   9:.\Generated_Source\PSoC4/cyutils.c **** * Copyright 2008-2015, Cypress Semiconductor Corporation.  All rights reserved.
  10:.\Generated_Source\PSoC4/cyutils.c **** * You may use this file only in accordance with the license, terms, conditions,
  11:.\Generated_Source\PSoC4/cyutils.c **** * disclaimers, and limitations in the end user license agreement accompanying
  12:.\Generated_Source\PSoC4/cyutils.c **** * the software package with which this file was provided.
  13:.\Generated_Source\PSoC4/cyutils.c **** *******************************************************************************/
  14:.\Generated_Source\PSoC4/cyutils.c **** 
  15:.\Generated_Source\PSoC4/cyutils.c **** #include "cytypes.h"
  16:.\Generated_Source\PSoC4/cyutils.c **** 
  17:.\Generated_Source\PSoC4/cyutils.c **** #if (!CY_PSOC3)
  18:.\Generated_Source\PSoC4/cyutils.c **** 
  19:.\Generated_Source\PSoC4/cyutils.c ****     /***************************************************************************
  20:.\Generated_Source\PSoC4/cyutils.c ****     * Function Name: CySetReg24
  21:.\Generated_Source\PSoC4/cyutils.c ****     ****************************************************************************
  22:.\Generated_Source\PSoC4/cyutils.c ****     *
  23:.\Generated_Source\PSoC4/cyutils.c ****     * Summary:
  24:.\Generated_Source\PSoC4/cyutils.c ****     *  Writes a 24-bit value to the specified register.
  25:.\Generated_Source\PSoC4/cyutils.c ****     *
  26:.\Generated_Source\PSoC4/cyutils.c ****     * Parameters:
  27:.\Generated_Source\PSoC4/cyutils.c ****     *  addr : the address where data must be written.
  28:.\Generated_Source\PSoC4/cyutils.c ****     *  value: the data that must be written.
  29:.\Generated_Source\PSoC4/cyutils.c ****     *
  30:.\Generated_Source\PSoC4/cyutils.c ****     * Return:
  31:.\Generated_Source\PSoC4/cyutils.c ****     *  None
  32:.\Generated_Source\PSoC4/cyutils.c ****     *
  33:.\Generated_Source\PSoC4/cyutils.c ****     * Reentrant:
  34:.\Generated_Source\PSoC4/cyutils.c ****     *  No
  35:.\Generated_Source\PSoC4/cyutils.c ****     *
  36:.\Generated_Source\PSoC4/cyutils.c ****     ***************************************************************************/
  37:.\Generated_Source\PSoC4/cyutils.c ****     void CySetReg24(uint32 volatile * addr, uint32 value)
  38:.\Generated_Source\PSoC4/cyutils.c ****     {
 171              		.loc 1 38 0
 172              		.cfi_startproc
 173              	.LVL0:
  39:.\Generated_Source\PSoC4/cyutils.c ****         uint8 volatile *tmpAddr;
  40:.\Generated_Source\PSoC4/cyutils.c **** 
  41:.\Generated_Source\PSoC4/cyutils.c ****         tmpAddr = (uint8 volatile *) addr;
  42:.\Generated_Source\PSoC4/cyutils.c **** 
  43:.\Generated_Source\PSoC4/cyutils.c ****         tmpAddr[0u] = (uint8) value;
 174              		.loc 1 43 0
 175 0000 CBB2     		uxtb	r3, r1
 176 0002 0370     		strb	r3, [r0]
  44:.\Generated_Source\PSoC4/cyutils.c ****         tmpAddr[1u] = (uint8) (value >> 8u);
 177              		.loc 1 44 0
 178 0004 0B0A     		lsr	r3, r1, #8
  45:.\Generated_Source\PSoC4/cyutils.c ****         tmpAddr[2u] = (uint8) (value >> 16u);
 179              		.loc 1 45 0
 180 0006 090C     		lsr	r1, r1, #16
 181              	.LVL1:
  44:.\Generated_Source\PSoC4/cyutils.c ****         tmpAddr[1u] = (uint8) (value >> 8u);
 182              		.loc 1 44 0
 183 0008 DBB2     		uxtb	r3, r3
 184              		.loc 1 45 0
 185 000a C9B2     		uxtb	r1, r1
  44:.\Generated_Source\PSoC4/cyutils.c ****         tmpAddr[1u] = (uint8) (value >> 8u);
 186              		.loc 1 44 0
 187 000c 4370     		strb	r3, [r0, #1]
ARM GAS  C:\Users\zozo\AppData\Local\Temp\ccECABzA.s 			page 13


  46:.\Generated_Source\PSoC4/cyutils.c ****     }
 188              		.loc 1 46 0
 189              		@ sp needed
  45:.\Generated_Source\PSoC4/cyutils.c ****         tmpAddr[2u] = (uint8) (value >> 16u);
 190              		.loc 1 45 0
 191 000e 8170     		strb	r1, [r0, #2]
 192              		.loc 1 46 0
 193 0010 7047     		bx	lr
 194              		.cfi_endproc
 195              	.LFE0:
 196              		.size	CySetReg24, .-CySetReg24
 197              		.section	.text.CyGetReg24,"ax",%progbits
 198              		.align	1
 199              		.global	CyGetReg24
 200              		.code	16
 201              		.thumb_func
 202              		.type	CyGetReg24, %function
 203              	CyGetReg24:
 204              	.LFB1:
  47:.\Generated_Source\PSoC4/cyutils.c **** 
  48:.\Generated_Source\PSoC4/cyutils.c **** 
  49:.\Generated_Source\PSoC4/cyutils.c ****     #if(CY_PSOC4)
  50:.\Generated_Source\PSoC4/cyutils.c **** 
  51:.\Generated_Source\PSoC4/cyutils.c ****         /***************************************************************************
  52:.\Generated_Source\PSoC4/cyutils.c ****         * Function Name: CyGetReg24
  53:.\Generated_Source\PSoC4/cyutils.c ****         ****************************************************************************
  54:.\Generated_Source\PSoC4/cyutils.c ****         *
  55:.\Generated_Source\PSoC4/cyutils.c ****         * Summary:
  56:.\Generated_Source\PSoC4/cyutils.c ****         *  Reads the 24-bit value from the specified register.
  57:.\Generated_Source\PSoC4/cyutils.c ****         *
  58:.\Generated_Source\PSoC4/cyutils.c ****         * Parameters:
  59:.\Generated_Source\PSoC4/cyutils.c ****         *  addr : the address where data must be read.
  60:.\Generated_Source\PSoC4/cyutils.c ****         *
  61:.\Generated_Source\PSoC4/cyutils.c ****         * Return:
  62:.\Generated_Source\PSoC4/cyutils.c ****         *  None
  63:.\Generated_Source\PSoC4/cyutils.c ****         *
  64:.\Generated_Source\PSoC4/cyutils.c ****         * Reentrant:
  65:.\Generated_Source\PSoC4/cyutils.c ****         *  No
  66:.\Generated_Source\PSoC4/cyutils.c ****         *
  67:.\Generated_Source\PSoC4/cyutils.c ****         ***************************************************************************/
  68:.\Generated_Source\PSoC4/cyutils.c ****         uint32 CyGetReg24(uint32 const volatile * addr)
  69:.\Generated_Source\PSoC4/cyutils.c ****         {
 205              		.loc 1 69 0
 206              		.cfi_startproc
 207              	.LVL2:
 208              		.loc 1 69 0
 209 0000 031C     		mov	r3, r0
  70:.\Generated_Source\PSoC4/cyutils.c ****             uint8 const volatile *tmpAddr;
  71:.\Generated_Source\PSoC4/cyutils.c ****             uint32 value;
  72:.\Generated_Source\PSoC4/cyutils.c **** 
  73:.\Generated_Source\PSoC4/cyutils.c ****             tmpAddr = (uint8 const volatile *) addr;
  74:.\Generated_Source\PSoC4/cyutils.c **** 
  75:.\Generated_Source\PSoC4/cyutils.c ****             value  =  (uint32) tmpAddr[0u];
 210              		.loc 1 75 0
 211 0002 0278     		ldrb	r2, [r0]
 212              	.LVL3:
  76:.\Generated_Source\PSoC4/cyutils.c ****             value |= ((uint32) tmpAddr[1u] << 8u );
ARM GAS  C:\Users\zozo\AppData\Local\Temp\ccECABzA.s 			page 14


 213              		.loc 1 76 0
 214 0004 4078     		ldrb	r0, [r0, #1]
 215              	.LVL4:
  77:.\Generated_Source\PSoC4/cyutils.c ****             value |= ((uint32) tmpAddr[2u] << 16u);
 216              		.loc 1 77 0
 217 0006 9B78     		ldrb	r3, [r3, #2]
 218              	.LVL5:
  76:.\Generated_Source\PSoC4/cyutils.c ****             value |= ((uint32) tmpAddr[1u] << 8u );
 219              		.loc 1 76 0
 220 0008 0002     		lsl	r0, r0, #8
 221              	.LVL6:
 222              		.loc 1 77 0
 223 000a 1B04     		lsl	r3, r3, #16
 224 000c 1843     		orr	r0, r3
 225 000e 1043     		orr	r0, r2
  78:.\Generated_Source\PSoC4/cyutils.c **** 
  79:.\Generated_Source\PSoC4/cyutils.c ****             return(value);
  80:.\Generated_Source\PSoC4/cyutils.c ****         }
 226              		.loc 1 80 0
 227              		@ sp needed
 228 0010 7047     		bx	lr
 229              		.cfi_endproc
 230              	.LFE1:
 231              		.size	CyGetReg24, .-CyGetReg24
 232              		.text
 233              	.Letext0:
 234              		.file 2 ".\\Generated_Source\\PSoC4\\cytypes.h"
 235              		.section	.debug_info,"",%progbits
 236              	.Ldebug_info0:
 237 0000 47010000 		.4byte	0x147
 238 0004 0400     		.2byte	0x4
 239 0006 00000000 		.4byte	.Ldebug_abbrev0
 240 000a 04       		.byte	0x4
 241 000b 01       		.uleb128 0x1
 242 000c 27000000 		.4byte	.LASF17
 243 0010 01       		.byte	0x1
 244 0011 F6000000 		.4byte	.LASF18
 245 0015 77010000 		.4byte	.LASF19
 246 0019 00000000 		.4byte	.Ldebug_ranges0+0
 247 001d 00000000 		.4byte	0
 248 0021 00000000 		.4byte	.Ldebug_line0
 249 0025 02       		.uleb128 0x2
 250 0026 01       		.byte	0x1
 251 0027 06       		.byte	0x6
 252 0028 D5010000 		.4byte	.LASF0
 253 002c 02       		.uleb128 0x2
 254 002d 01       		.byte	0x1
 255 002e 08       		.byte	0x8
 256 002f BB000000 		.4byte	.LASF1
 257 0033 02       		.uleb128 0x2
 258 0034 02       		.byte	0x2
 259 0035 05       		.byte	0x5
 260 0036 5E010000 		.4byte	.LASF2
 261 003a 02       		.uleb128 0x2
 262 003b 02       		.byte	0x2
 263 003c 07       		.byte	0x7
 264 003d E3000000 		.4byte	.LASF3
ARM GAS  C:\Users\zozo\AppData\Local\Temp\ccECABzA.s 			page 15


 265 0041 02       		.uleb128 0x2
 266 0042 04       		.byte	0x4
 267 0043 05       		.byte	0x5
 268 0044 6E010000 		.4byte	.LASF4
 269 0048 02       		.uleb128 0x2
 270 0049 04       		.byte	0x4
 271 004a 07       		.byte	0x7
 272 004b D1000000 		.4byte	.LASF5
 273 004f 02       		.uleb128 0x2
 274 0050 08       		.byte	0x8
 275 0051 05       		.byte	0x5
 276 0052 4B010000 		.4byte	.LASF6
 277 0056 02       		.uleb128 0x2
 278 0057 08       		.byte	0x8
 279 0058 07       		.byte	0x7
 280 0059 34010000 		.4byte	.LASF7
 281 005d 03       		.uleb128 0x3
 282 005e 04       		.byte	0x4
 283 005f 05       		.byte	0x5
 284 0060 696E7400 		.ascii	"int\000"
 285 0064 02       		.uleb128 0x2
 286 0065 04       		.byte	0x4
 287 0066 07       		.byte	0x7
 288 0067 27010000 		.4byte	.LASF8
 289 006b 04       		.uleb128 0x4
 290 006c 68010000 		.4byte	.LASF9
 291 0070 02       		.byte	0x2
 292 0071 3801     		.2byte	0x138
 293 0073 2C000000 		.4byte	0x2c
 294 0077 04       		.uleb128 0x4
 295 0078 20010000 		.4byte	.LASF10
 296 007c 02       		.byte	0x2
 297 007d 3A01     		.2byte	0x13a
 298 007f 48000000 		.4byte	0x48
 299 0083 02       		.uleb128 0x2
 300 0084 04       		.byte	0x4
 301 0085 04       		.byte	0x4
 302 0086 21000000 		.4byte	.LASF11
 303 008a 02       		.uleb128 0x2
 304 008b 08       		.byte	0x8
 305 008c 04       		.byte	0x4
 306 008d 19010000 		.4byte	.LASF12
 307 0091 02       		.uleb128 0x2
 308 0092 01       		.byte	0x1
 309 0093 08       		.byte	0x8
 310 0094 59010000 		.4byte	.LASF13
 311 0098 05       		.uleb128 0x5
 312 0099 6B000000 		.4byte	0x6b
 313 009d 05       		.uleb128 0x5
 314 009e 77000000 		.4byte	0x77
 315 00a2 06       		.uleb128 0x6
 316 00a3 11000000 		.4byte	.LASF20
 317 00a7 01       		.byte	0x1
 318 00a8 25       		.byte	0x25
 319 00a9 00000000 		.4byte	.LFB0
 320 00ad 12000000 		.4byte	.LFE0-.LFB0
 321 00b1 01       		.uleb128 0x1
ARM GAS  C:\Users\zozo\AppData\Local\Temp\ccECABzA.s 			page 16


 322 00b2 9C       		.byte	0x9c
 323 00b3 E1000000 		.4byte	0xe1
 324 00b7 07       		.uleb128 0x7
 325 00b8 1C000000 		.4byte	.LASF14
 326 00bc 01       		.byte	0x1
 327 00bd 25       		.byte	0x25
 328 00be E1000000 		.4byte	0xe1
 329 00c2 01       		.uleb128 0x1
 330 00c3 50       		.byte	0x50
 331 00c4 08       		.uleb128 0x8
 332 00c5 00000000 		.4byte	.LASF15
 333 00c9 01       		.byte	0x1
 334 00ca 25       		.byte	0x25
 335 00cb 77000000 		.4byte	0x77
 336 00cf 00000000 		.4byte	.LLST0
 337 00d3 09       		.uleb128 0x9
 338 00d4 C9000000 		.4byte	.LASF16
 339 00d8 01       		.byte	0x1
 340 00d9 27       		.byte	0x27
 341 00da E7000000 		.4byte	0xe7
 342 00de 01       		.uleb128 0x1
 343 00df 50       		.byte	0x50
 344 00e0 00       		.byte	0
 345 00e1 0A       		.uleb128 0xa
 346 00e2 04       		.byte	0x4
 347 00e3 9D000000 		.4byte	0x9d
 348 00e7 0A       		.uleb128 0xa
 349 00e8 04       		.byte	0x4
 350 00e9 98000000 		.4byte	0x98
 351 00ed 0B       		.uleb128 0xb
 352 00ee 06000000 		.4byte	.LASF21
 353 00f2 01       		.byte	0x1
 354 00f3 44       		.byte	0x44
 355 00f4 77000000 		.4byte	0x77
 356 00f8 00000000 		.4byte	.LFB1
 357 00fc 12000000 		.4byte	.LFE1-.LFB1
 358 0100 01       		.uleb128 0x1
 359 0101 9C       		.byte	0x9c
 360 0102 34010000 		.4byte	0x134
 361 0106 08       		.uleb128 0x8
 362 0107 1C000000 		.4byte	.LASF14
 363 010b 01       		.byte	0x1
 364 010c 44       		.byte	0x44
 365 010d 34010000 		.4byte	0x134
 366 0111 21000000 		.4byte	.LLST1
 367 0115 0C       		.uleb128 0xc
 368 0116 C9000000 		.4byte	.LASF16
 369 011a 01       		.byte	0x1
 370 011b 46       		.byte	0x46
 371 011c 3F010000 		.4byte	0x13f
 372 0120 21000000 		.4byte	.LLST1
 373 0124 0C       		.uleb128 0xc
 374 0125 00000000 		.4byte	.LASF15
 375 0129 01       		.byte	0x1
 376 012a 47       		.byte	0x47
 377 012b 77000000 		.4byte	0x77
 378 012f 4D000000 		.4byte	.LLST3
ARM GAS  C:\Users\zozo\AppData\Local\Temp\ccECABzA.s 			page 17


 379 0133 00       		.byte	0
 380 0134 0A       		.uleb128 0xa
 381 0135 04       		.byte	0x4
 382 0136 3A010000 		.4byte	0x13a
 383 013a 0D       		.uleb128 0xd
 384 013b 9D000000 		.4byte	0x9d
 385 013f 0A       		.uleb128 0xa
 386 0140 04       		.byte	0x4
 387 0141 45010000 		.4byte	0x145
 388 0145 0D       		.uleb128 0xd
 389 0146 98000000 		.4byte	0x98
 390 014a 00       		.byte	0
 391              		.section	.debug_abbrev,"",%progbits
 392              	.Ldebug_abbrev0:
 393 0000 01       		.uleb128 0x1
 394 0001 11       		.uleb128 0x11
 395 0002 01       		.byte	0x1
 396 0003 25       		.uleb128 0x25
 397 0004 0E       		.uleb128 0xe
 398 0005 13       		.uleb128 0x13
 399 0006 0B       		.uleb128 0xb
 400 0007 03       		.uleb128 0x3
 401 0008 0E       		.uleb128 0xe
 402 0009 1B       		.uleb128 0x1b
 403 000a 0E       		.uleb128 0xe
 404 000b 55       		.uleb128 0x55
 405 000c 17       		.uleb128 0x17
 406 000d 11       		.uleb128 0x11
 407 000e 01       		.uleb128 0x1
 408 000f 10       		.uleb128 0x10
 409 0010 17       		.uleb128 0x17
 410 0011 00       		.byte	0
 411 0012 00       		.byte	0
 412 0013 02       		.uleb128 0x2
 413 0014 24       		.uleb128 0x24
 414 0015 00       		.byte	0
 415 0016 0B       		.uleb128 0xb
 416 0017 0B       		.uleb128 0xb
 417 0018 3E       		.uleb128 0x3e
 418 0019 0B       		.uleb128 0xb
 419 001a 03       		.uleb128 0x3
 420 001b 0E       		.uleb128 0xe
 421 001c 00       		.byte	0
 422 001d 00       		.byte	0
 423 001e 03       		.uleb128 0x3
 424 001f 24       		.uleb128 0x24
 425 0020 00       		.byte	0
 426 0021 0B       		.uleb128 0xb
 427 0022 0B       		.uleb128 0xb
 428 0023 3E       		.uleb128 0x3e
 429 0024 0B       		.uleb128 0xb
 430 0025 03       		.uleb128 0x3
 431 0026 08       		.uleb128 0x8
 432 0027 00       		.byte	0
 433 0028 00       		.byte	0
 434 0029 04       		.uleb128 0x4
 435 002a 16       		.uleb128 0x16
ARM GAS  C:\Users\zozo\AppData\Local\Temp\ccECABzA.s 			page 18


 436 002b 00       		.byte	0
 437 002c 03       		.uleb128 0x3
 438 002d 0E       		.uleb128 0xe
 439 002e 3A       		.uleb128 0x3a
 440 002f 0B       		.uleb128 0xb
 441 0030 3B       		.uleb128 0x3b
 442 0031 05       		.uleb128 0x5
 443 0032 49       		.uleb128 0x49
 444 0033 13       		.uleb128 0x13
 445 0034 00       		.byte	0
 446 0035 00       		.byte	0
 447 0036 05       		.uleb128 0x5
 448 0037 35       		.uleb128 0x35
 449 0038 00       		.byte	0
 450 0039 49       		.uleb128 0x49
 451 003a 13       		.uleb128 0x13
 452 003b 00       		.byte	0
 453 003c 00       		.byte	0
 454 003d 06       		.uleb128 0x6
 455 003e 2E       		.uleb128 0x2e
 456 003f 01       		.byte	0x1
 457 0040 3F       		.uleb128 0x3f
 458 0041 19       		.uleb128 0x19
 459 0042 03       		.uleb128 0x3
 460 0043 0E       		.uleb128 0xe
 461 0044 3A       		.uleb128 0x3a
 462 0045 0B       		.uleb128 0xb
 463 0046 3B       		.uleb128 0x3b
 464 0047 0B       		.uleb128 0xb
 465 0048 27       		.uleb128 0x27
 466 0049 19       		.uleb128 0x19
 467 004a 11       		.uleb128 0x11
 468 004b 01       		.uleb128 0x1
 469 004c 12       		.uleb128 0x12
 470 004d 06       		.uleb128 0x6
 471 004e 40       		.uleb128 0x40
 472 004f 18       		.uleb128 0x18
 473 0050 9742     		.uleb128 0x2117
 474 0052 19       		.uleb128 0x19
 475 0053 01       		.uleb128 0x1
 476 0054 13       		.uleb128 0x13
 477 0055 00       		.byte	0
 478 0056 00       		.byte	0
 479 0057 07       		.uleb128 0x7
 480 0058 05       		.uleb128 0x5
 481 0059 00       		.byte	0
 482 005a 03       		.uleb128 0x3
 483 005b 0E       		.uleb128 0xe
 484 005c 3A       		.uleb128 0x3a
 485 005d 0B       		.uleb128 0xb
 486 005e 3B       		.uleb128 0x3b
 487 005f 0B       		.uleb128 0xb
 488 0060 49       		.uleb128 0x49
 489 0061 13       		.uleb128 0x13
 490 0062 02       		.uleb128 0x2
 491 0063 18       		.uleb128 0x18
 492 0064 00       		.byte	0
ARM GAS  C:\Users\zozo\AppData\Local\Temp\ccECABzA.s 			page 19


 493 0065 00       		.byte	0
 494 0066 08       		.uleb128 0x8
 495 0067 05       		.uleb128 0x5
 496 0068 00       		.byte	0
 497 0069 03       		.uleb128 0x3
 498 006a 0E       		.uleb128 0xe
 499 006b 3A       		.uleb128 0x3a
 500 006c 0B       		.uleb128 0xb
 501 006d 3B       		.uleb128 0x3b
 502 006e 0B       		.uleb128 0xb
 503 006f 49       		.uleb128 0x49
 504 0070 13       		.uleb128 0x13
 505 0071 02       		.uleb128 0x2
 506 0072 17       		.uleb128 0x17
 507 0073 00       		.byte	0
 508 0074 00       		.byte	0
 509 0075 09       		.uleb128 0x9
 510 0076 34       		.uleb128 0x34
 511 0077 00       		.byte	0
 512 0078 03       		.uleb128 0x3
 513 0079 0E       		.uleb128 0xe
 514 007a 3A       		.uleb128 0x3a
 515 007b 0B       		.uleb128 0xb
 516 007c 3B       		.uleb128 0x3b
 517 007d 0B       		.uleb128 0xb
 518 007e 49       		.uleb128 0x49
 519 007f 13       		.uleb128 0x13
 520 0080 02       		.uleb128 0x2
 521 0081 18       		.uleb128 0x18
 522 0082 00       		.byte	0
 523 0083 00       		.byte	0
 524 0084 0A       		.uleb128 0xa
 525 0085 0F       		.uleb128 0xf
 526 0086 00       		.byte	0
 527 0087 0B       		.uleb128 0xb
 528 0088 0B       		.uleb128 0xb
 529 0089 49       		.uleb128 0x49
 530 008a 13       		.uleb128 0x13
 531 008b 00       		.byte	0
 532 008c 00       		.byte	0
 533 008d 0B       		.uleb128 0xb
 534 008e 2E       		.uleb128 0x2e
 535 008f 01       		.byte	0x1
 536 0090 3F       		.uleb128 0x3f
 537 0091 19       		.uleb128 0x19
 538 0092 03       		.uleb128 0x3
 539 0093 0E       		.uleb128 0xe
 540 0094 3A       		.uleb128 0x3a
 541 0095 0B       		.uleb128 0xb
 542 0096 3B       		.uleb128 0x3b
 543 0097 0B       		.uleb128 0xb
 544 0098 27       		.uleb128 0x27
 545 0099 19       		.uleb128 0x19
 546 009a 49       		.uleb128 0x49
 547 009b 13       		.uleb128 0x13
 548 009c 11       		.uleb128 0x11
 549 009d 01       		.uleb128 0x1
ARM GAS  C:\Users\zozo\AppData\Local\Temp\ccECABzA.s 			page 20


 550 009e 12       		.uleb128 0x12
 551 009f 06       		.uleb128 0x6
 552 00a0 40       		.uleb128 0x40
 553 00a1 18       		.uleb128 0x18
 554 00a2 9742     		.uleb128 0x2117
 555 00a4 19       		.uleb128 0x19
 556 00a5 01       		.uleb128 0x1
 557 00a6 13       		.uleb128 0x13
 558 00a7 00       		.byte	0
 559 00a8 00       		.byte	0
 560 00a9 0C       		.uleb128 0xc
 561 00aa 34       		.uleb128 0x34
 562 00ab 00       		.byte	0
 563 00ac 03       		.uleb128 0x3
 564 00ad 0E       		.uleb128 0xe
 565 00ae 3A       		.uleb128 0x3a
 566 00af 0B       		.uleb128 0xb
 567 00b0 3B       		.uleb128 0x3b
 568 00b1 0B       		.uleb128 0xb
 569 00b2 49       		.uleb128 0x49
 570 00b3 13       		.uleb128 0x13
 571 00b4 02       		.uleb128 0x2
 572 00b5 17       		.uleb128 0x17
 573 00b6 00       		.byte	0
 574 00b7 00       		.byte	0
 575 00b8 0D       		.uleb128 0xd
 576 00b9 26       		.uleb128 0x26
 577 00ba 00       		.byte	0
 578 00bb 49       		.uleb128 0x49
 579 00bc 13       		.uleb128 0x13
 580 00bd 00       		.byte	0
 581 00be 00       		.byte	0
 582 00bf 00       		.byte	0
 583              		.section	.debug_loc,"",%progbits
 584              	.Ldebug_loc0:
 585              	.LLST0:
 586 0000 00000000 		.4byte	.LVL0
 587 0004 08000000 		.4byte	.LVL1
 588 0008 0100     		.2byte	0x1
 589 000a 51       		.byte	0x51
 590 000b 08000000 		.4byte	.LVL1
 591 000f 12000000 		.4byte	.LFE0
 592 0013 0400     		.2byte	0x4
 593 0015 F3       		.byte	0xf3
 594 0016 01       		.uleb128 0x1
 595 0017 51       		.byte	0x51
 596 0018 9F       		.byte	0x9f
 597 0019 00000000 		.4byte	0
 598 001d 00000000 		.4byte	0
 599              	.LLST1:
 600 0021 00000000 		.4byte	.LVL2
 601 0025 06000000 		.4byte	.LVL4
 602 0029 0100     		.2byte	0x1
 603 002b 50       		.byte	0x50
 604 002c 06000000 		.4byte	.LVL4
 605 0030 08000000 		.4byte	.LVL5
 606 0034 0100     		.2byte	0x1
ARM GAS  C:\Users\zozo\AppData\Local\Temp\ccECABzA.s 			page 21


 607 0036 53       		.byte	0x53
 608 0037 08000000 		.4byte	.LVL5
 609 003b 12000000 		.4byte	.LFE1
 610 003f 0400     		.2byte	0x4
 611 0041 F3       		.byte	0xf3
 612 0042 01       		.uleb128 0x1
 613 0043 50       		.byte	0x50
 614 0044 9F       		.byte	0x9f
 615 0045 00000000 		.4byte	0
 616 0049 00000000 		.4byte	0
 617              	.LLST3:
 618 004d 04000000 		.4byte	.LVL3
 619 0051 06000000 		.4byte	.LVL4
 620 0055 0100     		.2byte	0x1
 621 0057 52       		.byte	0x52
 622 0058 06000000 		.4byte	.LVL4
 623 005c 08000000 		.4byte	.LVL5
 624 0060 0800     		.2byte	0x8
 625 0062 70       		.byte	0x70
 626 0063 00       		.sleb128 0
 627 0064 38       		.byte	0x38
 628 0065 24       		.byte	0x24
 629 0066 72       		.byte	0x72
 630 0067 00       		.sleb128 0
 631 0068 21       		.byte	0x21
 632 0069 9F       		.byte	0x9f
 633 006a 08000000 		.4byte	.LVL5
 634 006e 0A000000 		.4byte	.LVL6
 635 0072 1300     		.2byte	0x13
 636 0074 70       		.byte	0x70
 637 0075 00       		.sleb128 0
 638 0076 08       		.byte	0x8
 639 0077 FF       		.byte	0xff
 640 0078 1A       		.byte	0x1a
 641 0079 38       		.byte	0x38
 642 007a 24       		.byte	0x24
 643 007b 73       		.byte	0x73
 644 007c 00       		.sleb128 0
 645 007d 08       		.byte	0x8
 646 007e FF       		.byte	0xff
 647 007f 1A       		.byte	0x1a
 648 0080 40       		.byte	0x40
 649 0081 24       		.byte	0x24
 650 0082 21       		.byte	0x21
 651 0083 72       		.byte	0x72
 652 0084 00       		.sleb128 0
 653 0085 21       		.byte	0x21
 654 0086 9F       		.byte	0x9f
 655 0087 00000000 		.4byte	0
 656 008b 00000000 		.4byte	0
 657              		.section	.debug_aranges,"",%progbits
 658 0000 24000000 		.4byte	0x24
 659 0004 0200     		.2byte	0x2
 660 0006 00000000 		.4byte	.Ldebug_info0
 661 000a 04       		.byte	0x4
 662 000b 00       		.byte	0
 663 000c 0000     		.2byte	0
ARM GAS  C:\Users\zozo\AppData\Local\Temp\ccECABzA.s 			page 22


 664 000e 0000     		.2byte	0
 665 0010 00000000 		.4byte	.LFB0
 666 0014 12000000 		.4byte	.LFE0-.LFB0
 667 0018 00000000 		.4byte	.LFB1
 668 001c 12000000 		.4byte	.LFE1-.LFB1
 669 0020 00000000 		.4byte	0
 670 0024 00000000 		.4byte	0
 671              		.section	.debug_ranges,"",%progbits
 672              	.Ldebug_ranges0:
 673 0000 00000000 		.4byte	.LFB0
 674 0004 12000000 		.4byte	.LFE0
 675 0008 00000000 		.4byte	.LFB1
 676 000c 12000000 		.4byte	.LFE1
 677 0010 00000000 		.4byte	0
 678 0014 00000000 		.4byte	0
 679              		.section	.debug_line,"",%progbits
 680              	.Ldebug_line0:
 681 0000 7B000000 		.section	.debug_str,"MS",%progbits,1
 681      02004600 
 681      00000201 
 681      FB0E0D00 
 681      01010101 
 682              	.LASF15:
 683 0000 76616C75 		.ascii	"value\000"
 683      6500
 684              	.LASF21:
 685 0006 43794765 		.ascii	"CyGetReg24\000"
 685      74526567 
 685      323400
 686              	.LASF20:
 687 0011 43795365 		.ascii	"CySetReg24\000"
 687      74526567 
 687      323400
 688              	.LASF14:
 689 001c 61646472 		.ascii	"addr\000"
 689      00
 690              	.LASF11:
 691 0021 666C6F61 		.ascii	"float\000"
 691      7400
 692              	.LASF17:
 693 0027 474E5520 		.ascii	"GNU C 4.9.3 20150303 (release) [ARM/embedded-4_9-br"
 693      4320342E 
 693      392E3320 
 693      32303135 
 693      30333033 
 694 005a 616E6368 		.ascii	"anch revision 221220] -mcpu=cortex-m0 -mthumb -g -O"
 694      20726576 
 694      6973696F 
 694      6E203232 
 694      31323230 
 695 008d 73202D66 		.ascii	"s -ffunction-sections -flto -ffat-lto-objects\000"
 695      66756E63 
 695      74696F6E 
 695      2D736563 
 695      74696F6E 
 696              	.LASF1:
 697 00bb 756E7369 		.ascii	"unsigned char\000"
ARM GAS  C:\Users\zozo\AppData\Local\Temp\ccECABzA.s 			page 23


 697      676E6564 
 697      20636861 
 697      7200
 698              	.LASF16:
 699 00c9 746D7041 		.ascii	"tmpAddr\000"
 699      64647200 
 700              	.LASF5:
 701 00d1 6C6F6E67 		.ascii	"long unsigned int\000"
 701      20756E73 
 701      69676E65 
 701      6420696E 
 701      7400
 702              	.LASF3:
 703 00e3 73686F72 		.ascii	"short unsigned int\000"
 703      7420756E 
 703      7369676E 
 703      65642069 
 703      6E7400
 704              	.LASF18:
 705 00f6 2E5C4765 		.ascii	".\\Generated_Source\\PSoC4\\cyutils.c\000"
 705      6E657261 
 705      7465645F 
 705      536F7572 
 705      63655C50 
 706              	.LASF12:
 707 0119 646F7562 		.ascii	"double\000"
 707      6C6500
 708              	.LASF10:
 709 0120 75696E74 		.ascii	"uint32\000"
 709      333200
 710              	.LASF8:
 711 0127 756E7369 		.ascii	"unsigned int\000"
 711      676E6564 
 711      20696E74 
 711      00
 712              	.LASF7:
 713 0134 6C6F6E67 		.ascii	"long long unsigned int\000"
 713      206C6F6E 
 713      6720756E 
 713      7369676E 
 713      65642069 
 714              	.LASF6:
 715 014b 6C6F6E67 		.ascii	"long long int\000"
 715      206C6F6E 
 715      6720696E 
 715      7400
 716              	.LASF13:
 717 0159 63686172 		.ascii	"char\000"
 717      00
 718              	.LASF2:
 719 015e 73686F72 		.ascii	"short int\000"
 719      7420696E 
 719      7400
 720              	.LASF9:
 721 0168 75696E74 		.ascii	"uint8\000"
 721      3800
 722              	.LASF4:
ARM GAS  C:\Users\zozo\AppData\Local\Temp\ccECABzA.s 			page 24


 723 016e 6C6F6E67 		.ascii	"long int\000"
 723      20696E74 
 723      00
 724              	.LASF19:
 725 0177 433A5C55 		.ascii	"C:\\Users\\zozo\\GitHub\\Connection_Parameters1\\Co"
 725      73657273 
 725      5C7A6F7A 
 725      6F5C4769 
 725      74487562 
 726 01a5 6E6E6563 		.ascii	"nnection_Parameters\\Connection_Parameters.cydsn\000"
 726      74696F6E 
 726      5F506172 
 726      616D6574 
 726      6572735C 
 727              	.LASF0:
 728 01d5 7369676E 		.ascii	"signed char\000"
 728      65642063 
 728      68617200 
 729              		.comm	__gnu_lto_v1,1,1
 730              		.ident	"GCC: (GNU Tools for ARM Embedded Processors) 4.9.3 20150303 (release) [ARM/embedded-4_9-br
