ARM GAS  C:\Users\zozo\AppData\Local\Temp\ccienpqt.s 			page 1


   1              		.cpu cortex-m0
   2              		.fpu softvfp
   3              		.eabi_attribute 20, 1
   4              		.eabi_attribute 21, 1
   5              		.eabi_attribute 23, 3
   6              		.eabi_attribute 24, 1
   7              		.eabi_attribute 25, 1
   8              		.eabi_attribute 26, 1
   9              		.eabi_attribute 30, 4
  10              		.eabi_attribute 34, 0
  11              		.eabi_attribute 18, 4
  12              		.code	16
  13              		.file	"Led_Green.c"
  14              		.text
  15              	.Ltext0:
  16              		.section	.gnu.lto_.profile.d9224ad7,"",%progbits
  17 0000 789C6366 		.ascii	"x\234cf```a\200\000F\006uE\000\000\343\000Q"
  17      60606061 
  17      80004606 
  17      75450000 
  17      E30051
  18              		.text
  19              		.section	.gnu.lto_.jmpfuncs.d9224ad7,"",%progbits
  20 0000 789C6366 		.ascii	"x\234cf\300\016d\2404\033\003##c=#\210`b``f``abdd\256"
  20      C00E64A0 
  20      341B0323 
  20      23633D23 
  20      88606260 
  21 001d AF6705CA 		.ascii	"\257g\005\312\001\000 \267\002>"
  21      010020B7 
  21      023E
  22              		.text
  23              		.section	.gnu.lto_.inline.d9224ad7,"",%progbits
  24 0000 789C6366 		.ascii	"x\234cf\300\016f@i6\006\006\016vFF\006F\006\006f\216"
  24      C00E6640 
  24      69360606 
  24      0E764646 
  24      06460606 
  25 0016 03760C6C 		.ascii	"\003v\014l\013\344\231\030\230.\360\263\200$\031\031"
  25      0BE49918 
  25      982EF0B3 
  25      80241919 
  26 0026 3839D0E5 		.ascii	"89\320\345X\026\310\203\345\230\030\330X\031\031\230"
  26      5816C883 
  26      E59818D8 
  26      58191998 
  27 0036 D83EE841 		.ascii	"\330>\350A\304\201\200\031S\210\005d\002\023\310\004"
  27      C4818019 
  27      53880564 
  27      0213C804 
  28 0046 A0390C2C 		.ascii	"\2409\014,\2506\000\011\036\220\"V\006v6\240>\270$\010"
  28      A8360009 
  28      1E902256 
  28      067636A0 
  28      3EB82408 
  29 005a 0000BE90 		.ascii	"\000\000\276\220\017\254"
  29      0FAC
ARM GAS  C:\Users\zozo\AppData\Local\Temp\ccienpqt.s 			page 2


  30              		.text
  31              		.section	.gnu.lto_.pureconst.d9224ad7,"",%progbits
  32 0000 789C6366 		.ascii	"x\234cf``\340e\200\0006\006)F)&)f)\026)V)\000\005\261"
  32      6060E065 
  32      80003606 
  32      29462926 
  32      29662916 
  33 001a 00C2     		.ascii	"\000\302"
  34              		.text
  35              		.section	.gnu.lto_Led_Green_SetDriveMode.d9224ad7,"",%progbits
  36 0000 789C7D51 		.ascii	"x\234}Q=K\003A\024|\263w\271\250A\024\313\364\361\003"
  36      3D4B0341 
  36      147CB377 
  36      B9A84114 
  36      CBF4F103 
  37 0014 82953F40 		.ascii	"\202\225?@\260\260\261\020l\003*\346\300F\203Ak71\212"
  37      B0B0B110 
  37      6C032AE6 
  37      C0468341 
  37      6B37318A 
  38 0028 0862140B 		.ascii	"\010b\024\013\203\330(\342G\374\002\013\013-B\012+5"
  38      83D828E2 
  38      47FC020B 
  38      0B2D420A 
  38      2B35
  39 003a 68613048 		.ascii	"ha0Hl\"~\200\240(j\0129\337K\322\011.\354\333\267\303"
  39      6C227E80 
  39      A0286A0A 
  39      39DF4BD2 
  39      092EECDB 
  40 0050 CCDCDC5B 		.ascii	"\314\334\334[\203\376./\357c\020\371\371\204AP\361\013"
  40      83FE2E2F 
  40      EF6310F9 
  40      F9844150 
  40      F10B
  41 0062 A2489502 		.ascii	"\242H\225\002\244!\320\270\3028\236\324\233B<\225\\"
  41      A421D0B8 
  41      C2389ED4 
  41      9B423C95 
  41      5C
  42 0073 F234AD6B 		.ascii	"\3624\255k\255_\243\207\203z\261\257\250\210\336U\331"
  42      AD5FA387 
  42      837AB1AF 
  42      A888DE55 
  42      D9
  43 0084 071B6862 		.ascii	"\007\033hb\316C\361i\243\326h\006q\3773\237\275R\276"
  43      CE43F169 
  43      A3D66806 
  43      71FF339F 
  43      BD52BE
  44 0097 35ADA3A9 		.ascii	"5\255\243\251\314\236nG\221M7a\260\002~/Z\274\304\000"
  44      CC9E6E47 
  44      914D3761 
  44      B0027E2F 
  44      5ABCC400 
  45 00ab 610B3E21 		.ascii	"a\013>!\277\305~\262\036+\306\346\365eOl\303\342\\\264"
  45      BFC57EB2 
ARM GAS  C:\Users\zozo\AppData\Local\Temp\ccienpqt.s 			page 3


  45      1E2BC6E6 
  45      F5654F6C 
  45      C3E25CB4 
  46 00bf DF90D28E 		.ascii	"\337\220\322\216\363~v\371\330\210j\305\032eH1!J\227"
  46      F37E76F9 
  46      D8886AC5 
  46      1A654831 
  46      214A97
  47 00d2 B49614B7 		.ascii	"\264\226\024\267\024\242\002o\011~\317\027>\215\034"
  47      14A2026F 
  47      097ECF17 
  47      3E8D1C
  48 00e1 D29F33D7 		.ascii	"\322\2373\327\011K\334\276\224\374\305\361\344l\266"
  48      094BDCBE 
  48      94FCC5F1 
  48      E46CB6
  49 00f0 E6511595 		.ascii	"\346Q\025\2251=\025\327\246|\373\256\220\271\254*A$"
  49      313D15D7 
  49      A67CFBAE 
  49      90B9AC2A 
  49      4124
  50 0102 D7E7D593 		.ascii	"\327\347\325\223\221\025,Gb\234\330D\022^\354\200\307"
  50      91152C47 
  50      629CD844 
  50      125EEC80 
  50      C7
  51 0113 845DAC80 		.ascii	"\204]\254\200r\230\370\256\270\031e\303\363\334\307"
  51      7298F8AE 
  51      B81965C3 
  51      F3DCC7
  52 0122 8D296AE5 		.ascii	"\215)j\3458sN\035a\217\3319D\363\3562\315\365\245L\221"
  52      38734E1D 
  52      618FD939 
  52      44F3EE32 
  52      CDF5A54C 
  53 0137 DD566402 		.ascii	"\335Vd\002\261l\372%1\347\021\231\253\201\260_\222L"
  53      B16CFA25 
  53      31E71199 
  53      AB81B05F 
  53      924C
  54 0149 7C5428EE 		.ascii	"|T(\356\222\271\305Pz\001\002\375\223\352\200S\261\202"
  54      92B9C550 
  54      7A0102FD 
  54      93EA8053 
  54      B182
  55 015b F288A48E 		.ascii	"\362\210\244\216N\225\260\345=\012<[\036\000\217\303"
  55      4E95B0E5 
  55      3D0A3C5B 
  55      1E008FC3 
  56 016b D71AE8B4 		.ascii	"\327\032\350\264\207\355p\377\250\035\354\355\011\215"
  56      87ED70FF 
  56      A81DECED 
  56      098D
  57 0179 8507EC40 		.ascii	"\205\007\354@wO\250\243-\320\305@g\330\266\207[\007"
  57      774FA8A3 
  57      2DD0C540 
  57      67D8B687 
ARM GAS  C:\Users\zozo\AppData\Local\Temp\ccienpqt.s 			page 4


  57      5B07
  58 018b C81C0A05 		.ascii	"\310\034\012\005\355_\342Z\2474"
  58      ED5FE25A 
  58      A734
  59              		.text
  60              		.section	.gnu.lto_Led_Green_Write.d9224ad7,"",%progbits
  61 0000 789C6552 		.ascii	"x\234eRMh\023A\030\2357\223\375)A\021\241Pr\361PB\025"
  61      4D681341 
  61      189D3793 
  61      FD294111 
  61      A15072F1 
  62 0017 2417BD79 		.ascii	"$\027\275y)x\310\305\203P\020\017A\011\355\036\204\322"
  62      2978C8C5 
  62      8350100F 
  62      4109ED1E 
  62      84D2
  63 0029 42B0BD76 		.ascii	"B\260\275vR\267\211zJK\221\20045J\261\032m\243\275\024"
  63      52B7897A 
  63      4A4B9180 
  63      34354AB1 
  63      1A6DA3BD 
  64 003e 145C7BF0 		.ascii	"\024\\{\360f\245\227VK\210-\215`O\332\037\252\0214~"
  64      66A59756 
  64      4B882D8D 
  64      604FDA1F 
  64      AA11347E 
  65 0052 DFCEC5E0 		.ascii	"\337\316\305\340\260\363\263o\337{\363\346\233U\342"
  65      B0F3B36F 
  65      DF7BF3E6 
  65      9B55E2
  66 0061 FF16A37E 		.ascii	"\377\026\243~C\012q\216f(\001YX\025\"\353J\200\027\002"
  66      430A718E 
  66      66280159 
  66      581522EB 
  66      4A801702 
  67 0075 624C620C 		.ascii	"bLb\014\273rO\242\020T\212\321\2369\255\365\367\375"
  67      BB724FA2 
  67      10548AD1 
  67      9E39ADF5 
  67      F7FD
  68 0087 575D135D 		.ascii	"W]\023]M\222\035Hc\203\307\350!\312AEO+u\032\202\326"
  68      4D921D48 
  68      6383C7E8 
  68      21CA4145 
  68      4F2B751A 
  69 009d D5B5F77F 		.ascii	"\325\265\367\177\234\370#\255\307\203\327\013\272\027"
  69      9CF823AD 
  69      C783D70B 
  69      BA17
  70 00ab 4DF29C87 		.ascii	"M\362\234\207\"\005\316\306p&&\010\020x\2028\223\367"
  70      2205CEC6 
  70      70262608 
  70      10788238 
  70      93F7
  71 00bd EF558EA4 		.ascii	"\357U\216\244J\204\302\355\207;\263Nw\231\204[\273;"
  71      4A84C2ED 
  71      873BB34E 
ARM GAS  C:\Users\zozo\AppData\Local\Temp\ccienpqt.s 			page 5


  71      7799845B 
  71      BB3B
  72 00cf EFA2BAA8 		.ascii	"\357\242\272\250\375\255V\353\024\353\237\376\2537\215"
  72      FDAD56EB 
  72      14EB9FFE 
  72      AB378D
  73 00de 047BFEEF 		.ascii	"\004{\376\357\215\250\355S\260\023\250\240\333\204\302"
  73      8DA8ED53 
  73      B013A8A0 
  73      DB84C2
  74 00ed 33D8A089 		.ascii	"3\330\240\211\221\305\223\201n\265\226\016'o_@T\322"
  74      91C59381 
  74      6EB5960E 
  74      276F5F40 
  74      54D2
  75 00ff C652D1A0 		.ascii	"\306R\321\240\"\202?Z\340\0206\003\016\017n\210v0K\210"
  75      22823F5A 
  75      E0103603 
  75      0E0F6E88 
  75      76304B88 
  76 0113 06752EC4 		.ascii	"\006u.\304\027z\241Ymb\345\350\356ji\224\335\177H\256"
  76      177AA159 
  76      6D62E5E8 
  76      EE6A6994 
  76      DD7F48AE 
  77 0127 4A79AEE8 		.ascii	"Jy\256\350\343\253l\312\210\316\025t\204\363|n|XsC("
  77      E3AB6CCA 
  77      88CE1574 
  77      84F37C6E 
  77      7C587343 
  78 013c 8CB7FD20 		.ascii	"\214\267\375 ?\257fp?\353S\015,<G\014\013\240\370X\304"
  78      3FAF6670 
  78      3FEB530D 
  78      2C3C470C 
  78      0BA0F858 
  79 0151 0CC426C6 		.ascii	"\014\304&\306?\346k\322\030*\362$\344\326\317\\\015"
  79      3FE66BD2 
  79      182AF224 
  79      E4D6CF5C 
  79      0D
  80 0162 06891048 		.ascii	"\006\211\020H\036o'\277U\217\261\245zCE\253\222|\035"
  80      1E6F27BF 
  80      558FB1A5 
  80      7A4345AB 
  80      927C1D
  81 0175 A186B312 		.ascii	"\241\206\263\022\213E\265\334z\351\232Q\321c\221jjb"
  81      8B45B5DC 
  81      7AE99A51 
  81      D163916A 
  81      6A62
  82 0187 79F978A8 		.ascii	"y\371x\250\262\005^\220\250\315\332!\036\221f7\356\374"
  82      B2055E90 
  82      A8CDDA21 
  82      1E916637 
  82      EEFC
  83 0199 0A49E815 		.ascii	"\012I\350\025xiH\207\266\241\270a\000\247}3\2273\327"
  83      78694887 
ARM GAS  C:\Users\zozo\AppData\Local\Temp\ccienpqt.s 			page 6


  83      B6A1B861 
  83      00A77D33 
  83      9733D7
  84 01ac F3F5D255 		.ascii	"\363\365\322UC\3520\320\312T\271\223\201\266\023g\003"
  84      43EA30D0 
  84      CA54B993 
  84      81B61367 
  84      03
  85 01bd ABFDCC4B 		.ascii	"\253\375\314Ktf\222\210:\262\301\247$\363\371\022\033"
  85      74669288 
  85      3AB2C1A7 
  85      24F3F912 
  85      1B
  86 01ce F42B5079 		.ascii	"\364+Py\251\330\361D*\351\015y\231\364Mo\340z\337\360"
  86      A9D8F144 
  86      2AE90D79 
  86      99F44D6F 
  86      E07ADFF0 
  87 01e2 48A6DF4B 		.ascii	"H\246\337K]\356\033\276x>u\211\200d\306\363\206\022"
  87      5DEE1BBE 
  87      783E7589 
  87      8064C6F3 
  87      8612
  88 01f4 FDC21A4D 		.ascii	"\375\302\032M\017\216x\326@\346Jz\360/\027n\337\300"
  88      0F8E78D6 
  88      40E64A7A 
  88      F02F176E 
  88      DFC0
  89              		.text
  90              		.section	.gnu.lto_Led_Green_Read.d9224ad7,"",%progbits
  91 0000 789C658F 		.ascii	"x\234e\217?HBQ\024\306\317w\336\363a\010\025M\341^\022"
  91      3F484251 
  91      14C6CF77 
  91      DEF36108 
  91      154DE15E 
  92 0015 88536B10 		.ascii	"\210Sk\0204\2704\004n!D\330[\025\244f\237\3664h\022"
  92      34B83404 
  92      6E2144D8 
  92      5B15A466 
  92      9FF63468 
  93 002a C7C249A4 		.ascii	"\307\302I\244\314\242h\010\233\012gI\302(\220\260\305"
  93      CCA26808 
  93      9B0A6749 
  93      C22890B0 
  93      C5
  94 003b C0B6C4FE 		.ascii	"\300\266\304\376\275\241\354\\_[\027\3569\367\334\363"
  94      BDA1EC5C 
  94      5F5B17EE 
  94      39F7DCF3 
  95 004b E3FBCED1 		.ascii	"\343\373\316\321\350\377\361\313]\000Q@24\002\347o\210"
  95      E8FFF1CB 
  95      5D005140 
  95      323402E7 
  95      6F88
  96 005d D25E06D4 		.ascii	"\322^\006\324\203@)F\012/\334g4.\177Z\010\224-+\363"
  96      83402946 
  96      0A2FDC67 
ARM GAS  C:\Users\zozo\AppData\Local\Temp\ccienpqt.s 			page 7


  96      342E7F5A 
  96      08942D2B 
  97 0072 9A693DFA 		.ascii	"\232i=\372\262\323\016\023\015\230\020\364cN\351\340"
  97      B2D30E13 
  97      0D9810F4 
  97      634EE9E0 
  98 0082 000112B0 		.ascii	"\000\001\022\260o\177?\370\014\333\262\254I\325\227"
  98      6F7F3FF8 
  98      0CDBB2AC 
  98      49D597
  99 0091 C6210CF1 		.ascii	"\306!\014\361\240\323\251kk8\0344\012\275Y6\230\034"
  99      A0D3A96B 
  99      6B381C34 
  99      0ABD5936 
  99      981C
 100 00a3 164709BA 		.ascii	"\026G\011\272\012\036Rr\324\225\240\234\237\231U\326"
 100      0A1E5272 
 100      D495A09C 
 100      9F9955D6 
 101 00b3 DAA87FEC 		.ascii	"\332\250\177\354\336WV\225\304'\2531J\315\372\233\247"
 101      DE575695 
 101      C427AB31 
 101      4ACDFA9B 
 101      A7
 102 00c4 C70EB39D 		.ascii	"\307\016\263\235\313[\2722|\3526o\275\243/R\345\373"
 102      CB5BBA32 
 102      7CEA366F 
 102      BDA32F52 
 102      E5FB
 103 00d6 DED9D544 		.ascii	"\336\331\325D\021\373i\033\016k\250\300\217#\310\200"
 103      11FB691B 
 103      0E6BA8C0 
 103      8F23C880 
 104 00e6 A8A2086A 		.ascii	"\250\242\010jc\373+w\247\273\202\232\253y^*_\214)\001"
 104      63FB2B77 
 104      A7BB829A 
 104      AB795E2A 
 104      5F8C2901 
 105 00fa 2C128E85 		.ascii	",\022\216\205\025\250\223\353\032.\244\013'P![\253\215"
 105      15A893EB 
 105      1A2EA40B 
 105      2750215B 
 105      AB8D
 106 010c 2B483708 		.ascii	"+H7\010'#(\323\331\011\272\214G0\352\000\177\325h\023"
 106      272328D3 
 106      D909BA8C 
 106      4730EA00 
 106      7FD56813 
 107 0120 A80D64A4 		.ascii	"\250\015d\244\231P4l\306\315\344\372\246\271\261\026"
 107      9950346C 
 107      C6CDE4FA 
 107      A6B9B116 
 108 0130 496C2563 		.ascii	"Il%cft%\222X\232\217.\313G8i\232\361P\214~\0017\026"
 108      66742592 
 108      589A8F2E 
 108      CB473869 
 108      9AF1508C 
ARM GAS  C:\Users\zozo\AppData\Local\Temp\ccienpqt.s 			page 8


 109 0148 7BC7     		.ascii	"{\307"
 110              		.text
 111              		.section	.gnu.lto_Led_Green_ReadDataReg.d9224ad7,"",%progbits
 112 0000 789C658F 		.ascii	"x\234e\217?HBQ\024\306\317w\336\363a\010\021M\341\036"
 112      3F484251 
 112      14C6CF77 
 112      DEF36108 
 112      114DE11E 
 113 0014 12884BAD 		.ascii	"\022\210K\255A\320\340\322\020\270\205\020aoU\220\232"
 113      41D0E0D2 
 113      10B88510 
 113      616F5590 
 113      9A
 114 0025 BDDA53A1 		.ascii	"\275\332S\241I\234\202\020\212\220\376\031AC\330\026"
 114      499C8210 
 114      8A90FE19 
 114      4143D816 
 115 0035 CE514441 		.ascii	"\316QDA$a\004\026\266%\202\365\206\262s}m]\270\347\334"
 115      24610416 
 115      B62582F5 
 115      86B2737D 
 115      6D5DB8E7 
 116 004a 73CF8FEF 		.ascii	"s\317\217\357;\307\240\377'(w\026D!\3110\010\\\272&"
 116      3BC7A0FF 
 116      27287716 
 116      4421C930 
 116      085CBA26 
 117 005e CAFA19D0 		.ascii	"\312\372\031\320\017\002e\030\031\274s\227qu\361s\207"
 117      0F026518 
 117      19BC7397 
 117      7175F173 
 117      87
 118 006f 5055A9DC 		.ascii	"PU\251\334G\343\361)\220\237p\231\250\307\204p\020S"
 118      47E3F129 
 118      909F7099 
 118      A8C78470 
 118      1053
 119 0081 5A07FB08 		.ascii	"Z\007\373\010\221\200]\347\373!`9J\2511\335\227\306"
 119      91805DE7 
 119      FB216039 
 119      4AA931DD 
 119      97C6
 120 0093 012CF1A0 		.ascii	"\001,\361\240\323\361K5\030\364\336\312\235i\266\230"
 120      D3F14B35 
 120      18F4DECA 
 120      9D69B698 
 121 00a3 5C164709 		.ascii	"\\\026G\011\246\016>\322r\324\226\240\235_\231u6\232"
 121      A60E3ED2 
 121      72D496A0 
 121      9D5F9975 
 121      369A
 122 00b5 68F437FB 		.ascii	"h\3647\373\265%-\361\311z\214\335\352\226\203\016\273"
 122      B5252DF1 
 122      C97A8CDD 
 122      EA96830E 
 122      BB
 123 00c6 CCAA5052 		.ascii	"\314\252PR\2466|n\337\334\372\207_\244\313\227\235\342"
ARM GAS  C:\Users\zozo\AppData\Local\Temp\ccienpqt.s 			page 9


 123      A6367C6E 
 123      DFDCFA87 
 123      5FA4CB97 
 123      9DE2
 124 00d8 8151C176 		.ascii	"\201Q\301v\326\201\313\006\016\021\304\021d@\034\243"
 124      D681CB06 
 124      0E11C411 
 124      64401CA3 
 125 00e8 026A62E3 		.ascii	"\002jb\343\253poz\202\206\247y\266W=\037\321\002\230"
 125      AB706F7A 
 125      8286A779 
 125      B6573D1F 
 125      D10298
 126 00fb 23D48415 		.ascii	"#\324\204\025\250Uh[\036d\012'P9_\257\217j\310\264\010"
 126      A855685B 
 126      1E640A27 
 126      50395FAF 
 126      8F6AC8B4 
 127 0110 274328D7 		.ascii	"'C(\327*\206=\306'\030\265\200\277j\270\011\364\006"
 127      2A863DC6 
 127      2718B580 
 127      BF6AB809 
 127      F406
 128 0122 32D26424 		.ascii	"2\322d$\036\265\223vze\315^]\216\245\326\323\011;\276"
 128      1EB59376 
 128      7A65CD5E 
 128      5D8EA5D6 
 128      D3093BBE 
 129 0136 184BCDCF 		.ascii	"\030K\315\317\304\027\344#\232\266\355d$A\277\362s{"
 129      C417E423 
 129      9AB6ED64 
 129      2441BFF2 
 129      737B
 130 0148 2F       		.ascii	"/"
 131              		.text
 132              		.section	.gnu.lto_Led_Green_SetInterruptMode.d9224ad7,"",%progbits
 133 0000 789C6D91 		.ascii	"x\234m\221Ah\023Q\020\206\337\377v7\3314\021\213\027"
 133      41681351 
 133      1086DFFF 
 133      7637D934 
 133      118B17
 134 0013 4B2E0A25 		.ascii	"K.\012%T\020\012\202x\023\204\036z\021)\364\032\020"
 134      54100A82 
 134      7813841E 
 134      7A1129F4 
 134      1A10
 135 0025 6957C9C1 		.ascii	"iW\311\301Db<y\350&\306\004\304C\250E\212\245HPik\264"
 135      44623C79 
 135      E826C604 
 135      C443A845 
 135      8AA54850 
 136 003c 8D564573 		.ascii	"\215VEs\012\261`A\324\026\304\226*\261\324T-ThL4]A\342"
 136      0AB16041 
 136      D416C496 
 136      2AB1D454 
 136      2D54684C 
 137 0054 CC6E3C14 		.ascii	"\314n<\024]\330\367\336|\314\374\357\237y\212\370\367"
ARM GAS  C:\Users\zozo\AppData\Local\Temp\ccienpqt.s 			page 10


 137      5DD8F7DE 
 137      7CCCFCEF 
 137      9F798AF8 
 137      F7
 138 0065 F3D37F5B 		.ascii	"\363\323\177[\012q\224v(\0022\363Z\210\270.\001>\010"
 138      0A719476 
 138      280232F3 
 138      5A88B82E 
 138      013E08
 139 0078 88218921 		.ascii	"\210!\211!l\310\252D\246\230\033\365v\3351Ms\353{\255"
 139      6CC8AA44 
 139      A6981BF5 
 139      76DD314D 
 139      73EB7BAD 
 140 008c E3728745 		.ascii	"\343r\207Ee5\351\310`\002]\224\262\3764{Q9\000A\307"
 140      6535E9C8 
 140      60025D94 
 140      B2FE347B 
 140      51390041 
 141 00a1 976BDB35 		.ascii	"\227k\3335\337WiI\264sxci\275\256p(%\207\271\271\221"
 141      DF576949 
 141      B4737863 
 141      69BDAE70 
 141      282587B9 
 142 00b7 BC3B70CB 		.ascii	"\274;p\3134\023\305\345\274y\214\270\202I($\207)\370"
 142      3413C5E5 
 142      BC798CB8 
 142      82492824 
 142      8729F8
 143 00ca 71177E41 		.ascii	"q\027~AH \207\000e\177\2616&v)\207l\335\265\370\315"
 143      48208700 
 143      657FB136 
 143      26762987 
 143      6CDDB5F8 
 144 00df 1F5EA7D2 		.ascii	"\037^\247\322\372[y\357?\225\367\021\340\364\205\347"
 144      FA5B79EF 
 144      3F95F711 
 144      E0F485E7 
 145 00ef 239F34E5 		.ascii	"#\2374\345\210]\372l\272\376\312k[\332\317aax~\324e"
 145      885DFA6C 
 145      BAFECA6B 
 145      5BDACF61 
 145      61787ED4 
 146 0104 5B5239FC 		.ascii	"[R9\374v\2754&;\263$\274:\225~\3413\347\315\344j\263"
 146      76BD3426 
 146      3BB324BC 
 146      3A957EE1 
 146      33E7CDE4 
 147 011a B9CF922A 		.ascii	"\271\317\222*\246\035\375\031\322\317\303\337\232\034"
 147      A61DFD19 
 147      D2CFC3DF 
 147      9A1C
 148 0128 955493BF 		.ascii	"\225T\223\277\227\274\256$M\244\035\017\320\351L\003"
 148      97BCAE24 
 148      4DA41D0F 
 148      D0E94C03 
 149 0138 0FE1026D 		.ascii	"\017\341\002mLf\366\024\315fs\366\355\265\311\203\212"
ARM GAS  C:\Users\zozo\AppData\Local\Temp\ccienpqt.s 			page 11


 149      4C66F614 
 149      CD6673F6 
 149      EDB5C983 
 149      8A
 150 0149 4F92314D 		.ascii	"O\2221M\001\367\244\362Q\343\305%8\317\015\366\253\023"
 150      01F7A4F2 
 150      51E3C525 
 150      38CF0DF6 
 150      AB13
 151 015b 707998B6 		.ascii	"py\230\266\361\"D\205\364\370\031\326ih\264++(\375\274"
 151      F1224485 
 151      F4F819D6 
 151      6968B42B 
 151      2B28FDBC 
 152 016f 522EF4F1 		.ascii	"R.\364\361\025\015\311o\262\220\256/\356\346\036\334"
 152      150DC96F 
 152      B290AE2F 
 152      EEE61EDC 
 153 017f 575319D3 		.ascii	"WS\031\323\356\343c\345\315\242n#\333\343V5\235\360"
 153      EEE363E5 
 153      CDA26E23 
 153      DBE35635 
 153      9DF0
 154 0191 8E632C9E 		.ascii	"\216c,\236\204%u\314R\017\217\270\007<\3068\304\012"
 154      842575CC 
 154      520F8FB8 
 154      073CC638 
 154      C40A
 155 01a3 12E5F4A6 		.ascii	"\022\345\364\246\346\010\252\015\032\034\221_\251\017"
 155      E608AA0D 
 155      1A1C915F 
 155      A90F
 156 01b1 AA433482 		.ascii	"\252C4\202D.m\2476\341\020\276\227\270x\007i7J\346\011"
 156      442E6DA7 
 156      36E110BE 
 156      97B87807 
 156      69374AE6 
 157 01c6 3A399F0B 		.ascii	":9\237\013\313\255,\235\224\032d\200\345\335\016\362"
 157      CBAD2C9D 
 157      941A6480 
 157      E5DD0EF2 
 158 01d6 10E5B47A 		.ascii	"\020\345\264zj\256%\336f\253y\010\226\206\263{\231\355"
 158      6AAE25DE 
 158      66AB7908 
 158      9686B37B 
 158      99ED
 159 01e8 B01B2F6A 		.ascii	"\260\033/j;\015?!\303T%\312\210\027\337\237\340|~\206"
 159      3B0D3F21 
 159      C35425CA 
 159      8817DF9F 
 159      E07C7E86 
 160 01fc 8A04CF86 		.ascii	"\212\004\317\206&\025\350\016\366\032a#z*f\014\236\354"
 160      2615E80E 
 160      F61A6123 
 160      7A2A660C 
 160      9EEC
 161 020e 8F5C880E 		.ascii	"\217\\\210\016\030\301\276\376H\317\341\340q\002\275"
ARM GAS  C:\Users\zozo\AppData\Local\Temp\ccienpqt.s 			page 12


 161      18C1BEFE 
 161      48CFE1E0 
 161      7102BD
 162 021d 51C30877 		.ascii	"Q\303\010w\017\010\375\\\344|(\026\212\204\325\263\221"
 162      0F08FD5C 
 162      E47C2816 
 162      8A84D5B3 
 162      91
 163 022e 41C31D0A 		.ascii	"A\303\035\012\307\242=\247\317\374\001\276e\376\220"
 163      C7A23DA7 
 163      CFFC01BE 
 163      65FE90
 164              		.text
 165              		.section	.gnu.lto_Led_Green_ClearInterrupt.d9224ad7,"",%progbits
 166 0000 789C6590 		.ascii	"x\234e\220?H[Q\024\306\317w^\376i\212-\235J\226\016"
 166      3F485B51 
 166      14C6CF77 
 166      5EFE698A 
 166      2D9D4A96 
 167 0015 52AC204E 		.ascii	"R\254 NN\235\204\016.\016B\226\016\201\022\364MR\205"
 167      4E9D840E 
 167      2E0E4296 
 167      0E8112F4 
 167      4D5285
 168 0028 1857BDB1 		.ascii	"\030W\275\2611A;\030\224\202P2\224\022j\355\037[\007"
 168      31413B18 
 168      94825032 
 168      94126AED 
 168      1F5B07
 169 003b D1C122A1 		.ascii	"\321\301\"\2418IK\021Tl\211\202\026*\210T\204\350\243"
 169      38494B11 
 169      546C8982 
 169      162A8854 
 169      84E8A3
 170 004e 35CF73DE 		.ascii	"5\317s\336sPz\341\275{\337\367\316\367;\337=\026\375"
 170      73507AE1 
 170      BD7BDFF7 
 170      CEF73BDF 
 170      3D16FD
 171 0061 BF62F2FC 		.ascii	"\277b\362\374\000Q\233\354\260\010\\\370J\224\2110\240"
 171      00519BEC 
 171      B0085CF8 
 171      4A948930 
 171      A0
 172 0072 07020D33 		.ascii	"\007\002\0153\206q\300\307\214\265\245\332:\232J\306"
 172      8671C0C7 
 172      8CB5A5DA 
 172      3A9A4AC6 
 173 0082 8CFC29FF 		.ascii	"\214\374)\377\375\031\035\275\3430\321\011\023ZbhV\016"
 173      FD191DBD 
 173      E330D109 
 173      135A6268 
 173      560E
 174 0094 5EA389A4 		.ascii	"^\243\211\244\360\371\336\330\021\254\373\320s\325}"
 174      F0F9DED8 
 174      11ACFBD0 
 174      73D57D
ARM GAS  C:\Users\zozo\AppData\Local\Temp\ccienpqt.s 			page 13


 175 00a3 361B697C 		.ascii	"6\033i|)\246\335J~5j\246Mv\327u\357\212\0253\260\256"
 175      29A6DD4A 
 175      7E356AA6 
 175      4D76D775 
 175      EF8A1533 
 176 00b9 BA7589E1 		.ascii	"\272u\211\3418{\276\031\015e\2151\267\360\006\215\332"
 176      387BBE19 
 176      0D658D31 
 176      B7F0068D 
 176      DA
 177 00ca 40C8B308 		.ascii	"@\310\263\010IH\2502w{\305\270\356\311\321\324\314\003"
 177      4948A832 
 177      777BC5B8 
 177      EEC9D1D4 
 177      CC03
 178 00dc 2BC2E4B0 		.ascii	"+\302\344\260\304v\230\003\244?\203\372\035&MF\373\362"
 178      C4769803 
 178      A43F83FA 
 178      1D264D46 
 178      FBF2
 179 00ee D24BFC62 		.ascii	"\322K\374b\326\335\332F\271:^]\036R\330)\353\215&\026"
 179      D6DDDA46 
 179      B93A5E5D 
 179      1E52D829 
 179      EB8D2616 
 180 0102 764EEB7E 		.ascii	"vN\353~\263\303V!W0\001m\277\263\377\355{\304\223\274"
 180      B3C35621 
 180      5730016D 
 180      BFB3FFED 
 180      7BC493BC 
 181 0116 34B9C34F 		.ascii	"4\271\303O\265\233E\274\310d\341p\000o\021\303;HZ\274"
 181      B59B45BC 
 181      C864E170 
 181      006F11C3 
 181      3B485ABC 
 182 012a 4711B48D 		.ascii	"G\021\264\215\221\255\374?\366\201\2260Eyz\226\373\002"
 182      91ADFC3F 
 182      F6819630 
 182      45797A96 
 182      FB02
 183 013c 5F098828 		.ascii	"_\011\210(\214\371W\245\005\257\013\267\023>\210{\003"
 183      8CF957A5 
 183      05AF0BB7 
 183      133E887B 
 183      03
 184 014d 9E45F34A 		.ascii	"\236E\363J\221R*\371\332\362#\337\024\364\245\362\244"
 184      91522AF9 
 184      DAF223DF 
 184      14F4A5F2 
 184      A4
 185 015e 07B91621 		.ascii	"\007\271\026!\263\302\327C\314I\010qh\327Jn\365s\275"
 185      B3C2D743 
 185      CC490871 
 185      68D74A6E 
 185      F573BD
 186 0171 4F080B41 		.ascii	"O\010\013A|\223\243\213\213\015\3326\030\"|\224\372"
 186      7C93A38B 
ARM GAS  C:\Users\zozo\AppData\Local\Temp\ccienpqt.s 			page 14


 186      8B0DDA36 
 186      18227C94 
 186      FA
 187 0182 0A2E7385 		.ascii	"\012.s\205\275\341@\207\"#\272\327\232\350\260\373\354"
 187      BDE14087 
 187      2223BAD7 
 187      9AE8B0FB 
 187      EC
 188 0193 54326DF7 		.ascii	"T2m\367<\216\367\017\246\272\355DW\274\377a[\242S\204"
 188      3C8EF70F 
 188      A6BAED44 
 188      57BCFF61 
 188      5BA25384 
 189 01a7 8E946DF7 		.ascii	"\216\224m\367\265v\323\215'\311\201^\273'\236N\246\007"
 189      B576D38D 
 189      27C9815E 
 189      BB279E4E 
 189      A607
 190 01b9 072E00AD 		.ascii	"\007.\000\255b\266T"
 190      62B654
 191              		.text
 192              		.section	.gnu.lto_.symbol_nodes.d9224ad7,"",%progbits
 193 0000 789C55C7 		.ascii	"x\234U\307;\015\000 \020D\301w\037\022tbd-\240\200\240"
 193      3B0D0020 
 193      1044C177 
 193      1F127462 
 193      642DA080 
 194 0015 084D3414 		.ascii	"\010M4\024\334t\023\300\340q\004\363\200\304\332\035"
 194      DC7413C0 
 194      E07104F3 
 194      80C4DA1D 
 195 0025 3759B9CB 		.ascii	"7Y\271\313\313CQ\236\312\362\246\366\237\013\351b\031"
 195      CB43519E 
 195      CAF2A6F6 
 195      9F0BE962 
 195      19
 196 0036 56       		.ascii	"V"
 197              		.text
 198              		.section	.gnu.lto_.refs.d9224ad7,"",%progbits
 199 0000 789C6366 		.ascii	"x\234cf```d\200\002\000\000=\000\005"
 199      60606064 
 199      80020000 
 199      3D0005
 200              		.text
 201              		.section	.gnu.lto_.decls.d9224ad7,"",%progbits
 202 0000 789C8D54 		.ascii	"x\234\215T]L\034U\024\276gf\177\330a]\032\023i\2631"
 202      5D4C1C55 
 202      14BE6766 
 202      7FD8615D 
 202      1A1369B3 
 203 0015 718991C4 		.ascii	"q\211\221\304\204\220\264\030\343\233\0174!\0325\244"
 203      8490B418 
 203      E39B0F34 
 203      211A35A4 
 204 0025 C4F85092 		.ascii	"\304\370P\222f\003\223Jb\200\214\213I\337n\273\321\256"
 204      6603934A 
 204      62808C8B 
ARM GAS  C:\Users\zozo\AppData\Local\Temp\ccienpqt.s 			page 15


 204      49DF6EBB 
 204      D1AE
 205 0037 562B6CDA 		.ascii	"V+l\332\024P\354\306\202\245\177\264\335n\201\205-]"
 205      1450ECC6 
 205      82A57FB4 
 205      DD6E8185 
 205      2D5D
 206 0049 D8222060 		.ascii	"\330\" `EI[\022S\240\010\255m\323\000\362\000\251:\236"
 206      45495B12 
 206      53A008AD 
 206      6DD300F2 
 206      00A93A9E 
 207 005d 7B676667 		.ascii	"{gfg\320i\354M\016\3549s\276\357\374|wF$\204t\002!*"
 207      D069EC4D 
 207      0EEC3973 
 207      BEEFFC7C 
 207      77462484 
 208 0075 1EC149C8 		.ascii	"\036\301I\310C\364\335h\345\304<.\2648Z\002\255\007"
 208      43F4DD68 
 208      E5C43C2E 
 208      B4385A02 
 208      AD07
 209 0087 2D899641 		.ascii	"-\211\226A\033&\377=q=\237\341\317\241\025\240M\241"
 209      1B26FF3D 
 209      713D9FE1 
 209      CFA115A0 
 209      4DA1
 210 0099 5D477B53 		.ascii	"]G{S\317\001=\357\337'a\203\315\267\340\015l\302\006"
 210      CF013DEF 
 210      DF276183 
 210      CDB7E00D 
 210      6CC206
 211 00ac CBFA72FE 		.ascii	"\313\372r\376O\315\036\033\\\362)pI\033\034\233\337"
 211      4FCD1E1B 
 211      5CF22970 
 211      491B1C9B 
 211      DF
 212 00bd A3F7EA43 		.ascii	"\243\367\352C\363\242\015\240M\352<\001\233\27636<\303"
 212      F3A20DA0 
 212      4DEA3C01 
 212      9BBE3336 
 212      3CC3
 213 00cf FACC76F3 		.ascii	"\372\314v\363Z{\260\333\365\212\000\343w\326\377\360"
 213      5A7BB0DB 
 213      F58A00E3 
 213      77D6FFF0 
 214 00df DE13C027 		.ascii	"\336\023\300'man\353\315\3055\021]\257$0\367\306\325"
 214      6D616EEB 
 214      CDC53511 
 214      5DAF2430 
 214      F7C6D5
 215 00f2 83077344 		.ascii	"\203\007sD\001\330\357\023\315\363\323R\321iJi\204\246"
 215      01D8EF13 
 215      CDF3D352 
 215      D1694A69 
 215      84A6
 216 0104 D36052EC 		.ascii	"\323`R\354\377\256\377s7b\362%\356\036\036o\035\024"
ARM GAS  C:\Users\zozo\AppData\Local\Temp\ccienpqt.s 			page 16


 216      FFAEFF73 
 216      3762F225 
 216      EE1E1E6F 
 216      1D14
 217 0116 B9AB329C 		.ascii	"\271\2532\23403sdC\004\2510B\351\001\272\034\245\342"
 217      30337364 
 217      4304A930 
 217      42E901BA 
 217      1CA5E2
 218 0129 3602457E 		.ascii	"6\002E~x\331O\240\013\0121\015NC\021\2013\340\207\263"
 218      78D94FA0 
 218      0B0A310D 
 218      4E431181 
 218      33E087B3 
 219 013d E027ED58 		.ascii	"\340'\355X`\371\370\362/\317S\352\200s \301)\020y\006"
 219      60F9F8F2 
 219      2FCF53EA 
 219      807320C1 
 219      29107906 
 220 0151 8EC12AE8 		.ascii	"\216\301*\350E\033?\036lt8\004\014\262\234\335\016\026"
 220      451B3F1E 
 220      6C743804 
 220      0CB29CDD 
 220      0E16
 221 0163 9B38F6F5 		.ascii	"\2338\366\365P\356\326\243\224\2350\335\"@y>\234D\332"
 221      50EED6A3 
 221      949D30DD 
 221      2240793E 
 221      9C44DA
 222 0176 4EA42570 		.ascii	"N\244%p\001\266\342\337\363\340\320\010\342\343\323"
 222      01B6E2DF 
 222      F3E0D008 
 222      E2E3D3
 223 0185 6DA258C2 		.ascii	"m\242X\302G\353H\236\270\377L\340\033\032\273\260\334"
 223      47EB489E 
 223      B8FF4CE0 
 223      1B1ABBB0 
 223      DC
 224 0196 1A5E2A6F 		.ascii	"\032^*o\012\323#tNU_\340 \270\230m\200\260\337\332F"
 224      0AD32374 
 224      4E555FE0 
 224      20B8986D 
 224      80B0DFDA 
 225 01ab E31040E0 		.ascii	"\343\020@\340\251\245\351)\207X\317I.o\264\304=\234"
 225      A9A5E929 
 225      8758CF49 
 225      2E6FB4C4 
 225      3D9C
 226 01bd 646E3623 		.ascii	"dn6#\247\017\320?UU\324\030.Y\030.\031\014\011\3160"
 226      A70FD03F 
 226      5555D418 
 226      2E59182E 
 226      190C09CE 
 227 01d2 7966EC13 		.ascii	"yf\354\023\260\366\314\3061\233\276\314\233\336\255"
 227      B0F6CCC6 
 227      319BBECC 
 227      9BDEAD
ARM GAS  C:\Users\zozo\AppData\Local\Temp\ccienpqt.s 			page 17


 228 01e1 F7FCFBA1 		.ascii	"\367\374\373\241\303\213.\221\002\257w+\3263\222\247"
 228      C38B2E91 
 228      02AF772B 
 228      D63392A7 
 229 01f1 D56B5E34 		.ascii	"\325k^4\353!\002\272-\365\272\215z=\274^S_\262\305#"
 229      EB2102BA 
 229      2DF5BA8D 
 229      7A3DBC5E 
 229      535FB2C5 
 230 0206 7EA951AC 		.ascii	"~\251Q\254fb\237\2729El\242\303\325I\323\252\372:'\350"
 230      66629FBA 
 230      39456CA2 
 230      C3D549D3 
 230      AAFA3A27 
 231 021b B510F41A 		.ascii	"\265\020\364\032\004IN\320\266\372(\345\021;4\002C\372"
 231      04494ED0 
 231      B6FA28E5 
 231      113B3402 
 231      43FA
 232 022d 8026FDB1 		.ascii	"\200&\375\261\007\353\211\034\356\262VP\373\307\013"
 232      07EB891C 
 232      EEB25650 
 232      FBC70B
 233 023c 5D275D50 		.ascii	"]']P(i\242\256j\242\016\340\204}\246\250\001]T~?p\007"
 233      2869A2AE 
 233      6AA20EE0 
 233      847DA6A8 
 233      015D547E 
 234 0253 CE4E1FC9 		.ascii	"\316N\037\311n\000\256\340\025\011\350W\244\037\203"
 234      6E00AEE0 
 234      1509E857 
 234      A41F83
 235 0262 290C62A5 		.ascii	")\014b\245T\373\375G\271\\\376\201\254\374\341\333\375"
 235      54FBFD47 
 235      B95CFE81 
 235      ACFCE1DB 
 235      FD
 236 0273 B773B2B1 		.ascii	"\267s\262\261\253\300\203\321\205\337f\234O\274\023"
 236      ABC083D1 
 236      85DF669C 
 236      4FBC13
 237 0282 837CBD69 		.ascii	"\203|\275i\343N4\315F\376r\213g\265\331\036\317\247"
 237      E34E34CD 
 237      46FE728B 
 237      67B5D91E 
 237      CFA7
 238 0294 5A72F54B 		.ascii	"Zr\365K\261pw{\013\215\355\247\177\253x\247\031\012"
 238      B170777B 
 238      0B8DEDA7 
 238      7FAB78A7 
 238      190A
 239 02a6 862C1B1A 		.ascii	"\206,\033\03226\224\341\033\372\342\333\350\015\237"
 239      323694E1 
 239      1BFAE2DB 
 239      E80D9F
 240 02b5 38A2B1B4 		.ascii	"8\242\261\264\365=\274\242\253\364\353\335\315*]\263"
 240      F53DBCA2 
ARM GAS  C:\Users\zozo\AppData\Local\Temp\ccienpqt.s 			page 18


 240      ABF4EBDD 
 240      CD2A5DB3 
 241 02c5 505C3328 		.ascii	"P\\3(\2069E\262km2\227\277\225\001F\322\027\035mv\361"
 241      863945B2 
 241      6B6D3297 
 241      BF950146 
 241      D2171D6D 
 242 02db B792CF14 		.ascii	"\267\222\317\024\211v?p\212s\233%(\320$\230\375j\243"
 242      89763F70 
 242      8A739B25 
 242      28D02498 
 242      FD6AA3
 243 02ee DDC35DF6 		.ascii	"\335\303]\366A\316c\241\371[7Snq\211\247\013\375C\321"
 243      41CE63A1 
 243      F95B3753 
 243      6E7189A7 
 243      0BFD43D1 
 244 0302 2929ABC8 		.ascii	"))\253\310\232\246\310$\356k\334T\244\300\252Hc\230"
 244      9AA6C824 
 244      EE6BDC54 
 244      A4C0AA48 
 244      6398
 245 0314 7A465191 		.ascii	"zFQ\221\357qi#L\221\011T\244@Wd\014\203?h\212\374|t"
 245      EF716923 
 245      4C910954 
 245      A4405764 
 245      0C833F68 
 246 032c E5788E14 		.ascii	"\345x\216\024a[~J\210ph\375\336\212O\3732\330\200~\262"
 246      615B7E4A 
 246      887068FD 
 246      DE8A4FFB 
 246      32D8807E 
 247 0341 01B1AEE7 		.ascii	"\001\261\256\347&\316?\213\257\300u\354y\324\354\371"
 247      26CE3F8B 
 247      AFC075EC 
 247      79D4ECF9 
 248 0351 4730BF0D 		.ascii	"G0\277\015\275c\027\357\010\336\317\314\356y\262AL`"
 248      BD6317EF 
 248      08DECFCC 
 248      EE79B241 
 248      4C60
 249 0363 0ABC7CD7 		.ascii	"\012\274|\327\354\277\263\241\2466\364\232\253\354\235"
 249      ECBFB3A1 
 249      A636F49A 
 249      ABEC9D
 250 0372 7703A5E4 		.ascii	"w\003\245\344\305\342\3122\271VV\202!\271zOE]\203R%"
 250      C5E2CA32 
 250      B9565682 
 250      21B97A4F 
 250      455D8352 
 251 0387 579657D4 		.ascii	"W\226W\324\225\276RY\265/\264\257^\376\260\370}\222"
 251      95BE5259 
 251      B52FB4AF 
 251      5EFEB0F8 
 251      7D92
 252 0399 FF163E2B 		.ascii	"\377\026>+Sd\271vO\205\034\332\251\324|$\277]W-\277"
 252      5364B976 
ARM GAS  C:\Users\zozo\AppData\Local\Temp\ccienpqt.s 			page 19


 252      4F851CDA 
 252      A9D47C24 
 252      BF5D572D 
 253 03ae F4446836 		.ascii	"\364Dh6\277\270\212\344\231\340\367\224\232\220\354"
 253      BFB88AE4 
 253      99E0F794 
 253      9A90EC
 254 03bd 33FD5D72 		.ascii	"3\375]r\260\372\271\315\356\316`(\270K\336\353b-n\177"
 254      B0FAB9CD 
 254      EECE6028 
 254      B84BDEEB 
 254      622D6E7F 
 255 03d1 D5BFA9F0 		.ascii	"\325\277\251\360\033\265!YQ\032\352C\254\3706\363Q\351"
 255      1BB52159 
 255      511AEA43 
 255      ACF836F3 
 255      51E9
 256 03e3 077250C9 		.ascii	"\007rP\311>t*\362\336\222\035\234\240d\307?o\373\377"
 256      3E742AF2 
 256      DE921D9C 
 256      A064C73F 
 256      6FFBFF
 257 03f6 B4       		.ascii	"\264"
 258              		.text
 259              		.section	.gnu.lto_.symtab.d9224ad7,"",%progbits
 260 0000 4C65645F 		.ascii	"Led_Green_SetDriveMode\000\000\000\000\000\000\000\000"
 260      47726565 
 260      6E5F5365 
 260      74447269 
 260      76654D6F 
 261 001e 00000000 		.ascii	"\000\000\000\000\262\000\000\000Led_Green_Write\000"
 261      B2000000 
 261      4C65645F 
 261      47726565 
 261      6E5F5772 
 262 0036 00000000 		.ascii	"\000\000\000\000\000\000\000\000\000\000\000\264\000"
 262      00000000 
 262      000000B4 
 262      00
 263 0043 00004C65 		.ascii	"\000\000Led_Green_Read\000\000\000\000\000\000\000\000"
 263      645F4772 
 263      65656E5F 
 263      52656164 
 263      00000000 
 264 005b 00000000 		.ascii	"\000\000\000\000\267\000\000\000Led_Green_ReadDataR"
 264      B7000000 
 264      4C65645F 
 264      47726565 
 264      6E5F5265 
 265 0076 65670000 		.ascii	"eg\000\000\000\000\000\000\000\000\000\000\000\000\271"
 265      00000000 
 265      00000000 
 265      0000B9
 266 0085 0000004C 		.ascii	"\000\000\000Led_Green_SetInterruptMode\000\000\000\000"
 266      65645F47 
 266      7265656E 
 266      5F536574 
ARM GAS  C:\Users\zozo\AppData\Local\Temp\ccienpqt.s 			page 20


 266      496E7465 
 267 00a6 00000000 		.ascii	"\000\000\000\000\000\000\000\000\303\000\000\000Led"
 267      00000000 
 267      C3000000 
 267      4C6564
 268 00b5 5F477265 		.ascii	"_Green_ClearInterrupt\000\000\000\000\000\000\000\000"
 268      656E5F43 
 268      6C656172 
 268      496E7465 
 268      72727570 
 269 00d2 00000000 		.ascii	"\000\000\000\000\305\000\000\000"
 269      C5000000 
 270              		.text
 271              		.section	.gnu.lto_.opts,"",%progbits
 272 0000 272D666E 		.ascii	"'-fno-trapv' '-mcpu=cortex-m0' '-mthumb' '-g' '-Os'"
 272      6F2D7472 
 272      61707627 
 272      20272D6D 
 272      6370753D 
 273 0033 20272D66 		.ascii	" '-ffunction-sections' '-flto' '-ffat-lto-objects'\000"
 273      66756E63 
 273      74696F6E 
 273      2D736563 
 273      74696F6E 
 274              		.text
 275              		.cfi_sections	.debug_frame
 276              		.section	.text.Led_Green_SetDriveMode,"ax",%progbits
 277              		.align	1
 278              		.global	Led_Green_SetDriveMode
 279              		.code	16
 280              		.thumb_func
 281              		.type	Led_Green_SetDriveMode, %function
 282              	Led_Green_SetDriveMode:
 283              	.LFB0:
 284              		.file 1 ".\\Generated_Source\\PSoC4\\Led_Green.c"
   1:.\Generated_Source\PSoC4/Led_Green.c **** /*******************************************************************************
   2:.\Generated_Source\PSoC4/Led_Green.c **** * File Name: Led_Green.c  
   3:.\Generated_Source\PSoC4/Led_Green.c **** * Version 2.20
   4:.\Generated_Source\PSoC4/Led_Green.c **** *
   5:.\Generated_Source\PSoC4/Led_Green.c **** * Description:
   6:.\Generated_Source\PSoC4/Led_Green.c **** *  This file contains API to enable firmware control of a Pins component.
   7:.\Generated_Source\PSoC4/Led_Green.c **** *
   8:.\Generated_Source\PSoC4/Led_Green.c **** ********************************************************************************
   9:.\Generated_Source\PSoC4/Led_Green.c **** * Copyright 2008-2015, Cypress Semiconductor Corporation.  All rights reserved.
  10:.\Generated_Source\PSoC4/Led_Green.c **** * You may use this file only in accordance with the license, terms, conditions, 
  11:.\Generated_Source\PSoC4/Led_Green.c **** * disclaimers, and limitations in the end user license agreement accompanying 
  12:.\Generated_Source\PSoC4/Led_Green.c **** * the software package with which this file was provided.
  13:.\Generated_Source\PSoC4/Led_Green.c **** *******************************************************************************/
  14:.\Generated_Source\PSoC4/Led_Green.c **** 
  15:.\Generated_Source\PSoC4/Led_Green.c **** #include "cytypes.h"
  16:.\Generated_Source\PSoC4/Led_Green.c **** #include "Led_Green.h"
  17:.\Generated_Source\PSoC4/Led_Green.c **** 
  18:.\Generated_Source\PSoC4/Led_Green.c **** 
  19:.\Generated_Source\PSoC4/Led_Green.c **** #if defined(Led_Green__PC)
  20:.\Generated_Source\PSoC4/Led_Green.c ****     #define Led_Green_SetP4PinDriveMode(shift, mode)  \
  21:.\Generated_Source\PSoC4/Led_Green.c ****     do { \
  22:.\Generated_Source\PSoC4/Led_Green.c ****         Led_Green_PC =   (Led_Green_PC & \
ARM GAS  C:\Users\zozo\AppData\Local\Temp\ccienpqt.s 			page 21


  23:.\Generated_Source\PSoC4/Led_Green.c ****                                 (uint32)(~(uint32)(Led_Green_DRIVE_MODE_IND_MASK << \
  24:.\Generated_Source\PSoC4/Led_Green.c ****                                 (Led_Green_DRIVE_MODE_BITS * (shift))))) | \
  25:.\Generated_Source\PSoC4/Led_Green.c ****                                 (uint32)((uint32)(mode) << \
  26:.\Generated_Source\PSoC4/Led_Green.c ****                                 (Led_Green_DRIVE_MODE_BITS * (shift))); \
  27:.\Generated_Source\PSoC4/Led_Green.c ****     } while (0)
  28:.\Generated_Source\PSoC4/Led_Green.c **** #else
  29:.\Generated_Source\PSoC4/Led_Green.c ****     #if (CY_PSOC4_4200L)
  30:.\Generated_Source\PSoC4/Led_Green.c ****         #define Led_Green_SetP4PinDriveMode(shift, mode)  \
  31:.\Generated_Source\PSoC4/Led_Green.c ****         do { \
  32:.\Generated_Source\PSoC4/Led_Green.c ****             Led_Green_USBIO_CTRL_REG = (Led_Green_USBIO_CTRL_REG & \
  33:.\Generated_Source\PSoC4/Led_Green.c ****                                     (uint32)(~(uint32)(Led_Green_DRIVE_MODE_IND_MASK << \
  34:.\Generated_Source\PSoC4/Led_Green.c ****                                     (Led_Green_DRIVE_MODE_BITS * (shift))))) | \
  35:.\Generated_Source\PSoC4/Led_Green.c ****                                     (uint32)((uint32)(mode) << \
  36:.\Generated_Source\PSoC4/Led_Green.c ****                                     (Led_Green_DRIVE_MODE_BITS * (shift))); \
  37:.\Generated_Source\PSoC4/Led_Green.c ****         } while (0)
  38:.\Generated_Source\PSoC4/Led_Green.c ****     #endif
  39:.\Generated_Source\PSoC4/Led_Green.c **** #endif
  40:.\Generated_Source\PSoC4/Led_Green.c ****   
  41:.\Generated_Source\PSoC4/Led_Green.c **** 
  42:.\Generated_Source\PSoC4/Led_Green.c **** #if defined(Led_Green__PC) || (CY_PSOC4_4200L) 
  43:.\Generated_Source\PSoC4/Led_Green.c ****     /*******************************************************************************
  44:.\Generated_Source\PSoC4/Led_Green.c ****     * Function Name: Led_Green_SetDriveMode
  45:.\Generated_Source\PSoC4/Led_Green.c ****     ****************************************************************************//**
  46:.\Generated_Source\PSoC4/Led_Green.c ****     *
  47:.\Generated_Source\PSoC4/Led_Green.c ****     * \brief Sets the drive mode for each of the Pins component's pins.
  48:.\Generated_Source\PSoC4/Led_Green.c ****     * 
  49:.\Generated_Source\PSoC4/Led_Green.c ****     * <b>Note</b> This affects all pins in the Pins component instance. Use the
  50:.\Generated_Source\PSoC4/Led_Green.c ****     * Per-Pin APIs if you wish to control individual pin's drive modes.
  51:.\Generated_Source\PSoC4/Led_Green.c ****     *
  52:.\Generated_Source\PSoC4/Led_Green.c ****     * <b>Note</b> USBIOs have limited drive functionality. Refer to the Drive Mode
  53:.\Generated_Source\PSoC4/Led_Green.c ****     * parameter for more information.
  54:.\Generated_Source\PSoC4/Led_Green.c ****     *
  55:.\Generated_Source\PSoC4/Led_Green.c ****     * \param mode
  56:.\Generated_Source\PSoC4/Led_Green.c ****     *  Mode for the selected signals. Valid options are documented in 
  57:.\Generated_Source\PSoC4/Led_Green.c ****     *  \ref driveMode.
  58:.\Generated_Source\PSoC4/Led_Green.c ****     *
  59:.\Generated_Source\PSoC4/Led_Green.c ****     * \return
  60:.\Generated_Source\PSoC4/Led_Green.c ****     *  None
  61:.\Generated_Source\PSoC4/Led_Green.c ****     *
  62:.\Generated_Source\PSoC4/Led_Green.c ****     * \sideeffect
  63:.\Generated_Source\PSoC4/Led_Green.c ****     *  If you use read-modify-write operations that are not atomic, the ISR can
  64:.\Generated_Source\PSoC4/Led_Green.c ****     *  cause corruption of this function. An ISR that interrupts this function 
  65:.\Generated_Source\PSoC4/Led_Green.c ****     *  and performs writes to the Pins component Drive Mode registers can cause 
  66:.\Generated_Source\PSoC4/Led_Green.c ****     *  corrupted port data. To avoid this issue, you should either use the Per-Pin
  67:.\Generated_Source\PSoC4/Led_Green.c ****     *  APIs (primary method) or disable interrupts around this function.
  68:.\Generated_Source\PSoC4/Led_Green.c ****     *
  69:.\Generated_Source\PSoC4/Led_Green.c ****     * \funcusage
  70:.\Generated_Source\PSoC4/Led_Green.c ****     *  \snippet Led_Green_SUT.c usage_Led_Green_SetDriveMode
  71:.\Generated_Source\PSoC4/Led_Green.c ****     *******************************************************************************/
  72:.\Generated_Source\PSoC4/Led_Green.c ****     void Led_Green_SetDriveMode(uint8 mode)
  73:.\Generated_Source\PSoC4/Led_Green.c ****     {
 285              		.loc 1 73 0
 286              		.cfi_startproc
 287              	.LVL0:
  74:.\Generated_Source\PSoC4/Led_Green.c **** 		Led_Green_SetP4PinDriveMode(Led_Green__0__SHIFT, mode);
 288              		.loc 1 74 0
 289 0000 034A     		ldr	r2, .L2
ARM GAS  C:\Users\zozo\AppData\Local\Temp\ccienpqt.s 			page 22


 290 0002 044B     		ldr	r3, .L2+4
 291 0004 1168     		ldr	r1, [r2]
 292 0006 8004     		lsl	r0, r0, #18
 293              	.LVL1:
 294 0008 0B40     		and	r3, r1
 295 000a 1843     		orr	r0, r3
 296 000c 1060     		str	r0, [r2]
  75:.\Generated_Source\PSoC4/Led_Green.c ****     }
 297              		.loc 1 75 0
 298              		@ sp needed
 299 000e 7047     		bx	lr
 300              	.L3:
 301              		.align	2
 302              	.L2:
 303 0010 08030440 		.word	1074004744
 304 0014 FFFFE3FF 		.word	-1835009
 305              		.cfi_endproc
 306              	.LFE0:
 307              		.size	Led_Green_SetDriveMode, .-Led_Green_SetDriveMode
 308              		.section	.text.Led_Green_Write,"ax",%progbits
 309              		.align	1
 310              		.global	Led_Green_Write
 311              		.code	16
 312              		.thumb_func
 313              		.type	Led_Green_Write, %function
 314              	Led_Green_Write:
 315              	.LFB1:
  76:.\Generated_Source\PSoC4/Led_Green.c **** #endif
  77:.\Generated_Source\PSoC4/Led_Green.c **** 
  78:.\Generated_Source\PSoC4/Led_Green.c **** 
  79:.\Generated_Source\PSoC4/Led_Green.c **** /*******************************************************************************
  80:.\Generated_Source\PSoC4/Led_Green.c **** * Function Name: Led_Green_Write
  81:.\Generated_Source\PSoC4/Led_Green.c **** ****************************************************************************//**
  82:.\Generated_Source\PSoC4/Led_Green.c **** *
  83:.\Generated_Source\PSoC4/Led_Green.c **** * \brief Writes the value to the physical port (data output register), masking
  84:.\Generated_Source\PSoC4/Led_Green.c **** *  and shifting the bits appropriately. 
  85:.\Generated_Source\PSoC4/Led_Green.c **** *
  86:.\Generated_Source\PSoC4/Led_Green.c **** * The data output register controls the signal applied to the physical pin in 
  87:.\Generated_Source\PSoC4/Led_Green.c **** * conjunction with the drive mode parameter. This function avoids changing 
  88:.\Generated_Source\PSoC4/Led_Green.c **** * other bits in the port by using the appropriate method (read-modify-write or
  89:.\Generated_Source\PSoC4/Led_Green.c **** * bit banding).
  90:.\Generated_Source\PSoC4/Led_Green.c **** *
  91:.\Generated_Source\PSoC4/Led_Green.c **** * <b>Note</b> This function should not be used on a hardware digital output pin 
  92:.\Generated_Source\PSoC4/Led_Green.c **** * as it is driven by the hardware signal attached to it.
  93:.\Generated_Source\PSoC4/Led_Green.c **** *
  94:.\Generated_Source\PSoC4/Led_Green.c **** * \param value
  95:.\Generated_Source\PSoC4/Led_Green.c **** *  Value to write to the component instance.
  96:.\Generated_Source\PSoC4/Led_Green.c **** *
  97:.\Generated_Source\PSoC4/Led_Green.c **** * \return 
  98:.\Generated_Source\PSoC4/Led_Green.c **** *  None 
  99:.\Generated_Source\PSoC4/Led_Green.c **** *
 100:.\Generated_Source\PSoC4/Led_Green.c **** * \sideeffect
 101:.\Generated_Source\PSoC4/Led_Green.c **** *  If you use read-modify-write operations that are not atomic; the Interrupt 
 102:.\Generated_Source\PSoC4/Led_Green.c **** *  Service Routines (ISR) can cause corruption of this function. An ISR that 
 103:.\Generated_Source\PSoC4/Led_Green.c **** *  interrupts this function and performs writes to the Pins component data 
 104:.\Generated_Source\PSoC4/Led_Green.c **** *  register can cause corrupted port data. To avoid this issue, you should 
 105:.\Generated_Source\PSoC4/Led_Green.c **** *  either use the Per-Pin APIs (primary method) or disable interrupts around 
ARM GAS  C:\Users\zozo\AppData\Local\Temp\ccienpqt.s 			page 23


 106:.\Generated_Source\PSoC4/Led_Green.c **** *  this function.
 107:.\Generated_Source\PSoC4/Led_Green.c **** *
 108:.\Generated_Source\PSoC4/Led_Green.c **** * \funcusage
 109:.\Generated_Source\PSoC4/Led_Green.c **** *  \snippet Led_Green_SUT.c usage_Led_Green_Write
 110:.\Generated_Source\PSoC4/Led_Green.c **** *******************************************************************************/
 111:.\Generated_Source\PSoC4/Led_Green.c **** void Led_Green_Write(uint8 value)
 112:.\Generated_Source\PSoC4/Led_Green.c **** {
 316              		.loc 1 112 0
 317              		.cfi_startproc
 318              	.LVL2:
 113:.\Generated_Source\PSoC4/Led_Green.c ****     uint8 drVal = (uint8)(Led_Green_DR & (uint8)(~Led_Green_MASK));
 319              		.loc 1 113 0
 320 0000 4023     		mov	r3, #64
 321 0002 0449     		ldr	r1, .L5
 114:.\Generated_Source\PSoC4/Led_Green.c ****     drVal = (drVal | ((uint8)(value << Led_Green_SHIFT) & Led_Green_MASK));
 322              		.loc 1 114 0
 323 0004 8001     		lsl	r0, r0, #6
 324              	.LVL3:
 113:.\Generated_Source\PSoC4/Led_Green.c ****     uint8 drVal = (uint8)(Led_Green_DR & (uint8)(~Led_Green_MASK));
 325              		.loc 1 113 0
 326 0006 0A68     		ldr	r2, [r1]
 115:.\Generated_Source\PSoC4/Led_Green.c ****     Led_Green_DR = (uint32)drVal;
 116:.\Generated_Source\PSoC4/Led_Green.c **** }
 327              		.loc 1 116 0
 328              		@ sp needed
 113:.\Generated_Source\PSoC4/Led_Green.c ****     drVal = (drVal | ((uint8)(value << Led_Green_SHIFT) & Led_Green_MASK));
 329              		.loc 1 113 0
 330 0008 9A43     		bic	r2, r3
 331 000a D2B2     		uxtb	r2, r2
 114:.\Generated_Source\PSoC4/Led_Green.c ****     drVal = (drVal | ((uint8)(value << Led_Green_SHIFT) & Led_Green_MASK));
 332              		.loc 1 114 0
 333 000c 0340     		and	r3, r0
 115:.\Generated_Source\PSoC4/Led_Green.c ****     Led_Green_DR = (uint32)drVal;
 334              		.loc 1 115 0
 335 000e 1343     		orr	r3, r2
 336 0010 0B60     		str	r3, [r1]
 337              		.loc 1 116 0
 338 0012 7047     		bx	lr
 339              	.L6:
 340              		.align	2
 341              	.L5:
 342 0014 00030440 		.word	1074004736
 343              		.cfi_endproc
 344              	.LFE1:
 345              		.size	Led_Green_Write, .-Led_Green_Write
 346              		.section	.text.Led_Green_Read,"ax",%progbits
 347              		.align	1
 348              		.global	Led_Green_Read
 349              		.code	16
 350              		.thumb_func
 351              		.type	Led_Green_Read, %function
 352              	Led_Green_Read:
 353              	.LFB2:
 117:.\Generated_Source\PSoC4/Led_Green.c **** 
 118:.\Generated_Source\PSoC4/Led_Green.c **** 
 119:.\Generated_Source\PSoC4/Led_Green.c **** /*******************************************************************************
 120:.\Generated_Source\PSoC4/Led_Green.c **** * Function Name: Led_Green_Read
ARM GAS  C:\Users\zozo\AppData\Local\Temp\ccienpqt.s 			page 24


 121:.\Generated_Source\PSoC4/Led_Green.c **** ****************************************************************************//**
 122:.\Generated_Source\PSoC4/Led_Green.c **** *
 123:.\Generated_Source\PSoC4/Led_Green.c **** * \brief Reads the associated physical port (pin status register) and masks 
 124:.\Generated_Source\PSoC4/Led_Green.c **** *  the required bits according to the width and bit position of the component
 125:.\Generated_Source\PSoC4/Led_Green.c **** *  instance. 
 126:.\Generated_Source\PSoC4/Led_Green.c **** *
 127:.\Generated_Source\PSoC4/Led_Green.c **** * The pin's status register returns the current logic level present on the 
 128:.\Generated_Source\PSoC4/Led_Green.c **** * physical pin.
 129:.\Generated_Source\PSoC4/Led_Green.c **** *
 130:.\Generated_Source\PSoC4/Led_Green.c **** * \return 
 131:.\Generated_Source\PSoC4/Led_Green.c **** *  The current value for the pins in the component as a right justified number.
 132:.\Generated_Source\PSoC4/Led_Green.c **** *
 133:.\Generated_Source\PSoC4/Led_Green.c **** * \funcusage
 134:.\Generated_Source\PSoC4/Led_Green.c **** *  \snippet Led_Green_SUT.c usage_Led_Green_Read  
 135:.\Generated_Source\PSoC4/Led_Green.c **** *******************************************************************************/
 136:.\Generated_Source\PSoC4/Led_Green.c **** uint8 Led_Green_Read(void)
 137:.\Generated_Source\PSoC4/Led_Green.c **** {
 354              		.loc 1 137 0
 355              		.cfi_startproc
 138:.\Generated_Source\PSoC4/Led_Green.c ****     return (uint8)((Led_Green_PS & Led_Green_MASK) >> Led_Green_SHIFT);
 356              		.loc 1 138 0
 357 0000 024B     		ldr	r3, .L8
 139:.\Generated_Source\PSoC4/Led_Green.c **** }
 358              		.loc 1 139 0
 359              		@ sp needed
 138:.\Generated_Source\PSoC4/Led_Green.c ****     return (uint8)((Led_Green_PS & Led_Green_MASK) >> Led_Green_SHIFT);
 360              		.loc 1 138 0
 361 0002 1868     		ldr	r0, [r3]
 362 0004 4006     		lsl	r0, r0, #25
 363 0006 C00F     		lsr	r0, r0, #31
 364              		.loc 1 139 0
 365 0008 7047     		bx	lr
 366              	.L9:
 367 000a C046     		.align	2
 368              	.L8:
 369 000c 04030440 		.word	1074004740
 370              		.cfi_endproc
 371              	.LFE2:
 372              		.size	Led_Green_Read, .-Led_Green_Read
 373              		.section	.text.Led_Green_ReadDataReg,"ax",%progbits
 374              		.align	1
 375              		.global	Led_Green_ReadDataReg
 376              		.code	16
 377              		.thumb_func
 378              		.type	Led_Green_ReadDataReg, %function
 379              	Led_Green_ReadDataReg:
 380              	.LFB3:
 140:.\Generated_Source\PSoC4/Led_Green.c **** 
 141:.\Generated_Source\PSoC4/Led_Green.c **** 
 142:.\Generated_Source\PSoC4/Led_Green.c **** /*******************************************************************************
 143:.\Generated_Source\PSoC4/Led_Green.c **** * Function Name: Led_Green_ReadDataReg
 144:.\Generated_Source\PSoC4/Led_Green.c **** ****************************************************************************//**
 145:.\Generated_Source\PSoC4/Led_Green.c **** *
 146:.\Generated_Source\PSoC4/Led_Green.c **** * \brief Reads the associated physical port's data output register and masks 
 147:.\Generated_Source\PSoC4/Led_Green.c **** *  the correct bits according to the width and bit position of the component 
 148:.\Generated_Source\PSoC4/Led_Green.c **** *  instance. 
 149:.\Generated_Source\PSoC4/Led_Green.c **** *
ARM GAS  C:\Users\zozo\AppData\Local\Temp\ccienpqt.s 			page 25


 150:.\Generated_Source\PSoC4/Led_Green.c **** * The data output register controls the signal applied to the physical pin in 
 151:.\Generated_Source\PSoC4/Led_Green.c **** * conjunction with the drive mode parameter. This is not the same as the 
 152:.\Generated_Source\PSoC4/Led_Green.c **** * preferred Led_Green_Read() API because the 
 153:.\Generated_Source\PSoC4/Led_Green.c **** * Led_Green_ReadDataReg() reads the data register instead of the status 
 154:.\Generated_Source\PSoC4/Led_Green.c **** * register. For output pins this is a useful function to determine the value 
 155:.\Generated_Source\PSoC4/Led_Green.c **** * just written to the pin.
 156:.\Generated_Source\PSoC4/Led_Green.c **** *
 157:.\Generated_Source\PSoC4/Led_Green.c **** * \return 
 158:.\Generated_Source\PSoC4/Led_Green.c **** *  The current value of the data register masked and shifted into a right 
 159:.\Generated_Source\PSoC4/Led_Green.c **** *  justified number for the component instance.
 160:.\Generated_Source\PSoC4/Led_Green.c **** *
 161:.\Generated_Source\PSoC4/Led_Green.c **** * \funcusage
 162:.\Generated_Source\PSoC4/Led_Green.c **** *  \snippet Led_Green_SUT.c usage_Led_Green_ReadDataReg 
 163:.\Generated_Source\PSoC4/Led_Green.c **** *******************************************************************************/
 164:.\Generated_Source\PSoC4/Led_Green.c **** uint8 Led_Green_ReadDataReg(void)
 165:.\Generated_Source\PSoC4/Led_Green.c **** {
 381              		.loc 1 165 0
 382              		.cfi_startproc
 166:.\Generated_Source\PSoC4/Led_Green.c ****     return (uint8)((Led_Green_DR & Led_Green_MASK) >> Led_Green_SHIFT);
 383              		.loc 1 166 0
 384 0000 024B     		ldr	r3, .L11
 167:.\Generated_Source\PSoC4/Led_Green.c **** }
 385              		.loc 1 167 0
 386              		@ sp needed
 166:.\Generated_Source\PSoC4/Led_Green.c ****     return (uint8)((Led_Green_DR & Led_Green_MASK) >> Led_Green_SHIFT);
 387              		.loc 1 166 0
 388 0002 1868     		ldr	r0, [r3]
 389 0004 4006     		lsl	r0, r0, #25
 390 0006 C00F     		lsr	r0, r0, #31
 391              		.loc 1 167 0
 392 0008 7047     		bx	lr
 393              	.L12:
 394 000a C046     		.align	2
 395              	.L11:
 396 000c 00030440 		.word	1074004736
 397              		.cfi_endproc
 398              	.LFE3:
 399              		.size	Led_Green_ReadDataReg, .-Led_Green_ReadDataReg
 400              		.section	.text.Led_Green_SetInterruptMode,"ax",%progbits
 401              		.align	1
 402              		.global	Led_Green_SetInterruptMode
 403              		.code	16
 404              		.thumb_func
 405              		.type	Led_Green_SetInterruptMode, %function
 406              	Led_Green_SetInterruptMode:
 407              	.LFB4:
 168:.\Generated_Source\PSoC4/Led_Green.c **** 
 169:.\Generated_Source\PSoC4/Led_Green.c **** 
 170:.\Generated_Source\PSoC4/Led_Green.c **** /*******************************************************************************
 171:.\Generated_Source\PSoC4/Led_Green.c **** * Function Name: Led_Green_SetInterruptMode
 172:.\Generated_Source\PSoC4/Led_Green.c **** ****************************************************************************//**
 173:.\Generated_Source\PSoC4/Led_Green.c **** *
 174:.\Generated_Source\PSoC4/Led_Green.c **** * \brief Configures the interrupt mode for each of the Pins component's
 175:.\Generated_Source\PSoC4/Led_Green.c **** *  pins. Alternatively you may set the interrupt mode for all the pins
 176:.\Generated_Source\PSoC4/Led_Green.c **** *  specified in the Pins component.
 177:.\Generated_Source\PSoC4/Led_Green.c **** *
 178:.\Generated_Source\PSoC4/Led_Green.c **** *  <b>Note</b> The interrupt is port-wide and therefore any enabled pin
ARM GAS  C:\Users\zozo\AppData\Local\Temp\ccienpqt.s 			page 26


 179:.\Generated_Source\PSoC4/Led_Green.c **** *  interrupt may trigger it.
 180:.\Generated_Source\PSoC4/Led_Green.c **** *
 181:.\Generated_Source\PSoC4/Led_Green.c **** * \param position
 182:.\Generated_Source\PSoC4/Led_Green.c **** *  The pin position as listed in the Pins component. You may OR these to be 
 183:.\Generated_Source\PSoC4/Led_Green.c **** *  able to configure the interrupt mode of multiple pins within a Pins 
 184:.\Generated_Source\PSoC4/Led_Green.c **** *  component. Or you may use Led_Green_INTR_ALL to configure the
 185:.\Generated_Source\PSoC4/Led_Green.c **** *  interrupt mode of all the pins in the Pins component.       
 186:.\Generated_Source\PSoC4/Led_Green.c **** *  - Led_Green_0_INTR       (First pin in the list)
 187:.\Generated_Source\PSoC4/Led_Green.c **** *  - Led_Green_1_INTR       (Second pin in the list)
 188:.\Generated_Source\PSoC4/Led_Green.c **** *  - ...
 189:.\Generated_Source\PSoC4/Led_Green.c **** *  - Led_Green_INTR_ALL     (All pins in Pins component)
 190:.\Generated_Source\PSoC4/Led_Green.c **** *
 191:.\Generated_Source\PSoC4/Led_Green.c **** * \param mode
 192:.\Generated_Source\PSoC4/Led_Green.c **** *  Interrupt mode for the selected pins. Valid options are documented in
 193:.\Generated_Source\PSoC4/Led_Green.c **** *  \ref intrMode.
 194:.\Generated_Source\PSoC4/Led_Green.c **** *
 195:.\Generated_Source\PSoC4/Led_Green.c **** * \return 
 196:.\Generated_Source\PSoC4/Led_Green.c **** *  None
 197:.\Generated_Source\PSoC4/Led_Green.c **** *  
 198:.\Generated_Source\PSoC4/Led_Green.c **** * \sideeffect
 199:.\Generated_Source\PSoC4/Led_Green.c **** *  It is recommended that the interrupt be disabled before calling this 
 200:.\Generated_Source\PSoC4/Led_Green.c **** *  function to avoid unintended interrupt requests. Note that the interrupt
 201:.\Generated_Source\PSoC4/Led_Green.c **** *  type is port wide, and therefore will trigger for any enabled pin on the 
 202:.\Generated_Source\PSoC4/Led_Green.c **** *  port.
 203:.\Generated_Source\PSoC4/Led_Green.c **** *
 204:.\Generated_Source\PSoC4/Led_Green.c **** * \funcusage
 205:.\Generated_Source\PSoC4/Led_Green.c **** *  \snippet Led_Green_SUT.c usage_Led_Green_SetInterruptMode
 206:.\Generated_Source\PSoC4/Led_Green.c **** *******************************************************************************/
 207:.\Generated_Source\PSoC4/Led_Green.c **** void Led_Green_SetInterruptMode(uint16 position, uint16 mode)
 208:.\Generated_Source\PSoC4/Led_Green.c **** {
 408              		.loc 1 208 0
 409              		.cfi_startproc
 410              	.LVL4:
 209:.\Generated_Source\PSoC4/Led_Green.c ****     uint32 intrCfg;
 210:.\Generated_Source\PSoC4/Led_Green.c ****     
 211:.\Generated_Source\PSoC4/Led_Green.c ****     intrCfg =  Led_Green_INTCFG & (uint32)(~(uint32)position);
 411              		.loc 1 211 0
 412 0000 034A     		ldr	r2, .L14
 212:.\Generated_Source\PSoC4/Led_Green.c ****     Led_Green_INTCFG = intrCfg | ((uint32)position & (uint32)mode);
 213:.\Generated_Source\PSoC4/Led_Green.c **** }
 413              		.loc 1 213 0
 414              		@ sp needed
 211:.\Generated_Source\PSoC4/Led_Green.c ****     Led_Green_INTCFG = intrCfg | ((uint32)position & (uint32)mode);
 415              		.loc 1 211 0
 416 0002 1368     		ldr	r3, [r2]
 417              	.LVL5:
 418 0004 8343     		bic	r3, r0
 419              	.LVL6:
 212:.\Generated_Source\PSoC4/Led_Green.c ****     Led_Green_INTCFG = intrCfg | ((uint32)position & (uint32)mode);
 420              		.loc 1 212 0
 421 0006 0840     		and	r0, r1
 422              	.LVL7:
 423 0008 1843     		orr	r0, r3
 424 000a 1060     		str	r0, [r2]
 425              		.loc 1 213 0
 426 000c 7047     		bx	lr
 427              	.L15:
ARM GAS  C:\Users\zozo\AppData\Local\Temp\ccienpqt.s 			page 27


 428 000e C046     		.align	2
 429              	.L14:
 430 0010 0C030440 		.word	1074004748
 431              		.cfi_endproc
 432              	.LFE4:
 433              		.size	Led_Green_SetInterruptMode, .-Led_Green_SetInterruptMode
 434              		.section	.text.Led_Green_ClearInterrupt,"ax",%progbits
 435              		.align	1
 436              		.global	Led_Green_ClearInterrupt
 437              		.code	16
 438              		.thumb_func
 439              		.type	Led_Green_ClearInterrupt, %function
 440              	Led_Green_ClearInterrupt:
 441              	.LFB5:
 214:.\Generated_Source\PSoC4/Led_Green.c **** 
 215:.\Generated_Source\PSoC4/Led_Green.c **** 
 216:.\Generated_Source\PSoC4/Led_Green.c **** /*******************************************************************************
 217:.\Generated_Source\PSoC4/Led_Green.c **** * Function Name: Led_Green_ClearInterrupt
 218:.\Generated_Source\PSoC4/Led_Green.c **** ****************************************************************************//**
 219:.\Generated_Source\PSoC4/Led_Green.c **** *
 220:.\Generated_Source\PSoC4/Led_Green.c **** * \brief Clears any active interrupts attached with the component and returns 
 221:.\Generated_Source\PSoC4/Led_Green.c **** *  the value of the interrupt status register allowing determination of which
 222:.\Generated_Source\PSoC4/Led_Green.c **** *  pins generated an interrupt event.
 223:.\Generated_Source\PSoC4/Led_Green.c **** *
 224:.\Generated_Source\PSoC4/Led_Green.c **** * \return 
 225:.\Generated_Source\PSoC4/Led_Green.c **** *  The right-shifted current value of the interrupt status register. Each pin 
 226:.\Generated_Source\PSoC4/Led_Green.c **** *  has one bit set if it generated an interrupt event. For example, bit 0 is 
 227:.\Generated_Source\PSoC4/Led_Green.c **** *  for pin 0 and bit 1 is for pin 1 of the Pins component.
 228:.\Generated_Source\PSoC4/Led_Green.c **** *  
 229:.\Generated_Source\PSoC4/Led_Green.c **** * \sideeffect
 230:.\Generated_Source\PSoC4/Led_Green.c **** *  Clears all bits of the physical port's interrupt status register, not just
 231:.\Generated_Source\PSoC4/Led_Green.c **** *  those associated with the Pins component.
 232:.\Generated_Source\PSoC4/Led_Green.c **** *
 233:.\Generated_Source\PSoC4/Led_Green.c **** * \funcusage
 234:.\Generated_Source\PSoC4/Led_Green.c **** *  \snippet Led_Green_SUT.c usage_Led_Green_ClearInterrupt
 235:.\Generated_Source\PSoC4/Led_Green.c **** *******************************************************************************/
 236:.\Generated_Source\PSoC4/Led_Green.c **** uint8 Led_Green_ClearInterrupt(void)
 237:.\Generated_Source\PSoC4/Led_Green.c **** {
 442              		.loc 1 237 0
 443              		.cfi_startproc
 238:.\Generated_Source\PSoC4/Led_Green.c **** 	uint8 maskedStatus = (uint8)(Led_Green_INTSTAT & Led_Green_MASK);
 444              		.loc 1 238 0
 445 0000 4023     		mov	r3, #64
 446 0002 034A     		ldr	r2, .L17
 239:.\Generated_Source\PSoC4/Led_Green.c **** 	Led_Green_INTSTAT = maskedStatus;
 240:.\Generated_Source\PSoC4/Led_Green.c ****     return maskedStatus >> Led_Green_SHIFT;
 241:.\Generated_Source\PSoC4/Led_Green.c **** }
 447              		.loc 1 241 0
 448              		@ sp needed
 238:.\Generated_Source\PSoC4/Led_Green.c **** 	uint8 maskedStatus = (uint8)(Led_Green_INTSTAT & Led_Green_MASK);
 449              		.loc 1 238 0
 450 0004 1068     		ldr	r0, [r2]
 451 0006 1840     		and	r0, r3
 452              	.LVL8:
 239:.\Generated_Source\PSoC4/Led_Green.c **** 	Led_Green_INTSTAT = maskedStatus;
 453              		.loc 1 239 0
 454 0008 1060     		str	r0, [r2]
ARM GAS  C:\Users\zozo\AppData\Local\Temp\ccienpqt.s 			page 28


 240:.\Generated_Source\PSoC4/Led_Green.c **** }
 455              		.loc 1 240 0
 456 000a 8009     		lsr	r0, r0, #6
 457              	.LVL9:
 458 000c C0B2     		uxtb	r0, r0
 459              		.loc 1 241 0
 460 000e 7047     		bx	lr
 461              	.L18:
 462              		.align	2
 463              	.L17:
 464 0010 10030440 		.word	1074004752
 465              		.cfi_endproc
 466              	.LFE5:
 467              		.size	Led_Green_ClearInterrupt, .-Led_Green_ClearInterrupt
 468              		.text
 469              	.Letext0:
 470              		.file 2 ".\\Generated_Source\\PSoC4\\cytypes.h"
 471              		.section	.debug_info,"",%progbits
 472              	.Ldebug_info0:
 473 0000 97010000 		.4byte	0x197
 474 0004 0400     		.2byte	0x4
 475 0006 00000000 		.4byte	.Ldebug_abbrev0
 476 000a 04       		.byte	0x4
 477 000b 01       		.uleb128 0x1
 478 000c 7D000000 		.4byte	.LASF27
 479 0010 01       		.byte	0x1
 480 0011 22000000 		.4byte	.LASF28
 481 0015 0C020000 		.4byte	.LASF29
 482 0019 00000000 		.4byte	.Ldebug_ranges0+0
 483 001d 00000000 		.4byte	0
 484 0021 00000000 		.4byte	.Ldebug_line0
 485 0025 02       		.uleb128 0x2
 486 0026 01       		.byte	0x1
 487 0027 06       		.byte	0x6
 488 0028 6A020000 		.4byte	.LASF0
 489 002c 02       		.uleb128 0x2
 490 002d 01       		.byte	0x1
 491 002e 08       		.byte	0x8
 492 002f 11010000 		.4byte	.LASF1
 493 0033 02       		.uleb128 0x2
 494 0034 02       		.byte	0x2
 495 0035 05       		.byte	0x5
 496 0036 F3010000 		.4byte	.LASF2
 497 003a 02       		.uleb128 0x2
 498 003b 02       		.byte	0x2
 499 003c 07       		.byte	0x7
 500 003d 37010000 		.4byte	.LASF3
 501 0041 02       		.uleb128 0x2
 502 0042 04       		.byte	0x4
 503 0043 05       		.byte	0x5
 504 0044 03020000 		.4byte	.LASF4
 505 0048 02       		.uleb128 0x2
 506 0049 04       		.byte	0x4
 507 004a 07       		.byte	0x7
 508 004b 25010000 		.4byte	.LASF5
 509 004f 02       		.uleb128 0x2
 510 0050 08       		.byte	0x8
ARM GAS  C:\Users\zozo\AppData\Local\Temp\ccienpqt.s 			page 29


 511 0051 05       		.byte	0x5
 512 0052 C3010000 		.4byte	.LASF6
 513 0056 02       		.uleb128 0x2
 514 0057 08       		.byte	0x8
 515 0058 07       		.byte	0x7
 516 0059 98010000 		.4byte	.LASF7
 517 005d 03       		.uleb128 0x3
 518 005e 04       		.byte	0x4
 519 005f 05       		.byte	0x5
 520 0060 696E7400 		.ascii	"int\000"
 521 0064 02       		.uleb128 0x2
 522 0065 04       		.byte	0x4
 523 0066 07       		.byte	0x7
 524 0067 8B010000 		.4byte	.LASF8
 525 006b 04       		.uleb128 0x4
 526 006c FD010000 		.4byte	.LASF9
 527 0070 02       		.byte	0x2
 528 0071 3801     		.2byte	0x138
 529 0073 2C000000 		.4byte	0x2c
 530 0077 04       		.uleb128 0x4
 531 0078 6C010000 		.4byte	.LASF10
 532 007c 02       		.byte	0x2
 533 007d 3901     		.2byte	0x139
 534 007f 3A000000 		.4byte	0x3a
 535 0083 04       		.uleb128 0x4
 536 0084 7C010000 		.4byte	.LASF11
 537 0088 02       		.byte	0x2
 538 0089 3A01     		.2byte	0x13a
 539 008b 48000000 		.4byte	0x48
 540 008f 02       		.uleb128 0x2
 541 0090 04       		.byte	0x4
 542 0091 04       		.byte	0x4
 543 0092 77000000 		.4byte	.LASF12
 544 0096 02       		.uleb128 0x2
 545 0097 08       		.byte	0x8
 546 0098 04       		.byte	0x4
 547 0099 4A010000 		.4byte	.LASF13
 548 009d 02       		.uleb128 0x2
 549 009e 01       		.byte	0x1
 550 009f 08       		.byte	0x8
 551 00a0 DE010000 		.4byte	.LASF14
 552 00a4 04       		.uleb128 0x4
 553 00a5 00000000 		.4byte	.LASF15
 554 00a9 02       		.byte	0x2
 555 00aa E401     		.2byte	0x1e4
 556 00ac B0000000 		.4byte	0xb0
 557 00b0 05       		.uleb128 0x5
 558 00b1 83000000 		.4byte	0x83
 559 00b5 06       		.uleb128 0x6
 560 00b6 47000000 		.4byte	.LASF16
 561 00ba 01       		.byte	0x1
 562 00bb 48       		.byte	0x48
 563 00bc 00000000 		.4byte	.LFB0
 564 00c0 18000000 		.4byte	.LFE0-.LFB0
 565 00c4 01       		.uleb128 0x1
 566 00c5 9C       		.byte	0x9c
 567 00c6 DA000000 		.4byte	0xda
ARM GAS  C:\Users\zozo\AppData\Local\Temp\ccienpqt.s 			page 30


 568 00ca 07       		.uleb128 0x7
 569 00cb AF010000 		.4byte	.LASF18
 570 00cf 01       		.byte	0x1
 571 00d0 48       		.byte	0x48
 572 00d1 6B000000 		.4byte	0x6b
 573 00d5 00000000 		.4byte	.LLST0
 574 00d9 00       		.byte	0
 575 00da 06       		.uleb128 0x6
 576 00db E3010000 		.4byte	.LASF17
 577 00df 01       		.byte	0x1
 578 00e0 6F       		.byte	0x6f
 579 00e1 00000000 		.4byte	.LFB1
 580 00e5 18000000 		.4byte	.LFE1-.LFB1
 581 00e9 01       		.uleb128 0x1
 582 00ea 9C       		.byte	0x9c
 583 00eb 0A010000 		.4byte	0x10a
 584 00ef 07       		.uleb128 0x7
 585 00f0 1C000000 		.4byte	.LASF19
 586 00f4 01       		.byte	0x1
 587 00f5 6F       		.byte	0x6f
 588 00f6 6B000000 		.4byte	0x6b
 589 00fa 21000000 		.4byte	.LLST1
 590 00fe 08       		.uleb128 0x8
 591 00ff 1F010000 		.4byte	.LASF30
 592 0103 01       		.byte	0x1
 593 0104 71       		.byte	0x71
 594 0105 6B000000 		.4byte	0x6b
 595 0109 00       		.byte	0
 596 010a 09       		.uleb128 0x9
 597 010b B4010000 		.4byte	.LASF20
 598 010f 01       		.byte	0x1
 599 0110 88       		.byte	0x88
 600 0111 6B000000 		.4byte	0x6b
 601 0115 00000000 		.4byte	.LFB2
 602 0119 10000000 		.4byte	.LFE2-.LFB2
 603 011d 01       		.uleb128 0x1
 604 011e 9C       		.byte	0x9c
 605 011f 09       		.uleb128 0x9
 606 0120 06000000 		.4byte	.LASF21
 607 0124 01       		.byte	0x1
 608 0125 A4       		.byte	0xa4
 609 0126 6B000000 		.4byte	0x6b
 610 012a 00000000 		.4byte	.LFB3
 611 012e 10000000 		.4byte	.LFE3-.LFB3
 612 0132 01       		.uleb128 0x1
 613 0133 9C       		.byte	0x9c
 614 0134 06       		.uleb128 0x6
 615 0135 51010000 		.4byte	.LASF22
 616 0139 01       		.byte	0x1
 617 013a CF       		.byte	0xcf
 618 013b 00000000 		.4byte	.LFB4
 619 013f 14000000 		.4byte	.LFE4-.LFB4
 620 0143 01       		.uleb128 0x1
 621 0144 9C       		.byte	0x9c
 622 0145 75010000 		.4byte	0x175
 623 0149 07       		.uleb128 0x7
 624 014a 73010000 		.4byte	.LASF23
ARM GAS  C:\Users\zozo\AppData\Local\Temp\ccienpqt.s 			page 31


 625 014e 01       		.byte	0x1
 626 014f CF       		.byte	0xcf
 627 0150 77000000 		.4byte	0x77
 628 0154 42000000 		.4byte	.LLST2
 629 0158 0A       		.uleb128 0xa
 630 0159 AF010000 		.4byte	.LASF18
 631 015d 01       		.byte	0x1
 632 015e CF       		.byte	0xcf
 633 015f 77000000 		.4byte	0x77
 634 0163 01       		.uleb128 0x1
 635 0164 51       		.byte	0x51
 636 0165 0B       		.uleb128 0xb
 637 0166 83010000 		.4byte	.LASF25
 638 016a 01       		.byte	0x1
 639 016b D1       		.byte	0xd1
 640 016c 83000000 		.4byte	0x83
 641 0170 63000000 		.4byte	.LLST3
 642 0174 00       		.byte	0
 643 0175 0C       		.uleb128 0xc
 644 0176 5E000000 		.4byte	.LASF24
 645 017a 01       		.byte	0x1
 646 017b EC       		.byte	0xec
 647 017c 6B000000 		.4byte	0x6b
 648 0180 00000000 		.4byte	.LFB5
 649 0184 14000000 		.4byte	.LFE5-.LFB5
 650 0188 01       		.uleb128 0x1
 651 0189 9C       		.byte	0x9c
 652 018a 0B       		.uleb128 0xb
 653 018b D1010000 		.4byte	.LASF26
 654 018f 01       		.byte	0x1
 655 0190 EE       		.byte	0xee
 656 0191 6B000000 		.4byte	0x6b
 657 0195 80000000 		.4byte	.LLST4
 658 0199 00       		.byte	0
 659 019a 00       		.byte	0
 660              		.section	.debug_abbrev,"",%progbits
 661              	.Ldebug_abbrev0:
 662 0000 01       		.uleb128 0x1
 663 0001 11       		.uleb128 0x11
 664 0002 01       		.byte	0x1
 665 0003 25       		.uleb128 0x25
 666 0004 0E       		.uleb128 0xe
 667 0005 13       		.uleb128 0x13
 668 0006 0B       		.uleb128 0xb
 669 0007 03       		.uleb128 0x3
 670 0008 0E       		.uleb128 0xe
 671 0009 1B       		.uleb128 0x1b
 672 000a 0E       		.uleb128 0xe
 673 000b 55       		.uleb128 0x55
 674 000c 17       		.uleb128 0x17
 675 000d 11       		.uleb128 0x11
 676 000e 01       		.uleb128 0x1
 677 000f 10       		.uleb128 0x10
 678 0010 17       		.uleb128 0x17
 679 0011 00       		.byte	0
 680 0012 00       		.byte	0
 681 0013 02       		.uleb128 0x2
ARM GAS  C:\Users\zozo\AppData\Local\Temp\ccienpqt.s 			page 32


 682 0014 24       		.uleb128 0x24
 683 0015 00       		.byte	0
 684 0016 0B       		.uleb128 0xb
 685 0017 0B       		.uleb128 0xb
 686 0018 3E       		.uleb128 0x3e
 687 0019 0B       		.uleb128 0xb
 688 001a 03       		.uleb128 0x3
 689 001b 0E       		.uleb128 0xe
 690 001c 00       		.byte	0
 691 001d 00       		.byte	0
 692 001e 03       		.uleb128 0x3
 693 001f 24       		.uleb128 0x24
 694 0020 00       		.byte	0
 695 0021 0B       		.uleb128 0xb
 696 0022 0B       		.uleb128 0xb
 697 0023 3E       		.uleb128 0x3e
 698 0024 0B       		.uleb128 0xb
 699 0025 03       		.uleb128 0x3
 700 0026 08       		.uleb128 0x8
 701 0027 00       		.byte	0
 702 0028 00       		.byte	0
 703 0029 04       		.uleb128 0x4
 704 002a 16       		.uleb128 0x16
 705 002b 00       		.byte	0
 706 002c 03       		.uleb128 0x3
 707 002d 0E       		.uleb128 0xe
 708 002e 3A       		.uleb128 0x3a
 709 002f 0B       		.uleb128 0xb
 710 0030 3B       		.uleb128 0x3b
 711 0031 05       		.uleb128 0x5
 712 0032 49       		.uleb128 0x49
 713 0033 13       		.uleb128 0x13
 714 0034 00       		.byte	0
 715 0035 00       		.byte	0
 716 0036 05       		.uleb128 0x5
 717 0037 35       		.uleb128 0x35
 718 0038 00       		.byte	0
 719 0039 49       		.uleb128 0x49
 720 003a 13       		.uleb128 0x13
 721 003b 00       		.byte	0
 722 003c 00       		.byte	0
 723 003d 06       		.uleb128 0x6
 724 003e 2E       		.uleb128 0x2e
 725 003f 01       		.byte	0x1
 726 0040 3F       		.uleb128 0x3f
 727 0041 19       		.uleb128 0x19
 728 0042 03       		.uleb128 0x3
 729 0043 0E       		.uleb128 0xe
 730 0044 3A       		.uleb128 0x3a
 731 0045 0B       		.uleb128 0xb
 732 0046 3B       		.uleb128 0x3b
 733 0047 0B       		.uleb128 0xb
 734 0048 27       		.uleb128 0x27
 735 0049 19       		.uleb128 0x19
 736 004a 11       		.uleb128 0x11
 737 004b 01       		.uleb128 0x1
 738 004c 12       		.uleb128 0x12
ARM GAS  C:\Users\zozo\AppData\Local\Temp\ccienpqt.s 			page 33


 739 004d 06       		.uleb128 0x6
 740 004e 40       		.uleb128 0x40
 741 004f 18       		.uleb128 0x18
 742 0050 9742     		.uleb128 0x2117
 743 0052 19       		.uleb128 0x19
 744 0053 01       		.uleb128 0x1
 745 0054 13       		.uleb128 0x13
 746 0055 00       		.byte	0
 747 0056 00       		.byte	0
 748 0057 07       		.uleb128 0x7
 749 0058 05       		.uleb128 0x5
 750 0059 00       		.byte	0
 751 005a 03       		.uleb128 0x3
 752 005b 0E       		.uleb128 0xe
 753 005c 3A       		.uleb128 0x3a
 754 005d 0B       		.uleb128 0xb
 755 005e 3B       		.uleb128 0x3b
 756 005f 0B       		.uleb128 0xb
 757 0060 49       		.uleb128 0x49
 758 0061 13       		.uleb128 0x13
 759 0062 02       		.uleb128 0x2
 760 0063 17       		.uleb128 0x17
 761 0064 00       		.byte	0
 762 0065 00       		.byte	0
 763 0066 08       		.uleb128 0x8
 764 0067 34       		.uleb128 0x34
 765 0068 00       		.byte	0
 766 0069 03       		.uleb128 0x3
 767 006a 0E       		.uleb128 0xe
 768 006b 3A       		.uleb128 0x3a
 769 006c 0B       		.uleb128 0xb
 770 006d 3B       		.uleb128 0x3b
 771 006e 0B       		.uleb128 0xb
 772 006f 49       		.uleb128 0x49
 773 0070 13       		.uleb128 0x13
 774 0071 00       		.byte	0
 775 0072 00       		.byte	0
 776 0073 09       		.uleb128 0x9
 777 0074 2E       		.uleb128 0x2e
 778 0075 00       		.byte	0
 779 0076 3F       		.uleb128 0x3f
 780 0077 19       		.uleb128 0x19
 781 0078 03       		.uleb128 0x3
 782 0079 0E       		.uleb128 0xe
 783 007a 3A       		.uleb128 0x3a
 784 007b 0B       		.uleb128 0xb
 785 007c 3B       		.uleb128 0x3b
 786 007d 0B       		.uleb128 0xb
 787 007e 27       		.uleb128 0x27
 788 007f 19       		.uleb128 0x19
 789 0080 49       		.uleb128 0x49
 790 0081 13       		.uleb128 0x13
 791 0082 11       		.uleb128 0x11
 792 0083 01       		.uleb128 0x1
 793 0084 12       		.uleb128 0x12
 794 0085 06       		.uleb128 0x6
 795 0086 40       		.uleb128 0x40
ARM GAS  C:\Users\zozo\AppData\Local\Temp\ccienpqt.s 			page 34


 796 0087 18       		.uleb128 0x18
 797 0088 9742     		.uleb128 0x2117
 798 008a 19       		.uleb128 0x19
 799 008b 00       		.byte	0
 800 008c 00       		.byte	0
 801 008d 0A       		.uleb128 0xa
 802 008e 05       		.uleb128 0x5
 803 008f 00       		.byte	0
 804 0090 03       		.uleb128 0x3
 805 0091 0E       		.uleb128 0xe
 806 0092 3A       		.uleb128 0x3a
 807 0093 0B       		.uleb128 0xb
 808 0094 3B       		.uleb128 0x3b
 809 0095 0B       		.uleb128 0xb
 810 0096 49       		.uleb128 0x49
 811 0097 13       		.uleb128 0x13
 812 0098 02       		.uleb128 0x2
 813 0099 18       		.uleb128 0x18
 814 009a 00       		.byte	0
 815 009b 00       		.byte	0
 816 009c 0B       		.uleb128 0xb
 817 009d 34       		.uleb128 0x34
 818 009e 00       		.byte	0
 819 009f 03       		.uleb128 0x3
 820 00a0 0E       		.uleb128 0xe
 821 00a1 3A       		.uleb128 0x3a
 822 00a2 0B       		.uleb128 0xb
 823 00a3 3B       		.uleb128 0x3b
 824 00a4 0B       		.uleb128 0xb
 825 00a5 49       		.uleb128 0x49
 826 00a6 13       		.uleb128 0x13
 827 00a7 02       		.uleb128 0x2
 828 00a8 17       		.uleb128 0x17
 829 00a9 00       		.byte	0
 830 00aa 00       		.byte	0
 831 00ab 0C       		.uleb128 0xc
 832 00ac 2E       		.uleb128 0x2e
 833 00ad 01       		.byte	0x1
 834 00ae 3F       		.uleb128 0x3f
 835 00af 19       		.uleb128 0x19
 836 00b0 03       		.uleb128 0x3
 837 00b1 0E       		.uleb128 0xe
 838 00b2 3A       		.uleb128 0x3a
 839 00b3 0B       		.uleb128 0xb
 840 00b4 3B       		.uleb128 0x3b
 841 00b5 0B       		.uleb128 0xb
 842 00b6 27       		.uleb128 0x27
 843 00b7 19       		.uleb128 0x19
 844 00b8 49       		.uleb128 0x49
 845 00b9 13       		.uleb128 0x13
 846 00ba 11       		.uleb128 0x11
 847 00bb 01       		.uleb128 0x1
 848 00bc 12       		.uleb128 0x12
 849 00bd 06       		.uleb128 0x6
 850 00be 40       		.uleb128 0x40
 851 00bf 18       		.uleb128 0x18
 852 00c0 9742     		.uleb128 0x2117
ARM GAS  C:\Users\zozo\AppData\Local\Temp\ccienpqt.s 			page 35


 853 00c2 19       		.uleb128 0x19
 854 00c3 00       		.byte	0
 855 00c4 00       		.byte	0
 856 00c5 00       		.byte	0
 857              		.section	.debug_loc,"",%progbits
 858              	.Ldebug_loc0:
 859              	.LLST0:
 860 0000 00000000 		.4byte	.LVL0
 861 0004 08000000 		.4byte	.LVL1
 862 0008 0100     		.2byte	0x1
 863 000a 50       		.byte	0x50
 864 000b 08000000 		.4byte	.LVL1
 865 000f 18000000 		.4byte	.LFE0
 866 0013 0400     		.2byte	0x4
 867 0015 F3       		.byte	0xf3
 868 0016 01       		.uleb128 0x1
 869 0017 50       		.byte	0x50
 870 0018 9F       		.byte	0x9f
 871 0019 00000000 		.4byte	0
 872 001d 00000000 		.4byte	0
 873              	.LLST1:
 874 0021 00000000 		.4byte	.LVL2
 875 0025 06000000 		.4byte	.LVL3
 876 0029 0100     		.2byte	0x1
 877 002b 50       		.byte	0x50
 878 002c 06000000 		.4byte	.LVL3
 879 0030 18000000 		.4byte	.LFE1
 880 0034 0400     		.2byte	0x4
 881 0036 F3       		.byte	0xf3
 882 0037 01       		.uleb128 0x1
 883 0038 50       		.byte	0x50
 884 0039 9F       		.byte	0x9f
 885 003a 00000000 		.4byte	0
 886 003e 00000000 		.4byte	0
 887              	.LLST2:
 888 0042 00000000 		.4byte	.LVL4
 889 0046 08000000 		.4byte	.LVL7
 890 004a 0100     		.2byte	0x1
 891 004c 50       		.byte	0x50
 892 004d 08000000 		.4byte	.LVL7
 893 0051 14000000 		.4byte	.LFE4
 894 0055 0400     		.2byte	0x4
 895 0057 F3       		.byte	0xf3
 896 0058 01       		.uleb128 0x1
 897 0059 50       		.byte	0x50
 898 005a 9F       		.byte	0x9f
 899 005b 00000000 		.4byte	0
 900 005f 00000000 		.4byte	0
 901              	.LLST3:
 902 0063 04000000 		.4byte	.LVL5
 903 0067 06000000 		.4byte	.LVL6
 904 006b 0B00     		.2byte	0xb
 905 006d 70       		.byte	0x70
 906 006e 00       		.sleb128 0
 907 006f 0A       		.byte	0xa
 908 0070 FFFF     		.2byte	0xffff
 909 0072 1A       		.byte	0x1a
ARM GAS  C:\Users\zozo\AppData\Local\Temp\ccienpqt.s 			page 36


 910 0073 20       		.byte	0x20
 911 0074 73       		.byte	0x73
 912 0075 00       		.sleb128 0
 913 0076 1A       		.byte	0x1a
 914 0077 9F       		.byte	0x9f
 915 0078 00000000 		.4byte	0
 916 007c 00000000 		.4byte	0
 917              	.LLST4:
 918 0080 08000000 		.4byte	.LVL8
 919 0084 0C000000 		.4byte	.LVL9
 920 0088 0100     		.2byte	0x1
 921 008a 50       		.byte	0x50
 922 008b 0C000000 		.4byte	.LVL9
 923 008f 14000000 		.4byte	.LFE5
 924 0093 0400     		.2byte	0x4
 925 0095 72       		.byte	0x72
 926 0096 00       		.sleb128 0
 927 0097 06       		.byte	0x6
 928 0098 9F       		.byte	0x9f
 929 0099 00000000 		.4byte	0
 930 009d 00000000 		.4byte	0
 931              		.section	.debug_aranges,"",%progbits
 932 0000 44000000 		.4byte	0x44
 933 0004 0200     		.2byte	0x2
 934 0006 00000000 		.4byte	.Ldebug_info0
 935 000a 04       		.byte	0x4
 936 000b 00       		.byte	0
 937 000c 0000     		.2byte	0
 938 000e 0000     		.2byte	0
 939 0010 00000000 		.4byte	.LFB0
 940 0014 18000000 		.4byte	.LFE0-.LFB0
 941 0018 00000000 		.4byte	.LFB1
 942 001c 18000000 		.4byte	.LFE1-.LFB1
 943 0020 00000000 		.4byte	.LFB2
 944 0024 10000000 		.4byte	.LFE2-.LFB2
 945 0028 00000000 		.4byte	.LFB3
 946 002c 10000000 		.4byte	.LFE3-.LFB3
 947 0030 00000000 		.4byte	.LFB4
 948 0034 14000000 		.4byte	.LFE4-.LFB4
 949 0038 00000000 		.4byte	.LFB5
 950 003c 14000000 		.4byte	.LFE5-.LFB5
 951 0040 00000000 		.4byte	0
 952 0044 00000000 		.4byte	0
 953              		.section	.debug_ranges,"",%progbits
 954              	.Ldebug_ranges0:
 955 0000 00000000 		.4byte	.LFB0
 956 0004 18000000 		.4byte	.LFE0
 957 0008 00000000 		.4byte	.LFB1
 958 000c 18000000 		.4byte	.LFE1
 959 0010 00000000 		.4byte	.LFB2
 960 0014 10000000 		.4byte	.LFE2
 961 0018 00000000 		.4byte	.LFB3
 962 001c 10000000 		.4byte	.LFE3
 963 0020 00000000 		.4byte	.LFB4
 964 0024 14000000 		.4byte	.LFE4
 965 0028 00000000 		.4byte	.LFB5
 966 002c 14000000 		.4byte	.LFE5
ARM GAS  C:\Users\zozo\AppData\Local\Temp\ccienpqt.s 			page 37


 967 0030 00000000 		.4byte	0
 968 0034 00000000 		.4byte	0
 969              		.section	.debug_line,"",%progbits
 970              	.Ldebug_line0:
 971 0000 CB000000 		.section	.debug_str,"MS",%progbits,1
 971      02004800 
 971      00000201 
 971      FB0E0D00 
 971      01010101 
 972              	.LASF15:
 973 0000 72656733 		.ascii	"reg32\000"
 973      3200
 974              	.LASF21:
 975 0006 4C65645F 		.ascii	"Led_Green_ReadDataReg\000"
 975      47726565 
 975      6E5F5265 
 975      61644461 
 975      74615265 
 976              	.LASF19:
 977 001c 76616C75 		.ascii	"value\000"
 977      6500
 978              	.LASF28:
 979 0022 2E5C4765 		.ascii	".\\Generated_Source\\PSoC4\\Led_Green.c\000"
 979      6E657261 
 979      7465645F 
 979      536F7572 
 979      63655C50 
 980              	.LASF16:
 981 0047 4C65645F 		.ascii	"Led_Green_SetDriveMode\000"
 981      47726565 
 981      6E5F5365 
 981      74447269 
 981      76654D6F 
 982              	.LASF24:
 983 005e 4C65645F 		.ascii	"Led_Green_ClearInterrupt\000"
 983      47726565 
 983      6E5F436C 
 983      65617249 
 983      6E746572 
 984              	.LASF12:
 985 0077 666C6F61 		.ascii	"float\000"
 985      7400
 986              	.LASF27:
 987 007d 474E5520 		.ascii	"GNU C 4.9.3 20150303 (release) [ARM/embedded-4_9-br"
 987      4320342E 
 987      392E3320 
 987      32303135 
 987      30333033 
 988 00b0 616E6368 		.ascii	"anch revision 221220] -mcpu=cortex-m0 -mthumb -g -O"
 988      20726576 
 988      6973696F 
 988      6E203232 
 988      31323230 
 989 00e3 73202D66 		.ascii	"s -ffunction-sections -flto -ffat-lto-objects\000"
 989      66756E63 
 989      74696F6E 
 989      2D736563 
ARM GAS  C:\Users\zozo\AppData\Local\Temp\ccienpqt.s 			page 38


 989      74696F6E 
 990              	.LASF1:
 991 0111 756E7369 		.ascii	"unsigned char\000"
 991      676E6564 
 991      20636861 
 991      7200
 992              	.LASF30:
 993 011f 64725661 		.ascii	"drVal\000"
 993      6C00
 994              	.LASF5:
 995 0125 6C6F6E67 		.ascii	"long unsigned int\000"
 995      20756E73 
 995      69676E65 
 995      6420696E 
 995      7400
 996              	.LASF3:
 997 0137 73686F72 		.ascii	"short unsigned int\000"
 997      7420756E 
 997      7369676E 
 997      65642069 
 997      6E7400
 998              	.LASF13:
 999 014a 646F7562 		.ascii	"double\000"
 999      6C6500
 1000              	.LASF22:
 1001 0151 4C65645F 		.ascii	"Led_Green_SetInterruptMode\000"
 1001      47726565 
 1001      6E5F5365 
 1001      74496E74 
 1001      65727275 
 1002              	.LASF10:
 1003 016c 75696E74 		.ascii	"uint16\000"
 1003      313600
 1004              	.LASF23:
 1005 0173 706F7369 		.ascii	"position\000"
 1005      74696F6E 
 1005      00
 1006              	.LASF11:
 1007 017c 75696E74 		.ascii	"uint32\000"
 1007      333200
 1008              	.LASF25:
 1009 0183 696E7472 		.ascii	"intrCfg\000"
 1009      43666700 
 1010              	.LASF8:
 1011 018b 756E7369 		.ascii	"unsigned int\000"
 1011      676E6564 
 1011      20696E74 
 1011      00
 1012              	.LASF7:
 1013 0198 6C6F6E67 		.ascii	"long long unsigned int\000"
 1013      206C6F6E 
 1013      6720756E 
 1013      7369676E 
 1013      65642069 
 1014              	.LASF18:
 1015 01af 6D6F6465 		.ascii	"mode\000"
 1015      00
ARM GAS  C:\Users\zozo\AppData\Local\Temp\ccienpqt.s 			page 39


 1016              	.LASF20:
 1017 01b4 4C65645F 		.ascii	"Led_Green_Read\000"
 1017      47726565 
 1017      6E5F5265 
 1017      616400
 1018              	.LASF6:
 1019 01c3 6C6F6E67 		.ascii	"long long int\000"
 1019      206C6F6E 
 1019      6720696E 
 1019      7400
 1020              	.LASF26:
 1021 01d1 6D61736B 		.ascii	"maskedStatus\000"
 1021      65645374 
 1021      61747573 
 1021      00
 1022              	.LASF14:
 1023 01de 63686172 		.ascii	"char\000"
 1023      00
 1024              	.LASF17:
 1025 01e3 4C65645F 		.ascii	"Led_Green_Write\000"
 1025      47726565 
 1025      6E5F5772 
 1025      69746500 
 1026              	.LASF2:
 1027 01f3 73686F72 		.ascii	"short int\000"
 1027      7420696E 
 1027      7400
 1028              	.LASF9:
 1029 01fd 75696E74 		.ascii	"uint8\000"
 1029      3800
 1030              	.LASF4:
 1031 0203 6C6F6E67 		.ascii	"long int\000"
 1031      20696E74 
 1031      00
 1032              	.LASF29:
 1033 020c 433A5C55 		.ascii	"C:\\Users\\zozo\\GitHub\\Connection_Parameters1\\Co"
 1033      73657273 
 1033      5C7A6F7A 
 1033      6F5C4769 
 1033      74487562 
 1034 023a 6E6E6563 		.ascii	"nnection_Parameters\\Connection_Parameters.cydsn\000"
 1034      74696F6E 
 1034      5F506172 
 1034      616D6574 
 1034      6572735C 
 1035              	.LASF0:
 1036 026a 7369676E 		.ascii	"signed char\000"
 1036      65642063 
 1036      68617200 
 1037              		.comm	__gnu_lto_v1,1,1
 1038              		.ident	"GCC: (GNU Tools for ARM Embedded Processors) 4.9.3 20150303 (release) [ARM/embedded-4_9-br
