ARM GAS  C:\Users\zozo\AppData\Local\Temp\ccpiadrk.s 			page 1


   1              		.cpu cortex-m0
   2              		.fpu softvfp
   3              		.eabi_attribute 20, 1
   4              		.eabi_attribute 21, 1
   5              		.eabi_attribute 23, 3
   6              		.eabi_attribute 24, 1
   7              		.eabi_attribute 25, 1
   8              		.eabi_attribute 26, 1
   9              		.eabi_attribute 30, 4
  10              		.eabi_attribute 34, 0
  11              		.eabi_attribute 18, 4
  12              		.code	16
  13              		.file	"Led_Red.c"
  14              		.text
  15              	.Ltext0:
  16              		.section	.gnu.lto_.profile.d9224c0a,"",%progbits
  17 0000 789C6366 		.ascii	"x\234cf```a\200\000F\006uE\000\000\343\000Q"
  17      60606061 
  17      80004606 
  17      75450000 
  17      E30051
  18              		.text
  19              		.section	.gnu.lto_.jmpfuncs.d9224c0a,"",%progbits
  20 0000 789C6366 		.ascii	"x\234cf\300\016d\2404\033\003##c=#\210`b``f``abdd\256"
  20      C00E64A0 
  20      341B0323 
  20      23633D23 
  20      88606260 
  21 001d AF6705CA 		.ascii	"\257g\005\312\001\000 \267\002>"
  21      010020B7 
  21      023E
  22              		.text
  23              		.section	.gnu.lto_.inline.d9224c0a,"",%progbits
  24 0000 789C6366 		.ascii	"x\234cf\300\016f@i6\006\006\016vFF\006F\006\006f\216"
  24      C00E6640 
  24      69360606 
  24      0E764646 
  24      06460606 
  25 0016 03760C6C 		.ascii	"\003v\014l\013\344\231\030\230.\360\263\200$\031\031"
  25      0BE49918 
  25      982EF0B3 
  25      80241919 
  26 0026 3839D0E5 		.ascii	"89\320\345X\026\310\203\345\230\030\330X\031\031\230"
  26      5816C883 
  26      E59818D8 
  26      58191998 
  27 0036 D83EE841 		.ascii	"\330>\350A\304\201\200\031S\210\005d\002\023\310\004"
  27      C4818019 
  27      53880564 
  27      0213C804 
  28 0046 A0390C2C 		.ascii	"\2409\014,\2506\000\011\036\220\"V\006v6\240>\270$\010"
  28      A8360009 
  28      1E902256 
  28      067636A0 
  28      3EB82408 
  29 005a 0000BE90 		.ascii	"\000\000\276\220\017\254"
  29      0FAC
ARM GAS  C:\Users\zozo\AppData\Local\Temp\ccpiadrk.s 			page 2


  30              		.text
  31              		.section	.gnu.lto_.pureconst.d9224c0a,"",%progbits
  32 0000 789C6366 		.ascii	"x\234cf``\340e\200\0006\006)F)&)f)\026)V)\000\005\261"
  32      6060E065 
  32      80003606 
  32      29462926 
  32      29662916 
  33 001a 00C2     		.ascii	"\000\302"
  34              		.text
  35              		.section	.gnu.lto_Led_Red_SetDriveMode.d9224c0a,"",%progbits
  36 0000 789C7D51 		.ascii	"x\234}Q\317+DQ\030\375\316}o\336\320\344G\226\263\025"
  36      CF2B4451 
  36      18FDCE7D 
  36      6FDED0E4 
  36      4796B315 
  37 0014 2259F903 		.ascii	"\"Y\371\003\224\205\215\205\314v\012\231W6LM\254\335"
  37      94858D85 
  37      CC760A99 
  37      57364C4D 
  37      ACDD
  38 0026 19B3908D 		.ascii	"\031\263\220\215!\211d%\015\206\241,\260P/\311\312\217"
  38      21896425 
  38      0D86A12C 
  38      B0502FC9 
  38      CA8F
  39 0038 C6824C7E 		.ascii	"\306\202L~lFX(\032a\026z\276ofv\312\255\373\335\357"
  39      6C465828 
  39      1A61167A 
  39      BE6F6676 
  39      CAADFBDD 
  40 004d 9ECE39EF 		.ascii	"\236\3169\357\274\357\032\364w\371y\037\202\250\205"
  40      BCEF1AF4 
  40      77F9791F 
  40      82A885
  41 005c 4F180495 		.ascii	"O\030\004\2258'\212V(@\032\002\215+\214\343E\275+$\234"
  41      38278A56 
  41      28401A02 
  41      8D2B8CE3 
  41      45BD2B24 
  42 0071 D482AF69 		.ascii	"\324\202\257iUk\375\026\333\035\322s\375\005E\224W%"
  42      556BFD16 
  42      DB1DD273 
  42      FD054594 
  42      5725
  43 0083 1F24D1C4 		.ascii	"\037$\321\304\234\247\302K\262\312h\004q\3773s}\251"
  43      9CA7C24B 
  43      B2CA6804 
  43      71FF3373 
  43      7DA9
  44 0095 1A56B48E 		.ascii	"\032V\264\2169gi\335\201\002\233\256\301`\005Z\375h"
  44      396769DD 
  44      81029BAE 
  44      C160055A 
  44      FD68
  45 00a7 F6130384 		.ascii	"\366\023\003\204u4\010\371=\376s\355\263\342l^[\362"
  45      753408F9 
  45      3DFE73ED 
ARM GAS  C:\Users\zozo\AppData\Local\Temp\ccpiadrk.s 			page 3


  45      B3E26C5E 
  45      5BF2
  46 00b9 C4062CCE 		.ascii	"\304\006,\316E\333u\216v\335\374i\346\271\021\225\212"
  46      45DB758E 
  46      76DDFC69 
  46      E6B91195 
  46      8A
  47 00ca 35CA9062 		.ascii	"5\312\220bB\224\036i-)^)D9\336\022\374\221/|\032Y\034"
  47      42941E69 
  47      2D295E29 
  47      4439DE12 
  47      FC912F7C 
  48 00e1 7D4E5D2D 		.ascii	"}N]-Z\342\366\245\344/\356\216\357\366\253\237UA\031"
  48      5AE2F6A5 
  48      E42FEE8E 
  48      EFF6AB9F 
  48      554119
  49 00f4 93F18436 		.ascii	"\223\361\2046\345\333\017\271\213LE\021\"\271\036\344"
  49      E5DB0FB9 
  49      8B4C4511 
  49      22B91EE4 
  50 0104 E79DCA65 		.ascii	"\347\235\312e,E\343\034\331D\012~l\202\347\204-,\203"
  50      2C45E31C 
  50      D9440A7E 
  50      6C82E784 
  50      2D2C83
  51 0117 B298F82E 		.ascii	"\262\230\370.\333\031%\307\263\354\307\215)r\345\272"
  51      DB1925C7 
  51      B3ECC78D 
  51      2972E5BA 
  52 0127 D36E0D21 		.ascii	"\323n\015!\315\354,b\367\336\022\315\363\245L\221\335"
  52      CDEC2C62 
  52      F7DE12CD 
  52      F3A54C91 
  52      DD
  53 0138 966502B1 		.ascii	"\226e\002\261l\362uq\332'2O\035a\273(\231\370(S\274"
  53      6CF27571 
  53      DA27324F 
  53      1D61BB28 
  53      99F82853 
  54 014d 45738BA1 		.ascii	"Es\213\241\243Y\010\364_\254\035\216\305\022\272G\324"
  54      A35908F4 
  54      5FAC1D8E 
  54      C512BA47 
  54      D4
  55 015e D93B5142 		.ascii	"\331;QB\227\027\311\361ty\004<\220\372\266`\227=bG\006"
  55      9717C9F1 
  55      7479043C 
  55      90FAB660 
  55      973D6247 
  56 0173 46ED505F 		.ascii	"F\355P_ <\026\031\264\203=\201pg{\260\233\201^;\324"
  56      203C1619 
  56      B4833D81 
  56      70677BB0 
  56      9B815E3B 
  57 0188 3648E670 		.ascii	"6H\346p8d\377\002~\371\247\220"
  57      3864FF02 
ARM GAS  C:\Users\zozo\AppData\Local\Temp\ccpiadrk.s 			page 4


  57      7EF9A790 
  58              		.text
  59              		.section	.gnu.lto_Led_Red_Write.d9224c0a,"",%progbits
  60 0000 789C6552 		.ascii	"x\234eRMHTQ\030\275\347\336y?6\025!-d6-\006\223@\204"
  60      4D485451 
  60      18BDE7DE 
  60      793F3615 
  60      212D6436 
  61 0019 A05D1BA1 		.ascii	"\240]\033\241\205\033\027\241\321j(\006\347-\002I\030"
  61      851B17A1 
  61      D16A2806 
  61      E72D0249 
  61      18
  62 002a D2AD77EC 		.ascii	"\322\255w\354\351d\253Q\"\004q\304\"\372\231\322)\027"
  62      E964AB51 
  62      220471C4 
  62      22FA99D2 
  62      2917
  63 003c 492D7AB9 		.ascii	"I-z\271h\227\341FS\206\311p\204\204\240\034\305\232"
  63      6897E146 
  63      5386C970 
  63      8484A01C 
  63      C59A
  64 004e A0A6EF7B 		.ascii	"\240\246\357{w\323\320\345\335\237w\3369\347\236\373"
  64      77D3D0E5 
  64      DD9F77DE 
  64      39E79EFB 
  65 005e DDA7C4FF 		.ascii	"\335\247\304\377-F\375\232\024\342,\315P\0022\267\""
  65      2D46FD9A 
  65      14E22CCD 
  65      500232B7 
  65      22
  66 006f 44C69500 		.ascii	"D\306\225\000/\004\304\260\3040v\345\236D.(LE\333\036"
  66      2F04C4B0 
  66      C43076E5 
  66      9E442E28 
  66      4C45DB1E 
  67 0083 68ADBF57 		.ascii	"h\255\277W_\267\214\266\324H\266/\215\015\036\242\215"
  67      5FB78CB6 
  67      D448B62F 
  67      8D0D1EA2 
  67      8D
  68 0094 28FB057D 		.ascii	"(\373\005}G\251\323\020\264.\256\276\377\343\264\336"
  68      47A9D310 
  68      B42EAEBE 
  68      FFE3B4DE 
  69 00a4 D77A2478 		.ascii	"\327z$x5\257;Q#\317GP\244@{\014gb\202\000\201\307he"
  69      35AF3B51 
  69      23CF4750 
  69      A4407B0C 
  69      67628200 
  70 00bc 72F56EE1 		.ascii	"r\365n\341P\252\366P\370\371\336\366\254\023\237#\341"
  70      50AAF650 
  70      F8F9DEF6 
  70      AC139F23 
  70      E1
  71 00cd D6EEF6BB 		.ascii	"\326\356\366\273\250\236\322\376V\275~\212\365O\376"
ARM GAS  C:\Users\zozo\AppData\Local\Temp\ccpiadrk.s 			page 5


  71      A89ED2FE 
  71      56BD7E8A 
  71      F54FFE
  72 00dc D59B4682 		.ascii	"\325\233F\202=\377\367z\324\366)\330\011\024\0207\241"
  72      3DFFF77A 
  72      D4F629D8 
  72      09141037 
  72      A1
  73 00ed F0143668 		.ascii	"\360\0246hbd\2419\320\365\372\342\301\304\255\363\210"
  73      6264A139 
  73      D0F5FAE2 
  73      C1C4ADF3 
  73      88
  74 00fe 4ADA582A 		.ascii	"J\332X*\032TD\360G\013\034\302f\300\341\301\015\321"
  74      1A5444F0 
  74      470B1CC2 
  74      66C0E1C1 
  74      0DD1
  75 0110 26660951 		.ascii	"&f\011Q\241\316\205\330\241\027\232\325&\226\017o\257"
  75      A1CE85D8 
  75      A1179AD5 
  75      26960F6F 
  75      AF
  76 0121 E487D8FD 		.ascii	"\344\207\330\375\207\344\252d\307_n\034\375\"k2\242"
  76      87E4AA64 
  76      C75F6E1C 
  76      FD226B32 
  76      A2
  77 0132 FD9C8E70 		.ascii	"\375\234\216p\236O\225\017\253n\010\205\361v\276\326"
  77      9E4F950F 
  77      AB6E0885 
  77      F176BED6 
  78 0142 AA476630 		.ascii	"\252Gf0\235\361\251\006\026\236!\206yP|,`\006b\023#"
  78      9DF1A906 
  78      169E2186 
  78      79507C2C 
  78      60066213 
  79 0157 1FB32569 		.ascii	"\037\263%i\014\025y\022r\363\347X\011\006\211\020H\036"
  79      0C157912 
  79      72F3E758 
  79      09068910 
  79      481E
  80 0169 6F27BE15 		.ascii	"o'\276\025\217\261\245zCE+\222|\015\241\206\263\022"
  80      8FB1A57A 
  80      43452B92 
  80      7C0DA186 
  80      B312
  81 017b 8B45A5B1 		.ascii	"\213E\245\261\265\374\025\243\242\307\"\325\344\350"
  81      B5FC15A3 
  81      A2C722D5 
  81      E4E8
  82 0189 D2D2F150 		.ascii	"\322\322\361Pe\013<'Q\203\265C<\"\315\256\217\377\012"
  82      650B3C27 
  82      5183B543 
  82      3C22CDAE 
  82      8FFF0A
  83 019c 49E81478 		.ascii	"I\350\024xaH\007\266\241\270a\000\247q3\2273\227\263"
ARM GAS  C:\Users\zozo\AppData\Local\Temp\ccpiadrk.s 			page 6


  83      614807B6 
  83      A1B86100 
  83      A7713397 
  83      3397B3
  84 01af E5FC2543 		.ascii	"\345\374%Cj2\320\362\344\334I\006\032N\234\011\254\306"
  84      6A32D0F2 
  84      E4DC4906 
  84      1A4E9C09 
  84      ACC6
  85 01c1 332FD299 		.ascii	"3/\322\231I\"\312\310\004\033]\314\347K\254\320\257"
  85      4922CAC8 
  85      041B5DCC 
  85      E74BACD0 
  85      AF
  86 01d2 40E5A562 		.ascii	"@\345\245b\307;\022]\336u/\235\274\341\245\256\366\016"
  86      C73B125D 
  86      DE752F9D 
  86      BCE1A5AE 
  86      F60E
  87 01e4 0CA6FBBC 		.ascii	"\014\246\373\274\304\305\336\201\013\347\022\335\004"
  87      C4C5DE81 
  87      0BE712DD 
  87      04
  88 01f1 F478A98E 		.ascii	"\364x\251\216>a\015%\373\007=+\225\276\234\354\377\013"
  88      3E610D25 
  88      FB073D2B 
  88      95BE9CEC 
  88      FF0B
  89 0203 8D79E148 		.ascii	"\215y\341H"
  90              		.text
  91              		.section	.gnu.lto_Led_Red_Read.d9224c0a,"",%progbits
  92 0000 789C658F 		.ascii	"x\234e\217?HBQ\024\306\317w\336\353a\010\021M\341\032"
  92      3F484251 
  92      14C6CF77 
  92      DEEB6108 
  92      114DE11A 
  93 0014 258138B5 		.ascii	"%\2018\265\006ACKC\344\026B\204\2765Aj\366jO\203h\020"
  93      0641434B 
  93      43E41642 
  93      84BE3541 
  93      6AF66A4F 
  94 002b 9786700A 		.ascii	"\227\206p\012)\373\203\320 \266E8J\177\020\012$l1\260"
  94      29FB83D0 
  94      20B64538 
  94      4A7F100A 
  94      246C31B0 
  95 003f 2D11AA37 		.ascii	"-\021\2527\224\235\353k\353\302=\347\236{~|\3379\006"
  95      949DEB6B 
  95      EBC23DE7 
  95      9E7B7E7C 
  95      DF3906
  96 0052 FD3F01B9 		.ascii	"\375?\001\271\363 \232\226\014\203\300\371[\242\264"
  96      F3209A96 
  96      0C83C0F9 
  96      5BA2B4
  97 0061 8F01FD20 		.ascii	"\217\001\375 P\212\221\302\033\367\030\215\253\237&"
  97      508A91C2 
ARM GAS  C:\Users\zozo\AppData\Local\Temp\ccpiadrk.s 			page 7


  97      1BF7188D 
  97      AB9F26
  98 0070 8225A532 		.ascii	"\202%\2452\357\231\346\263?;\3512Q\237\011\241\000f"
  98      EF99E6B3 
  98      3F3BE932 
  98      519F09A1 
  98      0066
  99 0082 B50E8E11 		.ascii	"\265\016\216\021$\001{\316\367\223\337r\224R\343\272"
  99      24017BCE 
  99      F793DF72 
  99      9452E3BA 
 100 0092 2F8D1358 		.ascii	"/\215\023X\342A\225\211k5\030\364\033\205\356\014[L"
 100      E2419589 
 100      6B3518F4 
 100      1B85EE0C 
 100      5B4C
 101 00a4 2E8BA304 		.ascii	".\213\243\004S\207\021\322r\324\221\240\235_\231u6Z"
 101      538711D2 
 101      72D491A0 
 101      9D5F9975 
 101      365A
 102 00b6 B8F9D87B 		.ascii	"\270\371\330{,\257i\211O\326c\024\253\345\003\243\313"
 102      2CAF6989 
 102      4FD66314 
 102      ABE503A3 
 102      CB
 103 00c7 2EB3E3E4 		.ascii	".\263\343\344\225\251\015_:w\017\276\341\027\351\262"
 103      95A90D5F 
 103      3A770FBE 
 103      E117E9B2 
 104 00d7 72BFDFF5 		.ascii	"r\277\337\365\025q\230v\340\262\2012\0028\205\014\210"
 104      15719876 
 104      E0B28132 
 104      0238850C 
 104      88
 105 00e8 3314412D 		.ascii	"3\024A-\354|\345\352\246'hx\232\227G\245\352\250\026"
 105      EC7CE5EA 
 105      A6276878 
 105      9A9747A5 
 105      EAA816
 106 00fb C002E15C 		.ascii	"\300\002\341\\X\201\332\271\272\345A\246p\002\025\262"
 106      5881DAB9 
 106      BAE541A6 
 106      700215B2 
 107 010b B5DA9886 		.ascii	"\265\332\230\206L\213p1\2042\355\335\220\307\214\010"
 107      4C8B7031 
 107      8432EDDD 
 107      90C78C08 
 108 011b 466DE0AF 		.ascii	"Fm\340\257\032n\002\275\201\2144\025\216.\331\233vr"
 108      1A6E02BD 
 108      818C3415 
 108      8E2ED99B 
 108      7672
 109 012d 63CB8EAF 		.ascii	"c\313\216\257G\022\333\311\230\035]\211$\026\347\242"
 109      4712DBC9 
 109      981D5D89 
 109      2416E7A2 
ARM GAS  C:\Users\zozo\AppData\Local\Temp\ccpiadrk.s 			page 8


 110 013d CBF2B16A 		.ascii	"\313\362\261j\307\3031\372\005\231Kz\022"
 110      C7C331FA 
 110      05994B7A 
 110      12
 111              		.text
 112              		.section	.gnu.lto_Led_Red_ReadDataReg.d9224c0a,"",%progbits
 113 0000 789C658F 		.ascii	"x\234e\217?HBQ\024\306\317w\336\363a\031\021M\341\032"
 113      3F484251 
 113      14C6CF77 
 113      DEF36119 
 113      114DE11A 
 114 0014 2181B8D4 		.ascii	"!\201\270\324\032\004\015-\015\221[\010\021\372\326"
 114      1A040D2D 
 114      0D915B08 
 114      11FAD6
 115 0023 04A9D9A7 		.ascii	"\004\251\331\247=\225\232\3045\234B\372g\004\015e[\210"
 115      3D959AC4 
 115      359C42FA 
 115      67040D65 
 115      5B88
 116 0035 6314D110 		.ascii	"c\024\321\020J\330\242a\320\220\011\326\033\312\316"
 116      4AD8A261 
 116      D09009D6 
 116      1BCACE
 117 0044 D5B62EDC 		.ascii	"\325\266.\334s\356\271\347\307\367\235\243\321\377\343"
 117      73EEB9E7 
 117      C7F79DA3 
 117      D1FFE3
 118 0053 953B07A2 		.ascii	"\225;\007\242)\311\320\010\234\275%J\270\031P\017\002"
 118      29C9D008 
 118      9CBD254A 
 118      B819500F 
 118      02
 119 0064 C51971BC 		.ascii	"\305\031q\274r\233qs\365\363\000_\301\262\222\357\345"
 119      729B7173 
 119      F5F3005F 
 119      C1B292EF 
 119      E5
 120 0075 EA932735 		.ascii	"\352\223'5\3410Q\207\011~/\246\225\016\016\340#\001"
 120      E1305187 
 120      097E2FA6 
 120      950E0EE0 
 120      2301
 121 0087 DBF6F7A3 		.ascii	"\333\366\367\243\307\260-\313\032S}i\034\302\020\017"
 121      C7B02DCB 
 121      1A537D69 
 121      1CC2100F 
 122 0097 3A1BBFB6 		.ascii	":\033\277\266z\275\316K\2565\303\006\223\303\342(AW"
 122      7ABDCE4B 
 122      AE35C306 
 122      93C3E228 
 122      4157
 123 00a9 C1454A8E 		.ascii	"\301EJ\216\032\022\224s\223Ye\255\206rw\267[\\U\022"
 123      1A129473 
 123      935965AD 
 123      867277B7 
 123      5B5C5512 
ARM GAS  C:\Users\zozo\AppData\Local\Temp\ccpiadrk.s 			page 9


 124 00bd 9FACC6C8 		.ascii	"\237\254\306\310\354\\VGZ\3540[v\326\322\225\341s\343"
 124      EC5C5647 
 124      5AEC305B 
 124      76D6D295 
 124      E173E3
 125 00d0 EEDEDDFF 		.ascii	"\356\336\335\377\"U6\337\234\217\341<\366\0226\034\326"
 125      225536DF 
 125      9C8FE13C 
 125      F612361C 
 125      D6
 126 00e1 70042F8E 		.ascii	"p\004/\216!\003\342\004yP\015\333_\351\212>\020\324"
 126      2103E204 
 126      79500DDB 
 126      5FE98A3E 
 126      10D4
 127 00f3 069AE7FB 		.ascii	"\006\232\347\373\205\213!%\200yBQX\201\352\351\2121"
 127      858B2125 
 127      80794251 
 127      5881EAE9 
 127      8A31
 128 0105 8074E104 		.ascii	"\200t\341\004\312\245J\245Q\005\351\006\341\264\017"
 128      CAA54AA5 
 128      5105E906 
 128      E1B40F
 129 0114 25EB19FF 		.ascii	"%\353\031\377\200q\011Fu\340\257\352o\002\265\201\214"
 129      80710946 
 129      75E0AFEA 
 129      6F02B581 
 129      8C
 130 0125 3419082D 		.ascii	"4\031\010-\232\033fl}\323\214\254\005\243[\261\260\031"
 130      9A1B666C 
 130      7DD38CAC 
 130      05A35BB1 
 130      B019
 131 0137 5A0E4617 		.ascii	"Z\016F\027fCK\362\261bF\002a\372\005\332\246{\177"
 131      66434BF2 
 131      B1624602 
 131      61FA05DA 
 131      A67B7F
 132              		.text
 133              		.section	.gnu.lto_Led_Red_SetInterruptMode.d9224c0a,"",%progbits
 134 0000 789C6D91 		.ascii	"x\234m\221Oh\023A\024\306\347\315\354&\233&b\361 %\027"
 134      4F681341 
 134      14C6E7CD 
 134      EC269B26 
 134      62F12025 
 135 0015 85107B10 		.ascii	"\205\020{\020\352\2457/B\017^D\212\275\006D\232Ur0\221"
 135      EAA5372F 
 135      420F5E44 
 135      8ABD0644 
 135      9A557230 
 136 002a 184F1EBA 		.ascii	"\030O\036\272\251\333\024J\017\241\026)\206\242A\245"
 136      A9DB144A 
 136      0FA11629 
 136      86A241A5 
 137 003a ADD1345A 		.ascii	"\255\3214Z\025\315i\211\242\005\265*\024\013Ub\251\211"
 137      15CD6989 
ARM GAS  C:\Users\zozo\AppData\Local\Temp\ccpiadrk.s 			page 10


 137      A205B52A 
 137      140B5562 
 137      A989
 138 004c B5E0BF98 		.ascii	"\265\340\277\230h\272\202\304\367v\352\241\350\302\316"
 138      68BA82C4 
 138      F776EAA1 
 138      E8C2CE
 139 005b CCFBF1DE 		.ascii	"\314\373\361\3367\337{#\330\277\237\037\377\253\234"
 139      37DF7B23 
 139      D8BF9F1F 
 139      FFAB9C
 140 006a B1FDB883 		.ascii	"\261\375\270\203`\300\323\013\214%5\016@\007\006l\200"
 140      60C0D30B 
 140      8C25350E 
 140      4007066C 
 140      80
 141 007b C300ACF3 		.ascii	"\303\000\254\363\032\207\264\225\233\360v^3\014\343"
 141      1A87B495 
 141      9BF0765E 
 141      330CE3
 142 008a DBF77AC7 		.ascii	"\333\367z\307P\207\215eu.e`\012:1\245z?{V\354\001\206"
 142      50878D65 
 142      752E6560 
 142      0A3A31A5 
 142      7A3F7B56 
 143 00a1 C7A7AB1B 		.ascii	"\307\247\253\033u\337Gnsh\247\360\342R\265!(\344\234"
 143      75DF476E 
 143      7368A7F0 
 143      E252B521 
 143      28E49C
 144 00b4 C2DCA3F1 		.ascii	"\302\334\243\361\202;x\3050\006\255\205\202q\000\271"
 144      823B78C5 
 144      3006AD85 
 144      827100B9 
 145 00c4 80691028 		.ascii	"\200i\020(\0073\340\207\353\340g\210\030\344 \210\331"
 145      0733E087 
 145      EBE06788 
 145      18E42088 
 145      D9
 146 00d5 6BF6FAD4 		.ascii	"k\366\372\3246\261\317\321]M^\372\341\225\225_\377V"
 146      36B1CFD1 
 146      5D4D5EFA 
 146      E195955F 
 146      FF56
 147 00e7 DEF84FE5 		.ascii	"\336\370O\345M\010R\372\313\207\343\357U\321\355\224"
 147      4D0852FA 
 147      CB87E3EF 
 147      55D1ED94 
 148 00f7 3EC8379E 		.ascii	">\3107\236{\035K\273),\216\315O\270\034K\012\205\237"
 148      7B1D4BBB 
 148      292C8ECD 
 148      4FB81C4B 
 148      0A859F
 149 010a 2F94323C 		.ascii	"/\2242<\220E\341\225\231\341'>c\3360WZ\255]6W /\365"
 149      9045E195 
 149      99E1273E 
 149      63DE3057 
ARM GAS  C:\Users\zozo\AppData\Local\Temp\ccpiadrk.s 			page 11


 149      5AAD5D36 
 150 0122 6751BF00 		.ascii	"gQ\277\000\376\315\311aI\315\374\275\344u\2318\221v"
 150      FECDC961 
 150      49CDFCBD 
 150      E4759938 
 150      9176
 151 0134 B8050139 		.ascii	"\270\005\0019\015\270\015.\300\215\310\354\016\313h"
 151      0DB80D2E 
 151      C08DC8EC 
 151      0ECB68
 152 0143 B5E616CF 		.ascii	"\265\346\026\317O\357\025>\216\306T\001\324\223BG\225"
 152      4FEF153E 
 152      8EC65401 
 152      D4934247 
 152      95
 153 0154 1617A33C 		.ascii	"\026\027\243<7\220_\015\201\313C\264\215\026\306*\250"
 153      37905F0D 
 153      81CB43B4 
 153      8D16C62A 
 153      A8
 154 0165 47CF50C5 		.ascii	"G\317P\305\241\341.\226\241\364s\244\\\354\245+\232"
 154      A1E12E96 
 154      A1F473A4 
 154      5CECA52B 
 154      9A
 155 0176 9CDE24FF 		.ascii	"\234\336$\377e(\257Q\017\356Q3m8}\274\253\274x%\221"
 155      6528AF51 
 155      0FEE5133 
 155      6D387DBC 
 155      ABBC7825 
 156 018b E3F172E6 		.ascii	"\343\361r\346qm\373$d\222&\330\\\2039\354\341\016\365"
 156      716DFB24 
 156      649226D8 
 156      5C8339EC 
 156      E10EF5
 157 019e 00776112 		.ascii	"\000wa\022\3302\014\226\207\337\252RPi\342\340\220\374"
 157      D8320C96 
 157      87DFAA52 
 157      5069E2E0 
 157      90FC
 158 01b0 4A3D5324 		.ascii	"J=S$Q\021\"9\267\221\372\004\222\320\275\310\331k\340"
 158      51112239 
 158      B791FA04 
 158      92D0BDC8 
 158      D96BE0
 159 01c3 4EA3681E 		.ascii	"N\243h\036\241\314\371P\\\334\314\322P\251\211\006H"
 159      A1CCF950 
 159      5CDCCCD2 
 159      50A98906 
 159      48
 160 01d4 DE2D9107 		.ascii	"\336-\221\007)\2455R\015!I\233\243\346AX\032\313\356"
 160      29A53552 
 160      0D21499B 
 160      A3E64158 
 160      1ACBEE
 161 01e7 24B6C56E 		.ascii	"$\266\305n\322R\267\032\276\207\206\261\212\225!i\275"
 161      D252B71A 
ARM GAS  C:\Users\zozo\AppData\Local\Temp\ccpiadrk.s 			page 12


 161      BE8786B1 
 161      8A952169 
 161      BD
 162 01f8 394CF9F4 		.ascii	"9L\371\364\014\025\0164\033\234T\240+tP\217\352\361"
 162      0C150E34 
 162      1B9C54A0 
 162      2B74508F 
 162      EAF1
 163 020a 63093D7C 		.ascii	"c\011=|\264/v&\336\257\207z\373b=\335\241C\010\216\350"
 163      B42F7626 
 163      DEAF877A 
 163      FB623DDD 
 163      A143088E 
 164 021f E1AE7EA6 		.ascii	"\341\256~\246\235\212\235\216$\"\261\250r2\026\326\335"
 164      9D8A9D8E 
 164      2422B1A8 
 164      723216D6 
 164      DD
 165 0230 916822DE 		.ascii	"\221h\"\336s\374\304\037\0255\375h"
 165      73FCC41F 
 165      1535FD68 
 166              		.text
 167              		.section	.gnu.lto_Led_Red_ClearInterrupt.d9224c0a,"",%progbits
 168 0000 789C6590 		.ascii	"x\234e\220OHTQ\024\306\317w\356\374\263\211\220V2\233"
 168      4F485451 
 168      14C6CF77 
 168      EEFCB389 
 168      9056329B 
 169 0014 16034920 		.ascii	"\026\003I .\244U\253\300\205\233\026\341\264\034\210"
 169      2EA455AB 
 169      C0859B16 
 169      E1B41C88 
 170 0024 C179AB30 		.ascii	"\301y\2530A\307m\336\261\247C\271\031\214 \020\027\022"
 170      41C76DDE 
 170      B1A743B9 
 170      198C2010 
 170      1712
 171 0036 92D91FA3 		.ascii	"\222\331\037\243E\030\250\014C\270\212\"\004\015\213"
 171      4518A80C 
 171      43B88A22 
 171      040D8B
 172 0045 51C8C836 		.ascii	"Q\310\3106\242hS\317\324\3479\357\265H\274\360\336\275"
 172      A26853CF 
 172      D4E739EF 
 172      B548BCF0 
 172      DEBD
 173 0057 EF7BE7FB 		.ascii	"\357{\347\373\235\357\036C\247WJ\236/ j\223\035\206"
 173      9DEF1E43 
 173      A7574A9E 
 173      2F206A93 
 173      1D86
 174 0069 C0E50F44 		.ascii	"\300\345\017D\305\004\003z \320\000c\000?y\207\361\376"
 174      C504037A 
 174      20D00063 
 174      003F7987 
 174      F1FE
 175 007b EDD1129A 		.ascii	"\355\321\022\232'\255\035\334\256\376\375\232\034j\362"
ARM GAS  C:\Users\zozo\AppData\Local\Temp\ccpiadrk.s 			page 13


 175      27AD1DDC 
 175      AEFEFD9A 
 175      1C6AF2
 176 008a 98689709 		.ascii	"\230h\227\011-)\\R\016\236\240\231\244\360\341\267{"
 176      2D295C52 
 176      0E9EA099 
 176      A4F0E1B7 
 176      7B
 177 009b 5B3017A1 		.ascii	"[0\027\241\347\272?2\235HO\210i\275VZL\332G\326]\367"
 177      E7BA3F32 
 177      9D484F88 
 177      69BD565A 
 177      4CDA47D6 
 178 00b1 FD0B62C5 		.ascii	"\375\013b\305\024\314\377n]b\330q\017W\2221\327Z\333"
 178      14CCFF6E 
 178      5D62D871 
 178      0F579231 
 178      D75ADB
 179 00c4 88A7486B 		.ascii	"\210\247Hk\003!O#&!\241\312\314\371\212\365\375\335"
 179      03214F23 
 179      2621A1CA 
 179      CCF98AF5 
 179      FDDD
 180 00d6 AD075357 		.ascii	"\255\007SWL\202\311c\211\3551GH\177F\365;N\232\2146"
 180      4C82C963 
 180      89ED3147 
 180      487F46F5 
 180      3B4E9A8C 
 181 00eb E4A597F8 		.ascii	"\344\245\227\370\316\254\273YE\265~\277>\177Ga\277Y"
 181      CEACBB59 
 181      45B57EBF 
 181      3E7F4761 
 181      BF59
 182 00fd 6F34B7F7 		.ascii	"o4\267\367k\2047\331cSv\3136\242\355\3276>~J\004R\220"
 182      6B8437D9 
 182      635376CB 
 182      36A2EDD7 
 182      363E7E4A 
 183 0114 E6C76665 		.ascii	"\346\307fe\337\214c\254\350\302\343\010\236!\205\347"
 183      DF8C63AC 
 183      E8C2E308 
 183      9E2185E7 
 184 0124 90B47881 		.ascii	"\220\264x\201q\320*\006?\227\0168\004\032a\212r\367"
 184      71D02A06 
 184      3F970E38 
 184      041A618A 
 184      72F7
 185 0136 CFF03B84 		.ascii	"\317\360;\204JDDa\274~<\371\246A\221|\225\360R\334\313"
 185      4A444461 
 185      BC7E3CF9 
 185      A641917C 
 185      95F052DC 
 186 014b 082C9A57 		.ascii	"\010,\232W\212\224R+\035\315\337\010M\321P\252\216\006"
 186      8A94522B 
 186      1DCDDF08 
 186      4DD150AA 
 186      8E06
ARM GAS  C:\Users\zozo\AppData\Local\Temp\ccpiadrk.s 			page 14


 187 015d 9013118A 		.ascii	"\220\023\021\212\025>\031bFB\210C\273\326\206\027\027"
 187      153E1962 
 187      46428843 
 187      BBD68617 
 187      17
 188 016e CE8484B8 		.ascii	"\316\204\204\270\020\3047:4;{N\333Fc\204WR_\303\277"
 188      10C4373A 
 188      343B7B4E 
 188      DB466384 
 188      57525FC3 
 189 0183 5CF16038 		.ascii	"\\\361`8\320\241\310\210\322\255\331\016\347\266\323"
 189      D0A1C888 
 189      D2ADD90E 
 189      E7B6D3
 190 0192 9B2B38F9 		.ascii	"\233+8\371\233\231\236\376\336.'{=\323\323~9{M\204N"
 190      9B999EFE 
 190      DE2E277B 
 190      3DD3D37E 
 190      397B4D84 
 191 01a7 27DFDA45 		.ascii	"'\337\332Eg\273s}\267\234|\246\220+\364\367\035\003"
 191      67BB737D 
 191      B79C7CA6 
 191      902BF4F7 
 191      1D03
 192 01b9 DB01B638 		.ascii	"\333\001\2668"
 193              		.text
 194              		.section	.gnu.lto_.symbol_nodes.d9224c0a,"",%progbits
 195 0000 789C55C7 		.ascii	"x\234U\307;\015\000 \020D\301w\037\022tbd-\240\200\240"
 195      3B0D0020 
 195      1044C177 
 195      1F127462 
 195      642DA080 
 196 0015 084D3414 		.ascii	"\010M4\024\334t\023\300\340q\004\363\200\304\332\035"
 196      DC7413C0 
 196      E07104F3 
 196      80C4DA1D 
 197 0025 3759B9CB 		.ascii	"7Y\271\313\313CQ\236\312\362\246\366\237\013\351b\031"
 197      CB43519E 
 197      CAF2A6F6 
 197      9F0BE962 
 197      19
 198 0036 56       		.ascii	"V"
 199              		.text
 200              		.section	.gnu.lto_.refs.d9224c0a,"",%progbits
 201 0000 789C6366 		.ascii	"x\234cf```d\200\002\000\000=\000\005"
 201      60606064 
 201      80020000 
 201      3D0005
 202              		.text
 203              		.section	.gnu.lto_.decls.d9224c0a,"",%progbits
 204 0000 789C8D54 		.ascii	"x\234\215ToLSW\024\277\347\335\266\224\327\202f3h\310"
 204      6F4C5357 
 204      14BFE7DD 
 204      B694D782 
 204      663368C8 
 205 0014 124B9690 		.ascii	"\022K\226\220,!$\312\262\354\333>`b\\\266\205`\314>"
 205      2C2124CA 
ARM GAS  C:\Users\zozo\AppData\Local\Temp\ccpiadrk.s 			page 15


 205      B2ECDB3E 
 205      60625CB6 
 205      8560CC3E 
 206 0028 48621A78 		.ascii	"Hb\032xq$\006LW\226\270OW\032m\343\026\203\215L\246"
 206      7124064C 
 206      5796B84F 
 206      571A6DE3 
 206      16838D4C 
 207 003d 53713245 		.ascii	"Sq2E\235\250X\201\332\212\245\310\204\001c\270eH\262"
 207      9DA85881 
 207      DA8AA5C8 
 207      840163B8 
 207      6548B2
 208 0050 218AA01B 		.ascii	"!\212\240\033\021\201\221\0052\265\236{\337{}O}For\332"
 208      11819105 
 208      32B59E7B 
 208      DF7B7D4F 
 208      7D466F72 
 209 0065 77EE3DBF 		.ascii	"w\356=\277\337\371\363\273\357QBH3\020\222\302\005v"
 209      DFF9F3BB 
 209      EF514248 
 209      331092C2 
 209      0576
 210 0077 42C6D0CF 		.ascii	"B\306\320\317@+!\306r\240\265\242E\320\332\321\242h"
 210      402B21C6 
 210      72A0B5A2 
 210      45D0DAD1 
 210      A268
 211 0089 DD683DE4 		.ascii	"\335h=\344\305\325\252\305s\374Y\264<\264a\264!\264"
 211      C5D5AAC5 
 211      73FC59B4 
 211      3CB461B4 
 211      21B4
 212 009b 0FB518D0 		.ascii	"\017\265\030\320\342\236_\021\013l\216\011\257c#\026"
 212      E29E5F11 
 212      0B6C8E09 
 212      AF632316 
 213 00ab 585E97FD 		.ascii	"X^\227\375\0259\333-p\321\327\300E-p\274\377L\255\326"
 213      1539DB2D 
 213      70D1D7C0 
 213      452D70BC 
 213      FF4CADD6 
 214 00bf 6C34375A 		.ascii	"l47Z'\332\240\306\343\261\250\273\333\202\247G\353\331"
 214      27DAA0C6 
 214      E3B1A8BB 
 214      DB82A747 
 214      EBD9
 215 00d1 AA5F730D 		.ascii	"\252_s\015V\263\236\223\240\377\316\342\277\356\373"
 215      56B39E93 
 215      A0FFCEE2 
 215      BFEEFB
 216 00e0 1264CBCB 		.ascii	"\022d\313\313\271{pdr\201\242\353\226%\356\376q5\030"
 216      B97B7064 
 216      7281A2EB 
 216      9625EEFE 
 216      713518
 217 00f3 745209F8 		.ascii	"tR\011\370\363\361\206\333\277\313\005\247\031c!\226"
ARM GAS  C:\Users\zozo\AppData\Local\Temp\ccpiadrk.s 			page 16


 217      F3F186DB 
 217      BFCB05A7 
 217      19632196 
 218 0103 488041B1 		.ascii	"H\200A\261\363D\354\353\014\304\344\310\302\335\333"
 218      F344ECEB 
 218      0CC4E4C8 
 218      C2DDDB
 219 0112 7FB08B0A 		.ascii	"\177\260\213\0127\305q\322\350\350\376%\012r~\210\261"
 219      37C571D2 
 219      E8E8FE25 
 219      0A727E88 
 219      B1
 220 0123 5A361B66 		.ascii	"Z6\033ft\025\201\202\\x'\227@\013\344c\030\234\206\002"
 220      74158182 
 220      5C782797 
 220      400BE463 
 220      189C8602 
 221 0137 02672017 		.ascii	"\002g \027~\204\\\322\204\011f\217\316\376\366\026c"
 221      7E845CD2 
 221      8409668F 
 221      CEFEF616 
 221      63
 222 0148 36380B32 		.ascii	"68\0132\234\002*\"\260\015\236AKZ\267\253\253\316f\223"
 222      9C022A22 
 222      B00D9E41 
 222      4B5AB7AB 
 222      ABCE6693 
 223 015c 7093C76C 		.ascii	"p\223\307l\266\361\275\201\003\337%]+\353\031_\001\266"
 223      B6F1BD81 
 223      03DF255D 
 223      2BEB195F 
 223      01B6
 224 016e 5C82921C 		.ascii	"\\\202\222\0348\211\264\315HK\340<\254\304\337s`S\011"
 224      3889B4CD 
 224      484BE03C 
 224      ACC4DF73 
 224      605309
 225 0181 4243F10E 		.ascii	"BC\361\016\027-\022\255\315=\252\377O\362\034a\215\347"
 225      172D12AD 
 225      CD3DAAFF 
 225      4FF21C61 
 225      8DE7
 226 0193 671B0253 		.ascii	"g\033\002S%\373\002l?\033O\245V\013\020\\H\027@\370"
 226      25FB026C 
 226      3F1B4FA5 
 226      560B105C 
 226      481740F8 
 227 01a7 B33AD156 		.ascii	"\263:\321V\360 \260\355\257c\217\355t\233 I\214|Sk\023"
 227      F020B0ED 
 227      AF638FED 
 227      749B2049 
 227      8C7C536B 
 228 01bc 24E3B7BA 		.ascii	"$\343\267\272\225D-{\224JQ\225\341\242\211\341\242\316"
 228      95442D7B 
 228      944A5195 
 228      E1A289E1 
 228      A2CE
ARM GAS  C:\Users\zozo\AppData\Local\Temp\ccpiadrk.s 			page 17


 229 01ce 10110C83 		.ascii	"\020\021\014\203g\372v\203\271f\336\216Q\364%Q\364f"
 229      67FA7683 
 229      B966DE8E 
 229      51F42551 
 229      F466
 230 01e0 ADE6AED6 		.ascii	"\255\346\256\326\311\231,\372\245Hw=\030Jf\251\351\032"
 230      C9992CFA 
 230      A548773D 
 230      184A66A9 
 230      E91A
 231 01f2 268D7408 		.ascii	"&\215t\010\2006S\2726=]\273H7y\354\341\023\240A\020"
 231      803653BA 
 231      363D5DBB 
 231      483779EC 
 231      E113A041 
 232 0207 14D38153 		.ascii	"\024\323\201SSj\333\215\003?8\232Y\"\225\372@\020t\230"
 232      536ADB8D 
 232      033F389A 
 232      592295FA 
 232      40107498 
 233 021b 083A7482 		.ascii	"\010:t\202\250 8<?\023\317\244\207T\002]y\217\252\374"
 233      A820383C 
 233      3F13CFA4 
 233      8754025D 
 233      798FAAFC 
 234 022f 81E9C588 		.ascii	"\201\351\305\210S\270\274\024\224\376\377\211\226\223"
 234      53B8BC14 
 234      94FEFF89 
 234      9693
 235 023d 0EC89755 		.ascii	"\016\310\227UM\347UM;\261\301\313\206\246\036MSq=p\004"
 235      4DE7554D 
 235      3BB1C1CB 
 235      86A61E4D 
 235      53713D70 
 236 0252 F6E66C92 		.ascii	"\366\346l\222\036\000\\\301\033\342\321nH\0147\343\270"
 236      1E005CC1 
 236      1BE2D16E 
 236      480C37E3 
 236      B8
 237 0263 8999E24D 		.ascii	"\211\231\342M\377\314\270\204\372\235i\365\003c\261"
 237      FFCCB884 
 237      FA9D69F5 
 237      0363B1
 238 0272 31677AEF 		.ascii	"1gz\357*\210\315\360\304\335Q\373K\257D\227\230nB\277"
 238      2A88CDF0 
 238      C4DD51FB 
 238      4BAF4497 
 238      986E42BF 
 239 0286 12C1BF77 		.ascii	"\022\301\277w-8\351\367jo\207\347/=piwb\342\336\232"
 239      2D38E9F7 
 239      6A6F87E7 
 239      2F3D7069 
 239      7762E2DE 
 240 029b 6F59E34E 		.ascii	"oY\343N\366\004?q\002\005I\323\204\222\372\204\272\305"
 240      F6043F71 
 240      020549D3 
 240      8492FA84 
ARM GAS  C:\Users\zozo\AppData\Local\Temp\ccpiadrk.s 			page 18


 240      BAC5
 241 02ad 84D88313 		.ascii	"\204\330\203\023\273\0354\246\262L\335M.-SU\372\363"
 241      BB1D34A6 
 241      B24CDD4D 
 241      2E2D5355 
 241      FAF3
 242 02bf DEB32A5D 		.ascii	"\336\263*]3Q\\\323)z\004E\264ea\320%^J\017'\271\034"
 242      33515CD3 
 242      297A0445 
 242      B46561D0 
 242      255E4A0F 
 243 02d6 EE6D7088 		.ascii	"\356mp\210\227R\364\024\012\267M\333\351\215g%\310S"
 243      9752F414 
 243      0AB74DDB 
 243      E98D6725 
 243      C853
 244 02e8 25B87568 		.ascii	"%\270uh\251)S\270\374{\274\214o\335\2769\022\317\240"
 244      A92953B8 
 244      FC7BBC8C 
 244      6FDDBE39 
 244      12CFA0
 245 02fb 3745B814 		.ascii	"7E\270\024K\206\207\345\264\"\013\252\"\2038\257~C\221"
 245      4B8687E5 
 245      B4220BAA 
 245      228338AF 
 245      7E4391
 246 030e 3CB32275 		.ascii	"<\263\"u\001\226\331\213\212\374\204C\273\316\025\031"
 246      0196D98B 
 246      8AFC8443 
 246      BBCE1519 
 247 031e 4045F234 		.ascii	"@E\3624E\372p\363gU\221\033\365sG\235r\210O\3715!\322"
 247      45FA70F3 
 247      6755911B 
 247      F573479D 
 247      72884FF9 
 248 0335 578BF7E7 		.ascii	"W\213\367\347\262\325\017\203\005\350W\013\020\257z"
 248      B2D50F83 
 248      05E8570B 
 248      10AF7A
 249 0344 7CE0DC1B 		.ascii	"|\340\334\033\014`\010k\3565j\376\005\214OCG\337\205"
 249      0C60086B 
 249      EE356AFE 
 249      058C4F43 
 249      47DF85
 250 0357 3B927B8F 		.ascii	";\222{\217Q\275\010\326\211\011\014\203[\314\232\377"
 250      51BD08D6 
 250      89090C83 
 250      5BCC9AFF 
 251 0367 DB6B2AAB 		.ascii	"\333k*\253\374\357;\326\177\262\311SL\336.,[\257T)>"
 251      FCEF3BD6 
 251      7FB2C953 
 251      4CDE2E2C 
 251      5BAF5429 
 252 037c AF5FA9D8 		.ascii	"\257_\251\330\262\261\272\306W\256\224\225l\254.~\267"
 252      B2B1BAC6 
 252      57AE9495 
 252      6CAC2E7E 
ARM GAS  C:\Users\zozo\AppData\Local\Temp\ccpiadrk.s 			page 19


 252      B7
 253 038d AC7C877F 		.ascii	"\254|\207\177\307v\345\363\302\317\310\212\217\360\254"
 253      C776E5F3 
 253      C2CFC88A 
 253      8FF0AC
 254 039c 949F2BFE 		.ascii	"\224\237+\376u\276\312/\224\217\253+\224\227\003\265"
 254      75BECA2F 
 254      948FAB2B 
 254      949703B5 
 255 03ac E8C27292 		.ascii	"\350\302r\222\245\003?\365U\372\025\267\356\225*\336"
 255      A5033FF5 
 255      55FA15B7 
 255      EE952ADE 
 256 03bc 8A37CDCE 		.ascii	"\2127\315\316:\257\337[\252lu\360\302\326\274\267\312"
 256      3AAFDF5B 
 256      AA6C75F0 
 256      C2D6BCB7 
 256      CA
 257 03cd 946E4395 		.ascii	"\224nC\225_\361\371j\266\373y\312\034\375\240x\233\342"
 257      5FF1F96A 
 257      B6FB79CA 
 257      1CFDA078 
 257      9BE2
 258 03df F5A58FEC 		.ascii	"\365\245\217\354>ek\321Z\001.Z\373\024wG\372\342"
 258      3E656BD1 
 258      5A012E5A 
 258      FB147747 
 258      FAE2
 259              		.text
 260              		.section	.gnu.lto_.symtab.d9224c0a,"",%progbits
 261 0000 4C65645F 		.ascii	"Led_Red_SetDriveMode\000\000\000\000\000\000\000\000"
 261      5265645F 
 261      53657444 
 261      72697665 
 261      4D6F6465 
 262 001c 00000000 		.ascii	"\000\000\000\000\262\000\000\000Led_Red_Write\000\000"
 262      B2000000 
 262      4C65645F 
 262      5265645F 
 262      57726974 
 263 0033 00000000 		.ascii	"\000\000\000\000\000\000\000\000\000\000\264\000\000"
 263      00000000 
 263      0000B400 
 263      00
 264 0040 004C6564 		.ascii	"\000Led_Red_Read\000\000\000\000\000\000\000\000\000"
 264      5F526564 
 264      5F526561 
 264      64000000 
 264      00000000 
 265 0056 000000B7 		.ascii	"\000\000\000\267\000\000\000Led_Red_ReadDataReg\000"
 265      0000004C 
 265      65645F52 
 265      65645F52 
 265      65616444 
 266 0071 00000000 		.ascii	"\000\000\000\000\000\000\000\000\000\000\000\271\000"
 266      00000000 
 266      000000B9 
ARM GAS  C:\Users\zozo\AppData\Local\Temp\ccpiadrk.s 			page 20


 266      00
 267 007e 00004C65 		.ascii	"\000\000Led_Red_SetInterruptMode\000\000\000\000\000"
 267      645F5265 
 267      645F5365 
 267      74496E74 
 267      65727275 
 268 009d 00000000 		.ascii	"\000\000\000\000\000\000\000\303\000\000\000Led_Red"
 268      000000C3 
 268      0000004C 
 268      65645F52 
 268      6564
 269 00af 5F436C65 		.ascii	"_ClearInterrupt\000\000\000\000\000\000\000\000\000"
 269      6172496E 
 269      74657272 
 269      75707400 
 269      00000000 
 270 00c7 000000C5 		.ascii	"\000\000\000\305\000\000\000"
 270      000000
 271              		.text
 272              		.section	.gnu.lto_.opts,"",%progbits
 273 0000 272D666E 		.ascii	"'-fno-trapv' '-mcpu=cortex-m0' '-mthumb' '-g' '-Os'"
 273      6F2D7472 
 273      61707627 
 273      20272D6D 
 273      6370753D 
 274 0033 20272D66 		.ascii	" '-ffunction-sections' '-flto' '-ffat-lto-objects'\000"
 274      66756E63 
 274      74696F6E 
 274      2D736563 
 274      74696F6E 
 275              		.text
 276              		.cfi_sections	.debug_frame
 277              		.section	.text.Led_Red_SetDriveMode,"ax",%progbits
 278              		.align	1
 279              		.global	Led_Red_SetDriveMode
 280              		.code	16
 281              		.thumb_func
 282              		.type	Led_Red_SetDriveMode, %function
 283              	Led_Red_SetDriveMode:
 284              	.LFB0:
 285              		.file 1 ".\\Generated_Source\\PSoC4\\Led_Red.c"
   1:.\Generated_Source\PSoC4/Led_Red.c **** /*******************************************************************************
   2:.\Generated_Source\PSoC4/Led_Red.c **** * File Name: Led_Red.c  
   3:.\Generated_Source\PSoC4/Led_Red.c **** * Version 2.20
   4:.\Generated_Source\PSoC4/Led_Red.c **** *
   5:.\Generated_Source\PSoC4/Led_Red.c **** * Description:
   6:.\Generated_Source\PSoC4/Led_Red.c **** *  This file contains API to enable firmware control of a Pins component.
   7:.\Generated_Source\PSoC4/Led_Red.c **** *
   8:.\Generated_Source\PSoC4/Led_Red.c **** ********************************************************************************
   9:.\Generated_Source\PSoC4/Led_Red.c **** * Copyright 2008-2015, Cypress Semiconductor Corporation.  All rights reserved.
  10:.\Generated_Source\PSoC4/Led_Red.c **** * You may use this file only in accordance with the license, terms, conditions, 
  11:.\Generated_Source\PSoC4/Led_Red.c **** * disclaimers, and limitations in the end user license agreement accompanying 
  12:.\Generated_Source\PSoC4/Led_Red.c **** * the software package with which this file was provided.
  13:.\Generated_Source\PSoC4/Led_Red.c **** *******************************************************************************/
  14:.\Generated_Source\PSoC4/Led_Red.c **** 
  15:.\Generated_Source\PSoC4/Led_Red.c **** #include "cytypes.h"
  16:.\Generated_Source\PSoC4/Led_Red.c **** #include "Led_Red.h"
ARM GAS  C:\Users\zozo\AppData\Local\Temp\ccpiadrk.s 			page 21


  17:.\Generated_Source\PSoC4/Led_Red.c **** 
  18:.\Generated_Source\PSoC4/Led_Red.c **** 
  19:.\Generated_Source\PSoC4/Led_Red.c **** #if defined(Led_Red__PC)
  20:.\Generated_Source\PSoC4/Led_Red.c ****     #define Led_Red_SetP4PinDriveMode(shift, mode)  \
  21:.\Generated_Source\PSoC4/Led_Red.c ****     do { \
  22:.\Generated_Source\PSoC4/Led_Red.c ****         Led_Red_PC =   (Led_Red_PC & \
  23:.\Generated_Source\PSoC4/Led_Red.c ****                                 (uint32)(~(uint32)(Led_Red_DRIVE_MODE_IND_MASK << \
  24:.\Generated_Source\PSoC4/Led_Red.c ****                                 (Led_Red_DRIVE_MODE_BITS * (shift))))) | \
  25:.\Generated_Source\PSoC4/Led_Red.c ****                                 (uint32)((uint32)(mode) << \
  26:.\Generated_Source\PSoC4/Led_Red.c ****                                 (Led_Red_DRIVE_MODE_BITS * (shift))); \
  27:.\Generated_Source\PSoC4/Led_Red.c ****     } while (0)
  28:.\Generated_Source\PSoC4/Led_Red.c **** #else
  29:.\Generated_Source\PSoC4/Led_Red.c ****     #if (CY_PSOC4_4200L)
  30:.\Generated_Source\PSoC4/Led_Red.c ****         #define Led_Red_SetP4PinDriveMode(shift, mode)  \
  31:.\Generated_Source\PSoC4/Led_Red.c ****         do { \
  32:.\Generated_Source\PSoC4/Led_Red.c ****             Led_Red_USBIO_CTRL_REG = (Led_Red_USBIO_CTRL_REG & \
  33:.\Generated_Source\PSoC4/Led_Red.c ****                                     (uint32)(~(uint32)(Led_Red_DRIVE_MODE_IND_MASK << \
  34:.\Generated_Source\PSoC4/Led_Red.c ****                                     (Led_Red_DRIVE_MODE_BITS * (shift))))) | \
  35:.\Generated_Source\PSoC4/Led_Red.c ****                                     (uint32)((uint32)(mode) << \
  36:.\Generated_Source\PSoC4/Led_Red.c ****                                     (Led_Red_DRIVE_MODE_BITS * (shift))); \
  37:.\Generated_Source\PSoC4/Led_Red.c ****         } while (0)
  38:.\Generated_Source\PSoC4/Led_Red.c ****     #endif
  39:.\Generated_Source\PSoC4/Led_Red.c **** #endif
  40:.\Generated_Source\PSoC4/Led_Red.c ****   
  41:.\Generated_Source\PSoC4/Led_Red.c **** 
  42:.\Generated_Source\PSoC4/Led_Red.c **** #if defined(Led_Red__PC) || (CY_PSOC4_4200L) 
  43:.\Generated_Source\PSoC4/Led_Red.c ****     /*******************************************************************************
  44:.\Generated_Source\PSoC4/Led_Red.c ****     * Function Name: Led_Red_SetDriveMode
  45:.\Generated_Source\PSoC4/Led_Red.c ****     ****************************************************************************//**
  46:.\Generated_Source\PSoC4/Led_Red.c ****     *
  47:.\Generated_Source\PSoC4/Led_Red.c ****     * \brief Sets the drive mode for each of the Pins component's pins.
  48:.\Generated_Source\PSoC4/Led_Red.c ****     * 
  49:.\Generated_Source\PSoC4/Led_Red.c ****     * <b>Note</b> This affects all pins in the Pins component instance. Use the
  50:.\Generated_Source\PSoC4/Led_Red.c ****     * Per-Pin APIs if you wish to control individual pin's drive modes.
  51:.\Generated_Source\PSoC4/Led_Red.c ****     *
  52:.\Generated_Source\PSoC4/Led_Red.c ****     * <b>Note</b> USBIOs have limited drive functionality. Refer to the Drive Mode
  53:.\Generated_Source\PSoC4/Led_Red.c ****     * parameter for more information.
  54:.\Generated_Source\PSoC4/Led_Red.c ****     *
  55:.\Generated_Source\PSoC4/Led_Red.c ****     * \param mode
  56:.\Generated_Source\PSoC4/Led_Red.c ****     *  Mode for the selected signals. Valid options are documented in 
  57:.\Generated_Source\PSoC4/Led_Red.c ****     *  \ref driveMode.
  58:.\Generated_Source\PSoC4/Led_Red.c ****     *
  59:.\Generated_Source\PSoC4/Led_Red.c ****     * \return
  60:.\Generated_Source\PSoC4/Led_Red.c ****     *  None
  61:.\Generated_Source\PSoC4/Led_Red.c ****     *
  62:.\Generated_Source\PSoC4/Led_Red.c ****     * \sideeffect
  63:.\Generated_Source\PSoC4/Led_Red.c ****     *  If you use read-modify-write operations that are not atomic, the ISR can
  64:.\Generated_Source\PSoC4/Led_Red.c ****     *  cause corruption of this function. An ISR that interrupts this function 
  65:.\Generated_Source\PSoC4/Led_Red.c ****     *  and performs writes to the Pins component Drive Mode registers can cause 
  66:.\Generated_Source\PSoC4/Led_Red.c ****     *  corrupted port data. To avoid this issue, you should either use the Per-Pin
  67:.\Generated_Source\PSoC4/Led_Red.c ****     *  APIs (primary method) or disable interrupts around this function.
  68:.\Generated_Source\PSoC4/Led_Red.c ****     *
  69:.\Generated_Source\PSoC4/Led_Red.c ****     * \funcusage
  70:.\Generated_Source\PSoC4/Led_Red.c ****     *  \snippet Led_Red_SUT.c usage_Led_Red_SetDriveMode
  71:.\Generated_Source\PSoC4/Led_Red.c ****     *******************************************************************************/
  72:.\Generated_Source\PSoC4/Led_Red.c ****     void Led_Red_SetDriveMode(uint8 mode)
  73:.\Generated_Source\PSoC4/Led_Red.c ****     {
ARM GAS  C:\Users\zozo\AppData\Local\Temp\ccpiadrk.s 			page 22


 286              		.loc 1 73 0
 287              		.cfi_startproc
 288              	.LVL0:
  74:.\Generated_Source\PSoC4/Led_Red.c **** 		Led_Red_SetP4PinDriveMode(Led_Red__0__SHIFT, mode);
 289              		.loc 1 74 0
 290 0000 034A     		ldr	r2, .L2
 291 0002 044B     		ldr	r3, .L2+4
 292 0004 1168     		ldr	r1, [r2]
 293 0006 8004     		lsl	r0, r0, #18
 294              	.LVL1:
 295 0008 0B40     		and	r3, r1
 296 000a 1843     		orr	r0, r3
 297 000c 1060     		str	r0, [r2]
  75:.\Generated_Source\PSoC4/Led_Red.c ****     }
 298              		.loc 1 75 0
 299              		@ sp needed
 300 000e 7047     		bx	lr
 301              	.L3:
 302              		.align	2
 303              	.L2:
 304 0010 08020440 		.word	1074004488
 305 0014 FFFFE3FF 		.word	-1835009
 306              		.cfi_endproc
 307              	.LFE0:
 308              		.size	Led_Red_SetDriveMode, .-Led_Red_SetDriveMode
 309              		.section	.text.Led_Red_Write,"ax",%progbits
 310              		.align	1
 311              		.global	Led_Red_Write
 312              		.code	16
 313              		.thumb_func
 314              		.type	Led_Red_Write, %function
 315              	Led_Red_Write:
 316              	.LFB1:
  76:.\Generated_Source\PSoC4/Led_Red.c **** #endif
  77:.\Generated_Source\PSoC4/Led_Red.c **** 
  78:.\Generated_Source\PSoC4/Led_Red.c **** 
  79:.\Generated_Source\PSoC4/Led_Red.c **** /*******************************************************************************
  80:.\Generated_Source\PSoC4/Led_Red.c **** * Function Name: Led_Red_Write
  81:.\Generated_Source\PSoC4/Led_Red.c **** ****************************************************************************//**
  82:.\Generated_Source\PSoC4/Led_Red.c **** *
  83:.\Generated_Source\PSoC4/Led_Red.c **** * \brief Writes the value to the physical port (data output register), masking
  84:.\Generated_Source\PSoC4/Led_Red.c **** *  and shifting the bits appropriately. 
  85:.\Generated_Source\PSoC4/Led_Red.c **** *
  86:.\Generated_Source\PSoC4/Led_Red.c **** * The data output register controls the signal applied to the physical pin in 
  87:.\Generated_Source\PSoC4/Led_Red.c **** * conjunction with the drive mode parameter. This function avoids changing 
  88:.\Generated_Source\PSoC4/Led_Red.c **** * other bits in the port by using the appropriate method (read-modify-write or
  89:.\Generated_Source\PSoC4/Led_Red.c **** * bit banding).
  90:.\Generated_Source\PSoC4/Led_Red.c **** *
  91:.\Generated_Source\PSoC4/Led_Red.c **** * <b>Note</b> This function should not be used on a hardware digital output pin 
  92:.\Generated_Source\PSoC4/Led_Red.c **** * as it is driven by the hardware signal attached to it.
  93:.\Generated_Source\PSoC4/Led_Red.c **** *
  94:.\Generated_Source\PSoC4/Led_Red.c **** * \param value
  95:.\Generated_Source\PSoC4/Led_Red.c **** *  Value to write to the component instance.
  96:.\Generated_Source\PSoC4/Led_Red.c **** *
  97:.\Generated_Source\PSoC4/Led_Red.c **** * \return 
  98:.\Generated_Source\PSoC4/Led_Red.c **** *  None 
  99:.\Generated_Source\PSoC4/Led_Red.c **** *
ARM GAS  C:\Users\zozo\AppData\Local\Temp\ccpiadrk.s 			page 23


 100:.\Generated_Source\PSoC4/Led_Red.c **** * \sideeffect
 101:.\Generated_Source\PSoC4/Led_Red.c **** *  If you use read-modify-write operations that are not atomic; the Interrupt 
 102:.\Generated_Source\PSoC4/Led_Red.c **** *  Service Routines (ISR) can cause corruption of this function. An ISR that 
 103:.\Generated_Source\PSoC4/Led_Red.c **** *  interrupts this function and performs writes to the Pins component data 
 104:.\Generated_Source\PSoC4/Led_Red.c **** *  register can cause corrupted port data. To avoid this issue, you should 
 105:.\Generated_Source\PSoC4/Led_Red.c **** *  either use the Per-Pin APIs (primary method) or disable interrupts around 
 106:.\Generated_Source\PSoC4/Led_Red.c **** *  this function.
 107:.\Generated_Source\PSoC4/Led_Red.c **** *
 108:.\Generated_Source\PSoC4/Led_Red.c **** * \funcusage
 109:.\Generated_Source\PSoC4/Led_Red.c **** *  \snippet Led_Red_SUT.c usage_Led_Red_Write
 110:.\Generated_Source\PSoC4/Led_Red.c **** *******************************************************************************/
 111:.\Generated_Source\PSoC4/Led_Red.c **** void Led_Red_Write(uint8 value)
 112:.\Generated_Source\PSoC4/Led_Red.c **** {
 317              		.loc 1 112 0
 318              		.cfi_startproc
 319              	.LVL2:
 113:.\Generated_Source\PSoC4/Led_Red.c ****     uint8 drVal = (uint8)(Led_Red_DR & (uint8)(~Led_Red_MASK));
 320              		.loc 1 113 0
 321 0000 4023     		mov	r3, #64
 322 0002 0449     		ldr	r1, .L5
 114:.\Generated_Source\PSoC4/Led_Red.c ****     drVal = (drVal | ((uint8)(value << Led_Red_SHIFT) & Led_Red_MASK));
 323              		.loc 1 114 0
 324 0004 8001     		lsl	r0, r0, #6
 325              	.LVL3:
 113:.\Generated_Source\PSoC4/Led_Red.c ****     uint8 drVal = (uint8)(Led_Red_DR & (uint8)(~Led_Red_MASK));
 326              		.loc 1 113 0
 327 0006 0A68     		ldr	r2, [r1]
 115:.\Generated_Source\PSoC4/Led_Red.c ****     Led_Red_DR = (uint32)drVal;
 116:.\Generated_Source\PSoC4/Led_Red.c **** }
 328              		.loc 1 116 0
 329              		@ sp needed
 113:.\Generated_Source\PSoC4/Led_Red.c ****     drVal = (drVal | ((uint8)(value << Led_Red_SHIFT) & Led_Red_MASK));
 330              		.loc 1 113 0
 331 0008 9A43     		bic	r2, r3
 332 000a D2B2     		uxtb	r2, r2
 114:.\Generated_Source\PSoC4/Led_Red.c ****     drVal = (drVal | ((uint8)(value << Led_Red_SHIFT) & Led_Red_MASK));
 333              		.loc 1 114 0
 334 000c 0340     		and	r3, r0
 115:.\Generated_Source\PSoC4/Led_Red.c ****     Led_Red_DR = (uint32)drVal;
 335              		.loc 1 115 0
 336 000e 1343     		orr	r3, r2
 337 0010 0B60     		str	r3, [r1]
 338              		.loc 1 116 0
 339 0012 7047     		bx	lr
 340              	.L6:
 341              		.align	2
 342              	.L5:
 343 0014 00020440 		.word	1074004480
 344              		.cfi_endproc
 345              	.LFE1:
 346              		.size	Led_Red_Write, .-Led_Red_Write
 347              		.section	.text.Led_Red_Read,"ax",%progbits
 348              		.align	1
 349              		.global	Led_Red_Read
 350              		.code	16
 351              		.thumb_func
 352              		.type	Led_Red_Read, %function
ARM GAS  C:\Users\zozo\AppData\Local\Temp\ccpiadrk.s 			page 24


 353              	Led_Red_Read:
 354              	.LFB2:
 117:.\Generated_Source\PSoC4/Led_Red.c **** 
 118:.\Generated_Source\PSoC4/Led_Red.c **** 
 119:.\Generated_Source\PSoC4/Led_Red.c **** /*******************************************************************************
 120:.\Generated_Source\PSoC4/Led_Red.c **** * Function Name: Led_Red_Read
 121:.\Generated_Source\PSoC4/Led_Red.c **** ****************************************************************************//**
 122:.\Generated_Source\PSoC4/Led_Red.c **** *
 123:.\Generated_Source\PSoC4/Led_Red.c **** * \brief Reads the associated physical port (pin status register) and masks 
 124:.\Generated_Source\PSoC4/Led_Red.c **** *  the required bits according to the width and bit position of the component
 125:.\Generated_Source\PSoC4/Led_Red.c **** *  instance. 
 126:.\Generated_Source\PSoC4/Led_Red.c **** *
 127:.\Generated_Source\PSoC4/Led_Red.c **** * The pin's status register returns the current logic level present on the 
 128:.\Generated_Source\PSoC4/Led_Red.c **** * physical pin.
 129:.\Generated_Source\PSoC4/Led_Red.c **** *
 130:.\Generated_Source\PSoC4/Led_Red.c **** * \return 
 131:.\Generated_Source\PSoC4/Led_Red.c **** *  The current value for the pins in the component as a right justified number.
 132:.\Generated_Source\PSoC4/Led_Red.c **** *
 133:.\Generated_Source\PSoC4/Led_Red.c **** * \funcusage
 134:.\Generated_Source\PSoC4/Led_Red.c **** *  \snippet Led_Red_SUT.c usage_Led_Red_Read  
 135:.\Generated_Source\PSoC4/Led_Red.c **** *******************************************************************************/
 136:.\Generated_Source\PSoC4/Led_Red.c **** uint8 Led_Red_Read(void)
 137:.\Generated_Source\PSoC4/Led_Red.c **** {
 355              		.loc 1 137 0
 356              		.cfi_startproc
 138:.\Generated_Source\PSoC4/Led_Red.c ****     return (uint8)((Led_Red_PS & Led_Red_MASK) >> Led_Red_SHIFT);
 357              		.loc 1 138 0
 358 0000 024B     		ldr	r3, .L8
 139:.\Generated_Source\PSoC4/Led_Red.c **** }
 359              		.loc 1 139 0
 360              		@ sp needed
 138:.\Generated_Source\PSoC4/Led_Red.c ****     return (uint8)((Led_Red_PS & Led_Red_MASK) >> Led_Red_SHIFT);
 361              		.loc 1 138 0
 362 0002 1868     		ldr	r0, [r3]
 363 0004 4006     		lsl	r0, r0, #25
 364 0006 C00F     		lsr	r0, r0, #31
 365              		.loc 1 139 0
 366 0008 7047     		bx	lr
 367              	.L9:
 368 000a C046     		.align	2
 369              	.L8:
 370 000c 04020440 		.word	1074004484
 371              		.cfi_endproc
 372              	.LFE2:
 373              		.size	Led_Red_Read, .-Led_Red_Read
 374              		.section	.text.Led_Red_ReadDataReg,"ax",%progbits
 375              		.align	1
 376              		.global	Led_Red_ReadDataReg
 377              		.code	16
 378              		.thumb_func
 379              		.type	Led_Red_ReadDataReg, %function
 380              	Led_Red_ReadDataReg:
 381              	.LFB3:
 140:.\Generated_Source\PSoC4/Led_Red.c **** 
 141:.\Generated_Source\PSoC4/Led_Red.c **** 
 142:.\Generated_Source\PSoC4/Led_Red.c **** /*******************************************************************************
 143:.\Generated_Source\PSoC4/Led_Red.c **** * Function Name: Led_Red_ReadDataReg
ARM GAS  C:\Users\zozo\AppData\Local\Temp\ccpiadrk.s 			page 25


 144:.\Generated_Source\PSoC4/Led_Red.c **** ****************************************************************************//**
 145:.\Generated_Source\PSoC4/Led_Red.c **** *
 146:.\Generated_Source\PSoC4/Led_Red.c **** * \brief Reads the associated physical port's data output register and masks 
 147:.\Generated_Source\PSoC4/Led_Red.c **** *  the correct bits according to the width and bit position of the component 
 148:.\Generated_Source\PSoC4/Led_Red.c **** *  instance. 
 149:.\Generated_Source\PSoC4/Led_Red.c **** *
 150:.\Generated_Source\PSoC4/Led_Red.c **** * The data output register controls the signal applied to the physical pin in 
 151:.\Generated_Source\PSoC4/Led_Red.c **** * conjunction with the drive mode parameter. This is not the same as the 
 152:.\Generated_Source\PSoC4/Led_Red.c **** * preferred Led_Red_Read() API because the 
 153:.\Generated_Source\PSoC4/Led_Red.c **** * Led_Red_ReadDataReg() reads the data register instead of the status 
 154:.\Generated_Source\PSoC4/Led_Red.c **** * register. For output pins this is a useful function to determine the value 
 155:.\Generated_Source\PSoC4/Led_Red.c **** * just written to the pin.
 156:.\Generated_Source\PSoC4/Led_Red.c **** *
 157:.\Generated_Source\PSoC4/Led_Red.c **** * \return 
 158:.\Generated_Source\PSoC4/Led_Red.c **** *  The current value of the data register masked and shifted into a right 
 159:.\Generated_Source\PSoC4/Led_Red.c **** *  justified number for the component instance.
 160:.\Generated_Source\PSoC4/Led_Red.c **** *
 161:.\Generated_Source\PSoC4/Led_Red.c **** * \funcusage
 162:.\Generated_Source\PSoC4/Led_Red.c **** *  \snippet Led_Red_SUT.c usage_Led_Red_ReadDataReg 
 163:.\Generated_Source\PSoC4/Led_Red.c **** *******************************************************************************/
 164:.\Generated_Source\PSoC4/Led_Red.c **** uint8 Led_Red_ReadDataReg(void)
 165:.\Generated_Source\PSoC4/Led_Red.c **** {
 382              		.loc 1 165 0
 383              		.cfi_startproc
 166:.\Generated_Source\PSoC4/Led_Red.c ****     return (uint8)((Led_Red_DR & Led_Red_MASK) >> Led_Red_SHIFT);
 384              		.loc 1 166 0
 385 0000 024B     		ldr	r3, .L11
 167:.\Generated_Source\PSoC4/Led_Red.c **** }
 386              		.loc 1 167 0
 387              		@ sp needed
 166:.\Generated_Source\PSoC4/Led_Red.c ****     return (uint8)((Led_Red_DR & Led_Red_MASK) >> Led_Red_SHIFT);
 388              		.loc 1 166 0
 389 0002 1868     		ldr	r0, [r3]
 390 0004 4006     		lsl	r0, r0, #25
 391 0006 C00F     		lsr	r0, r0, #31
 392              		.loc 1 167 0
 393 0008 7047     		bx	lr
 394              	.L12:
 395 000a C046     		.align	2
 396              	.L11:
 397 000c 00020440 		.word	1074004480
 398              		.cfi_endproc
 399              	.LFE3:
 400              		.size	Led_Red_ReadDataReg, .-Led_Red_ReadDataReg
 401              		.section	.text.Led_Red_SetInterruptMode,"ax",%progbits
 402              		.align	1
 403              		.global	Led_Red_SetInterruptMode
 404              		.code	16
 405              		.thumb_func
 406              		.type	Led_Red_SetInterruptMode, %function
 407              	Led_Red_SetInterruptMode:
 408              	.LFB4:
 168:.\Generated_Source\PSoC4/Led_Red.c **** 
 169:.\Generated_Source\PSoC4/Led_Red.c **** 
 170:.\Generated_Source\PSoC4/Led_Red.c **** /*******************************************************************************
 171:.\Generated_Source\PSoC4/Led_Red.c **** * Function Name: Led_Red_SetInterruptMode
 172:.\Generated_Source\PSoC4/Led_Red.c **** ****************************************************************************//**
ARM GAS  C:\Users\zozo\AppData\Local\Temp\ccpiadrk.s 			page 26


 173:.\Generated_Source\PSoC4/Led_Red.c **** *
 174:.\Generated_Source\PSoC4/Led_Red.c **** * \brief Configures the interrupt mode for each of the Pins component's
 175:.\Generated_Source\PSoC4/Led_Red.c **** *  pins. Alternatively you may set the interrupt mode for all the pins
 176:.\Generated_Source\PSoC4/Led_Red.c **** *  specified in the Pins component.
 177:.\Generated_Source\PSoC4/Led_Red.c **** *
 178:.\Generated_Source\PSoC4/Led_Red.c **** *  <b>Note</b> The interrupt is port-wide and therefore any enabled pin
 179:.\Generated_Source\PSoC4/Led_Red.c **** *  interrupt may trigger it.
 180:.\Generated_Source\PSoC4/Led_Red.c **** *
 181:.\Generated_Source\PSoC4/Led_Red.c **** * \param position
 182:.\Generated_Source\PSoC4/Led_Red.c **** *  The pin position as listed in the Pins component. You may OR these to be 
 183:.\Generated_Source\PSoC4/Led_Red.c **** *  able to configure the interrupt mode of multiple pins within a Pins 
 184:.\Generated_Source\PSoC4/Led_Red.c **** *  component. Or you may use Led_Red_INTR_ALL to configure the
 185:.\Generated_Source\PSoC4/Led_Red.c **** *  interrupt mode of all the pins in the Pins component.       
 186:.\Generated_Source\PSoC4/Led_Red.c **** *  - Led_Red_0_INTR       (First pin in the list)
 187:.\Generated_Source\PSoC4/Led_Red.c **** *  - Led_Red_1_INTR       (Second pin in the list)
 188:.\Generated_Source\PSoC4/Led_Red.c **** *  - ...
 189:.\Generated_Source\PSoC4/Led_Red.c **** *  - Led_Red_INTR_ALL     (All pins in Pins component)
 190:.\Generated_Source\PSoC4/Led_Red.c **** *
 191:.\Generated_Source\PSoC4/Led_Red.c **** * \param mode
 192:.\Generated_Source\PSoC4/Led_Red.c **** *  Interrupt mode for the selected pins. Valid options are documented in
 193:.\Generated_Source\PSoC4/Led_Red.c **** *  \ref intrMode.
 194:.\Generated_Source\PSoC4/Led_Red.c **** *
 195:.\Generated_Source\PSoC4/Led_Red.c **** * \return 
 196:.\Generated_Source\PSoC4/Led_Red.c **** *  None
 197:.\Generated_Source\PSoC4/Led_Red.c **** *  
 198:.\Generated_Source\PSoC4/Led_Red.c **** * \sideeffect
 199:.\Generated_Source\PSoC4/Led_Red.c **** *  It is recommended that the interrupt be disabled before calling this 
 200:.\Generated_Source\PSoC4/Led_Red.c **** *  function to avoid unintended interrupt requests. Note that the interrupt
 201:.\Generated_Source\PSoC4/Led_Red.c **** *  type is port wide, and therefore will trigger for any enabled pin on the 
 202:.\Generated_Source\PSoC4/Led_Red.c **** *  port.
 203:.\Generated_Source\PSoC4/Led_Red.c **** *
 204:.\Generated_Source\PSoC4/Led_Red.c **** * \funcusage
 205:.\Generated_Source\PSoC4/Led_Red.c **** *  \snippet Led_Red_SUT.c usage_Led_Red_SetInterruptMode
 206:.\Generated_Source\PSoC4/Led_Red.c **** *******************************************************************************/
 207:.\Generated_Source\PSoC4/Led_Red.c **** void Led_Red_SetInterruptMode(uint16 position, uint16 mode)
 208:.\Generated_Source\PSoC4/Led_Red.c **** {
 409              		.loc 1 208 0
 410              		.cfi_startproc
 411              	.LVL4:
 209:.\Generated_Source\PSoC4/Led_Red.c ****     uint32 intrCfg;
 210:.\Generated_Source\PSoC4/Led_Red.c ****     
 211:.\Generated_Source\PSoC4/Led_Red.c ****     intrCfg =  Led_Red_INTCFG & (uint32)(~(uint32)position);
 412              		.loc 1 211 0
 413 0000 034A     		ldr	r2, .L14
 212:.\Generated_Source\PSoC4/Led_Red.c ****     Led_Red_INTCFG = intrCfg | ((uint32)position & (uint32)mode);
 213:.\Generated_Source\PSoC4/Led_Red.c **** }
 414              		.loc 1 213 0
 415              		@ sp needed
 211:.\Generated_Source\PSoC4/Led_Red.c ****     Led_Red_INTCFG = intrCfg | ((uint32)position & (uint32)mode);
 416              		.loc 1 211 0
 417 0002 1368     		ldr	r3, [r2]
 418              	.LVL5:
 419 0004 8343     		bic	r3, r0
 420              	.LVL6:
 212:.\Generated_Source\PSoC4/Led_Red.c ****     Led_Red_INTCFG = intrCfg | ((uint32)position & (uint32)mode);
 421              		.loc 1 212 0
 422 0006 0840     		and	r0, r1
ARM GAS  C:\Users\zozo\AppData\Local\Temp\ccpiadrk.s 			page 27


 423              	.LVL7:
 424 0008 1843     		orr	r0, r3
 425 000a 1060     		str	r0, [r2]
 426              		.loc 1 213 0
 427 000c 7047     		bx	lr
 428              	.L15:
 429 000e C046     		.align	2
 430              	.L14:
 431 0010 0C020440 		.word	1074004492
 432              		.cfi_endproc
 433              	.LFE4:
 434              		.size	Led_Red_SetInterruptMode, .-Led_Red_SetInterruptMode
 435              		.section	.text.Led_Red_ClearInterrupt,"ax",%progbits
 436              		.align	1
 437              		.global	Led_Red_ClearInterrupt
 438              		.code	16
 439              		.thumb_func
 440              		.type	Led_Red_ClearInterrupt, %function
 441              	Led_Red_ClearInterrupt:
 442              	.LFB5:
 214:.\Generated_Source\PSoC4/Led_Red.c **** 
 215:.\Generated_Source\PSoC4/Led_Red.c **** 
 216:.\Generated_Source\PSoC4/Led_Red.c **** /*******************************************************************************
 217:.\Generated_Source\PSoC4/Led_Red.c **** * Function Name: Led_Red_ClearInterrupt
 218:.\Generated_Source\PSoC4/Led_Red.c **** ****************************************************************************//**
 219:.\Generated_Source\PSoC4/Led_Red.c **** *
 220:.\Generated_Source\PSoC4/Led_Red.c **** * \brief Clears any active interrupts attached with the component and returns 
 221:.\Generated_Source\PSoC4/Led_Red.c **** *  the value of the interrupt status register allowing determination of which
 222:.\Generated_Source\PSoC4/Led_Red.c **** *  pins generated an interrupt event.
 223:.\Generated_Source\PSoC4/Led_Red.c **** *
 224:.\Generated_Source\PSoC4/Led_Red.c **** * \return 
 225:.\Generated_Source\PSoC4/Led_Red.c **** *  The right-shifted current value of the interrupt status register. Each pin 
 226:.\Generated_Source\PSoC4/Led_Red.c **** *  has one bit set if it generated an interrupt event. For example, bit 0 is 
 227:.\Generated_Source\PSoC4/Led_Red.c **** *  for pin 0 and bit 1 is for pin 1 of the Pins component.
 228:.\Generated_Source\PSoC4/Led_Red.c **** *  
 229:.\Generated_Source\PSoC4/Led_Red.c **** * \sideeffect
 230:.\Generated_Source\PSoC4/Led_Red.c **** *  Clears all bits of the physical port's interrupt status register, not just
 231:.\Generated_Source\PSoC4/Led_Red.c **** *  those associated with the Pins component.
 232:.\Generated_Source\PSoC4/Led_Red.c **** *
 233:.\Generated_Source\PSoC4/Led_Red.c **** * \funcusage
 234:.\Generated_Source\PSoC4/Led_Red.c **** *  \snippet Led_Red_SUT.c usage_Led_Red_ClearInterrupt
 235:.\Generated_Source\PSoC4/Led_Red.c **** *******************************************************************************/
 236:.\Generated_Source\PSoC4/Led_Red.c **** uint8 Led_Red_ClearInterrupt(void)
 237:.\Generated_Source\PSoC4/Led_Red.c **** {
 443              		.loc 1 237 0
 444              		.cfi_startproc
 238:.\Generated_Source\PSoC4/Led_Red.c **** 	uint8 maskedStatus = (uint8)(Led_Red_INTSTAT & Led_Red_MASK);
 445              		.loc 1 238 0
 446 0000 4023     		mov	r3, #64
 447 0002 034A     		ldr	r2, .L17
 239:.\Generated_Source\PSoC4/Led_Red.c **** 	Led_Red_INTSTAT = maskedStatus;
 240:.\Generated_Source\PSoC4/Led_Red.c ****     return maskedStatus >> Led_Red_SHIFT;
 241:.\Generated_Source\PSoC4/Led_Red.c **** }
 448              		.loc 1 241 0
 449              		@ sp needed
 238:.\Generated_Source\PSoC4/Led_Red.c **** 	uint8 maskedStatus = (uint8)(Led_Red_INTSTAT & Led_Red_MASK);
 450              		.loc 1 238 0
ARM GAS  C:\Users\zozo\AppData\Local\Temp\ccpiadrk.s 			page 28


 451 0004 1068     		ldr	r0, [r2]
 452 0006 1840     		and	r0, r3
 453              	.LVL8:
 239:.\Generated_Source\PSoC4/Led_Red.c **** 	Led_Red_INTSTAT = maskedStatus;
 454              		.loc 1 239 0
 455 0008 1060     		str	r0, [r2]
 240:.\Generated_Source\PSoC4/Led_Red.c **** }
 456              		.loc 1 240 0
 457 000a 8009     		lsr	r0, r0, #6
 458              	.LVL9:
 459 000c C0B2     		uxtb	r0, r0
 460              		.loc 1 241 0
 461 000e 7047     		bx	lr
 462              	.L18:
 463              		.align	2
 464              	.L17:
 465 0010 10020440 		.word	1074004496
 466              		.cfi_endproc
 467              	.LFE5:
 468              		.size	Led_Red_ClearInterrupt, .-Led_Red_ClearInterrupt
 469              		.text
 470              	.Letext0:
 471              		.file 2 ".\\Generated_Source\\PSoC4\\cytypes.h"
 472              		.section	.debug_info,"",%progbits
 473              	.Ldebug_info0:
 474 0000 97010000 		.4byte	0x197
 475 0004 0400     		.2byte	0x4
 476 0006 00000000 		.4byte	.Ldebug_abbrev0
 477 000a 04       		.byte	0x4
 478 000b 01       		.uleb128 0x1
 479 000c 5D000000 		.4byte	.LASF27
 480 0010 01       		.byte	0x1
 481 0011 C7010000 		.4byte	.LASF28
 482 0015 0A020000 		.4byte	.LASF29
 483 0019 00000000 		.4byte	.Ldebug_ranges0+0
 484 001d 00000000 		.4byte	0
 485 0021 00000000 		.4byte	.Ldebug_line0
 486 0025 02       		.uleb128 0x2
 487 0026 01       		.byte	0x1
 488 0027 06       		.byte	0x6
 489 0028 EA010000 		.4byte	.LASF0
 490 002c 02       		.uleb128 0x2
 491 002d 01       		.byte	0x1
 492 002e 08       		.byte	0x8
 493 002f F1000000 		.4byte	.LASF1
 494 0033 02       		.uleb128 0x2
 495 0034 02       		.byte	0x2
 496 0035 05       		.byte	0x5
 497 0036 AE010000 		.4byte	.LASF2
 498 003a 02       		.uleb128 0x2
 499 003b 02       		.byte	0x2
 500 003c 07       		.byte	0x7
 501 003d 17010000 		.4byte	.LASF3
 502 0041 02       		.uleb128 0x2
 503 0042 04       		.byte	0x4
 504 0043 05       		.byte	0x5
 505 0044 BE010000 		.4byte	.LASF4
ARM GAS  C:\Users\zozo\AppData\Local\Temp\ccpiadrk.s 			page 29


 506 0048 02       		.uleb128 0x2
 507 0049 04       		.byte	0x4
 508 004a 07       		.byte	0x7
 509 004b 05010000 		.4byte	.LASF5
 510 004f 02       		.uleb128 0x2
 511 0050 08       		.byte	0x8
 512 0051 05       		.byte	0x5
 513 0052 79010000 		.4byte	.LASF6
 514 0056 02       		.uleb128 0x2
 515 0057 08       		.byte	0x8
 516 0058 07       		.byte	0x7
 517 0059 5D010000 		.4byte	.LASF7
 518 005d 03       		.uleb128 0x3
 519 005e 04       		.byte	0x4
 520 005f 05       		.byte	0x5
 521 0060 696E7400 		.ascii	"int\000"
 522 0064 02       		.uleb128 0x2
 523 0065 04       		.byte	0x4
 524 0066 07       		.byte	0x7
 525 0067 50010000 		.4byte	.LASF8
 526 006b 04       		.uleb128 0x4
 527 006c B8010000 		.4byte	.LASF9
 528 0070 02       		.byte	0x2
 529 0071 3801     		.2byte	0x138
 530 0073 2C000000 		.4byte	0x2c
 531 0077 04       		.uleb128 0x4
 532 0078 31010000 		.4byte	.LASF10
 533 007c 02       		.byte	0x2
 534 007d 3901     		.2byte	0x139
 535 007f 3A000000 		.4byte	0x3a
 536 0083 04       		.uleb128 0x4
 537 0084 41010000 		.4byte	.LASF11
 538 0088 02       		.byte	0x2
 539 0089 3A01     		.2byte	0x13a
 540 008b 48000000 		.4byte	0x48
 541 008f 02       		.uleb128 0x2
 542 0090 04       		.byte	0x4
 543 0091 04       		.byte	0x4
 544 0092 57000000 		.4byte	.LASF12
 545 0096 02       		.uleb128 0x2
 546 0097 08       		.byte	0x8
 547 0098 04       		.byte	0x4
 548 0099 2A010000 		.4byte	.LASF13
 549 009d 02       		.uleb128 0x2
 550 009e 01       		.byte	0x1
 551 009f 08       		.byte	0x8
 552 00a0 A9010000 		.4byte	.LASF14
 553 00a4 04       		.uleb128 0x4
 554 00a5 00000000 		.4byte	.LASF15
 555 00a9 02       		.byte	0x2
 556 00aa E401     		.2byte	0x1e4
 557 00ac B0000000 		.4byte	0xb0
 558 00b0 05       		.uleb128 0x5
 559 00b1 83000000 		.4byte	0x83
 560 00b5 06       		.uleb128 0x6
 561 00b6 87010000 		.4byte	.LASF16
 562 00ba 01       		.byte	0x1
ARM GAS  C:\Users\zozo\AppData\Local\Temp\ccpiadrk.s 			page 30


 563 00bb 48       		.byte	0x48
 564 00bc 00000000 		.4byte	.LFB0
 565 00c0 18000000 		.4byte	.LFE0-.LFB0
 566 00c4 01       		.uleb128 0x1
 567 00c5 9C       		.byte	0x9c
 568 00c6 DA000000 		.4byte	0xda
 569 00ca 07       		.uleb128 0x7
 570 00cb 74010000 		.4byte	.LASF18
 571 00cf 01       		.byte	0x1
 572 00d0 48       		.byte	0x48
 573 00d1 6B000000 		.4byte	0x6b
 574 00d5 00000000 		.4byte	.LLST0
 575 00d9 00       		.byte	0
 576 00da 06       		.uleb128 0x6
 577 00db 19000000 		.4byte	.LASF17
 578 00df 01       		.byte	0x1
 579 00e0 6F       		.byte	0x6f
 580 00e1 00000000 		.4byte	.LFB1
 581 00e5 18000000 		.4byte	.LFE1-.LFB1
 582 00e9 01       		.uleb128 0x1
 583 00ea 9C       		.byte	0x9c
 584 00eb 0A010000 		.4byte	0x10a
 585 00ef 07       		.uleb128 0x7
 586 00f0 06000000 		.4byte	.LASF19
 587 00f4 01       		.byte	0x1
 588 00f5 6F       		.byte	0x6f
 589 00f6 6B000000 		.4byte	0x6b
 590 00fa 21000000 		.4byte	.LLST1
 591 00fe 08       		.uleb128 0x8
 592 00ff FF000000 		.4byte	.LASF30
 593 0103 01       		.byte	0x1
 594 0104 71       		.byte	0x71
 595 0105 6B000000 		.4byte	0x6b
 596 0109 00       		.byte	0
 597 010a 09       		.uleb128 0x9
 598 010b 0C000000 		.4byte	.LASF20
 599 010f 01       		.byte	0x1
 600 0110 88       		.byte	0x88
 601 0111 6B000000 		.4byte	0x6b
 602 0115 00000000 		.4byte	.LFB2
 603 0119 10000000 		.4byte	.LFE2-.LFB2
 604 011d 01       		.uleb128 0x1
 605 011e 9C       		.byte	0x9c
 606 011f 09       		.uleb128 0x9
 607 0120 F6010000 		.4byte	.LASF21
 608 0124 01       		.byte	0x1
 609 0125 A4       		.byte	0xa4
 610 0126 6B000000 		.4byte	0x6b
 611 012a 00000000 		.4byte	.LFB3
 612 012e 10000000 		.4byte	.LFE3-.LFB3
 613 0132 01       		.uleb128 0x1
 614 0133 9C       		.byte	0x9c
 615 0134 06       		.uleb128 0x6
 616 0135 3E000000 		.4byte	.LASF22
 617 0139 01       		.byte	0x1
 618 013a CF       		.byte	0xcf
 619 013b 00000000 		.4byte	.LFB4
ARM GAS  C:\Users\zozo\AppData\Local\Temp\ccpiadrk.s 			page 31


 620 013f 14000000 		.4byte	.LFE4-.LFB4
 621 0143 01       		.uleb128 0x1
 622 0144 9C       		.byte	0x9c
 623 0145 75010000 		.4byte	0x175
 624 0149 07       		.uleb128 0x7
 625 014a 38010000 		.4byte	.LASF23
 626 014e 01       		.byte	0x1
 627 014f CF       		.byte	0xcf
 628 0150 77000000 		.4byte	0x77
 629 0154 42000000 		.4byte	.LLST2
 630 0158 0A       		.uleb128 0xa
 631 0159 74010000 		.4byte	.LASF18
 632 015d 01       		.byte	0x1
 633 015e CF       		.byte	0xcf
 634 015f 77000000 		.4byte	0x77
 635 0163 01       		.uleb128 0x1
 636 0164 51       		.byte	0x51
 637 0165 0B       		.uleb128 0xb
 638 0166 48010000 		.4byte	.LASF25
 639 016a 01       		.byte	0x1
 640 016b D1       		.byte	0xd1
 641 016c 83000000 		.4byte	0x83
 642 0170 63000000 		.4byte	.LLST3
 643 0174 00       		.byte	0
 644 0175 0C       		.uleb128 0xc
 645 0176 27000000 		.4byte	.LASF24
 646 017a 01       		.byte	0x1
 647 017b EC       		.byte	0xec
 648 017c 6B000000 		.4byte	0x6b
 649 0180 00000000 		.4byte	.LFB5
 650 0184 14000000 		.4byte	.LFE5-.LFB5
 651 0188 01       		.uleb128 0x1
 652 0189 9C       		.byte	0x9c
 653 018a 0B       		.uleb128 0xb
 654 018b 9C010000 		.4byte	.LASF26
 655 018f 01       		.byte	0x1
 656 0190 EE       		.byte	0xee
 657 0191 6B000000 		.4byte	0x6b
 658 0195 80000000 		.4byte	.LLST4
 659 0199 00       		.byte	0
 660 019a 00       		.byte	0
 661              		.section	.debug_abbrev,"",%progbits
 662              	.Ldebug_abbrev0:
 663 0000 01       		.uleb128 0x1
 664 0001 11       		.uleb128 0x11
 665 0002 01       		.byte	0x1
 666 0003 25       		.uleb128 0x25
 667 0004 0E       		.uleb128 0xe
 668 0005 13       		.uleb128 0x13
 669 0006 0B       		.uleb128 0xb
 670 0007 03       		.uleb128 0x3
 671 0008 0E       		.uleb128 0xe
 672 0009 1B       		.uleb128 0x1b
 673 000a 0E       		.uleb128 0xe
 674 000b 55       		.uleb128 0x55
 675 000c 17       		.uleb128 0x17
 676 000d 11       		.uleb128 0x11
ARM GAS  C:\Users\zozo\AppData\Local\Temp\ccpiadrk.s 			page 32


 677 000e 01       		.uleb128 0x1
 678 000f 10       		.uleb128 0x10
 679 0010 17       		.uleb128 0x17
 680 0011 00       		.byte	0
 681 0012 00       		.byte	0
 682 0013 02       		.uleb128 0x2
 683 0014 24       		.uleb128 0x24
 684 0015 00       		.byte	0
 685 0016 0B       		.uleb128 0xb
 686 0017 0B       		.uleb128 0xb
 687 0018 3E       		.uleb128 0x3e
 688 0019 0B       		.uleb128 0xb
 689 001a 03       		.uleb128 0x3
 690 001b 0E       		.uleb128 0xe
 691 001c 00       		.byte	0
 692 001d 00       		.byte	0
 693 001e 03       		.uleb128 0x3
 694 001f 24       		.uleb128 0x24
 695 0020 00       		.byte	0
 696 0021 0B       		.uleb128 0xb
 697 0022 0B       		.uleb128 0xb
 698 0023 3E       		.uleb128 0x3e
 699 0024 0B       		.uleb128 0xb
 700 0025 03       		.uleb128 0x3
 701 0026 08       		.uleb128 0x8
 702 0027 00       		.byte	0
 703 0028 00       		.byte	0
 704 0029 04       		.uleb128 0x4
 705 002a 16       		.uleb128 0x16
 706 002b 00       		.byte	0
 707 002c 03       		.uleb128 0x3
 708 002d 0E       		.uleb128 0xe
 709 002e 3A       		.uleb128 0x3a
 710 002f 0B       		.uleb128 0xb
 711 0030 3B       		.uleb128 0x3b
 712 0031 05       		.uleb128 0x5
 713 0032 49       		.uleb128 0x49
 714 0033 13       		.uleb128 0x13
 715 0034 00       		.byte	0
 716 0035 00       		.byte	0
 717 0036 05       		.uleb128 0x5
 718 0037 35       		.uleb128 0x35
 719 0038 00       		.byte	0
 720 0039 49       		.uleb128 0x49
 721 003a 13       		.uleb128 0x13
 722 003b 00       		.byte	0
 723 003c 00       		.byte	0
 724 003d 06       		.uleb128 0x6
 725 003e 2E       		.uleb128 0x2e
 726 003f 01       		.byte	0x1
 727 0040 3F       		.uleb128 0x3f
 728 0041 19       		.uleb128 0x19
 729 0042 03       		.uleb128 0x3
 730 0043 0E       		.uleb128 0xe
 731 0044 3A       		.uleb128 0x3a
 732 0045 0B       		.uleb128 0xb
 733 0046 3B       		.uleb128 0x3b
ARM GAS  C:\Users\zozo\AppData\Local\Temp\ccpiadrk.s 			page 33


 734 0047 0B       		.uleb128 0xb
 735 0048 27       		.uleb128 0x27
 736 0049 19       		.uleb128 0x19
 737 004a 11       		.uleb128 0x11
 738 004b 01       		.uleb128 0x1
 739 004c 12       		.uleb128 0x12
 740 004d 06       		.uleb128 0x6
 741 004e 40       		.uleb128 0x40
 742 004f 18       		.uleb128 0x18
 743 0050 9742     		.uleb128 0x2117
 744 0052 19       		.uleb128 0x19
 745 0053 01       		.uleb128 0x1
 746 0054 13       		.uleb128 0x13
 747 0055 00       		.byte	0
 748 0056 00       		.byte	0
 749 0057 07       		.uleb128 0x7
 750 0058 05       		.uleb128 0x5
 751 0059 00       		.byte	0
 752 005a 03       		.uleb128 0x3
 753 005b 0E       		.uleb128 0xe
 754 005c 3A       		.uleb128 0x3a
 755 005d 0B       		.uleb128 0xb
 756 005e 3B       		.uleb128 0x3b
 757 005f 0B       		.uleb128 0xb
 758 0060 49       		.uleb128 0x49
 759 0061 13       		.uleb128 0x13
 760 0062 02       		.uleb128 0x2
 761 0063 17       		.uleb128 0x17
 762 0064 00       		.byte	0
 763 0065 00       		.byte	0
 764 0066 08       		.uleb128 0x8
 765 0067 34       		.uleb128 0x34
 766 0068 00       		.byte	0
 767 0069 03       		.uleb128 0x3
 768 006a 0E       		.uleb128 0xe
 769 006b 3A       		.uleb128 0x3a
 770 006c 0B       		.uleb128 0xb
 771 006d 3B       		.uleb128 0x3b
 772 006e 0B       		.uleb128 0xb
 773 006f 49       		.uleb128 0x49
 774 0070 13       		.uleb128 0x13
 775 0071 00       		.byte	0
 776 0072 00       		.byte	0
 777 0073 09       		.uleb128 0x9
 778 0074 2E       		.uleb128 0x2e
 779 0075 00       		.byte	0
 780 0076 3F       		.uleb128 0x3f
 781 0077 19       		.uleb128 0x19
 782 0078 03       		.uleb128 0x3
 783 0079 0E       		.uleb128 0xe
 784 007a 3A       		.uleb128 0x3a
 785 007b 0B       		.uleb128 0xb
 786 007c 3B       		.uleb128 0x3b
 787 007d 0B       		.uleb128 0xb
 788 007e 27       		.uleb128 0x27
 789 007f 19       		.uleb128 0x19
 790 0080 49       		.uleb128 0x49
ARM GAS  C:\Users\zozo\AppData\Local\Temp\ccpiadrk.s 			page 34


 791 0081 13       		.uleb128 0x13
 792 0082 11       		.uleb128 0x11
 793 0083 01       		.uleb128 0x1
 794 0084 12       		.uleb128 0x12
 795 0085 06       		.uleb128 0x6
 796 0086 40       		.uleb128 0x40
 797 0087 18       		.uleb128 0x18
 798 0088 9742     		.uleb128 0x2117
 799 008a 19       		.uleb128 0x19
 800 008b 00       		.byte	0
 801 008c 00       		.byte	0
 802 008d 0A       		.uleb128 0xa
 803 008e 05       		.uleb128 0x5
 804 008f 00       		.byte	0
 805 0090 03       		.uleb128 0x3
 806 0091 0E       		.uleb128 0xe
 807 0092 3A       		.uleb128 0x3a
 808 0093 0B       		.uleb128 0xb
 809 0094 3B       		.uleb128 0x3b
 810 0095 0B       		.uleb128 0xb
 811 0096 49       		.uleb128 0x49
 812 0097 13       		.uleb128 0x13
 813 0098 02       		.uleb128 0x2
 814 0099 18       		.uleb128 0x18
 815 009a 00       		.byte	0
 816 009b 00       		.byte	0
 817 009c 0B       		.uleb128 0xb
 818 009d 34       		.uleb128 0x34
 819 009e 00       		.byte	0
 820 009f 03       		.uleb128 0x3
 821 00a0 0E       		.uleb128 0xe
 822 00a1 3A       		.uleb128 0x3a
 823 00a2 0B       		.uleb128 0xb
 824 00a3 3B       		.uleb128 0x3b
 825 00a4 0B       		.uleb128 0xb
 826 00a5 49       		.uleb128 0x49
 827 00a6 13       		.uleb128 0x13
 828 00a7 02       		.uleb128 0x2
 829 00a8 17       		.uleb128 0x17
 830 00a9 00       		.byte	0
 831 00aa 00       		.byte	0
 832 00ab 0C       		.uleb128 0xc
 833 00ac 2E       		.uleb128 0x2e
 834 00ad 01       		.byte	0x1
 835 00ae 3F       		.uleb128 0x3f
 836 00af 19       		.uleb128 0x19
 837 00b0 03       		.uleb128 0x3
 838 00b1 0E       		.uleb128 0xe
 839 00b2 3A       		.uleb128 0x3a
 840 00b3 0B       		.uleb128 0xb
 841 00b4 3B       		.uleb128 0x3b
 842 00b5 0B       		.uleb128 0xb
 843 00b6 27       		.uleb128 0x27
 844 00b7 19       		.uleb128 0x19
 845 00b8 49       		.uleb128 0x49
 846 00b9 13       		.uleb128 0x13
 847 00ba 11       		.uleb128 0x11
ARM GAS  C:\Users\zozo\AppData\Local\Temp\ccpiadrk.s 			page 35


 848 00bb 01       		.uleb128 0x1
 849 00bc 12       		.uleb128 0x12
 850 00bd 06       		.uleb128 0x6
 851 00be 40       		.uleb128 0x40
 852 00bf 18       		.uleb128 0x18
 853 00c0 9742     		.uleb128 0x2117
 854 00c2 19       		.uleb128 0x19
 855 00c3 00       		.byte	0
 856 00c4 00       		.byte	0
 857 00c5 00       		.byte	0
 858              		.section	.debug_loc,"",%progbits
 859              	.Ldebug_loc0:
 860              	.LLST0:
 861 0000 00000000 		.4byte	.LVL0
 862 0004 08000000 		.4byte	.LVL1
 863 0008 0100     		.2byte	0x1
 864 000a 50       		.byte	0x50
 865 000b 08000000 		.4byte	.LVL1
 866 000f 18000000 		.4byte	.LFE0
 867 0013 0400     		.2byte	0x4
 868 0015 F3       		.byte	0xf3
 869 0016 01       		.uleb128 0x1
 870 0017 50       		.byte	0x50
 871 0018 9F       		.byte	0x9f
 872 0019 00000000 		.4byte	0
 873 001d 00000000 		.4byte	0
 874              	.LLST1:
 875 0021 00000000 		.4byte	.LVL2
 876 0025 06000000 		.4byte	.LVL3
 877 0029 0100     		.2byte	0x1
 878 002b 50       		.byte	0x50
 879 002c 06000000 		.4byte	.LVL3
 880 0030 18000000 		.4byte	.LFE1
 881 0034 0400     		.2byte	0x4
 882 0036 F3       		.byte	0xf3
 883 0037 01       		.uleb128 0x1
 884 0038 50       		.byte	0x50
 885 0039 9F       		.byte	0x9f
 886 003a 00000000 		.4byte	0
 887 003e 00000000 		.4byte	0
 888              	.LLST2:
 889 0042 00000000 		.4byte	.LVL4
 890 0046 08000000 		.4byte	.LVL7
 891 004a 0100     		.2byte	0x1
 892 004c 50       		.byte	0x50
 893 004d 08000000 		.4byte	.LVL7
 894 0051 14000000 		.4byte	.LFE4
 895 0055 0400     		.2byte	0x4
 896 0057 F3       		.byte	0xf3
 897 0058 01       		.uleb128 0x1
 898 0059 50       		.byte	0x50
 899 005a 9F       		.byte	0x9f
 900 005b 00000000 		.4byte	0
 901 005f 00000000 		.4byte	0
 902              	.LLST3:
 903 0063 04000000 		.4byte	.LVL5
 904 0067 06000000 		.4byte	.LVL6
ARM GAS  C:\Users\zozo\AppData\Local\Temp\ccpiadrk.s 			page 36


 905 006b 0B00     		.2byte	0xb
 906 006d 70       		.byte	0x70
 907 006e 00       		.sleb128 0
 908 006f 0A       		.byte	0xa
 909 0070 FFFF     		.2byte	0xffff
 910 0072 1A       		.byte	0x1a
 911 0073 20       		.byte	0x20
 912 0074 73       		.byte	0x73
 913 0075 00       		.sleb128 0
 914 0076 1A       		.byte	0x1a
 915 0077 9F       		.byte	0x9f
 916 0078 00000000 		.4byte	0
 917 007c 00000000 		.4byte	0
 918              	.LLST4:
 919 0080 08000000 		.4byte	.LVL8
 920 0084 0C000000 		.4byte	.LVL9
 921 0088 0100     		.2byte	0x1
 922 008a 50       		.byte	0x50
 923 008b 0C000000 		.4byte	.LVL9
 924 008f 14000000 		.4byte	.LFE5
 925 0093 0400     		.2byte	0x4
 926 0095 72       		.byte	0x72
 927 0096 00       		.sleb128 0
 928 0097 06       		.byte	0x6
 929 0098 9F       		.byte	0x9f
 930 0099 00000000 		.4byte	0
 931 009d 00000000 		.4byte	0
 932              		.section	.debug_aranges,"",%progbits
 933 0000 44000000 		.4byte	0x44
 934 0004 0200     		.2byte	0x2
 935 0006 00000000 		.4byte	.Ldebug_info0
 936 000a 04       		.byte	0x4
 937 000b 00       		.byte	0
 938 000c 0000     		.2byte	0
 939 000e 0000     		.2byte	0
 940 0010 00000000 		.4byte	.LFB0
 941 0014 18000000 		.4byte	.LFE0-.LFB0
 942 0018 00000000 		.4byte	.LFB1
 943 001c 18000000 		.4byte	.LFE1-.LFB1
 944 0020 00000000 		.4byte	.LFB2
 945 0024 10000000 		.4byte	.LFE2-.LFB2
 946 0028 00000000 		.4byte	.LFB3
 947 002c 10000000 		.4byte	.LFE3-.LFB3
 948 0030 00000000 		.4byte	.LFB4
 949 0034 14000000 		.4byte	.LFE4-.LFB4
 950 0038 00000000 		.4byte	.LFB5
 951 003c 14000000 		.4byte	.LFE5-.LFB5
 952 0040 00000000 		.4byte	0
 953 0044 00000000 		.4byte	0
 954              		.section	.debug_ranges,"",%progbits
 955              	.Ldebug_ranges0:
 956 0000 00000000 		.4byte	.LFB0
 957 0004 18000000 		.4byte	.LFE0
 958 0008 00000000 		.4byte	.LFB1
 959 000c 18000000 		.4byte	.LFE1
 960 0010 00000000 		.4byte	.LFB2
 961 0014 10000000 		.4byte	.LFE2
ARM GAS  C:\Users\zozo\AppData\Local\Temp\ccpiadrk.s 			page 37


 962 0018 00000000 		.4byte	.LFB3
 963 001c 10000000 		.4byte	.LFE3
 964 0020 00000000 		.4byte	.LFB4
 965 0024 14000000 		.4byte	.LFE4
 966 0028 00000000 		.4byte	.LFB5
 967 002c 14000000 		.4byte	.LFE5
 968 0030 00000000 		.4byte	0
 969 0034 00000000 		.4byte	0
 970              		.section	.debug_line,"",%progbits
 971              	.Ldebug_line0:
 972 0000 C9000000 		.section	.debug_str,"MS",%progbits,1
 972      02004600 
 972      00000201 
 972      FB0E0D00 
 972      01010101 
 973              	.LASF15:
 974 0000 72656733 		.ascii	"reg32\000"
 974      3200
 975              	.LASF19:
 976 0006 76616C75 		.ascii	"value\000"
 976      6500
 977              	.LASF20:
 978 000c 4C65645F 		.ascii	"Led_Red_Read\000"
 978      5265645F 
 978      52656164 
 978      00
 979              	.LASF17:
 980 0019 4C65645F 		.ascii	"Led_Red_Write\000"
 980      5265645F 
 980      57726974 
 980      6500
 981              	.LASF24:
 982 0027 4C65645F 		.ascii	"Led_Red_ClearInterrupt\000"
 982      5265645F 
 982      436C6561 
 982      72496E74 
 982      65727275 
 983              	.LASF22:
 984 003e 4C65645F 		.ascii	"Led_Red_SetInterruptMode\000"
 984      5265645F 
 984      53657449 
 984      6E746572 
 984      72757074 
 985              	.LASF12:
 986 0057 666C6F61 		.ascii	"float\000"
 986      7400
 987              	.LASF27:
 988 005d 474E5520 		.ascii	"GNU C 4.9.3 20150303 (release) [ARM/embedded-4_9-br"
 988      4320342E 
 988      392E3320 
 988      32303135 
 988      30333033 
 989 0090 616E6368 		.ascii	"anch revision 221220] -mcpu=cortex-m0 -mthumb -g -O"
 989      20726576 
 989      6973696F 
 989      6E203232 
 989      31323230 
ARM GAS  C:\Users\zozo\AppData\Local\Temp\ccpiadrk.s 			page 38


 990 00c3 73202D66 		.ascii	"s -ffunction-sections -flto -ffat-lto-objects\000"
 990      66756E63 
 990      74696F6E 
 990      2D736563 
 990      74696F6E 
 991              	.LASF1:
 992 00f1 756E7369 		.ascii	"unsigned char\000"
 992      676E6564 
 992      20636861 
 992      7200
 993              	.LASF30:
 994 00ff 64725661 		.ascii	"drVal\000"
 994      6C00
 995              	.LASF5:
 996 0105 6C6F6E67 		.ascii	"long unsigned int\000"
 996      20756E73 
 996      69676E65 
 996      6420696E 
 996      7400
 997              	.LASF3:
 998 0117 73686F72 		.ascii	"short unsigned int\000"
 998      7420756E 
 998      7369676E 
 998      65642069 
 998      6E7400
 999              	.LASF13:
 1000 012a 646F7562 		.ascii	"double\000"
 1000      6C6500
 1001              	.LASF10:
 1002 0131 75696E74 		.ascii	"uint16\000"
 1002      313600
 1003              	.LASF23:
 1004 0138 706F7369 		.ascii	"position\000"
 1004      74696F6E 
 1004      00
 1005              	.LASF11:
 1006 0141 75696E74 		.ascii	"uint32\000"
 1006      333200
 1007              	.LASF25:
 1008 0148 696E7472 		.ascii	"intrCfg\000"
 1008      43666700 
 1009              	.LASF8:
 1010 0150 756E7369 		.ascii	"unsigned int\000"
 1010      676E6564 
 1010      20696E74 
 1010      00
 1011              	.LASF7:
 1012 015d 6C6F6E67 		.ascii	"long long unsigned int\000"
 1012      206C6F6E 
 1012      6720756E 
 1012      7369676E 
 1012      65642069 
 1013              	.LASF18:
 1014 0174 6D6F6465 		.ascii	"mode\000"
 1014      00
 1015              	.LASF6:
 1016 0179 6C6F6E67 		.ascii	"long long int\000"
ARM GAS  C:\Users\zozo\AppData\Local\Temp\ccpiadrk.s 			page 39


 1016      206C6F6E 
 1016      6720696E 
 1016      7400
 1017              	.LASF16:
 1018 0187 4C65645F 		.ascii	"Led_Red_SetDriveMode\000"
 1018      5265645F 
 1018      53657444 
 1018      72697665 
 1018      4D6F6465 
 1019              	.LASF26:
 1020 019c 6D61736B 		.ascii	"maskedStatus\000"
 1020      65645374 
 1020      61747573 
 1020      00
 1021              	.LASF14:
 1022 01a9 63686172 		.ascii	"char\000"
 1022      00
 1023              	.LASF2:
 1024 01ae 73686F72 		.ascii	"short int\000"
 1024      7420696E 
 1024      7400
 1025              	.LASF9:
 1026 01b8 75696E74 		.ascii	"uint8\000"
 1026      3800
 1027              	.LASF4:
 1028 01be 6C6F6E67 		.ascii	"long int\000"
 1028      20696E74 
 1028      00
 1029              	.LASF28:
 1030 01c7 2E5C4765 		.ascii	".\\Generated_Source\\PSoC4\\Led_Red.c\000"
 1030      6E657261 
 1030      7465645F 
 1030      536F7572 
 1030      63655C50 
 1031              	.LASF0:
 1032 01ea 7369676E 		.ascii	"signed char\000"
 1032      65642063 
 1032      68617200 
 1033              	.LASF21:
 1034 01f6 4C65645F 		.ascii	"Led_Red_ReadDataReg\000"
 1034      5265645F 
 1034      52656164 
 1034      44617461 
 1034      52656700 
 1035              	.LASF29:
 1036 020a 433A5C55 		.ascii	"C:\\Users\\zozo\\GitHub\\Connection_Parameters1\\Co"
 1036      73657273 
 1036      5C7A6F7A 
 1036      6F5C4769 
 1036      74487562 
 1037 0238 6E6E6563 		.ascii	"nnection_Parameters\\Connection_Parameters.cydsn\000"
 1037      74696F6E 
 1037      5F506172 
 1037      616D6574 
 1037      6572735C 
 1038              		.comm	__gnu_lto_v1,1,1
 1039              		.ident	"GCC: (GNU Tools for ARM Embedded Processors) 4.9.3 20150303 (release) [ARM/embedded-4_9-br
ARM GAS  C:\Users\zozo\AppData\Local\Temp\ccpiadrk.s 			page 40


