ARM GAS  C:\Users\zozo\AppData\Local\Temp\ccSu3VlM.s 			page 1


   1              		.cpu cortex-m0
   2              		.fpu softvfp
   3              		.eabi_attribute 20, 1
   4              		.eabi_attribute 21, 1
   5              		.eabi_attribute 23, 3
   6              		.eabi_attribute 24, 1
   7              		.eabi_attribute 25, 1
   8              		.eabi_attribute 26, 1
   9              		.eabi_attribute 30, 4
  10              		.eabi_attribute 34, 0
  11              		.eabi_attribute 18, 4
  12              		.code	16
  13              		.file	"Led_Blue.c"
  14              		.text
  15              	.Ltext0:
  16              		.section	.gnu.lto_.profile.d9227ad1,"",%progbits
  17 0000 789C6366 		.ascii	"x\234cf```a\200\000F\0065\005\000\000\340\000O"
  17      60606061 
  17      80004606 
  17      35050000 
  17      E0004F
  18              		.text
  19              		.section	.gnu.lto_.jmpfuncs.d9227ad1,"",%progbits
  20 0000 789C6366 		.ascii	"x\234cf\300\016d\2404\033\003##c=#\210`b``f``abdd\256"
  20      C00E64A0 
  20      341B0323 
  20      23633D23 
  20      88606260 
  21 001d AF6705CA 		.ascii	"\257g\005\312\001\000 \267\002>"
  21      010020B7 
  21      023E
  22              		.text
  23              		.section	.gnu.lto_.inline.d9227ad1,"",%progbits
  24 0000 789C6366 		.ascii	"x\234cf\300\016f@i6\006\006\016vFF\006F\006\006f\216"
  24      C00E6640 
  24      69360606 
  24      0E764646 
  24      06460606 
  25 0016 03760C6C 		.ascii	"\003v\014l\013\344\231\030\230.\360\263\200$\031\361"
  25      0BE49918 
  25      982EF0B3 
  25      802419F1 
  26 0026 C83131B0 		.ascii	"\31011\260\261220\261}\320\203\210\003\0013\246\020"
  26      B1323230 
  26      B17DD083 
  26      88030133 
  26      A610
  27 0038 0B032707 		.ascii	"\013\003'\007#\023\310\004\2409\014,\250\246\000\011"
  27      2313C804 
  27      A0390C2C 
  27      A8A60009 
  28 0048 1E902256 		.ascii	"\036\220\"V\006v6\240>\270$\010\000\000\311\241\017"
  28      067636A0 
  28      3EB82408 
  28      0000C9A1 
  28      0F
  29 0059 C8       		.ascii	"\310"
ARM GAS  C:\Users\zozo\AppData\Local\Temp\ccSu3VlM.s 			page 2


  30              		.text
  31              		.section	.gnu.lto_.pureconst.d9227ad1,"",%progbits
  32 0000 789C6366 		.ascii	"x\234cf``\340e\200\0006\006)F)&)f)\026)V)\000\005\261"
  32      6060E065 
  32      80003606 
  32      29462926 
  32      29662916 
  33 001a 00C2     		.ascii	"\000\302"
  34              		.text
  35              		.section	.gnu.lto_Led_Blue_SetDriveMode.d9227ad1,"",%progbits
  36 0000 789C7D51 		.ascii	"x\234}QM+DQ\030~\237s\357\334\031_\221\262\2315&\221"
  36      4D2B4451 
  36      187E9F73 
  36      EFDC195F 
  36      91B29935 
  37 0016 951F2016 		.ascii	"\225\037 \0266\026\312v\012q\313\002\023\261vf\214\217"
  37      3616CA76 
  37      0A71CB02 
  37      13B17666 
  37      8C8F
  38 0028 941AB230 		.ascii	"\224\032\2620I\212\344c|\225\205\005e\242\254D,LMb3"
  38      498AE463 
  38      7C958505 
  38      65A2AC44 
  38      2C4C4D62 
  39 003d F2B14184 		.ascii	"\362\261A\204Y\350z\337\231\331)\247\316{\336\363\364"
  39      59E87ADF 
  39      99D929A7 
  39      CE7BDEF3 
  39      F4
  40 004e 3CCF7DEE 		.ascii	"<\317}\356{\014\372\273\274\274\017@T\315'\014\202\212"
  40      7B0CFABB 
  40      BCBC0F40 
  40      54CD270C 
  40      828A
  41 0060 9C13053D 		.ascii	"\234\023\005=\012\220\206@\303\012\303xRo\012\221xl"
  41      0A908640 
  41      C30AC378 
  41      526F0A91 
  41      786C
  42 0072 AEC0B7A2 		.ascii	"\256\300\267\242\265~\015\355u\353\331\366\264\"zWY"
  42      B57E0DED 
  42      75EBD9F6 
  42      B4227A57 
  42      59
  43 0083 1FACC2C7 		.ascii	"\037\254\302\307\234\207\364\323j\221\341\003q\3773"
  43      9C87F4D3 
  43      6A91E103 
  43      71FF33
  44 0092 9DB85215 		.ascii	"\235\270R\025\313Z\207\342\347\333\272\036i6]\203\301"
  44      CB5A87E2 
  44      E7DBBA1E 
  44      69365D83 
  44      C1
  45 00a3 0AD47851 		.ascii	"\012\324xQ\345%\006\010\353\250\020\362[\370'Q`\205"
  45      E5250608 
  45      EBA810F2 
ARM GAS  C:\Users\zozo\AppData\Local\Temp\ccSu3VlM.s 			page 3


  45      5BF82751 
  45      6085
  46 00b5 D9BC24EB 		.ascii	"\331\274$\353\211\015X\234\213vJ\343\332q\336\317.\037"
  46      890D589C 
  46      8B764AE3 
  46      DA71DECF 
  46      2E1F
  47 00c7 2B91A758 		.ascii	"+\221\247X\243\014)&D\351\222\326\222\342\226B\224\342"
  47      A30C2926 
  47      44E992D6 
  47      92E29642 
  47      94E2
  48 00d9 2DC1EFF9 		.ascii	"-\301\357\371\302\247\221\304\361\347\344u\324\022\267"
  48      C2A791C4 
  48      F1E7E475 
  48      D412B7
  49 00e8 2F257F71 		.ascii	"/%\177q0:\225\310\177TieL\214E\264)\337\276K]\\z2\020"
  49      303A95C8 
  49      7F546965 
  49      4C8C45B4 
  49      29DFBE4B 
  50 0101 C9F579E9 		.ascii	"\311\365y\351\260\177\001\363\3010'6\021\203\027\233"
  50      B07F01F3 
  50      C1302736 
  50      1183179B 
  51 0111 E031610B 		.ascii	"\3401a\013\013\240$F\276snF\326\360d|w\276P\324\312"
  51      0BA02446 
  51      BE736E46 
  51      D6F0647C 
  51      77BE50D4 
  52 0126 719CEF62 		.ascii	"q\234\357b\3026\263\223\010\335\272\2634\327\2272Ev"
  52      C236B393 
  52      08DDBAB3 
  52      34D79732 
  52      4576
  53 0138 939309C4 		.ascii	"\223\223\011\304\262\243\350\313bF\346*#\354d$#\037"
  53      B2A3E8CB 
  53      6246E62A 
  53      23EC6424 
  53      231F
  54 014a 398A3B63 		.ascii	"9\212;cn1t<\003\201\376I\265\313\251XA\267\010\306\367"
  54      6E31743C 
  54      0381FE49 
  54      B5CBA958 
  54      41B708C6 
  55 015f 4F95B0E5 		.ascii	"O\225\260\345=R<[\036\000\217\243\274\326\337d\367\331"
  55      3D523C5B 
  55      1E008FA3 
  55      BCD6DF64 
  55      F7D9
  56 0171 031D8376 		.ascii	"\003\035\203vW[k`h\240\323\366\267\264\006\032\353\374"
  56      575B6B60 
  56      68A0D3F6 
  56      B7B4061A 
  56      EBFC
  57 0183 CD0C34F4 		.ascii	"\315\0144\364\014\331\265\235d\366\006\272\354_\005"
  57      0CD9B59D 
ARM GAS  C:\Users\zozo\AppData\Local\Temp\ccSu3VlM.s 			page 4


  57      64F606BA 
  57      EC5F05
  58 0192 D8A6A6   		.ascii	"\330\246\246"
  59              		.text
  60              		.section	.gnu.lto_Led_Blue_Write.d9227ad1,"",%progbits
  61 0000 789C6551 		.ascii	"x\234eQMh\023A\030\2357\223\315\006s\021\361Pr\361P"
  61      4D681341 
  61      189D3793 
  61      CD067311 
  61      F15072F1 
  62 0015 4B10B407 		.ascii	"K\020\264\007\361\346\245\350\241\027\017\205BOA\011"
  62      F1E6A5E8 
  62      A1170F85 
  62      424F4109 
  63 0025 EDDE8A85 		.ascii	"\355\336\212\205`{\315\244\256\211x\212E$P\032\255\245"
  63      607BCDA4 
  63      AE89788A 
  63      4524501A 
  63      ADA5
  64 0037 588DB655 		.ascii	"X\215\266U\217\275,\025\274\031)B\325\022bB#X\274\330"
  64      8FBD2C15 
  64      BC192942 
  64      D5126242 
  64      2358BCD8 
  65 004b 1F5A73B0 		.ascii	"\037Zs\260\361\315\016\210\301agg\366\355{o\336\367"
  65      F1CD0E88 
  65      C1616767 
  65      F6ED7B6F 
  65      DEF7
  66 005d 8D12FF8F 		.ascii	"\215\022\377\217\004\347\200\024\342\"W(\001Y\254\012"
  66      04E78014 
  66      E2225728 
  66      0159AC0A 
  67 006d 918B49C0 		.ascii	"\221\213I\300l\004DV\"\213\035\271+Q\014*\245xrQk\375"
  67      6C044456 
  67      228B1DB9 
  67      2B510C2A 
  67      A5787251 
  68 0083 736FADE7 		.ascii	"so\255\347NO\233\262}im\360\024IR\366+\372\201RI\010"
  68      4E4F9BB2 
  68      7D696DF0 
  68      144952F6 
  68      2BFA8152 
  69 0099 EE5737DE 		.ascii	"\356W7\336\037\273}\013ZO\007k\313z\000mz.AQ\201\363"
  69      1FBB7D0B 
  69      5A4F076B 
  69      CB7A006D 
  69      7A2E4151 
  70 00af 099C4B08 		.ascii	"\011\234K\010\002\002\317\320g\310{\017+\207R]\010\205"
  70      0202CFD0 
  70      67C87B0F 
  70      2B87525D 
  70      0885
  71 00c1 CD27DB8F 		.ascii	"\315'\333\217\334\336y\012\033;\333\357\342\272\244"
  71      DCDE790A 
  71      1B3BDBEF 
  71      E2BAA4
ARM GAS  C:\Users\zozo\AppData\Local\Temp\ccSu3VlM.s 			page 5


  72 00d0 FD46A773 		.ascii	"\375F\247s\306\350\237\377\253\267\203\202]\377\367"
  72      C6E89FFF 
  72      ABB78382 
  72      5DFFF7
  73 00df A778D467 		.ascii	"\247x\324g\260\223\250\240\327\206\302\013D\301\305"
  73      B093A8A0 
  73      D786C20B 
  73      44C1C5
  74 00ee 202BA702 		.ascii	" +\247\002\335\351\2749\270\177\3672NH\036,\025_*\""
  74      DDE9BC39 
  74      B87FF732 
  74      4E481E2C 
  74      155F2A22 
  75 0102 CC4F0726 		.ascii	"\314O\007&D\324\000n\010\304\014A\210\026\247\351\301"
  75      44D4006E 
  75      08C40C41 
  75      8816A7E9 
  75      C1
  76 0113 377E7055 		.ascii	"7~pU[X?\274W-O\031\343#i\0322\277X\362\361]\266eD\347"
  76      5B583FBC 
  76      572D4F19 
  76      E323691A 
  76      32BF58F2 
  77 012d 8B3A62A2 		.ascii	"\213:b\242|m}\330\210\205P\230\254\371\270\260\244\346"
  77      7C6D7DD8 
  77      88855098 
  77      ACF9B8B0 
  77      A4E6
  78 013f 309BF359 		.ascii	"0\233\363Y\276\203\227H`\031L\216\025\314Ala\372s\241"
  78      BE839748 
  78      60194C8E 
  78      15CC416C 
  78      61FA73A1 
  79 0153 26ADA1A2 		.ascii	"&\255\241\242'\221\333\277\3625X$B\220\036\037\217\253"
  79      2791DBBF 
  79      F2355824 
  79      42901E1F 
  79      8FAB
  80 0165 6FC35354 		.ascii	"o\303STV`\225\352M\204\022\023\225$\243\251\3457\313"
  80      566095EA 
  80      4D841213 
  80      9524A3A9 
  80      E537CB
  81 0178 D7AD888F 		.ascii	"\327\255\210\217C\321\321B\343\207\025\261\246W\024"
  81      43D1D142 
  81      E38715B1 
  81      A65714
  82 0187 9175F0D7 		.ascii	"\221u\360\327\331\015\315\243\335N\256\311S/\324\313"
  82      D90DCDA3 
  82      DD4EAEC9 
  82      532FD4CB 
  83 0197 239614B3 		.ascii	"#\226\024\263\320\372L\363\264\001\272\252\311\005N"
  83      D0FA4CF3 
  83      B401BAAA 
  83      C9054E
  84 01a6 773DAF59 		.ascii	"w=\257Y\017%\242\216\\\360e\320\360\315\335\264x\303"
  84      0F25A28E 
ARM GAS  C:\Users\zozo\AppData\Local\Temp\ccSu3VlM.s 			page 6


  84      5CF065D0 
  84      F0CDDDB4 
  84      78C3
  85 01b8 6C1D1B79 		.ascii	"l\035\033y\266?5\350\335\3642\351[\336\330\215\341\211"
  85      B63F35E8 
  85      DDF432E9 
  85      5BDED88D 
  85      E189
  86 01ca C9CCA897 		.ascii	"\311\314\250\227\032\032\236\270z)u\215\300\225\361"
  86      1A1A9EB8 
  86      7A29758D 
  86      C095F1
  87 01d9 49AF7F54 		.ascii	"I\257\177T8Sin\234\261\314Hz\374\017\210i\323O"
  87      3853696E 
  87      9CB1CC48 
  87      7AFC0F88 
  87      69D34F
  88              		.text
  89              		.section	.gnu.lto_Led_Blue_Read.d9227ad1,"",%progbits
  90 0000 789C658F 		.ascii	"x\234e\217?HBQ\024\306\317w\336\363e8\024M\341\034J"
  90      3F484251 
  90      14C6CF77 
  90      DEF36538 
  90      144DE11C 
  91 0015 204ECD0D 		.ascii	" N\315\0155\2644\004n!D\330\333\"Ar\366i/\203&\021Z"
  91      35B43404 
  91      6E2144D8 
  91      DB224172 
  91      F6692F83 
  92 002c 2A2789B2 		.ascii	"*'\211\262?\324\032\004\205\263$a\024HX\203\201\321"
  92      3FD41A04 
  92      85B32461 
  92      14485883 
  92      81D1
  93 003e 9258D91B 		.ascii	"\222X\331\033\312\316\365\265u\341\236s\317=?\276\357"
  93      CACEF5B5 
  93      75E19E73 
  93      CF3D3FBE 
  93      EF
  94 004f 1C8DFE1F 		.ascii	"\034\215\376\037\277\334I\020\005$C#p\356\232(\355e"
  94      BFDC4910 
  94      05244323 
  94      70EE9A28 
  94      ED65
  95 0061 403D0894 		.ascii	"@=\010\224b\244\360\302mF\345\374\247\206\340\236ee"
  95      62A4F0C2 
  95      6D46E5FC 
  95      A786E09E 
  95      6565
  96 0073 DE32B507 		.ascii	"\3362\265\007\337\372\250\303D\035&\204\374\030W:\330"
  96      DFFAA8C3 
  96      441D2684 
  96      FC18573A 
  96      D8
  97 0084 4790046C 		.ascii	"G\220\004l\333\337\367>\303\266,kX\365\245q\000C<\350"
  97      DBDFF73E 
  97      C3B62C6B 
ARM GAS  C:\Users\zozo\AppData\Local\Temp\ccSu3VlM.s 			page 7


  97      58F5A571 
  97      00433CE8 
  98 0098 74E4CAEA 		.ascii	"t\344\312\352\365:\225|+\300\006\223\303\342(AW\301"
  98      F53A957C 
  98      2BC00693 
  98      C3E22841 
  98      57C1
  99 00aa 434A8E9A 		.ascii	"CJ\216\232\022\224\3633\263\312Z\035\345\317\315\273"
  99      1294F333 
  99      B3CA5A1D 
  99      E5CFCDBB 
 100 00ba D2BC92E8 		.ascii	"\322\274\222\350\262\032\243X-\277{Z\3540\333\331\234"
 100      B21AA358 
 100      2DBF7B5A 
 100      EC30DBD9 
 100      9C
 101 00cb A52BC3C7 		.ascii	"\245+\303\307f\365\306\333\377\"U~l\237]\016\025\260"
 101      66F5C6DB 
 101      FF22557E 
 101      6C9F5D0E 
 101      15B0
 102 00dd 93B6E1B0 		.ascii	"\223\266\341\260\206\022\3748\204\014\210#\024@u\254"
 102      8612FC38 
 102      840C8823 
 102      144075AC 
 103 00ed 7D652BBA 		.ascii	"}e+\272+\250\271\232[\027\273\371A%\000\013\204c\201"
 103      2BA8B99A 
 103      5B17BBF9 
 103      4125000B 
 103      846381
 104 0100 856A646F 		.ascii	"\205jdo\015\227\322\005\024\252[|z\205\242\364\001\302"
 104      0D97D205 
 104      14AA5B7C 
 104      7A85A2F4 
 104      01C2
 105 0112 491FCA34 		.ascii	"I\037\31246B.\343\021\214\032\300_\325_\005j\005\231"
 105      36422EE3 
 105      118C1AC0 
 105      5FD55F05 
 105      6A0599
 106 0125 692C1C9D 		.ascii	"i,\034\2351W\314\304\342\252\271\264\020\211'\02313"
 106      3157CCC4 
 106      E2AAB9B4 
 106      10892713 
 106      3133
 107 0137 3A17894F 		.ascii	":\027\211OODg\345cj9i\206c\364\013X%|'"
 107      4F4467E5 
 107      636A3969 
 107      8663F40B 
 107      58257C27 
 108              		.text
 109              		.section	.gnu.lto_Led_Blue_ReadDataReg.d9227ad1,"",%progbits
 110 0000 789C658F 		.ascii	"x\234e\2171HBQ\024\206\317\177\336\323\014\227h\012"
 110      31484251 
 110      1486CF7F 
 110      DED30C97 
 110      680A
ARM GAS  C:\Users\zozo\AppData\Local\Temp\ccSu3VlM.s 			page 8


 111 0012 E7480271 		.ascii	"\347H\002q\251\271\241\206\226\206\300-\204\010{[$H"
 111      A9B9A186 
 111      9686C02D 
 111      84087B5B 
 111      2448
 112 0024 CE5EEDA5 		.ascii	"\316^\355\245\320$B\020\224P\204de4\007\015\341,E\024"
 112      D0244210 
 112      94508464 
 112      6534070D 
 112      E12C4514 
 113 0038 44125660 		.ascii	"D\022V`a\264$\202\366\206\262s\265\255\013\367\234{"
 113      61B42482 
 113      F686B273 
 113      B5AD0BF7 
 113      9C7B
 114 004a EEF9F8FF 		.ascii	"\356\371\370\377s\014\372\177|r\247@4&\031\006\201\263"
 114      730CFA7F 
 114      7C72A740 
 114      34261906 
 114      81B3
 115 005c 5744490F 		.ascii	"WDI\017\003\372A\240\004#\201wn2*\347?\267\360\027\224"
 115      03FA41A0 
 115      04238177 
 115      6E322AE7 
 115      3FB7F017 
 116 0071 4A7D961F 		.ascii	"J}\226\037\036\275\033#\016\023\265\230\020\360a\\\353"
 116      1EBD1B23 
 116      0E13B598 
 116      10F0615C 
 116      EB
 117 0082 E0107E12 		.ascii	"\340\020~\022\260i\177\337{\335\266RjH\367\245Q\204"
 117      B0697FDF 
 117      7BDDB652 
 117      6A48F7A5 
 117      5184
 118 0094 5B3CE86C 		.ascii	"[<\350l\370Ru\273\255\267\\c\202\335L\016\213\243\004"
 118      F85275BB 
 118      ADB75C63 
 118      82DD4C0E 
 118      8BA304
 119 00a7 53071769 		.ascii	"S\007\027i9\252K\320\316\257\314:\033U\224\333\233\355"
 119      39AA4BD0 
 119      CEAFCC3A 
 119      1B5594DB 
 119      9BED
 120 00b9 D28296E8 		.ascii	"\322\202\226\350\260\036c\277\260m\243\301\016\263J"
 120      B01E63BF 
 120      B06DA3C1 
 120      0EB34A
 121 00c8 6795A90D 		.ascii	"g\225\251\015\237\352\3277\236\336\027\351\362e/S4\362"
 121      9FEAD737 
 121      9EDE17E9 
 121      F2652F53 
 121      34F2
 122 00da D849DA70 		.ascii	"\330I\332p\330\300\021|8\206\014\210\023\344AU\254\177"
 122      D8C0117C 
 122      38860C88 
ARM GAS  C:\Users\zozo\AppData\Local\Temp\ccSu3VlM.s 			page 9


 122      13E44155 
 122      AC7F
 123 00ec A52B665F 		.ascii	"\245+f_\320\350kn]\354\346\006\265\000\024\010%\201"
 123      D0E86B6E 
 123      5DECE606 
 123      B5001408 
 123      2581
 124 00fe 85AAA5EF 		.ascii	"\205\252\245\357\334}\312\024P\250\316\301\363G\317"
 124      DC7DCA14 
 124      50A8CEC1 
 124      F347CF
 125 010d D91C209C 		.ascii	"\331\034 \234\366\240T-\023\3503.\301\250\006\374U\275"
 125      F6A0542D 
 125      13E8332E 
 125      C1A806FC 
 125      55BD
 126 011f 55A05790 		.ascii	"U\240W\220\231F\203\341Yk\325\212-\255Y\313\213\241"
 126      994683E1 
 126      596BD58A 
 126      2DAD59CB 
 126      8BA1
 127 0131 683C16B1 		.ascii	"h<\026\261\302\363\241\350\314dxN>\246W\342V0B\277\023"
 127      C2F3A1E8 
 127      CC64784E 
 127      3EA657E2 
 127      563042BF 
 128 0146 917B8F   		.ascii	"\221{\217"
 129              		.text
 130              		.section	.gnu.lto_Led_Blue_SetInterruptMode.d9227ad1,"",%progbits
 131 0000 789C6D91 		.ascii	"x\234m\221Oh\023Q\020\306\337\274\267\377\322D,\036"
 131      4F681351 
 131      10C6DFBC 
 131      B7FFD244 
 131      2C1E
 132 0012 A4E4A250 		.ascii	"\244\344\242PC\016B\361\2407\017b\017^D\012\275\006"
 132      430E42F1 
 132      A0370F62 
 132      0F5E440A 
 132      BD06
 133 0024 44DA5502 		.ascii	"D\332U\002\232\225\230\236<t7\306\004\304C\250E\212"
 133      9A95989E 
 133      3C7437C6 
 133      04C443A8 
 133      458A
 134 0036 A5485169 		.ascii	"\245HQik\264\215VEsZ\242`A\264-\224\026*\304Z\023\265"
 134      6BB48D56 
 134      45735AA2 
 134      6041B42D 
 134      94162AC4 
 135 004d A0D09868 		.ascii	"\240\320\230h\262\242\304\231\335z(\272\260\357\275"
 135      B2A2C499 
 135      DD7A28BA 
 135      B0EFBD
 136 005c F931F3BD 		.ascii	"\3711\363\275o\346\011\366\357\027\304\3776g\3540\356"
 136      6FE609F6 
 136      EF17C4FF 
 136      3667EC30 
ARM GAS  C:\Users\zozo\AppData\Local\Temp\ccSu3VlM.s 			page 10


 136      EE
 137 006d 2018F0EC 		.ascii	" \030\360\354\033\306,\215\003\320\201\001\033\3440"
 137      1BC62C8D 
 137      03D08101 
 137      1BE430
 138 007c 081BBCCA 		.ascii	"\010\033\274\312!k\347F\374\341;\246in~\253u\\\356p"
 138      216BE746 
 138      FCE13BA6 
 138      696E7EAB 
 138      755CEE70 
 139 0090 B0ACC63D 		.ascii	"\260\254\306=\031\230\2000\246T\236\216_\024a`x|\265"
 139      19988030 
 139      A6549E8E 
 139      5F146160 
 139      787CB5
 140 00a3 DEAC053E 		.ascii	"\336\254\005>s\207C;\2057V*uA!\347\024\346^\014\347"
 140      7387433B 
 140      8537562A 
 140      754121E7 
 140      14E65E0C 
 141 00b8 D5D02DD3 		.ascii	"\325\320-\323L\332\363y\363\010r\001\223 P\016\246 "
 141      4CDAF379 
 141      F3087201 
 141      9320500E 
 141      A620
 142 00ca 087721C8 		.ascii	"\010w!\310\0201\310A\010\263?9\033\023;\304\001Ww\335"
 142      1031C841 
 142      08B33F39 
 142      1B133BC4 
 142      015777DD 
 143 00de BAF9DDEF 		.ascii	"\272\371\335\357U6\377V\336\373O\345}\010Q\372\302\363"
 143      5536FF56 
 143      DEFB4FE5 
 143      7D0851FA 
 143      C2F3
 144 00f0 E10FB238 		.ascii	"\341\017\2628\344\226>\233\256\277\366\273\226\366R"
 144      E4963E9B 
 144      AEBFF6BB 
 144      96F652
 145 00ff 58189A1B 		.ascii	"X\030\232\033Q\\K\022\205_\257\027Gy\3478\012\257Me"
 145      515C4B12 
 145      855FAF17 
 145      4779E738 
 145      0AAF4D65 
 146 0113 5E06CC39 		.ascii	"^\006\31493\265\326j\355q\270\004\323\236\376\014\352"
 146      33B5D66A 
 146      ED71B804 
 146      D39EFE0C 
 146      EA
 147 0124 E721B835 		.ascii	"\347!\27059,\251\246~\257\370\225\024N\244\035\036@"
 147      392CA9A6 
 147      7EAFF895 
 147      144EA41D 
 147      1E40
 148 0136 A7370D78 		.ascii	"\2477\015x\010\012\340Fdf\227m\266Z\263K\327&\367\213"
 148      080AE046 
 148      6466976D 
ARM GAS  C:\Users\zozo\AppData\Local\Temp\ccSu3VlM.s 			page 11


 148      B65AB34B 
 148      D726F78B 
 149 014a 004763B2 		.ascii	"\000Gc\262\000\352I\242\243L\213\302(O\005\362\253!"
 149      00EA49A2 
 149      A34C8BC2 
 149      284F05F2 
 149      AB21
 150 015c 507C44DB 		.ascii	"P|D\333ha\254\214z\364\014\025\034\032\356b\025\212"
 150      6861AC8C 
 150      7AF40C15 
 150      1C1AEE62 
 150      158A
 151 016e 3FAE940A 		.ascii	"?\256\224\012=tE\203\323\233,d\352\213;\251\007\365"
 151      3D744583 
 151      D39B2C64 
 151      EA8B3BA9 
 151      07F5
 152 0180 6A3A6BBA 		.ascii	"j:k\272}\274+\317/j.r=nV3I\377\030\214Z)p\270\006\263"
 152      7DBC2BCF 
 152      2F6A2E72 
 152      3D6E5633 
 152      49FF188C 
 153 019a D8C323EA 		.ascii	"\330\303#\352\001\036\303\030\260UH\2262e\331\023\224"
 153      011EC318 
 153      B0554896 
 153      3265D913 
 153      94
 154 01ab 1A383824 		.ascii	"\03288$?\323K\222Gd\204H.5\323_\300#t/r\266\014\334"
 154      3FD34B92 
 154      47648448 
 154      2E35D35F 
 154      C023742F 
 155 01c3 6D14CD23 		.ascii	"m\024\315#\364r>\026\226\267\2624Tj\240\001\222W=\344"
 155      F4723E16 
 155      96B7B234 
 155      546AA001 
 155      92573DE4 
 156 01d7 434A69F5 		.ascii	"CJi\365\364/\341\2216W\315\207\2608\364~7\261mv-[\336"
 156      F42FE191 
 156      3657CD87 
 156      B038F47E 
 156      37B16D76 
 157 01ee 6EF8091A 		.ascii	"n\370\011\032\306*V\002\313~{\202\362\351\031\312\034"
 157      C62A5602 
 157      CB7E7B82 
 157      F2E919CA 
 157      1C
 158 01ff 683638A9 		.ascii	"h68\251}]\221czL\217\237J\350\375'{\215\201x\237\036"
 158      7D5D9163 
 158      7A4C8F9F 
 158      4AE8FD27 
 158      7B8D8178 
 159 0215 E9E935BA 		.ascii	"\351\3515\272\017F\216#8zv@\357\352c\332y\343B4\021"
 159      0F468E23 
 159      387A7640 
 159      EFEA63DA 
 159      79E34234 
ARM GAS  C:\Users\zozo\AppData\Local\Temp\ccSu3VlM.s 			page 12


 160 022a 3562D239 		.ascii	"5b\3229\243_W\243\261D\274\373\364\231?\310\215\376"
 160      A35F57A3 
 160      B144BCFB 
 160      F4993FC8 
 160      8DFE
 161 023c 7C       		.ascii	"|"
 162              		.text
 163              		.section	.gnu.lto_Led_Blue_ClearInterrupt.d9227ad1,"",%progbits
 164 0000 789C6590 		.ascii	"x\234e\220OHTQ\024\306\317w\336\21435\201\341*f\323"
 164      4F485451 
 164      14C6CF77 
 164      DE8C3335 
 164      81E12A66 
 165 0015 C26010C4 		.ascii	"\302`\020\304\215\255\\\352\242\215\013a\300\325@\014"
 165      8DAD5CEA 
 165      A28D0B61 
 165      C0D5400C 
 166 0025 CE5B9509 		.ascii	"\316[\225\011\316\314V\357\3308\203\265pP\204 ]DD6\376"
 166      CECC56EF 
 166      D83883B5 
 166      70508420 
 166      5D444436 
 167 003a AB4D1068 		.ascii	"\253M\020h\310 \263\212B\202\012\221q \203\"\221D\230"
 167      C820B38A 
 167      42820A91 
 167      71208322 
 167      914498
 168 004d F151CDEB 		.ascii	"\361Q\315\353\234\367Z$]x\357\336\367\275\363}\347w"
 168      9CF75A24 
 168      5D78EFDE 
 168      F7BDF37D 
 168      E777
 169 005f 8F45FFAF 		.ascii	"\217E\377\257\250<\373 \352\225\035\026\201Ko\211ra"
 169      A83CFB20 
 169      EA951D16 
 169      814B6F89 
 169      7261
 170 0071 06F440A0 		.ascii	"\006\364@\240I\306$\276\361\011\343\315\253\326{\304"
 170      49C624BE 
 170      F109E3CD 
 170      ABD67BC4 
 171 0081 9E1833F5 		.ascii	"\236\0303\365\243\362s?2}\305a\242S&tG\321\2459x\212"
 171      A3F2733F 
 171      327DC561 
 171      A2532674 
 171      47D1A539 
 172 0097 1849E1C2 		.ascii	"\030I\341\302\347\231cX1\350\271\341\336/\207;\037\211"
 172      E7996358 
 172      31E8B9E1 
 172      DE2F873B 
 172      1F89
 173 00a9 A95E2B56 		.ascii	"\251^+V#\346\201\311\327]\367\252X\261\014\353_\267"
 173      23E681C9 
 173      D75DF7AA 
 173      58B10CEB 
 173      5FB7
 174 00bb 2E319CE4 		.ascii	".1\234\344\177\177\214\264\345\2151\227\361\014\235"
ARM GAS  C:\Users\zozo\AppData\Local\Temp\ccSu3VlM.s 			page 13


 174      7F7F8CB4 
 174      E58D3197 
 174      F10C9D
 175 00ca DA4092CB 		.ascii	"\332@\222\313h\023H\250\262\321\261m\\\367\364x~\271"
 175      681348A8 
 175      B2D1B16D 
 175      5CF7F478 
 175      7EB9
 176 00dc CF0A3339 		.ascii	"\317\01239,\330\016s\200\364gP\277C\244dt(/\275\304"
 176      2CD80E73 
 176      80F46750 
 176      BF43A464 
 176      74282FBD 
 177 00f1 1766DDAD 		.ascii	"\027f\335\255=T\032\367\032[\023\032\326d\275\321\354"
 177      3D541AF7 
 177      1A5B131A 
 177      D664BDD1 
 177      EC
 178 0102 CB83E685 		.ascii	"\313\203\346\205\257\354\260U*\224L@\333\037\034\276"
 178      AFECB055 
 178      2A944C40 
 178      DB1F1CBE 
 179 0112 DB0D7B92 		.ascii	"\333\015{\222GS8z\321j_\302\303\\\036\016\007\260\202"
 179      4753387A 
 179      D16A5FC2 
 179      C35C1E0E 
 179      07B082
 180 0125 285621B4 		.ascii	"(V!\264X\303\022h\017S\237\212\277\330\017\264$S\224"
 180      58C31268 
 180      0F539F8A 
 180      BFD80FB4 
 180      245394
 181 0138 BB67851D 		.ascii	"\273g\205\035\370J@D\035\307\346\342\234\327\205\015"
 181      F84A4044 
 181      1DC7E6E2 
 181      9CD7850D 
 182 0148 08EB62FF 		.ascii	"\010\353b\377\000\317\243\300R\2451\265bkk\330w\005"
 182      00CFA3C0 
 182      52A531B5 
 182      626B6BD8 
 182      7705
 183 015a 7DA932E7 		.ascii	"}\2512\347\245\234c\310m\363y\212\015\241\020\207\266"
 183      A59C63C8 
 183      6DF3798A 
 183      0DA11087 
 183      B6
 184 016b AD15AAAF 		.ascii	"\255\025\252\257/\372\011!I\020_\363q\375;\264o0Dx."
 184      2FFA0921 
 184      49105FF3 
 184      71FD3BB4 
 184      6F304478 
 185 0180 F535FC05 		.ascii	"\3655\374\005\013y\323\201NEft\255'q\303\276c\217'3"
 185      0B79D381 
 185      4E456674 
 185      AD2771C3 
 185      BE638F27 
 186 0195 76EA667C 		.ascii	"v\352f|,;>b'\206\342c\003\327\023\203\"\364\337\316"
ARM GAS  C:\Users\zozo\AppData\Local\Temp\ccSu3VlM.s 			page 14


 186      2C3B3E62 
 186      2786E263 
 186      03D71383 
 186      22F4DFCE 
 187 01a9 DA3D2374 		.ascii	"\332=#ti4\231\276e\247\342\231d&\233\376\003\275\213"
 187      693499BE 
 187      65A7E299 
 187      64269BFE 
 187      03BD8B
 188 01bc B6C9     		.ascii	"\266\311"
 189              		.text
 190              		.section	.gnu.lto_.symbol_nodes.d9227ad1,"",%progbits
 191 0000 789C55C7 		.ascii	"x\234U\307;\015\000 \020D\301w\037\022tbd-\240\200\240"
 191      3B0D0020 
 191      1044C177 
 191      1F127462 
 191      642DA080 
 192 0015 084D3414 		.ascii	"\010M4\024\334t\023\300\340q\004\363\200\304\332\035"
 192      DC7413C0 
 192      E07104F3 
 192      80C4DA1D 
 193 0025 3759B9CB 		.ascii	"7Y\271\313\313CQ\236\312\362\246\366\237\013\351b\031"
 193      CB43519E 
 193      CAF2A6F6 
 193      9F0BE962 
 193      19
 194 0036 56       		.ascii	"V"
 195              		.text
 196              		.section	.gnu.lto_.refs.d9227ad1,"",%progbits
 197 0000 789C6366 		.ascii	"x\234cf```d\200\002\000\000=\000\005"
 197      60606064 
 197      80020000 
 197      3D0005
 198              		.text
 199              		.section	.gnu.lto_.decls.d9227ad1,"",%progbits
 200 0000 789C8D54 		.ascii	"x\234\215Tmh[U\030>\357=I\232\336fq\014m\265\010\246"
 200      6D685B55 
 200      183EEF3D 
 200      499ADE66 
 200      710C6DB5 
 201 0016 2805A114 		.ascii	"(\005\241\024\266\016\361\237`\007CQ)+\342\217\025F"
 201      B60EF19F 
 201      60074351 
 201      292BE28F 
 201      1546
 202 0028 682FB330 		.ascii	"h/\2630\332\021\323\301~\010g\213\272\350d\306\260\322"
 202      DA11D3C1 
 202      7E08678B 
 202      BAE864C6 
 202      B0D2
 203 003a 0F3757B0 		.ascii	"\0177W\260\332\256q\335\332\305\266i\263.i\327\255\265"
 203      DAAE71DD 
 203      DAC5B669 
 203      B32E69D7 
 203      ADB5
 204 004c 8DB35336 		.ascii	"\215\263S6\213\262v\375p\323BIg\221\026\207\361=\347"
 204      8BB276FD 
ARM GAS  C:\Users\zozo\AppData\Local\Temp\ccSu3VlM.s 			page 15


 204      70D34249 
 204      67911687 
 204      F13DE7
 205 005f DE9B7BAB 		.ascii	"\336\233{\253w\270\003or\337s\337\347y?\236s\017%\204"
 205      77B8036F 
 205      72DF73DF 
 205      E7793F9E 
 205      730F2584 
 206 0073 74022119 		.ascii	"t\002!\031\\`'d\011\375\034\264\012b,\007Z/Z\024\255"
 206      5C602764 
 206      09FD1CB4 
 206      0A622C07 
 206      5A2F5A14 
 207 0088 1F2D8636 		.ascii	"\037-\2066\2126F\376\273z\265x\216?\207V\2046\215v\035"
 207      8A3646FE 
 207      BB7AB578 
 207      8E3F8756 
 207      84368D76 
 208 009d ED552D06 		.ascii	"\355U-\006\264\270\177\257\250\0056\337\204\327\261"
 208      B4B87FAF 
 208      A80536DF 
 208      84D7B1
 209 00ac 510B2CAF 		.ascii	"Q\013,\257\313\376?9\373-p\261G\300\305,p\274\377\\"
 209      CBFE3F39 
 209      FB2D70B1 
 209      47C0C52C 
 209      70BCFF5C 
 210 00c0 AD56379A 		.ascii	"\255V7\232\013m\030-\245\361x,\352\036\265\340\031\323"
 210      0B6D182D 
 210      A5F1782C 
 210      EA1EB5E0 
 210      19D3
 211 00d2 7AB6EAD7 		.ascii	"z\266\352\327\\\203\325\254W%\230\234_\377\303uO\002"
 211      5C83D5AC 
 211      5725989C 
 211      5FFFC375 
 211      4F02
 212 00e4 B7BC95BB 		.ascii	"\267\274\225\273\255\267\226\326(\272.Y\342\356\315"
 212      ADB796D6 
 212      28BA2E59 
 212      E2EECD
 213 00f3 CBC78E39 		.ascii	"\313\307\2169\251\004\374\371\213\346;?\312%]\214\261"
 213      A904FCF9 
 213      8BE63B3F 
 213      CA255D8C 
 213      B1
 214 0104 204B24C0 		.ascii	" K$\300\2408\362\325\320\3079\210\311\227\205{b\262"
 214      A038F2D5 
 214      D0C73988 
 214      C997857B 
 214      62B2
 215 0116 3549859B 		.ascii	"5I\205\233\3418if\346\344\006\005\2718\310\330Q\226"
 215      E1386966 
 215      E6E40605 
 215      B938C8D8 
 215      5196
 216 0128 0E33FA24 		.ascii	"\0163\372$\201\222Bx\276\220@7\024c\030tA\011\201\010"
ARM GAS  C:\Users\zozo\AppData\Local\Temp\ccSu3VlM.s 			page 16


 216      81924278 
 216      BE904037 
 216      14631874 
 216      41098108 
 217 013c 14C2D750 		.ascii	"\024\302\327PH\3321A\372L\372\207\247\031\263\3019\220"
 217      48DA3141 
 217      FA4CFA87 
 217      A719B3C1 
 217      3990
 218 014e E12C5011 		.ascii	"\341,P\021\201m\360\014Z\322\320\373\311\220\315&\341"
 218      816DF00C 
 218      5AD2D0FB 
 218      C990CD26 
 218      E1
 219 015f 268FD96B 		.ascii	"&\217\331k\343{SM\247F\362\012\032\031_\001\266U\202"
 219      E37B534D 
 219      A746F20A 
 219      1A195F01 
 219      B65582
 220 0172 8A7CE840 		.ascii	"\212|\350@\332N\244%p\001\012\360\367<\330T\202\310"
 220      DA4EA425 
 220      70010AF0 
 220      F73CD854 
 220      82C8
 221 0184 FAA93F25 		.ascii	"\372\251?%Z&Z\013to\234\240\236\317Y\333\205tK\340\327"
 221      5A265A0B 
 221      746F9CA0 
 221      9ECF59DB 
 221      85744BE0 
 222 0199 8A4F03EC 		.ascii	"\212O\003\354$\233\313d\236\021 \350\311\026@\370\263"
 222      249BCB64 
 222      9E1120E8 
 222      C91640F8 
 222      B3
 223 01aa 3AD15EF0 		.ascii	":\321^\360 0}u9Hi\235 \211\364\314\177\350\024$s\263"
 223      20307D75 
 223      3948699D 
 223      2089F4CC 
 223      7FE81424 
 224 01c0 A34AE228 		.ascii	"\243J\342({\220\311P\225\341\242\211\341\242\316\020"
 224      7B90C950 
 224      95E1A289 
 224      E1A2CE10 
 225 01d0 150CA9C8 		.ascii	"\025\014\251\310\304\007`\256\231\267c\024\375\215("
 225      C40760AE 
 225      99B76314 
 225      FD8D28
 226 01df 7AAF56F3 		.ascii	"z\257V\363\331\265\370\240\213\276\253\326\034\352\212"
 226      D9B5F8A0 
 226      8BBEABD6 
 226      1CEA8A
 227 01ee 38D474CD 		.ascii	"8\324t\315KF:\004@\237)]\237\236\256_\244\033\273q\032"
 227      4B463A04 
 227      409F295D 
 227      9F9EAE5F 
 227      A41BBB71 
 228 0203 E7791C04 		.ascii	"\347y\034\004\305\265\305\337\336\263\013\212\266\251"
ARM GAS  C:\Users\zozo\AppData\Local\Temp\ccSu3VlM.s 			page 17


 228      C5B5C5DF 
 228      DEB30B8A 
 228      B6A9
 229 0211 2F1D9D2C 		.ascii	"/\035\235,\221\311\274$\010\006L\004\003:AL\020\234"
 229      91C9BC24 
 229      08064C04 
 229      033A414C 
 229      109C
 230 0223 BEBF12CF 		.ascii	"\276\277\022\317\245m*\201\256\274GU\276iy=\352\024"
 230      A56D2A81 
 230      AEBC4755 
 230      BE69793D 
 230      EA14
 231 0235 2E2F05A5 		.ascii	"./\005\245\377k\241\273\303\001\305\262\252\351}U\323"
 231      FF6BA1BB 
 231      C301C5B2 
 231      AAE97D55 
 231      D3
 232 0246 616C70D0 		.ascii	"alp\320\320\324\243i*\216\007\216\300\336\351&\331\001"
 232      D0D4A369 
 232      2A8E078E 
 232      C0DEE926 
 232      D901
 233 0258 C0253C21 		.ascii	"\300%<!\036\355\204\014\341f\03471S\274\375\367\225"
 233      1EED840C 
 233      E1661C37 
 233      3153BCFD 
 233      F795
 234 026a 3CA1FE70 		.ascii	"<\241\376pV\375\300\355\241\333\316\354\336e\020\233"
 234      56FDC0ED 
 234      A1DBCEEC 
 234      DE65109B 
 235 027a E185C519 		.ascii	"\341\205\305\031\373C\217DRL7\241\037\211\306\305\326"
 235      FB438F44 
 235      524C37A1 
 235      1F89C6C5 
 235      D6
 236 028b 9F9DB443 		.ascii	"\237\235\264C\355\355\322ljN\326\316\304\302\335\355"
 236      EDEDD26C 
 236      6A4ED6CE 
 236      C4C2DDED 
 237 029b 2DACED08 		.ascii	"-\254\355\010\373\033\2578\201\202\021\323\204F\364"
 237      FB1BAF38 
 237      818211D3 
 237      8446F4
 238 02aa 098D8A09 		.ascii	"\011\215\212\011=hiJ\272hRe\011\255,\177\262EU\351\227"
 238      3D68694A 
 238      BA685265 
 238      09AD2C7F 
 238      B24555E9 
 239 02bf BB9B55BA 		.ascii	"\273\233U\272b\242\270\242S\214\011\212X\367Z*O|\224"
 239      62A2B8A2 
 239      538C098A 
 239      58F75A2A 
 239      4F7C94
 240 02d2 1E4E3218 		.ascii	"\036N2\030\036ov\210\217R\364\024\014\367-\333\351\314"
 240      1E6F7688 
ARM GAS  C:\Users\zozo\AppData\Local\Temp\ccSu3VlM.s 			page 18


 240      8F52F414 
 240      0CF72DDB 
 240      E9CC
 241 02e4 66098A54 		.ascii	"f\011\212T\011f?\333h\317\025.\277\217\037\343[w~\272"
 241      09663FDB 
 241      68CF152E 
 241      BF8F1FE3 
 241      5B777EBA 
 242 02f8 15CFA1B3 		.ascii	"\025\317\241\263\"\\\032\032\011O\313YE\326TER8\257"
 242      225C1A1A 
 242      094FCB59 
 242      45D65445 
 242      5238AF
 243 030b 49439122 		.ascii	"IC\221\"\263\"\241\000\313\035GE\256\342\320\256qE\246"
 243      B322A100 
 243      CB1D4745 
 243      AEE2D0AE 
 243      7145A6
 244 031e 5091224D 		.ascii	"P\221\"M\221\011\334\374VU\344F\343\352\031\247\034"
 244      9109DCFC 
 244      5655E446 
 244      E3EA19A7 
 244      1C
 245 032f E4537E44 		.ascii	"\344S~D\210t|\375\336\252[\275\030,@\337[\200x\325s"
 245      88747CFD 
 245      DEAA5BBD 
 245      182C40DF 
 245      5B8078D5 
 246 0344 53E7B731 		.ascii	"S\347\2671\200\353X\363\270Q\363w`\\\015\003\023=\363"
 246      80EB58F3 
 246      B851F377 
 246      605C0D03 
 246      133DF3
 247 0357 92EB23A3 		.ascii	"\222\353#\243z\021\254\023\023\230\006\227\2305\377"
 247      7A11AC13 
 247      13980697 
 247      9835FF
 248 0366 B737D4D6 		.ascii	"\2677\324\326\371_t\354~\343MO9y\266\264j\267R\247\370"
 248      F95F74EC 
 248      7EE34D4F 
 248      3979B6B4 
 248      6AB752A7 
 249 037b BC7EA566 		.ascii	"\274~\245f_e}\203\257Z\251\252\250\254/\337YU}\330\177"
 249      5F657D83 
 249      AF5AA9AA 
 249      A8AC2FDF 
 249      59557DD8 
 250 0390 F8A0F24E 		.ascii	"\370\240\362N\351\333\344\211\327\360\335\313\007\032"
 250      E9DBE489 
 250      D7F0DDCB 
 250      071A
 251 039e 947D958A 		.ascii	"\224}\225\212\177\227\257\366\220\362z}\215\362\334"
 251      7F97AFF6 
 251      90F27A7D 
 251      8DF2DC
 252 03ad 43917A78 		.ascii	"C\221zxi5qg\241o\371j\375\312\226\254\273G\361\326<"
 252      69357167 
ARM GAS  C:\Users\zozo\AppData\Local\Temp\ccSu3VlM.s 			page 19


 252      A16FF96A 
 252      FDCA96AC 
 252      BB47F1D6 
 253 03c2 BEC9DBE5 		.ascii	"\276\311\333\345\365{\367(\373\035\274\272\355/<e\316"
 253      F57BF728 
 253      FB1DBCBA 
 253      ED2F3C65 
 253      CE
 254 03d3 F94A9D5F 		.ascii	"\371J\235_\361\371\032\016\372y\336\202\354\233\362"
 254      F1F91A0E 
 254      FA79DE82 
 254      EC9BF2
 255 03e2 038AD797 		.ascii	"\003\212\327\227}g\367)\373\313v\010x\331\216\177\000"
 255      7D67F729 
 255      FBCB7608 
 255      78D98E7F 
 255      00
 256 03f3 006CFCCC 		.ascii	"\000l\374\314"
 257              		.text
 258              		.section	.gnu.lto_.symtab.d9227ad1,"",%progbits
 259 0000 4C65645F 		.ascii	"Led_Blue_SetDriveMode\000\000\000\000\000\000\000\000"
 259      426C7565 
 259      5F536574 
 259      44726976 
 259      654D6F64 
 260 001d 00000000 		.ascii	"\000\000\000\000\262\000\000\000Led_Blue_Write\000\000"
 260      B2000000 
 260      4C65645F 
 260      426C7565 
 260      5F577269 
 261 0035 00000000 		.ascii	"\000\000\000\000\000\000\000\000\000\000\264\000\000"
 261      00000000 
 261      0000B400 
 261      00
 262 0042 004C6564 		.ascii	"\000Led_Blue_Read\000\000\000\000\000\000\000\000\000"
 262      5F426C75 
 262      655F5265 
 262      61640000 
 262      00000000 
 263 0059 000000B7 		.ascii	"\000\000\000\267\000\000\000Led_Blue_ReadDataReg\000"
 263      0000004C 
 263      65645F42 
 263      6C75655F 
 263      52656164 
 264 0075 00000000 		.ascii	"\000\000\000\000\000\000\000\000\000\000\000\271\000"
 264      00000000 
 264      000000B9 
 264      00
 265 0082 00004C65 		.ascii	"\000\000Led_Blue_SetInterruptMode\000\000\000\000\000"
 265      645F426C 
 265      75655F53 
 265      6574496E 
 265      74657272 
 266 00a2 00000000 		.ascii	"\000\000\000\000\000\000\000\303\000\000\000Led_Blu"
 266      000000C3 
 266      0000004C 
 266      65645F42 
ARM GAS  C:\Users\zozo\AppData\Local\Temp\ccSu3VlM.s 			page 20


 266      6C75
 267 00b4 655F436C 		.ascii	"e_ClearInterrupt\000\000\000\000\000\000\000\000\000"
 267      65617249 
 267      6E746572 
 267      72757074 
 267      00000000 
 268 00cd 000000C5 		.ascii	"\000\000\000\305\000\000\000"
 268      000000
 269              		.text
 270              		.section	.gnu.lto_.opts,"",%progbits
 271 0000 272D666E 		.ascii	"'-fno-trapv' '-mcpu=cortex-m0' '-mthumb' '-g' '-Os'"
 271      6F2D7472 
 271      61707627 
 271      20272D6D 
 271      6370753D 
 272 0033 20272D66 		.ascii	" '-ffunction-sections' '-flto' '-ffat-lto-objects'\000"
 272      66756E63 
 272      74696F6E 
 272      2D736563 
 272      74696F6E 
 273              		.text
 274              		.cfi_sections	.debug_frame
 275              		.section	.text.Led_Blue_SetDriveMode,"ax",%progbits
 276              		.align	1
 277              		.global	Led_Blue_SetDriveMode
 278              		.code	16
 279              		.thumb_func
 280              		.type	Led_Blue_SetDriveMode, %function
 281              	Led_Blue_SetDriveMode:
 282              	.LFB0:
 283              		.file 1 ".\\Generated_Source\\PSoC4\\Led_Blue.c"
   1:.\Generated_Source\PSoC4/Led_Blue.c **** /*******************************************************************************
   2:.\Generated_Source\PSoC4/Led_Blue.c **** * File Name: Led_Blue.c  
   3:.\Generated_Source\PSoC4/Led_Blue.c **** * Version 2.20
   4:.\Generated_Source\PSoC4/Led_Blue.c **** *
   5:.\Generated_Source\PSoC4/Led_Blue.c **** * Description:
   6:.\Generated_Source\PSoC4/Led_Blue.c **** *  This file contains API to enable firmware control of a Pins component.
   7:.\Generated_Source\PSoC4/Led_Blue.c **** *
   8:.\Generated_Source\PSoC4/Led_Blue.c **** ********************************************************************************
   9:.\Generated_Source\PSoC4/Led_Blue.c **** * Copyright 2008-2015, Cypress Semiconductor Corporation.  All rights reserved.
  10:.\Generated_Source\PSoC4/Led_Blue.c **** * You may use this file only in accordance with the license, terms, conditions, 
  11:.\Generated_Source\PSoC4/Led_Blue.c **** * disclaimers, and limitations in the end user license agreement accompanying 
  12:.\Generated_Source\PSoC4/Led_Blue.c **** * the software package with which this file was provided.
  13:.\Generated_Source\PSoC4/Led_Blue.c **** *******************************************************************************/
  14:.\Generated_Source\PSoC4/Led_Blue.c **** 
  15:.\Generated_Source\PSoC4/Led_Blue.c **** #include "cytypes.h"
  16:.\Generated_Source\PSoC4/Led_Blue.c **** #include "Led_Blue.h"
  17:.\Generated_Source\PSoC4/Led_Blue.c **** 
  18:.\Generated_Source\PSoC4/Led_Blue.c **** 
  19:.\Generated_Source\PSoC4/Led_Blue.c **** #if defined(Led_Blue__PC)
  20:.\Generated_Source\PSoC4/Led_Blue.c ****     #define Led_Blue_SetP4PinDriveMode(shift, mode)  \
  21:.\Generated_Source\PSoC4/Led_Blue.c ****     do { \
  22:.\Generated_Source\PSoC4/Led_Blue.c ****         Led_Blue_PC =   (Led_Blue_PC & \
  23:.\Generated_Source\PSoC4/Led_Blue.c ****                                 (uint32)(~(uint32)(Led_Blue_DRIVE_MODE_IND_MASK << \
  24:.\Generated_Source\PSoC4/Led_Blue.c ****                                 (Led_Blue_DRIVE_MODE_BITS * (shift))))) | \
  25:.\Generated_Source\PSoC4/Led_Blue.c ****                                 (uint32)((uint32)(mode) << \
  26:.\Generated_Source\PSoC4/Led_Blue.c ****                                 (Led_Blue_DRIVE_MODE_BITS * (shift))); \
ARM GAS  C:\Users\zozo\AppData\Local\Temp\ccSu3VlM.s 			page 21


  27:.\Generated_Source\PSoC4/Led_Blue.c ****     } while (0)
  28:.\Generated_Source\PSoC4/Led_Blue.c **** #else
  29:.\Generated_Source\PSoC4/Led_Blue.c ****     #if (CY_PSOC4_4200L)
  30:.\Generated_Source\PSoC4/Led_Blue.c ****         #define Led_Blue_SetP4PinDriveMode(shift, mode)  \
  31:.\Generated_Source\PSoC4/Led_Blue.c ****         do { \
  32:.\Generated_Source\PSoC4/Led_Blue.c ****             Led_Blue_USBIO_CTRL_REG = (Led_Blue_USBIO_CTRL_REG & \
  33:.\Generated_Source\PSoC4/Led_Blue.c ****                                     (uint32)(~(uint32)(Led_Blue_DRIVE_MODE_IND_MASK << \
  34:.\Generated_Source\PSoC4/Led_Blue.c ****                                     (Led_Blue_DRIVE_MODE_BITS * (shift))))) | \
  35:.\Generated_Source\PSoC4/Led_Blue.c ****                                     (uint32)((uint32)(mode) << \
  36:.\Generated_Source\PSoC4/Led_Blue.c ****                                     (Led_Blue_DRIVE_MODE_BITS * (shift))); \
  37:.\Generated_Source\PSoC4/Led_Blue.c ****         } while (0)
  38:.\Generated_Source\PSoC4/Led_Blue.c ****     #endif
  39:.\Generated_Source\PSoC4/Led_Blue.c **** #endif
  40:.\Generated_Source\PSoC4/Led_Blue.c ****   
  41:.\Generated_Source\PSoC4/Led_Blue.c **** 
  42:.\Generated_Source\PSoC4/Led_Blue.c **** #if defined(Led_Blue__PC) || (CY_PSOC4_4200L) 
  43:.\Generated_Source\PSoC4/Led_Blue.c ****     /*******************************************************************************
  44:.\Generated_Source\PSoC4/Led_Blue.c ****     * Function Name: Led_Blue_SetDriveMode
  45:.\Generated_Source\PSoC4/Led_Blue.c ****     ****************************************************************************//**
  46:.\Generated_Source\PSoC4/Led_Blue.c ****     *
  47:.\Generated_Source\PSoC4/Led_Blue.c ****     * \brief Sets the drive mode for each of the Pins component's pins.
  48:.\Generated_Source\PSoC4/Led_Blue.c ****     * 
  49:.\Generated_Source\PSoC4/Led_Blue.c ****     * <b>Note</b> This affects all pins in the Pins component instance. Use the
  50:.\Generated_Source\PSoC4/Led_Blue.c ****     * Per-Pin APIs if you wish to control individual pin's drive modes.
  51:.\Generated_Source\PSoC4/Led_Blue.c ****     *
  52:.\Generated_Source\PSoC4/Led_Blue.c ****     * <b>Note</b> USBIOs have limited drive functionality. Refer to the Drive Mode
  53:.\Generated_Source\PSoC4/Led_Blue.c ****     * parameter for more information.
  54:.\Generated_Source\PSoC4/Led_Blue.c ****     *
  55:.\Generated_Source\PSoC4/Led_Blue.c ****     * \param mode
  56:.\Generated_Source\PSoC4/Led_Blue.c ****     *  Mode for the selected signals. Valid options are documented in 
  57:.\Generated_Source\PSoC4/Led_Blue.c ****     *  \ref driveMode.
  58:.\Generated_Source\PSoC4/Led_Blue.c ****     *
  59:.\Generated_Source\PSoC4/Led_Blue.c ****     * \return
  60:.\Generated_Source\PSoC4/Led_Blue.c ****     *  None
  61:.\Generated_Source\PSoC4/Led_Blue.c ****     *
  62:.\Generated_Source\PSoC4/Led_Blue.c ****     * \sideeffect
  63:.\Generated_Source\PSoC4/Led_Blue.c ****     *  If you use read-modify-write operations that are not atomic, the ISR can
  64:.\Generated_Source\PSoC4/Led_Blue.c ****     *  cause corruption of this function. An ISR that interrupts this function 
  65:.\Generated_Source\PSoC4/Led_Blue.c ****     *  and performs writes to the Pins component Drive Mode registers can cause 
  66:.\Generated_Source\PSoC4/Led_Blue.c ****     *  corrupted port data. To avoid this issue, you should either use the Per-Pin
  67:.\Generated_Source\PSoC4/Led_Blue.c ****     *  APIs (primary method) or disable interrupts around this function.
  68:.\Generated_Source\PSoC4/Led_Blue.c ****     *
  69:.\Generated_Source\PSoC4/Led_Blue.c ****     * \funcusage
  70:.\Generated_Source\PSoC4/Led_Blue.c ****     *  \snippet Led_Blue_SUT.c usage_Led_Blue_SetDriveMode
  71:.\Generated_Source\PSoC4/Led_Blue.c ****     *******************************************************************************/
  72:.\Generated_Source\PSoC4/Led_Blue.c ****     void Led_Blue_SetDriveMode(uint8 mode)
  73:.\Generated_Source\PSoC4/Led_Blue.c ****     {
 284              		.loc 1 73 0
 285              		.cfi_startproc
 286              	.LVL0:
  74:.\Generated_Source\PSoC4/Led_Blue.c **** 		Led_Blue_SetP4PinDriveMode(Led_Blue__0__SHIFT, mode);
 287              		.loc 1 74 0
 288 0000 034A     		ldr	r2, .L2
 289 0002 044B     		ldr	r3, .L2+4
 290 0004 1168     		ldr	r1, [r2]
 291 0006 4005     		lsl	r0, r0, #21
 292              	.LVL1:
ARM GAS  C:\Users\zozo\AppData\Local\Temp\ccSu3VlM.s 			page 22


 293 0008 0B40     		and	r3, r1
 294 000a 1843     		orr	r0, r3
 295 000c 1060     		str	r0, [r2]
  75:.\Generated_Source\PSoC4/Led_Blue.c ****     }
 296              		.loc 1 75 0
 297              		@ sp needed
 298 000e 7047     		bx	lr
 299              	.L3:
 300              		.align	2
 301              	.L2:
 302 0010 08030440 		.word	1074004744
 303 0014 FFFF1FFF 		.word	-14680065
 304              		.cfi_endproc
 305              	.LFE0:
 306              		.size	Led_Blue_SetDriveMode, .-Led_Blue_SetDriveMode
 307              		.section	.text.Led_Blue_Write,"ax",%progbits
 308              		.align	1
 309              		.global	Led_Blue_Write
 310              		.code	16
 311              		.thumb_func
 312              		.type	Led_Blue_Write, %function
 313              	Led_Blue_Write:
 314              	.LFB1:
  76:.\Generated_Source\PSoC4/Led_Blue.c **** #endif
  77:.\Generated_Source\PSoC4/Led_Blue.c **** 
  78:.\Generated_Source\PSoC4/Led_Blue.c **** 
  79:.\Generated_Source\PSoC4/Led_Blue.c **** /*******************************************************************************
  80:.\Generated_Source\PSoC4/Led_Blue.c **** * Function Name: Led_Blue_Write
  81:.\Generated_Source\PSoC4/Led_Blue.c **** ****************************************************************************//**
  82:.\Generated_Source\PSoC4/Led_Blue.c **** *
  83:.\Generated_Source\PSoC4/Led_Blue.c **** * \brief Writes the value to the physical port (data output register), masking
  84:.\Generated_Source\PSoC4/Led_Blue.c **** *  and shifting the bits appropriately. 
  85:.\Generated_Source\PSoC4/Led_Blue.c **** *
  86:.\Generated_Source\PSoC4/Led_Blue.c **** * The data output register controls the signal applied to the physical pin in 
  87:.\Generated_Source\PSoC4/Led_Blue.c **** * conjunction with the drive mode parameter. This function avoids changing 
  88:.\Generated_Source\PSoC4/Led_Blue.c **** * other bits in the port by using the appropriate method (read-modify-write or
  89:.\Generated_Source\PSoC4/Led_Blue.c **** * bit banding).
  90:.\Generated_Source\PSoC4/Led_Blue.c **** *
  91:.\Generated_Source\PSoC4/Led_Blue.c **** * <b>Note</b> This function should not be used on a hardware digital output pin 
  92:.\Generated_Source\PSoC4/Led_Blue.c **** * as it is driven by the hardware signal attached to it.
  93:.\Generated_Source\PSoC4/Led_Blue.c **** *
  94:.\Generated_Source\PSoC4/Led_Blue.c **** * \param value
  95:.\Generated_Source\PSoC4/Led_Blue.c **** *  Value to write to the component instance.
  96:.\Generated_Source\PSoC4/Led_Blue.c **** *
  97:.\Generated_Source\PSoC4/Led_Blue.c **** * \return 
  98:.\Generated_Source\PSoC4/Led_Blue.c **** *  None 
  99:.\Generated_Source\PSoC4/Led_Blue.c **** *
 100:.\Generated_Source\PSoC4/Led_Blue.c **** * \sideeffect
 101:.\Generated_Source\PSoC4/Led_Blue.c **** *  If you use read-modify-write operations that are not atomic; the Interrupt 
 102:.\Generated_Source\PSoC4/Led_Blue.c **** *  Service Routines (ISR) can cause corruption of this function. An ISR that 
 103:.\Generated_Source\PSoC4/Led_Blue.c **** *  interrupts this function and performs writes to the Pins component data 
 104:.\Generated_Source\PSoC4/Led_Blue.c **** *  register can cause corrupted port data. To avoid this issue, you should 
 105:.\Generated_Source\PSoC4/Led_Blue.c **** *  either use the Per-Pin APIs (primary method) or disable interrupts around 
 106:.\Generated_Source\PSoC4/Led_Blue.c **** *  this function.
 107:.\Generated_Source\PSoC4/Led_Blue.c **** *
 108:.\Generated_Source\PSoC4/Led_Blue.c **** * \funcusage
 109:.\Generated_Source\PSoC4/Led_Blue.c **** *  \snippet Led_Blue_SUT.c usage_Led_Blue_Write
ARM GAS  C:\Users\zozo\AppData\Local\Temp\ccSu3VlM.s 			page 23


 110:.\Generated_Source\PSoC4/Led_Blue.c **** *******************************************************************************/
 111:.\Generated_Source\PSoC4/Led_Blue.c **** void Led_Blue_Write(uint8 value)
 112:.\Generated_Source\PSoC4/Led_Blue.c **** {
 315              		.loc 1 112 0
 316              		.cfi_startproc
 317              	.LVL2:
 113:.\Generated_Source\PSoC4/Led_Blue.c ****     uint8 drVal = (uint8)(Led_Blue_DR & (uint8)(~Led_Blue_MASK));
 318              		.loc 1 113 0
 319 0000 7F23     		mov	r3, #127
 320 0002 044A     		ldr	r2, .L5
 114:.\Generated_Source\PSoC4/Led_Blue.c ****     drVal = (drVal | ((uint8)(value << Led_Blue_SHIFT) & Led_Blue_MASK));
 321              		.loc 1 114 0
 322 0004 C001     		lsl	r0, r0, #7
 323              	.LVL3:
 113:.\Generated_Source\PSoC4/Led_Blue.c ****     uint8 drVal = (uint8)(Led_Blue_DR & (uint8)(~Led_Blue_MASK));
 324              		.loc 1 113 0
 325 0006 1168     		ldr	r1, [r2]
 115:.\Generated_Source\PSoC4/Led_Blue.c ****     Led_Blue_DR = (uint32)drVal;
 116:.\Generated_Source\PSoC4/Led_Blue.c **** }
 326              		.loc 1 116 0
 327              		@ sp needed
 113:.\Generated_Source\PSoC4/Led_Blue.c ****     drVal = (drVal | ((uint8)(value << Led_Blue_SHIFT) & Led_Blue_MASK));
 328              		.loc 1 113 0
 329 0008 0B40     		and	r3, r1
 114:.\Generated_Source\PSoC4/Led_Blue.c ****     drVal = (drVal | ((uint8)(value << Led_Blue_SHIFT) & Led_Blue_MASK));
 330              		.loc 1 114 0
 331 000a 1843     		orr	r0, r3
 115:.\Generated_Source\PSoC4/Led_Blue.c ****     Led_Blue_DR = (uint32)drVal;
 332              		.loc 1 115 0
 333 000c C0B2     		uxtb	r0, r0
 334 000e 1060     		str	r0, [r2]
 335              		.loc 1 116 0
 336 0010 7047     		bx	lr
 337              	.L6:
 338 0012 C046     		.align	2
 339              	.L5:
 340 0014 00030440 		.word	1074004736
 341              		.cfi_endproc
 342              	.LFE1:
 343              		.size	Led_Blue_Write, .-Led_Blue_Write
 344              		.section	.text.Led_Blue_Read,"ax",%progbits
 345              		.align	1
 346              		.global	Led_Blue_Read
 347              		.code	16
 348              		.thumb_func
 349              		.type	Led_Blue_Read, %function
 350              	Led_Blue_Read:
 351              	.LFB2:
 117:.\Generated_Source\PSoC4/Led_Blue.c **** 
 118:.\Generated_Source\PSoC4/Led_Blue.c **** 
 119:.\Generated_Source\PSoC4/Led_Blue.c **** /*******************************************************************************
 120:.\Generated_Source\PSoC4/Led_Blue.c **** * Function Name: Led_Blue_Read
 121:.\Generated_Source\PSoC4/Led_Blue.c **** ****************************************************************************//**
 122:.\Generated_Source\PSoC4/Led_Blue.c **** *
 123:.\Generated_Source\PSoC4/Led_Blue.c **** * \brief Reads the associated physical port (pin status register) and masks 
 124:.\Generated_Source\PSoC4/Led_Blue.c **** *  the required bits according to the width and bit position of the component
 125:.\Generated_Source\PSoC4/Led_Blue.c **** *  instance. 
ARM GAS  C:\Users\zozo\AppData\Local\Temp\ccSu3VlM.s 			page 24


 126:.\Generated_Source\PSoC4/Led_Blue.c **** *
 127:.\Generated_Source\PSoC4/Led_Blue.c **** * The pin's status register returns the current logic level present on the 
 128:.\Generated_Source\PSoC4/Led_Blue.c **** * physical pin.
 129:.\Generated_Source\PSoC4/Led_Blue.c **** *
 130:.\Generated_Source\PSoC4/Led_Blue.c **** * \return 
 131:.\Generated_Source\PSoC4/Led_Blue.c **** *  The current value for the pins in the component as a right justified number.
 132:.\Generated_Source\PSoC4/Led_Blue.c **** *
 133:.\Generated_Source\PSoC4/Led_Blue.c **** * \funcusage
 134:.\Generated_Source\PSoC4/Led_Blue.c **** *  \snippet Led_Blue_SUT.c usage_Led_Blue_Read  
 135:.\Generated_Source\PSoC4/Led_Blue.c **** *******************************************************************************/
 136:.\Generated_Source\PSoC4/Led_Blue.c **** uint8 Led_Blue_Read(void)
 137:.\Generated_Source\PSoC4/Led_Blue.c **** {
 352              		.loc 1 137 0
 353              		.cfi_startproc
 138:.\Generated_Source\PSoC4/Led_Blue.c ****     return (uint8)((Led_Blue_PS & Led_Blue_MASK) >> Led_Blue_SHIFT);
 354              		.loc 1 138 0
 355 0000 024B     		ldr	r3, .L8
 139:.\Generated_Source\PSoC4/Led_Blue.c **** }
 356              		.loc 1 139 0
 357              		@ sp needed
 138:.\Generated_Source\PSoC4/Led_Blue.c ****     return (uint8)((Led_Blue_PS & Led_Blue_MASK) >> Led_Blue_SHIFT);
 358              		.loc 1 138 0
 359 0002 1868     		ldr	r0, [r3]
 360 0004 0006     		lsl	r0, r0, #24
 361 0006 C00F     		lsr	r0, r0, #31
 362              		.loc 1 139 0
 363 0008 7047     		bx	lr
 364              	.L9:
 365 000a C046     		.align	2
 366              	.L8:
 367 000c 04030440 		.word	1074004740
 368              		.cfi_endproc
 369              	.LFE2:
 370              		.size	Led_Blue_Read, .-Led_Blue_Read
 371              		.section	.text.Led_Blue_ReadDataReg,"ax",%progbits
 372              		.align	1
 373              		.global	Led_Blue_ReadDataReg
 374              		.code	16
 375              		.thumb_func
 376              		.type	Led_Blue_ReadDataReg, %function
 377              	Led_Blue_ReadDataReg:
 378              	.LFB3:
 140:.\Generated_Source\PSoC4/Led_Blue.c **** 
 141:.\Generated_Source\PSoC4/Led_Blue.c **** 
 142:.\Generated_Source\PSoC4/Led_Blue.c **** /*******************************************************************************
 143:.\Generated_Source\PSoC4/Led_Blue.c **** * Function Name: Led_Blue_ReadDataReg
 144:.\Generated_Source\PSoC4/Led_Blue.c **** ****************************************************************************//**
 145:.\Generated_Source\PSoC4/Led_Blue.c **** *
 146:.\Generated_Source\PSoC4/Led_Blue.c **** * \brief Reads the associated physical port's data output register and masks 
 147:.\Generated_Source\PSoC4/Led_Blue.c **** *  the correct bits according to the width and bit position of the component 
 148:.\Generated_Source\PSoC4/Led_Blue.c **** *  instance. 
 149:.\Generated_Source\PSoC4/Led_Blue.c **** *
 150:.\Generated_Source\PSoC4/Led_Blue.c **** * The data output register controls the signal applied to the physical pin in 
 151:.\Generated_Source\PSoC4/Led_Blue.c **** * conjunction with the drive mode parameter. This is not the same as the 
 152:.\Generated_Source\PSoC4/Led_Blue.c **** * preferred Led_Blue_Read() API because the 
 153:.\Generated_Source\PSoC4/Led_Blue.c **** * Led_Blue_ReadDataReg() reads the data register instead of the status 
 154:.\Generated_Source\PSoC4/Led_Blue.c **** * register. For output pins this is a useful function to determine the value 
ARM GAS  C:\Users\zozo\AppData\Local\Temp\ccSu3VlM.s 			page 25


 155:.\Generated_Source\PSoC4/Led_Blue.c **** * just written to the pin.
 156:.\Generated_Source\PSoC4/Led_Blue.c **** *
 157:.\Generated_Source\PSoC4/Led_Blue.c **** * \return 
 158:.\Generated_Source\PSoC4/Led_Blue.c **** *  The current value of the data register masked and shifted into a right 
 159:.\Generated_Source\PSoC4/Led_Blue.c **** *  justified number for the component instance.
 160:.\Generated_Source\PSoC4/Led_Blue.c **** *
 161:.\Generated_Source\PSoC4/Led_Blue.c **** * \funcusage
 162:.\Generated_Source\PSoC4/Led_Blue.c **** *  \snippet Led_Blue_SUT.c usage_Led_Blue_ReadDataReg 
 163:.\Generated_Source\PSoC4/Led_Blue.c **** *******************************************************************************/
 164:.\Generated_Source\PSoC4/Led_Blue.c **** uint8 Led_Blue_ReadDataReg(void)
 165:.\Generated_Source\PSoC4/Led_Blue.c **** {
 379              		.loc 1 165 0
 380              		.cfi_startproc
 166:.\Generated_Source\PSoC4/Led_Blue.c ****     return (uint8)((Led_Blue_DR & Led_Blue_MASK) >> Led_Blue_SHIFT);
 381              		.loc 1 166 0
 382 0000 024B     		ldr	r3, .L11
 167:.\Generated_Source\PSoC4/Led_Blue.c **** }
 383              		.loc 1 167 0
 384              		@ sp needed
 166:.\Generated_Source\PSoC4/Led_Blue.c ****     return (uint8)((Led_Blue_DR & Led_Blue_MASK) >> Led_Blue_SHIFT);
 385              		.loc 1 166 0
 386 0002 1868     		ldr	r0, [r3]
 387 0004 0006     		lsl	r0, r0, #24
 388 0006 C00F     		lsr	r0, r0, #31
 389              		.loc 1 167 0
 390 0008 7047     		bx	lr
 391              	.L12:
 392 000a C046     		.align	2
 393              	.L11:
 394 000c 00030440 		.word	1074004736
 395              		.cfi_endproc
 396              	.LFE3:
 397              		.size	Led_Blue_ReadDataReg, .-Led_Blue_ReadDataReg
 398              		.section	.text.Led_Blue_SetInterruptMode,"ax",%progbits
 399              		.align	1
 400              		.global	Led_Blue_SetInterruptMode
 401              		.code	16
 402              		.thumb_func
 403              		.type	Led_Blue_SetInterruptMode, %function
 404              	Led_Blue_SetInterruptMode:
 405              	.LFB4:
 168:.\Generated_Source\PSoC4/Led_Blue.c **** 
 169:.\Generated_Source\PSoC4/Led_Blue.c **** 
 170:.\Generated_Source\PSoC4/Led_Blue.c **** /*******************************************************************************
 171:.\Generated_Source\PSoC4/Led_Blue.c **** * Function Name: Led_Blue_SetInterruptMode
 172:.\Generated_Source\PSoC4/Led_Blue.c **** ****************************************************************************//**
 173:.\Generated_Source\PSoC4/Led_Blue.c **** *
 174:.\Generated_Source\PSoC4/Led_Blue.c **** * \brief Configures the interrupt mode for each of the Pins component's
 175:.\Generated_Source\PSoC4/Led_Blue.c **** *  pins. Alternatively you may set the interrupt mode for all the pins
 176:.\Generated_Source\PSoC4/Led_Blue.c **** *  specified in the Pins component.
 177:.\Generated_Source\PSoC4/Led_Blue.c **** *
 178:.\Generated_Source\PSoC4/Led_Blue.c **** *  <b>Note</b> The interrupt is port-wide and therefore any enabled pin
 179:.\Generated_Source\PSoC4/Led_Blue.c **** *  interrupt may trigger it.
 180:.\Generated_Source\PSoC4/Led_Blue.c **** *
 181:.\Generated_Source\PSoC4/Led_Blue.c **** * \param position
 182:.\Generated_Source\PSoC4/Led_Blue.c **** *  The pin position as listed in the Pins component. You may OR these to be 
 183:.\Generated_Source\PSoC4/Led_Blue.c **** *  able to configure the interrupt mode of multiple pins within a Pins 
ARM GAS  C:\Users\zozo\AppData\Local\Temp\ccSu3VlM.s 			page 26


 184:.\Generated_Source\PSoC4/Led_Blue.c **** *  component. Or you may use Led_Blue_INTR_ALL to configure the
 185:.\Generated_Source\PSoC4/Led_Blue.c **** *  interrupt mode of all the pins in the Pins component.       
 186:.\Generated_Source\PSoC4/Led_Blue.c **** *  - Led_Blue_0_INTR       (First pin in the list)
 187:.\Generated_Source\PSoC4/Led_Blue.c **** *  - Led_Blue_1_INTR       (Second pin in the list)
 188:.\Generated_Source\PSoC4/Led_Blue.c **** *  - ...
 189:.\Generated_Source\PSoC4/Led_Blue.c **** *  - Led_Blue_INTR_ALL     (All pins in Pins component)
 190:.\Generated_Source\PSoC4/Led_Blue.c **** *
 191:.\Generated_Source\PSoC4/Led_Blue.c **** * \param mode
 192:.\Generated_Source\PSoC4/Led_Blue.c **** *  Interrupt mode for the selected pins. Valid options are documented in
 193:.\Generated_Source\PSoC4/Led_Blue.c **** *  \ref intrMode.
 194:.\Generated_Source\PSoC4/Led_Blue.c **** *
 195:.\Generated_Source\PSoC4/Led_Blue.c **** * \return 
 196:.\Generated_Source\PSoC4/Led_Blue.c **** *  None
 197:.\Generated_Source\PSoC4/Led_Blue.c **** *  
 198:.\Generated_Source\PSoC4/Led_Blue.c **** * \sideeffect
 199:.\Generated_Source\PSoC4/Led_Blue.c **** *  It is recommended that the interrupt be disabled before calling this 
 200:.\Generated_Source\PSoC4/Led_Blue.c **** *  function to avoid unintended interrupt requests. Note that the interrupt
 201:.\Generated_Source\PSoC4/Led_Blue.c **** *  type is port wide, and therefore will trigger for any enabled pin on the 
 202:.\Generated_Source\PSoC4/Led_Blue.c **** *  port.
 203:.\Generated_Source\PSoC4/Led_Blue.c **** *
 204:.\Generated_Source\PSoC4/Led_Blue.c **** * \funcusage
 205:.\Generated_Source\PSoC4/Led_Blue.c **** *  \snippet Led_Blue_SUT.c usage_Led_Blue_SetInterruptMode
 206:.\Generated_Source\PSoC4/Led_Blue.c **** *******************************************************************************/
 207:.\Generated_Source\PSoC4/Led_Blue.c **** void Led_Blue_SetInterruptMode(uint16 position, uint16 mode)
 208:.\Generated_Source\PSoC4/Led_Blue.c **** {
 406              		.loc 1 208 0
 407              		.cfi_startproc
 408              	.LVL4:
 209:.\Generated_Source\PSoC4/Led_Blue.c ****     uint32 intrCfg;
 210:.\Generated_Source\PSoC4/Led_Blue.c ****     
 211:.\Generated_Source\PSoC4/Led_Blue.c ****     intrCfg =  Led_Blue_INTCFG & (uint32)(~(uint32)position);
 409              		.loc 1 211 0
 410 0000 034A     		ldr	r2, .L14
 212:.\Generated_Source\PSoC4/Led_Blue.c ****     Led_Blue_INTCFG = intrCfg | ((uint32)position & (uint32)mode);
 213:.\Generated_Source\PSoC4/Led_Blue.c **** }
 411              		.loc 1 213 0
 412              		@ sp needed
 211:.\Generated_Source\PSoC4/Led_Blue.c ****     Led_Blue_INTCFG = intrCfg | ((uint32)position & (uint32)mode);
 413              		.loc 1 211 0
 414 0002 1368     		ldr	r3, [r2]
 415              	.LVL5:
 416 0004 8343     		bic	r3, r0
 417              	.LVL6:
 212:.\Generated_Source\PSoC4/Led_Blue.c ****     Led_Blue_INTCFG = intrCfg | ((uint32)position & (uint32)mode);
 418              		.loc 1 212 0
 419 0006 0840     		and	r0, r1
 420              	.LVL7:
 421 0008 1843     		orr	r0, r3
 422 000a 1060     		str	r0, [r2]
 423              		.loc 1 213 0
 424 000c 7047     		bx	lr
 425              	.L15:
 426 000e C046     		.align	2
 427              	.L14:
 428 0010 0C030440 		.word	1074004748
 429              		.cfi_endproc
 430              	.LFE4:
ARM GAS  C:\Users\zozo\AppData\Local\Temp\ccSu3VlM.s 			page 27


 431              		.size	Led_Blue_SetInterruptMode, .-Led_Blue_SetInterruptMode
 432              		.section	.text.Led_Blue_ClearInterrupt,"ax",%progbits
 433              		.align	1
 434              		.global	Led_Blue_ClearInterrupt
 435              		.code	16
 436              		.thumb_func
 437              		.type	Led_Blue_ClearInterrupt, %function
 438              	Led_Blue_ClearInterrupt:
 439              	.LFB5:
 214:.\Generated_Source\PSoC4/Led_Blue.c **** 
 215:.\Generated_Source\PSoC4/Led_Blue.c **** 
 216:.\Generated_Source\PSoC4/Led_Blue.c **** /*******************************************************************************
 217:.\Generated_Source\PSoC4/Led_Blue.c **** * Function Name: Led_Blue_ClearInterrupt
 218:.\Generated_Source\PSoC4/Led_Blue.c **** ****************************************************************************//**
 219:.\Generated_Source\PSoC4/Led_Blue.c **** *
 220:.\Generated_Source\PSoC4/Led_Blue.c **** * \brief Clears any active interrupts attached with the component and returns 
 221:.\Generated_Source\PSoC4/Led_Blue.c **** *  the value of the interrupt status register allowing determination of which
 222:.\Generated_Source\PSoC4/Led_Blue.c **** *  pins generated an interrupt event.
 223:.\Generated_Source\PSoC4/Led_Blue.c **** *
 224:.\Generated_Source\PSoC4/Led_Blue.c **** * \return 
 225:.\Generated_Source\PSoC4/Led_Blue.c **** *  The right-shifted current value of the interrupt status register. Each pin 
 226:.\Generated_Source\PSoC4/Led_Blue.c **** *  has one bit set if it generated an interrupt event. For example, bit 0 is 
 227:.\Generated_Source\PSoC4/Led_Blue.c **** *  for pin 0 and bit 1 is for pin 1 of the Pins component.
 228:.\Generated_Source\PSoC4/Led_Blue.c **** *  
 229:.\Generated_Source\PSoC4/Led_Blue.c **** * \sideeffect
 230:.\Generated_Source\PSoC4/Led_Blue.c **** *  Clears all bits of the physical port's interrupt status register, not just
 231:.\Generated_Source\PSoC4/Led_Blue.c **** *  those associated with the Pins component.
 232:.\Generated_Source\PSoC4/Led_Blue.c **** *
 233:.\Generated_Source\PSoC4/Led_Blue.c **** * \funcusage
 234:.\Generated_Source\PSoC4/Led_Blue.c **** *  \snippet Led_Blue_SUT.c usage_Led_Blue_ClearInterrupt
 235:.\Generated_Source\PSoC4/Led_Blue.c **** *******************************************************************************/
 236:.\Generated_Source\PSoC4/Led_Blue.c **** uint8 Led_Blue_ClearInterrupt(void)
 237:.\Generated_Source\PSoC4/Led_Blue.c **** {
 440              		.loc 1 237 0
 441              		.cfi_startproc
 238:.\Generated_Source\PSoC4/Led_Blue.c **** 	uint8 maskedStatus = (uint8)(Led_Blue_INTSTAT & Led_Blue_MASK);
 442              		.loc 1 238 0
 443 0000 7F22     		mov	r2, #127
 444 0002 034B     		ldr	r3, .L17
 239:.\Generated_Source\PSoC4/Led_Blue.c **** 	Led_Blue_INTSTAT = maskedStatus;
 240:.\Generated_Source\PSoC4/Led_Blue.c ****     return maskedStatus >> Led_Blue_SHIFT;
 241:.\Generated_Source\PSoC4/Led_Blue.c **** }
 445              		.loc 1 241 0
 446              		@ sp needed
 238:.\Generated_Source\PSoC4/Led_Blue.c **** 	uint8 maskedStatus = (uint8)(Led_Blue_INTSTAT & Led_Blue_MASK);
 447              		.loc 1 238 0
 448 0004 1868     		ldr	r0, [r3]
 449 0006 9043     		bic	r0, r2
 450 0008 C0B2     		uxtb	r0, r0
 451              	.LVL8:
 239:.\Generated_Source\PSoC4/Led_Blue.c **** 	Led_Blue_INTSTAT = maskedStatus;
 452              		.loc 1 239 0
 453 000a 1860     		str	r0, [r3]
 240:.\Generated_Source\PSoC4/Led_Blue.c **** }
 454              		.loc 1 240 0
 455 000c C009     		lsr	r0, r0, #7
 456              	.LVL9:
ARM GAS  C:\Users\zozo\AppData\Local\Temp\ccSu3VlM.s 			page 28


 457              		.loc 1 241 0
 458 000e 7047     		bx	lr
 459              	.L18:
 460              		.align	2
 461              	.L17:
 462 0010 10030440 		.word	1074004752
 463              		.cfi_endproc
 464              	.LFE5:
 465              		.size	Led_Blue_ClearInterrupt, .-Led_Blue_ClearInterrupt
 466              		.text
 467              	.Letext0:
 468              		.file 2 ".\\Generated_Source\\PSoC4\\cytypes.h"
 469              		.section	.debug_info,"",%progbits
 470              	.Ldebug_info0:
 471 0000 97010000 		.4byte	0x197
 472 0004 0400     		.2byte	0x4
 473 0006 00000000 		.4byte	.Ldebug_abbrev0
 474 000a 04       		.byte	0x4
 475 000b 01       		.uleb128 0x1
 476 000c 38000000 		.4byte	.LASF27
 477 0010 01       		.byte	0x1
 478 0011 E0000000 		.4byte	.LASF28
 479 0015 05020000 		.4byte	.LASF29
 480 0019 00000000 		.4byte	.Ldebug_ranges0+0
 481 001d 00000000 		.4byte	0
 482 0021 00000000 		.4byte	.Ldebug_line0
 483 0025 02       		.uleb128 0x2
 484 0026 01       		.byte	0x1
 485 0027 06       		.byte	0x6
 486 0028 63020000 		.4byte	.LASF0
 487 002c 02       		.uleb128 0x2
 488 002d 01       		.byte	0x1
 489 002e 08       		.byte	0x8
 490 002f CC000000 		.4byte	.LASF1
 491 0033 02       		.uleb128 0x2
 492 0034 02       		.byte	0x2
 493 0035 05       		.byte	0x5
 494 0036 D7010000 		.4byte	.LASF2
 495 003a 02       		.uleb128 0x2
 496 003b 02       		.byte	0x2
 497 003c 07       		.byte	0x7
 498 003d 16010000 		.4byte	.LASF3
 499 0041 02       		.uleb128 0x2
 500 0042 04       		.byte	0x4
 501 0043 05       		.byte	0x5
 502 0044 FC010000 		.4byte	.LASF4
 503 0048 02       		.uleb128 0x2
 504 0049 04       		.byte	0x4
 505 004a 07       		.byte	0x7
 506 004b 04010000 		.4byte	.LASF5
 507 004f 02       		.uleb128 0x2
 508 0050 08       		.byte	0x8
 509 0051 05       		.byte	0x5
 510 0052 B7010000 		.4byte	.LASF6
 511 0056 02       		.uleb128 0x2
 512 0057 08       		.byte	0x8
 513 0058 07       		.byte	0x7
ARM GAS  C:\Users\zozo\AppData\Local\Temp\ccSu3VlM.s 			page 29


 514 0059 81010000 		.4byte	.LASF7
 515 005d 03       		.uleb128 0x3
 516 005e 04       		.byte	0x4
 517 005f 05       		.byte	0x5
 518 0060 696E7400 		.ascii	"int\000"
 519 0064 02       		.uleb128 0x2
 520 0065 04       		.byte	0x4
 521 0066 07       		.byte	0x7
 522 0067 74010000 		.4byte	.LASF8
 523 006b 04       		.uleb128 0x4
 524 006c F6010000 		.4byte	.LASF9
 525 0070 02       		.byte	0x2
 526 0071 3801     		.2byte	0x138
 527 0073 2C000000 		.4byte	0x2c
 528 0077 04       		.uleb128 0x4
 529 0078 55010000 		.4byte	.LASF10
 530 007c 02       		.byte	0x2
 531 007d 3901     		.2byte	0x139
 532 007f 3A000000 		.4byte	0x3a
 533 0083 04       		.uleb128 0x4
 534 0084 65010000 		.4byte	.LASF11
 535 0088 02       		.byte	0x2
 536 0089 3A01     		.2byte	0x13a
 537 008b 48000000 		.4byte	0x48
 538 008f 02       		.uleb128 0x2
 539 0090 04       		.byte	0x4
 540 0091 04       		.byte	0x4
 541 0092 32000000 		.4byte	.LASF12
 542 0096 02       		.uleb128 0x2
 543 0097 08       		.byte	0x8
 544 0098 04       		.byte	0x4
 545 0099 3F010000 		.4byte	.LASF13
 546 009d 02       		.uleb128 0x2
 547 009e 01       		.byte	0x1
 548 009f 08       		.byte	0x8
 549 00a0 D2010000 		.4byte	.LASF14
 550 00a4 04       		.uleb128 0x4
 551 00a5 18000000 		.4byte	.LASF15
 552 00a9 02       		.byte	0x2
 553 00aa E401     		.2byte	0x1e4
 554 00ac B0000000 		.4byte	0xb0
 555 00b0 05       		.uleb128 0x5
 556 00b1 83000000 		.4byte	0x83
 557 00b5 06       		.uleb128 0x6
 558 00b6 29010000 		.4byte	.LASF16
 559 00ba 01       		.byte	0x1
 560 00bb 48       		.byte	0x48
 561 00bc 00000000 		.4byte	.LFB0
 562 00c0 18000000 		.4byte	.LFE0-.LFB0
 563 00c4 01       		.uleb128 0x1
 564 00c5 9C       		.byte	0x9c
 565 00c6 DA000000 		.4byte	0xda
 566 00ca 07       		.uleb128 0x7
 567 00cb 98010000 		.4byte	.LASF18
 568 00cf 01       		.byte	0x1
 569 00d0 48       		.byte	0x48
 570 00d1 6B000000 		.4byte	0x6b
ARM GAS  C:\Users\zozo\AppData\Local\Temp\ccSu3VlM.s 			page 30


 571 00d5 00000000 		.4byte	.LLST0
 572 00d9 00       		.byte	0
 573 00da 06       		.uleb128 0x6
 574 00db 46010000 		.4byte	.LASF17
 575 00df 01       		.byte	0x1
 576 00e0 6F       		.byte	0x6f
 577 00e1 00000000 		.4byte	.LFB1
 578 00e5 18000000 		.4byte	.LFE1-.LFB1
 579 00e9 01       		.uleb128 0x1
 580 00ea 9C       		.byte	0x9c
 581 00eb 0A010000 		.4byte	0x10a
 582 00ef 07       		.uleb128 0x7
 583 00f0 1E000000 		.4byte	.LASF19
 584 00f4 01       		.byte	0x1
 585 00f5 6F       		.byte	0x6f
 586 00f6 6B000000 		.4byte	0x6b
 587 00fa 21000000 		.4byte	.LLST1
 588 00fe 08       		.uleb128 0x8
 589 00ff DA000000 		.4byte	.LASF30
 590 0103 01       		.byte	0x1
 591 0104 71       		.byte	0x71
 592 0105 6B000000 		.4byte	0x6b
 593 0109 00       		.byte	0
 594 010a 09       		.uleb128 0x9
 595 010b 24000000 		.4byte	.LASF20
 596 010f 01       		.byte	0x1
 597 0110 88       		.byte	0x88
 598 0111 6B000000 		.4byte	0x6b
 599 0115 00000000 		.4byte	.LFB2
 600 0119 10000000 		.4byte	.LFE2-.LFB2
 601 011d 01       		.uleb128 0x1
 602 011e 9C       		.byte	0x9c
 603 011f 09       		.uleb128 0x9
 604 0120 E1010000 		.4byte	.LASF21
 605 0124 01       		.byte	0x1
 606 0125 A4       		.byte	0xa4
 607 0126 6B000000 		.4byte	0x6b
 608 012a 00000000 		.4byte	.LFB3
 609 012e 10000000 		.4byte	.LFE3-.LFB3
 610 0132 01       		.uleb128 0x1
 611 0133 9C       		.byte	0x9c
 612 0134 06       		.uleb128 0x6
 613 0135 9D010000 		.4byte	.LASF22
 614 0139 01       		.byte	0x1
 615 013a CF       		.byte	0xcf
 616 013b 00000000 		.4byte	.LFB4
 617 013f 14000000 		.4byte	.LFE4-.LFB4
 618 0143 01       		.uleb128 0x1
 619 0144 9C       		.byte	0x9c
 620 0145 75010000 		.4byte	0x175
 621 0149 07       		.uleb128 0x7
 622 014a 5C010000 		.4byte	.LASF23
 623 014e 01       		.byte	0x1
 624 014f CF       		.byte	0xcf
 625 0150 77000000 		.4byte	0x77
 626 0154 42000000 		.4byte	.LLST2
 627 0158 0A       		.uleb128 0xa
ARM GAS  C:\Users\zozo\AppData\Local\Temp\ccSu3VlM.s 			page 31


 628 0159 98010000 		.4byte	.LASF18
 629 015d 01       		.byte	0x1
 630 015e CF       		.byte	0xcf
 631 015f 77000000 		.4byte	0x77
 632 0163 01       		.uleb128 0x1
 633 0164 51       		.byte	0x51
 634 0165 0B       		.uleb128 0xb
 635 0166 6C010000 		.4byte	.LASF25
 636 016a 01       		.byte	0x1
 637 016b D1       		.byte	0xd1
 638 016c 83000000 		.4byte	0x83
 639 0170 63000000 		.4byte	.LLST3
 640 0174 00       		.byte	0
 641 0175 0C       		.uleb128 0xc
 642 0176 00000000 		.4byte	.LASF24
 643 017a 01       		.byte	0x1
 644 017b EC       		.byte	0xec
 645 017c 6B000000 		.4byte	0x6b
 646 0180 00000000 		.4byte	.LFB5
 647 0184 14000000 		.4byte	.LFE5-.LFB5
 648 0188 01       		.uleb128 0x1
 649 0189 9C       		.byte	0x9c
 650 018a 0B       		.uleb128 0xb
 651 018b C5010000 		.4byte	.LASF26
 652 018f 01       		.byte	0x1
 653 0190 EE       		.byte	0xee
 654 0191 6B000000 		.4byte	0x6b
 655 0195 80000000 		.4byte	.LLST4
 656 0199 00       		.byte	0
 657 019a 00       		.byte	0
 658              		.section	.debug_abbrev,"",%progbits
 659              	.Ldebug_abbrev0:
 660 0000 01       		.uleb128 0x1
 661 0001 11       		.uleb128 0x11
 662 0002 01       		.byte	0x1
 663 0003 25       		.uleb128 0x25
 664 0004 0E       		.uleb128 0xe
 665 0005 13       		.uleb128 0x13
 666 0006 0B       		.uleb128 0xb
 667 0007 03       		.uleb128 0x3
 668 0008 0E       		.uleb128 0xe
 669 0009 1B       		.uleb128 0x1b
 670 000a 0E       		.uleb128 0xe
 671 000b 55       		.uleb128 0x55
 672 000c 17       		.uleb128 0x17
 673 000d 11       		.uleb128 0x11
 674 000e 01       		.uleb128 0x1
 675 000f 10       		.uleb128 0x10
 676 0010 17       		.uleb128 0x17
 677 0011 00       		.byte	0
 678 0012 00       		.byte	0
 679 0013 02       		.uleb128 0x2
 680 0014 24       		.uleb128 0x24
 681 0015 00       		.byte	0
 682 0016 0B       		.uleb128 0xb
 683 0017 0B       		.uleb128 0xb
 684 0018 3E       		.uleb128 0x3e
ARM GAS  C:\Users\zozo\AppData\Local\Temp\ccSu3VlM.s 			page 32


 685 0019 0B       		.uleb128 0xb
 686 001a 03       		.uleb128 0x3
 687 001b 0E       		.uleb128 0xe
 688 001c 00       		.byte	0
 689 001d 00       		.byte	0
 690 001e 03       		.uleb128 0x3
 691 001f 24       		.uleb128 0x24
 692 0020 00       		.byte	0
 693 0021 0B       		.uleb128 0xb
 694 0022 0B       		.uleb128 0xb
 695 0023 3E       		.uleb128 0x3e
 696 0024 0B       		.uleb128 0xb
 697 0025 03       		.uleb128 0x3
 698 0026 08       		.uleb128 0x8
 699 0027 00       		.byte	0
 700 0028 00       		.byte	0
 701 0029 04       		.uleb128 0x4
 702 002a 16       		.uleb128 0x16
 703 002b 00       		.byte	0
 704 002c 03       		.uleb128 0x3
 705 002d 0E       		.uleb128 0xe
 706 002e 3A       		.uleb128 0x3a
 707 002f 0B       		.uleb128 0xb
 708 0030 3B       		.uleb128 0x3b
 709 0031 05       		.uleb128 0x5
 710 0032 49       		.uleb128 0x49
 711 0033 13       		.uleb128 0x13
 712 0034 00       		.byte	0
 713 0035 00       		.byte	0
 714 0036 05       		.uleb128 0x5
 715 0037 35       		.uleb128 0x35
 716 0038 00       		.byte	0
 717 0039 49       		.uleb128 0x49
 718 003a 13       		.uleb128 0x13
 719 003b 00       		.byte	0
 720 003c 00       		.byte	0
 721 003d 06       		.uleb128 0x6
 722 003e 2E       		.uleb128 0x2e
 723 003f 01       		.byte	0x1
 724 0040 3F       		.uleb128 0x3f
 725 0041 19       		.uleb128 0x19
 726 0042 03       		.uleb128 0x3
 727 0043 0E       		.uleb128 0xe
 728 0044 3A       		.uleb128 0x3a
 729 0045 0B       		.uleb128 0xb
 730 0046 3B       		.uleb128 0x3b
 731 0047 0B       		.uleb128 0xb
 732 0048 27       		.uleb128 0x27
 733 0049 19       		.uleb128 0x19
 734 004a 11       		.uleb128 0x11
 735 004b 01       		.uleb128 0x1
 736 004c 12       		.uleb128 0x12
 737 004d 06       		.uleb128 0x6
 738 004e 40       		.uleb128 0x40
 739 004f 18       		.uleb128 0x18
 740 0050 9742     		.uleb128 0x2117
 741 0052 19       		.uleb128 0x19
ARM GAS  C:\Users\zozo\AppData\Local\Temp\ccSu3VlM.s 			page 33


 742 0053 01       		.uleb128 0x1
 743 0054 13       		.uleb128 0x13
 744 0055 00       		.byte	0
 745 0056 00       		.byte	0
 746 0057 07       		.uleb128 0x7
 747 0058 05       		.uleb128 0x5
 748 0059 00       		.byte	0
 749 005a 03       		.uleb128 0x3
 750 005b 0E       		.uleb128 0xe
 751 005c 3A       		.uleb128 0x3a
 752 005d 0B       		.uleb128 0xb
 753 005e 3B       		.uleb128 0x3b
 754 005f 0B       		.uleb128 0xb
 755 0060 49       		.uleb128 0x49
 756 0061 13       		.uleb128 0x13
 757 0062 02       		.uleb128 0x2
 758 0063 17       		.uleb128 0x17
 759 0064 00       		.byte	0
 760 0065 00       		.byte	0
 761 0066 08       		.uleb128 0x8
 762 0067 34       		.uleb128 0x34
 763 0068 00       		.byte	0
 764 0069 03       		.uleb128 0x3
 765 006a 0E       		.uleb128 0xe
 766 006b 3A       		.uleb128 0x3a
 767 006c 0B       		.uleb128 0xb
 768 006d 3B       		.uleb128 0x3b
 769 006e 0B       		.uleb128 0xb
 770 006f 49       		.uleb128 0x49
 771 0070 13       		.uleb128 0x13
 772 0071 00       		.byte	0
 773 0072 00       		.byte	0
 774 0073 09       		.uleb128 0x9
 775 0074 2E       		.uleb128 0x2e
 776 0075 00       		.byte	0
 777 0076 3F       		.uleb128 0x3f
 778 0077 19       		.uleb128 0x19
 779 0078 03       		.uleb128 0x3
 780 0079 0E       		.uleb128 0xe
 781 007a 3A       		.uleb128 0x3a
 782 007b 0B       		.uleb128 0xb
 783 007c 3B       		.uleb128 0x3b
 784 007d 0B       		.uleb128 0xb
 785 007e 27       		.uleb128 0x27
 786 007f 19       		.uleb128 0x19
 787 0080 49       		.uleb128 0x49
 788 0081 13       		.uleb128 0x13
 789 0082 11       		.uleb128 0x11
 790 0083 01       		.uleb128 0x1
 791 0084 12       		.uleb128 0x12
 792 0085 06       		.uleb128 0x6
 793 0086 40       		.uleb128 0x40
 794 0087 18       		.uleb128 0x18
 795 0088 9742     		.uleb128 0x2117
 796 008a 19       		.uleb128 0x19
 797 008b 00       		.byte	0
 798 008c 00       		.byte	0
ARM GAS  C:\Users\zozo\AppData\Local\Temp\ccSu3VlM.s 			page 34


 799 008d 0A       		.uleb128 0xa
 800 008e 05       		.uleb128 0x5
 801 008f 00       		.byte	0
 802 0090 03       		.uleb128 0x3
 803 0091 0E       		.uleb128 0xe
 804 0092 3A       		.uleb128 0x3a
 805 0093 0B       		.uleb128 0xb
 806 0094 3B       		.uleb128 0x3b
 807 0095 0B       		.uleb128 0xb
 808 0096 49       		.uleb128 0x49
 809 0097 13       		.uleb128 0x13
 810 0098 02       		.uleb128 0x2
 811 0099 18       		.uleb128 0x18
 812 009a 00       		.byte	0
 813 009b 00       		.byte	0
 814 009c 0B       		.uleb128 0xb
 815 009d 34       		.uleb128 0x34
 816 009e 00       		.byte	0
 817 009f 03       		.uleb128 0x3
 818 00a0 0E       		.uleb128 0xe
 819 00a1 3A       		.uleb128 0x3a
 820 00a2 0B       		.uleb128 0xb
 821 00a3 3B       		.uleb128 0x3b
 822 00a4 0B       		.uleb128 0xb
 823 00a5 49       		.uleb128 0x49
 824 00a6 13       		.uleb128 0x13
 825 00a7 02       		.uleb128 0x2
 826 00a8 17       		.uleb128 0x17
 827 00a9 00       		.byte	0
 828 00aa 00       		.byte	0
 829 00ab 0C       		.uleb128 0xc
 830 00ac 2E       		.uleb128 0x2e
 831 00ad 01       		.byte	0x1
 832 00ae 3F       		.uleb128 0x3f
 833 00af 19       		.uleb128 0x19
 834 00b0 03       		.uleb128 0x3
 835 00b1 0E       		.uleb128 0xe
 836 00b2 3A       		.uleb128 0x3a
 837 00b3 0B       		.uleb128 0xb
 838 00b4 3B       		.uleb128 0x3b
 839 00b5 0B       		.uleb128 0xb
 840 00b6 27       		.uleb128 0x27
 841 00b7 19       		.uleb128 0x19
 842 00b8 49       		.uleb128 0x49
 843 00b9 13       		.uleb128 0x13
 844 00ba 11       		.uleb128 0x11
 845 00bb 01       		.uleb128 0x1
 846 00bc 12       		.uleb128 0x12
 847 00bd 06       		.uleb128 0x6
 848 00be 40       		.uleb128 0x40
 849 00bf 18       		.uleb128 0x18
 850 00c0 9742     		.uleb128 0x2117
 851 00c2 19       		.uleb128 0x19
 852 00c3 00       		.byte	0
 853 00c4 00       		.byte	0
 854 00c5 00       		.byte	0
 855              		.section	.debug_loc,"",%progbits
ARM GAS  C:\Users\zozo\AppData\Local\Temp\ccSu3VlM.s 			page 35


 856              	.Ldebug_loc0:
 857              	.LLST0:
 858 0000 00000000 		.4byte	.LVL0
 859 0004 08000000 		.4byte	.LVL1
 860 0008 0100     		.2byte	0x1
 861 000a 50       		.byte	0x50
 862 000b 08000000 		.4byte	.LVL1
 863 000f 18000000 		.4byte	.LFE0
 864 0013 0400     		.2byte	0x4
 865 0015 F3       		.byte	0xf3
 866 0016 01       		.uleb128 0x1
 867 0017 50       		.byte	0x50
 868 0018 9F       		.byte	0x9f
 869 0019 00000000 		.4byte	0
 870 001d 00000000 		.4byte	0
 871              	.LLST1:
 872 0021 00000000 		.4byte	.LVL2
 873 0025 06000000 		.4byte	.LVL3
 874 0029 0100     		.2byte	0x1
 875 002b 50       		.byte	0x50
 876 002c 06000000 		.4byte	.LVL3
 877 0030 18000000 		.4byte	.LFE1
 878 0034 0400     		.2byte	0x4
 879 0036 F3       		.byte	0xf3
 880 0037 01       		.uleb128 0x1
 881 0038 50       		.byte	0x50
 882 0039 9F       		.byte	0x9f
 883 003a 00000000 		.4byte	0
 884 003e 00000000 		.4byte	0
 885              	.LLST2:
 886 0042 00000000 		.4byte	.LVL4
 887 0046 08000000 		.4byte	.LVL7
 888 004a 0100     		.2byte	0x1
 889 004c 50       		.byte	0x50
 890 004d 08000000 		.4byte	.LVL7
 891 0051 14000000 		.4byte	.LFE4
 892 0055 0400     		.2byte	0x4
 893 0057 F3       		.byte	0xf3
 894 0058 01       		.uleb128 0x1
 895 0059 50       		.byte	0x50
 896 005a 9F       		.byte	0x9f
 897 005b 00000000 		.4byte	0
 898 005f 00000000 		.4byte	0
 899              	.LLST3:
 900 0063 04000000 		.4byte	.LVL5
 901 0067 06000000 		.4byte	.LVL6
 902 006b 0B00     		.2byte	0xb
 903 006d 70       		.byte	0x70
 904 006e 00       		.sleb128 0
 905 006f 0A       		.byte	0xa
 906 0070 FFFF     		.2byte	0xffff
 907 0072 1A       		.byte	0x1a
 908 0073 20       		.byte	0x20
 909 0074 73       		.byte	0x73
 910 0075 00       		.sleb128 0
 911 0076 1A       		.byte	0x1a
 912 0077 9F       		.byte	0x9f
ARM GAS  C:\Users\zozo\AppData\Local\Temp\ccSu3VlM.s 			page 36


 913 0078 00000000 		.4byte	0
 914 007c 00000000 		.4byte	0
 915              	.LLST4:
 916 0080 0A000000 		.4byte	.LVL8
 917 0084 0E000000 		.4byte	.LVL9
 918 0088 0100     		.2byte	0x1
 919 008a 50       		.byte	0x50
 920 008b 0E000000 		.4byte	.LVL9
 921 008f 14000000 		.4byte	.LFE5
 922 0093 0400     		.2byte	0x4
 923 0095 73       		.byte	0x73
 924 0096 00       		.sleb128 0
 925 0097 06       		.byte	0x6
 926 0098 9F       		.byte	0x9f
 927 0099 00000000 		.4byte	0
 928 009d 00000000 		.4byte	0
 929              		.section	.debug_aranges,"",%progbits
 930 0000 44000000 		.4byte	0x44
 931 0004 0200     		.2byte	0x2
 932 0006 00000000 		.4byte	.Ldebug_info0
 933 000a 04       		.byte	0x4
 934 000b 00       		.byte	0
 935 000c 0000     		.2byte	0
 936 000e 0000     		.2byte	0
 937 0010 00000000 		.4byte	.LFB0
 938 0014 18000000 		.4byte	.LFE0-.LFB0
 939 0018 00000000 		.4byte	.LFB1
 940 001c 18000000 		.4byte	.LFE1-.LFB1
 941 0020 00000000 		.4byte	.LFB2
 942 0024 10000000 		.4byte	.LFE2-.LFB2
 943 0028 00000000 		.4byte	.LFB3
 944 002c 10000000 		.4byte	.LFE3-.LFB3
 945 0030 00000000 		.4byte	.LFB4
 946 0034 14000000 		.4byte	.LFE4-.LFB4
 947 0038 00000000 		.4byte	.LFB5
 948 003c 14000000 		.4byte	.LFE5-.LFB5
 949 0040 00000000 		.4byte	0
 950 0044 00000000 		.4byte	0
 951              		.section	.debug_ranges,"",%progbits
 952              	.Ldebug_ranges0:
 953 0000 00000000 		.4byte	.LFB0
 954 0004 18000000 		.4byte	.LFE0
 955 0008 00000000 		.4byte	.LFB1
 956 000c 18000000 		.4byte	.LFE1
 957 0010 00000000 		.4byte	.LFB2
 958 0014 10000000 		.4byte	.LFE2
 959 0018 00000000 		.4byte	.LFB3
 960 001c 10000000 		.4byte	.LFE3
 961 0020 00000000 		.4byte	.LFB4
 962 0024 14000000 		.4byte	.LFE4
 963 0028 00000000 		.4byte	.LFB5
 964 002c 14000000 		.4byte	.LFE5
 965 0030 00000000 		.4byte	0
 966 0034 00000000 		.4byte	0
 967              		.section	.debug_line,"",%progbits
 968              	.Ldebug_line0:
 969 0000 CA000000 		.section	.debug_str,"MS",%progbits,1
ARM GAS  C:\Users\zozo\AppData\Local\Temp\ccSu3VlM.s 			page 37


 969      02004700 
 969      00000201 
 969      FB0E0D00 
 969      01010101 
 970              	.LASF24:
 971 0000 4C65645F 		.ascii	"Led_Blue_ClearInterrupt\000"
 971      426C7565 
 971      5F436C65 
 971      6172496E 
 971      74657272 
 972              	.LASF15:
 973 0018 72656733 		.ascii	"reg32\000"
 973      3200
 974              	.LASF19:
 975 001e 76616C75 		.ascii	"value\000"
 975      6500
 976              	.LASF20:
 977 0024 4C65645F 		.ascii	"Led_Blue_Read\000"
 977      426C7565 
 977      5F526561 
 977      6400
 978              	.LASF12:
 979 0032 666C6F61 		.ascii	"float\000"
 979      7400
 980              	.LASF27:
 981 0038 474E5520 		.ascii	"GNU C 4.9.3 20150303 (release) [ARM/embedded-4_9-br"
 981      4320342E 
 981      392E3320 
 981      32303135 
 981      30333033 
 982 006b 616E6368 		.ascii	"anch revision 221220] -mcpu=cortex-m0 -mthumb -g -O"
 982      20726576 
 982      6973696F 
 982      6E203232 
 982      31323230 
 983 009e 73202D66 		.ascii	"s -ffunction-sections -flto -ffat-lto-objects\000"
 983      66756E63 
 983      74696F6E 
 983      2D736563 
 983      74696F6E 
 984              	.LASF1:
 985 00cc 756E7369 		.ascii	"unsigned char\000"
 985      676E6564 
 985      20636861 
 985      7200
 986              	.LASF30:
 987 00da 64725661 		.ascii	"drVal\000"
 987      6C00
 988              	.LASF28:
 989 00e0 2E5C4765 		.ascii	".\\Generated_Source\\PSoC4\\Led_Blue.c\000"
 989      6E657261 
 989      7465645F 
 989      536F7572 
 989      63655C50 
 990              	.LASF5:
 991 0104 6C6F6E67 		.ascii	"long unsigned int\000"
 991      20756E73 
ARM GAS  C:\Users\zozo\AppData\Local\Temp\ccSu3VlM.s 			page 38


 991      69676E65 
 991      6420696E 
 991      7400
 992              	.LASF3:
 993 0116 73686F72 		.ascii	"short unsigned int\000"
 993      7420756E 
 993      7369676E 
 993      65642069 
 993      6E7400
 994              	.LASF16:
 995 0129 4C65645F 		.ascii	"Led_Blue_SetDriveMode\000"
 995      426C7565 
 995      5F536574 
 995      44726976 
 995      654D6F64 
 996              	.LASF13:
 997 013f 646F7562 		.ascii	"double\000"
 997      6C6500
 998              	.LASF17:
 999 0146 4C65645F 		.ascii	"Led_Blue_Write\000"
 999      426C7565 
 999      5F577269 
 999      746500
 1000              	.LASF10:
 1001 0155 75696E74 		.ascii	"uint16\000"
 1001      313600
 1002              	.LASF23:
 1003 015c 706F7369 		.ascii	"position\000"
 1003      74696F6E 
 1003      00
 1004              	.LASF11:
 1005 0165 75696E74 		.ascii	"uint32\000"
 1005      333200
 1006              	.LASF25:
 1007 016c 696E7472 		.ascii	"intrCfg\000"
 1007      43666700 
 1008              	.LASF8:
 1009 0174 756E7369 		.ascii	"unsigned int\000"
 1009      676E6564 
 1009      20696E74 
 1009      00
 1010              	.LASF7:
 1011 0181 6C6F6E67 		.ascii	"long long unsigned int\000"
 1011      206C6F6E 
 1011      6720756E 
 1011      7369676E 
 1011      65642069 
 1012              	.LASF18:
 1013 0198 6D6F6465 		.ascii	"mode\000"
 1013      00
 1014              	.LASF22:
 1015 019d 4C65645F 		.ascii	"Led_Blue_SetInterruptMode\000"
 1015      426C7565 
 1015      5F536574 
 1015      496E7465 
 1015      72727570 
 1016              	.LASF6:
ARM GAS  C:\Users\zozo\AppData\Local\Temp\ccSu3VlM.s 			page 39


 1017 01b7 6C6F6E67 		.ascii	"long long int\000"
 1017      206C6F6E 
 1017      6720696E 
 1017      7400
 1018              	.LASF26:
 1019 01c5 6D61736B 		.ascii	"maskedStatus\000"
 1019      65645374 
 1019      61747573 
 1019      00
 1020              	.LASF14:
 1021 01d2 63686172 		.ascii	"char\000"
 1021      00
 1022              	.LASF2:
 1023 01d7 73686F72 		.ascii	"short int\000"
 1023      7420696E 
 1023      7400
 1024              	.LASF21:
 1025 01e1 4C65645F 		.ascii	"Led_Blue_ReadDataReg\000"
 1025      426C7565 
 1025      5F526561 
 1025      64446174 
 1025      61526567 
 1026              	.LASF9:
 1027 01f6 75696E74 		.ascii	"uint8\000"
 1027      3800
 1028              	.LASF4:
 1029 01fc 6C6F6E67 		.ascii	"long int\000"
 1029      20696E74 
 1029      00
 1030              	.LASF29:
 1031 0205 433A5C55 		.ascii	"C:\\Users\\zozo\\GitHub\\Connection_Parameters1\\Co"
 1031      73657273 
 1031      5C7A6F7A 
 1031      6F5C4769 
 1031      74487562 
 1032 0233 6E6E6563 		.ascii	"nnection_Parameters\\Connection_Parameters.cydsn\000"
 1032      74696F6E 
 1032      5F506172 
 1032      616D6574 
 1032      6572735C 
 1033              	.LASF0:
 1034 0263 7369676E 		.ascii	"signed char\000"
 1034      65642063 
 1034      68617200 
 1035              		.comm	__gnu_lto_v1,1,1
 1036              		.ident	"GCC: (GNU Tools for ARM Embedded Processors) 4.9.3 20150303 (release) [ARM/embedded-4_9-br
