ARM GAS  C:\Users\zozo\AppData\Local\Temp\cckjEMaG.s 			page 1


   1              		.cpu cortex-m0
   2              		.fpu softvfp
   3              		.eabi_attribute 20, 1
   4              		.eabi_attribute 21, 1
   5              		.eabi_attribute 23, 3
   6              		.eabi_attribute 24, 1
   7              		.eabi_attribute 25, 1
   8              		.eabi_attribute 26, 1
   9              		.eabi_attribute 30, 4
  10              		.eabi_attribute 34, 0
  11              		.eabi_attribute 18, 4
  12              		.code	16
  13              		.file	"Led_Green_PM.c"
  14              		.text
  15              	.Ltext0:
  16              		.section	.gnu.lto_.profile.d922530d,"",%progbits
  17 0000 789C6366 		.ascii	"x\234cf```a\200\000F\006\0166\000\000\212\000\027"
  17      60606061 
  17      80004606 
  17      0E360000 
  17      8A0017
  18              		.text
  19              		.section	.gnu.lto_.jmpfuncs.d922530d,"",%progbits
  20 0000 789C6366 		.ascii	"x\234cf\300\0168\2404\023\024\003\000\0018\000\020"
  20      C00E38A0 
  20      34131403 
  20      00013800 
  20      10
  21              		.text
  22              		.section	.gnu.lto_.inline.d922530d,"",%progbits
  23 0000 789C6366 		.ascii	"x\234cf\300\0164\2404\023\003\003+\013#\003\023\313"
  23      C00E34A0 
  23      34130303 
  23      2B0B2303 
  23      13CB
  24 0012 027906B6 		.ascii	"\002y\006\266\005\362L\0201\014!\006\000G\026\003\\"
  24      05F24C10 
  24      310C2106 
  24      00471603 
  24      5C
  25              		.text
  26              		.section	.gnu.lto_.pureconst.d922530d,"",%progbits
  27 0000 789C6366 		.ascii	"x\234cf```e\200\000&\006)&)\000\000\373\000A"
  27      60606065 
  27      80002606 
  27      29262900 
  27      00FB0041 
  28              		.text
  29              		.section	.gnu.lto_Led_Green_Sleep.d922530d,"",%progbits
  30 0000 789C654F 		.ascii	"x\234eO1HBQ\024\275\347\252\037\313%\032\335\303\010"
  30      31484251 
  30      14BDE7AA 
  30      1FCB251A 
  30      DDC308
  31 0013 746A6969 		.ascii	"tjiiip)\020\\\205\010\373\253\222\324(\376\037\277\220"
  31      69702910 
  31      5C8508FB 
ARM GAS  C:\Users\zozo\AppData\Local\Temp\cckjEMaG.s 			page 2


  31      AB92D428 
  31      FE1FBF90 
  32 0027 A092A6A0 		.ascii	"\240\222\246\240\014\012\"KSh\255\341'4\005E4\010\016"
  32      0C0A224B 
  32      5368ADE1 
  32      27340545 
  32      34080E
  33 003a B5185453 		.ascii	"\265\030TS&\024?Q\273O\227\240\007\217\373\356\271\347"
  33      26143F51 
  33      BB4F97A0 
  33      078FFBEE 
  33      B9E7
  34 004c 9D738F8B 		.ascii	"\235s\217\213\376\037\277\334i\020MH\205\213\300\271"
  34      FE1FBFDC 
  34      69104D48 
  34      858BC0B9 
  35 005c 3B22D3CB 		.ascii	";\"\323\313\200z\020(\303\310\340\215\233\214\234]\334"
  35      807A1028 
  35      C3C8E08D 
  35      9B8C9C5D 
  35      DC
  36 006d F5058E0D 		.ascii	"\365\005\216\015\303\370\250\336\232\021\033\016\023"
  36      C3F8A8DE 
  36      9A111B0E 
  36      13
  37 007a B578A083 		.ascii	"\265x\240\203\023\004HHM\253S\363i\226\220F\0063\024"
  37      13044848 
  37      4DAB53F3 
  37      69969046 
  37      063314
  38 008d A0893E55 		.ascii	"\240\211>UFm\243\327k\225\257\177\340frX\260\206\314"
  38      466DA3D7 
  38      6B95AF7F 
  38      E0667258 
  38      B086CC
  39 00a0 95CB0BB3 		.ascii	"\225\313\013\263\252\256:\252_\033\335\233!\365\345"
  39      AAAE3AAA 
  39      5F1BDD9B 
  39      21F5E5
  40 00af 9B95E5E5 		.ascii	"\233\225\345\345\332fm\370\225\035\346\354z\316p+\203"
  40      DA666DF8 
  40      951DE6EC 
  40      7ACE702B 
  40      83
  41 00c0 E7C6FD83 		.ascii	"\347\306\375\203\267\017\221j\337\217\256\226\362\330"
  41      B70F916A 
  41      DF8FAE96 
  41      F2D8
  42 00ce 332DD9C6 		.ascii	"3-\331\306\205S\370q\006\311\204\"\362\240:Vw\016\307"
  42      8553F871 
  42      06C98422 
  42      F2A03A56 
  42      770EC7
  43 00e1 949C300F 		.ascii	"\224\2340\017\036\267\312\234n\033Y\303\353\260\273"
  43      1EB7CA9C 
  43      6E1B59C3 
  43      EBB0BB
ARM GAS  C:\Users\zozo\AppData\Local\Temp\cckjEMaG.s 			page 3


  44 00f0 A376FB2B 		.ascii	"\243v\373+\347\356\267\005\323\332\207\3223\024\313"
  44      E7EEB705 
  44      D3DA87D2 
  44      3314CB
  45 00ff 8312D238 		.ascii	"\203\022\3228W\2022\353\226\266/\264`Q\242\331S\016"
  45      578232EB 
  45      96B62FB4 
  45      6051A2D9 
  45      530E
  46 0111 6B280BF1 		.ascii	"k(\013\361\263\037\037\025\004eaz\202i\267=\312O\241"
  46      B31F1F15 
  46      0465617A 
  46      8269B73D 
  46      CA4FA1
  47 0124 0DC928B1 		.ascii	"\015\311(\261\2041\036\212\205\365\204\236ZX\326\027"
  47      84311E8A 
  47      85F5849E 
  47      5A58D617 
  48 0134 E7A3C995 		.ascii	"\347\243\311\225T\\\217E\242\311\231\311\330\254\000"
  48      545C8F45 
  48      A2C999C9 
  48      D8AC00
  49 0143 E194AE27 		.ascii	"\341\224\256'\346#s\2418\375\002\355\336\201\242"
  49      E62373A1 
  49      38FD02ED 
  49      DE81A2
  50              		.text
  51              		.section	.gnu.lto_Led_Green_Wakeup.d922530d,"",%progbits
  52 0000 789C658F 		.ascii	"x\234e\217\277KBQ\024\307\357\367<\025\311%Z2\377\001"
  52      BF4B4251 
  52      14C7EFF7 
  52      3C15C925 
  52      5A32FF01 
  53 0014 A3D096B6 		.ascii	"\243\320\226\266\306\240\226\002\301U\220\260\267*I"
  53      C6A09602 
  53      C15590B0 
  53      B72A49
  54 0023 8DE27DF2 		.ascii	"\215\342}\362\014\227\312\232\202~@Adi\012A-5<\372\003"
  54      0C97CA9A 
  54      827E4041 
  54      64690A41 
  54      2D353CFA 
  55 0038 8AA8101C 		.ascii	"\212\250\020\034j1\260\246\314!\036av\356s\212.\\\356"
  55      6A31B0A6 
  55      CC211E61 
  55      76EE738A 
  55      2E5CEE
  56 004b BDDFF3BD 		.ascii	"\275\337\363\275\337\3179\232\370\277\002\274\247 \304"
  56      DFCF399A 
  56      F8BF02BC 
  56      A720C4
  57 005a 189FD004 		.ascii	"\030\237\320\004\250x+\204\341%@]\004D\226\220\305\033"
  57      A8782B84 
  57      E125405D 
  57      04449690 
  57      C51B
  58 006c B50945AB 		.ascii	"\265\011E\253\274\355\013\036I)?r\027\376\274\337&!"
ARM GAS  C:\Users\zozo\AppData\Local\Temp\cckjEMaG.s 			page 4


  58      BCED0B1E 
  58      49293F72 
  58      17FEBCDF 
  58      2621
  59 007e 3AD48FC1 		.ascii	":\324\217\3011\202\202=m\263[\367yL\366\014\366k(\301"
  59      3182823D 
  59      6DB35BF7 
  59      794CF60C 
  59      F66B28C1 
  60 0092 C3F1A236 		.ascii	"\303\361\2426d\311^\257\363\270\331\232\200\213\204"
  60      64C95EAF 
  60      F3B8D99A 
  60      808B84
  61 00a1 4D2C36D9 		.ascii	"M,6\331\240(\257D\352\324\032\310]\266\237\014\237\372"
  61      A028AF44 
  61      EAD41AC8 
  61      5DB69F0C 
  61      9FFA
  62 00b3 F3450AB9 		.ascii	"\363E\012\271\377\260^\245\314\267,H\257M\324U\201\254"
  62      FFB05EA5 
  62      CCB72C48 
  62      AF4DD455 
  62      81AC
  63 00c5 BE34EFEE 		.ascii	"\2764\357\356\275-b\305y\226\014s\027{\3301\244ri8A"
  63      BD2D62C5 
  63      79960C73 
  63      177BD831 
  63      A4726938 
  64 00da 06A70838 		.ascii	"\006\247\0108\265\237\312\306\271'4n\223\013e\366|:"
  64      B59FCAC6 
  64      B927346E 
  64      930B65F6 
  64      7C3A
  65 00ec EDA28290 		.ascii	"\355\242\202\220h\340f\353`X\241\330v\225_\253\017\250"
  65      68E066EB 
  65      6058A1D8 
  65      76955FAB 
  65      0FA8
  66 00fe 447761B5 		.ascii	"Dwa\265(]\177 n'\350\375\360zI1L\303\032\261\311\203"
  66      285D7F20 
  66      6E27E8FD 
  66      F07A4931 
  66      4CC31AB1 
  67 0114 33045055 		.ascii	"3\004PU\020\3248\227\273\025\3170\254\336\214\012T\214"
  67      10D43897 
  67      BB15CF30 
  67      ACDE8C0A 
  67      548C
  68 0126 260FC833 		.ascii	"&\017\31031o4\034\233\325\223zzaY_\214GS+\351\204\036"
  68      316F341C 
  68      9BD5937A 
  68      7A61595F 
  68      8C47532B 
  69 013d 8B4453D3 		.ascii	"\213DS\323\223\2619\026f\323\272\236\214G\346\303\011"
  69      93B13916 
  69      66D3BA9E 
  69      8C47E6C3 
ARM GAS  C:\Users\zozo\AppData\Local\Temp\cckjEMaG.s 			page 5


  69      09
  70 014e F10BEF52 		.ascii	"\361\013\357R~\323"
  70      7ED3
  71              		.text
  72              		.section	.gnu.lto_.symbol_nodes.d922530d,"",%progbits
  73 0000 789C6366 		.ascii	"x\234cf``\320d\200\002&\306z\006\206\011\347\030\030"
  73      6060D064 
  73      800226C6 
  73      7A068609 
  73      E71818
  74 0013 EAEB19E6 		.ascii	"\352\353\031\346-\340``e`X\300T\317\314\304T\317\210"
  74      2DE06060 
  74      656058C0 
  74      54CFCCC4 
  74      54CF88
  75 0026 2CCC0000 		.ascii	",\314\000\000\310\"\011\240"
  75      C82209A0 
  76              		.text
  77              		.section	.gnu.lto_.refs.d922530d,"",%progbits
  78 0000 789C6366 		.ascii	"x\234cf``\340f\200\000F\006FF&F& \311\000\000\001l\000"
  78      6060E066 
  78      80004606 
  78      46462646 
  78      2620C900 
  79 0018 19       		.ascii	"\031"
  80              		.text
  81              		.section	.gnu.lto_.decls.d922530d,"",%progbits
  82 0000 789C8D53 		.ascii	"x\234\215S]HTA\024\236s\257\273\352mSC\310\360\311V"
  82      5D485441 
  82      149E73AF 
  82      BBEA6D53 
  82      43C8F0C9 
  83 0015 5A22C407 		.ascii	"Z\"\304\007\015_\263|\020\354\207\245MzH0\333.%\206"
  83      0D5FB37C 
  83      10EC87A5 
  83      4D7A4830 
  83      DB2E2586 
  84 0029 2EBAFBD0 		.ascii	".\272\373\320\333\224\006k\031\244\241hAm\264\244\371"
  84      DB94066B 
  84      19A4A168 
  84      416DB4A4 
  84      F9
  85 003a B39995AD 		.ascii	"\263\231\225\255\332\352\266\376\344od\204\326K\245"
  85      DAEAB6FE 
  85      E46F6484 
  85      D64BA5
  86 0049 219916AD 		.ascii	"!\231\026\255$f\020\331\231\271\273\336M\264\0328w\346"
  86      246610D9 
  86      99B9BBDE 
  86      4DB41A38 
  86      77E6
  87 005b CC7CDF37 		.ascii	"\314|\3377g\3169W$\204x\321Vp\\\013#\3443\256E4#Q\207"
  87      67CE3957 
  87      248478D1 
  87      56705C0B 
  87      23E433AE 
  88 0074 80D68CE6 		.ascii	"\200\326\214\346B\003\264\001\362\347`g\341\001\316"
ARM GAS  C:\Users\zozo\AppData\Local\Temp\cckjEMaG.s 			page 6


  88      4203B401 
  88      F2E76067 
  88      E101CE
  89 0083 76B411B4 		.ascii	"v\264\021\264!\264Q4\037\232;\300\363\004\346\346\015"
  89      21B45134 
  89      1F9A3BC0 
  89      F304E6E6 
  89      0D
  90 0094 745C6B74 		.ascii	"t\\ktB\371A\315P\235\215\342Y\020`dz\371\233nV\200("
  90      42F941CD 
  90      509D8DE2 
  90      59106064 
  90      7AF99B6E 
  91 00ab 2986B9D7 		.ascii	")\206\271\327&g\026Etu\222\300\334\366\037K\367\264"
  91      26671645 
  91      747592C0 
  91      DCF61F4B 
  91      F7B4
  92 00bd 71D5948D 		.ascii	"q\325\224\215R\032#\200q+\324C<4@<*\336\2058\374\036"
  92      521A2380 
  92      712BD443 
  92      3C34403C 
  92      2ADE8538 
  93 00d3 0B5394EA 		.ascii	"\013S\224\352\354\325- \012\300\326\267k\247^II\215"
  93      ECD52D20 
  93      0AC0D6B7 
  93      6BA75E49 
  93      498D
  94 00e5 C8B253EF 		.ascii	"\310\262S\357\013A\275\256\354rE\237\224p\203:Z\375"
  94      0B41BDAE 
  94      EC72459F 
  94      9470833A 
  94      5AFD
  95 00f7 1DEE373A 		.ascii	"\035\3567:\332@\275++{\270\0244\202\010M\220\304\220"
  95      DA40BD2B 
  95      2B7BB814 
  95      3482084D 
  95      90C490
  96 010a 6CCD29D0 		.ascii	"l\315)\320\014\011H\373\265\330\3776Z\334\307\265\247"
  96      0C0948FB 
  96      B5D8FF36 
  96      5ADCC7B5 
  96      A7
  97 011b 3D746A13 		.ascii	"=tj\023\227p4\334\326*\002\234\337\022\302o\011\362"
  97      977034DC 
  97      D62A029C 
  97      DF12C26F 
  97      09F2
  98 012d 5D9CDFDA 		.ascii	"]\234\337\332\323T\036\311_y\234I|\277\340/\227\370"
  98      D3541EC9 
  98      5F799C49 
  98      7CBFE02F 
  98      97F8
  99 013f 2B75CCBD 		.ascii	"+u\314\275\272\334\370F'\232\270z\207kql\023G&0\267"
  99      BADCF846 
  99      279AB87A 
  99      876B716C 
ARM GAS  C:\Users\zozo\AppData\Local\Temp\cckjEMaG.s 			page 7


  99      13472630 
 100 0154 B36AB056 		.ascii	"\263j\260V\313\221a\314\235z=\371$\\,\340\310sw\272"
 100      CB9161CC 
 100      9D7A3DF9 
 100      245C2CE0 
 100      C87377BA 
 101 0168 2AC2F168 		.ascii	"*\302\361h\273\304_\366\356\372\017g$wY\207D\343\226"
 101      BBC45FF6 
 101      EEFA0F67 
 101      24775987 
 101      44E396
 102 017b D0E5AB1A 		.ascii	"\320\345\253\032\227\300 91\017\376\271\336\356\254"
 102      97C02039 
 102      310FFEB9 
 102      DEEEAC
 103 018a 529A0E6E 		.ascii	"R\232\016n\220\340\341j\244\234\315\206\235\322\363"
 103      90E0E16A 
 103      A49CCD86 
 103      9DD2F3
 104 0199 F44A298D 		.ascii	"\364J)\215\034\214\"\320\206)~\200)\206\307`@\004\307"
 104      1C8C22D0 
 104      86297E80 
 104      2986C760 
 104      4004C7
 105 01ac C223DC6C 		.ascii	"\302#\334l\307M\274\253\261\262\337\243\021k\200\307"
 105      C74DBCAB 
 105      B1B2DFA3 
 105      116B80C7 
 106 01bc F1F52DCD 		.ascii	"\361\365-\315\022o(\353\245\321\205r\020\353\025\307"
 106      126F28EB 
 106      A5D18572 
 106      10EB15C7 
 107 01cc 595DD3AC 		.ascii	"Y]\323\254\341\261G\240\253\031\376\331W\243\003}\254"
 107      E1B147A0 
 107      AB19FED9 
 107      57A3037D 
 107      AC
 108 01dd 5E6F70E0 		.ascii	"^op\340e\376\331\231\252\250:\352\360\001\017\251\003"
 108      65FED999 
 108      AAA83AEA 
 108      F0010FA9 
 108      03
 109 01ee 43EA8658 		.ascii	"C\352\206X\365\352\235\254\302\273\360C*Y\365\257P\232"
 109      F5EA9DAC 
 109      C2BBF043 
 109      2A59F5AF 
 109      509A
 110 0200 6E25700F 		.ascii	"n%p\017\217[y\361\031\030\343\202\247\030\242\007\364"
 110      8F5B79F1 
 110      1918E382 
 110      A718A207 
 110      F4
 111 0211 D083E605 		.ascii	"\320\203\346\005=\177\014\323w\214\266\321\3642\221"
 111      3D7F0CD3 
 111      778CB6D1 
 111      F43291
 112 0220 8B77AE2B 		.ascii	"\213w\256+\336\306t\024\354\230\212\355Z\213}\002\253"
ARM GAS  C:\Users\zozo\AppData\Local\Temp\cckjEMaG.s 			page 8


 112      DEC67414 
 112      EC988AED 
 112      5A8B7D02 
 112      AB
 113 0231 91B044BE 		.ascii	"\221\260D\276\037J\211`\000\022\254u\260\267\204/\363"
 113      1F4A8960 
 113      0012AC75 
 113      B0B7842F 
 113      F3
 114 0242 1F962221 		.ascii	"\037\226\"!\326\260^\274\320\213a\376-d.\375\\\013\340"
 114      D6B05EBC 
 114      D08B61FE 
 114      2D642EFD 
 114      5C0BE0
 115 0255 43D07DB5 		.ascii	"C\320}\265>\354\246`\363vv9\347\265\342\204\222\335"
 115      3EECA660 
 115      F3767639 
 115      E7B5E284 
 115      92DD
 116 0267 EF33155B 		.ascii	"\3573\025[\322\036R\273c\033\2470=V\241\236\300\354"
 116      D21E52BB 
 116      631BA730 
 116      3D56A19E 
 116      C0EC
 117 0279 5566869C 		.ascii	"Uf\206\234pM\2705\211\267(u\370;^;\205s\324q\236R\326"
 117      704DB835 
 117      89B72875 
 117      F83B5E3B 
 117      8573D471 
 118 0290 B49CD8A7 		.ascii	"\264\234\330\247\334\025\222\331>\326\273\320\017i\004"
 118      DC1592D9 
 118      3ED6BBD0 
 118      0F6904
 119 029f 06201105 		.ascii	"\006 \021\005\354U\355\363\032\361\243r\357\313\352"
 119      EC55EDF3 
 119      1AF1A372 
 119      EFCBEA
 120 02ae 859B1192 		.ascii	"\205\233\021\222\235\375\217\377\331.\302\245\345\331"
 120      9DFD8FFF 
 120      D92EC2A5 
 120      E5D9
 121 02bc 8528900C 		.ascii	"\205(\220\014\353\223\206\327!\261l\264\316\225~\023"
 121      EB9386D7 
 121      21B16CB4 
 121      CE957E13 
 122 02cc 290D8321 		.ascii	")\015\203!\254\31235#\203 \255f\304=t\177Z\320]T{\227"
 122      ACCA3335 
 122      238320AD 
 122      66C43D74 
 122      7F5AD05D 
 123 02e3 8383D204 		.ascii	"\203\203\322\004F@\307\377B\234\021\2758\376\351\322"
 123      4640C7FF 
 123      429C11BD 
 123      38FEE9D2 
 124 02f3 E63FD0BE 		.ascii	"\346?\320\276\220B\023\030\015\240\331\034}@>\231\233"
 124      90421318 
 124      0DA0D91C 
ARM GAS  C:\Users\zozo\AppData\Local\Temp\cckjEMaG.s 			page 9


 124      7D403E99 
 124      9B
 125 0304 592CCB85 		.ascii	"Y,\313\205\271\2463\262l\321f\036\312N\310 ;\223s2\345"
 125      B9A633B2 
 125      6CD1661E 
 125      CA4EC820 
 125      3B937332 
 126 0319 42B938CF 		.ascii	"B\2718\317\212\307\246\"[\261Y\3161\232\2122v\347\250"
 126      8AC7A622 
 126      5BB159CE 
 126      319A8A32 
 126      76E7A8
 127 032c 78E3C164 		.ascii	"x\343\301d3\211Q\375\243y\005\262\315\022\247n\354\333"
 127      338951FD 
 127      A37905B2 
 127      CD12A76E 
 127      ECDB
 128 033e 9BB13FDB 		.ascii	"\233\261?\333\230k:r8;\343\210\326\226_hMMI\334P\330"
 128      986B3A72 
 128      383BE388 
 128      D6965F68 
 128      4D4D49DC 
 129 0354 7CD67AD6 		.ascii	"|\326z\326\"\227$\237&\341\026\263\311\212\200\210\222"
 129      2297249F 
 129      26E116B3 
 129      C98A8088 
 129      92
 130 0365 FC226561 		.ascii	"\374\"ea+9\301\027;\376\035\026\362Cb:\221g.\260Y4\305"
 130      2B39C117 
 130      3BFE1D16 
 130      F243623A 
 130      91672EB0 
 131 037c F2A9D494 		.ascii	"\362\251\324\224\337\177\037\3031"
 131      DF7F1FC3 
 131      31
 132              		.text
 133              		.section	.gnu.lto_.symtab.d922530d,"",%progbits
 134 0000 4C65645F 		.ascii	"Led_Green_Sleep\000\000\000\000\000\000\000\000\000"
 134      47726565 
 134      6E5F536C 
 134      65657000 
 134      00000000 
 135 0018 000000AC 		.ascii	"\000\000\000\254\000\000\000Led_Green_Wakeup\000\000"
 135      0000004C 
 135      65645F47 
 135      7265656E 
 135      5F57616B 
 136 0031 00000000 		.ascii	"\000\000\000\000\000\000\000\000\000\000\256\000\000"
 136      00000000 
 136      0000AE00 
 136      00
 137 003e 00       		.ascii	"\000"
 138              		.text
 139              		.section	.gnu.lto_.opts,"",%progbits
 140 0000 272D666E 		.ascii	"'-fno-trapv' '-mcpu=cortex-m0' '-mthumb' '-g' '-Os'"
 140      6F2D7472 
 140      61707627 
ARM GAS  C:\Users\zozo\AppData\Local\Temp\cckjEMaG.s 			page 10


 140      20272D6D 
 140      6370753D 
 141 0033 20272D66 		.ascii	" '-ffunction-sections' '-flto' '-ffat-lto-objects'\000"
 141      66756E63 
 141      74696F6E 
 141      2D736563 
 141      74696F6E 
 142              		.text
 143              		.cfi_sections	.debug_frame
 144              		.section	.text.Led_Green_Sleep,"ax",%progbits
 145              		.align	1
 146              		.global	Led_Green_Sleep
 147              		.code	16
 148              		.thumb_func
 149              		.type	Led_Green_Sleep, %function
 150              	Led_Green_Sleep:
 151              	.LFB0:
 152              		.file 1 ".\\Generated_Source\\PSoC4\\Led_Green_PM.c"
   1:.\Generated_Source\PSoC4/Led_Green_PM.c **** /*******************************************************************************
   2:.\Generated_Source\PSoC4/Led_Green_PM.c **** * File Name: Led_Green.c  
   3:.\Generated_Source\PSoC4/Led_Green_PM.c **** * Version 2.20
   4:.\Generated_Source\PSoC4/Led_Green_PM.c **** *
   5:.\Generated_Source\PSoC4/Led_Green_PM.c **** * Description:
   6:.\Generated_Source\PSoC4/Led_Green_PM.c **** *  This file contains APIs to set up the Pins component for low power modes.
   7:.\Generated_Source\PSoC4/Led_Green_PM.c **** *
   8:.\Generated_Source\PSoC4/Led_Green_PM.c **** * Note:
   9:.\Generated_Source\PSoC4/Led_Green_PM.c **** *
  10:.\Generated_Source\PSoC4/Led_Green_PM.c **** ********************************************************************************
  11:.\Generated_Source\PSoC4/Led_Green_PM.c **** * Copyright 2015, Cypress Semiconductor Corporation.  All rights reserved.
  12:.\Generated_Source\PSoC4/Led_Green_PM.c **** * You may use this file only in accordance with the license, terms, conditions, 
  13:.\Generated_Source\PSoC4/Led_Green_PM.c **** * disclaimers, and limitations in the end user license agreement accompanying 
  14:.\Generated_Source\PSoC4/Led_Green_PM.c **** * the software package with which this file was provided.
  15:.\Generated_Source\PSoC4/Led_Green_PM.c **** *******************************************************************************/
  16:.\Generated_Source\PSoC4/Led_Green_PM.c **** 
  17:.\Generated_Source\PSoC4/Led_Green_PM.c **** #include "cytypes.h"
  18:.\Generated_Source\PSoC4/Led_Green_PM.c **** #include "Led_Green.h"
  19:.\Generated_Source\PSoC4/Led_Green_PM.c **** 
  20:.\Generated_Source\PSoC4/Led_Green_PM.c **** static Led_Green_BACKUP_STRUCT  Led_Green_backup = {0u, 0u, 0u};
  21:.\Generated_Source\PSoC4/Led_Green_PM.c **** 
  22:.\Generated_Source\PSoC4/Led_Green_PM.c **** 
  23:.\Generated_Source\PSoC4/Led_Green_PM.c **** /*******************************************************************************
  24:.\Generated_Source\PSoC4/Led_Green_PM.c **** * Function Name: Led_Green_Sleep
  25:.\Generated_Source\PSoC4/Led_Green_PM.c **** ****************************************************************************//**
  26:.\Generated_Source\PSoC4/Led_Green_PM.c **** *
  27:.\Generated_Source\PSoC4/Led_Green_PM.c **** * \brief Stores the pin configuration and prepares the pin for entering chip 
  28:.\Generated_Source\PSoC4/Led_Green_PM.c **** *  deep-sleep/hibernate modes. This function must be called for SIO and USBIO
  29:.\Generated_Source\PSoC4/Led_Green_PM.c **** *  pins. It is not essential if using GPIO or GPIO_OVT pins.
  30:.\Generated_Source\PSoC4/Led_Green_PM.c **** *
  31:.\Generated_Source\PSoC4/Led_Green_PM.c **** * <b>Note</b> This function is available in PSoC 4 only.
  32:.\Generated_Source\PSoC4/Led_Green_PM.c **** *
  33:.\Generated_Source\PSoC4/Led_Green_PM.c **** * \return 
  34:.\Generated_Source\PSoC4/Led_Green_PM.c **** *  None 
  35:.\Generated_Source\PSoC4/Led_Green_PM.c **** *  
  36:.\Generated_Source\PSoC4/Led_Green_PM.c **** * \sideeffect
  37:.\Generated_Source\PSoC4/Led_Green_PM.c **** *  For SIO pins, this function configures the pin input threshold to CMOS and
  38:.\Generated_Source\PSoC4/Led_Green_PM.c **** *  drive level to Vddio. This is needed for SIO pins when in device 
  39:.\Generated_Source\PSoC4/Led_Green_PM.c **** *  deep-sleep/hibernate modes.
ARM GAS  C:\Users\zozo\AppData\Local\Temp\cckjEMaG.s 			page 11


  40:.\Generated_Source\PSoC4/Led_Green_PM.c **** *
  41:.\Generated_Source\PSoC4/Led_Green_PM.c **** * \funcusage
  42:.\Generated_Source\PSoC4/Led_Green_PM.c **** *  \snippet Led_Green_SUT.c usage_Led_Green_Sleep_Wakeup
  43:.\Generated_Source\PSoC4/Led_Green_PM.c **** *******************************************************************************/
  44:.\Generated_Source\PSoC4/Led_Green_PM.c **** void Led_Green_Sleep(void)
  45:.\Generated_Source\PSoC4/Led_Green_PM.c **** {
 153              		.loc 1 45 0
 154              		.cfi_startproc
  46:.\Generated_Source\PSoC4/Led_Green_PM.c ****     #if defined(Led_Green__PC)
  47:.\Generated_Source\PSoC4/Led_Green_PM.c ****         Led_Green_backup.pcState = Led_Green_PC;
 155              		.loc 1 47 0
 156 0000 024B     		ldr	r3, .L2
  48:.\Generated_Source\PSoC4/Led_Green_PM.c ****     #else
  49:.\Generated_Source\PSoC4/Led_Green_PM.c ****         #if (CY_PSOC4_4200L)
  50:.\Generated_Source\PSoC4/Led_Green_PM.c ****             /* Save the regulator state and put the PHY into suspend mode */
  51:.\Generated_Source\PSoC4/Led_Green_PM.c ****             Led_Green_backup.usbState = Led_Green_CR1_REG;
  52:.\Generated_Source\PSoC4/Led_Green_PM.c ****             Led_Green_USB_POWER_REG |= Led_Green_USBIO_ENTER_SLEEP;
  53:.\Generated_Source\PSoC4/Led_Green_PM.c ****             Led_Green_CR1_REG &= Led_Green_USBIO_CR1_OFF;
  54:.\Generated_Source\PSoC4/Led_Green_PM.c ****         #endif
  55:.\Generated_Source\PSoC4/Led_Green_PM.c ****     #endif
  56:.\Generated_Source\PSoC4/Led_Green_PM.c ****     #if defined(CYIPBLOCK_m0s8ioss_VERSION) && defined(Led_Green__SIO)
  57:.\Generated_Source\PSoC4/Led_Green_PM.c ****         Led_Green_backup.sioState = Led_Green_SIO_REG;
  58:.\Generated_Source\PSoC4/Led_Green_PM.c ****         /* SIO requires unregulated output buffer and single ended input buffer */
  59:.\Generated_Source\PSoC4/Led_Green_PM.c ****         Led_Green_SIO_REG &= (uint32)(~Led_Green_SIO_LPM_MASK);
  60:.\Generated_Source\PSoC4/Led_Green_PM.c ****     #endif  
  61:.\Generated_Source\PSoC4/Led_Green_PM.c **** }
 157              		.loc 1 61 0
 158              		@ sp needed
  47:.\Generated_Source\PSoC4/Led_Green_PM.c ****     #else
 159              		.loc 1 47 0
 160 0002 1A68     		ldr	r2, [r3]
 161 0004 024B     		ldr	r3, .L2+4
 162 0006 1A60     		str	r2, [r3]
 163              		.loc 1 61 0
 164 0008 7047     		bx	lr
 165              	.L3:
 166 000a C046     		.align	2
 167              	.L2:
 168 000c 08030440 		.word	1074004744
 169 0010 00000000 		.word	.LANCHOR0
 170              		.cfi_endproc
 171              	.LFE0:
 172              		.size	Led_Green_Sleep, .-Led_Green_Sleep
 173              		.section	.text.Led_Green_Wakeup,"ax",%progbits
 174              		.align	1
 175              		.global	Led_Green_Wakeup
 176              		.code	16
 177              		.thumb_func
 178              		.type	Led_Green_Wakeup, %function
 179              	Led_Green_Wakeup:
 180              	.LFB1:
  62:.\Generated_Source\PSoC4/Led_Green_PM.c **** 
  63:.\Generated_Source\PSoC4/Led_Green_PM.c **** 
  64:.\Generated_Source\PSoC4/Led_Green_PM.c **** /*******************************************************************************
  65:.\Generated_Source\PSoC4/Led_Green_PM.c **** * Function Name: Led_Green_Wakeup
  66:.\Generated_Source\PSoC4/Led_Green_PM.c **** ****************************************************************************//**
  67:.\Generated_Source\PSoC4/Led_Green_PM.c **** *
ARM GAS  C:\Users\zozo\AppData\Local\Temp\cckjEMaG.s 			page 12


  68:.\Generated_Source\PSoC4/Led_Green_PM.c **** * \brief Restores the pin configuration that was saved during Pin_Sleep().
  69:.\Generated_Source\PSoC4/Led_Green_PM.c **** *
  70:.\Generated_Source\PSoC4/Led_Green_PM.c **** * For USBIO pins, the wakeup is only triggered for falling edge interrupts.
  71:.\Generated_Source\PSoC4/Led_Green_PM.c **** *
  72:.\Generated_Source\PSoC4/Led_Green_PM.c **** * <b>Note</b> This function is available in PSoC 4 only.
  73:.\Generated_Source\PSoC4/Led_Green_PM.c **** *
  74:.\Generated_Source\PSoC4/Led_Green_PM.c **** * \return 
  75:.\Generated_Source\PSoC4/Led_Green_PM.c **** *  None
  76:.\Generated_Source\PSoC4/Led_Green_PM.c **** *  
  77:.\Generated_Source\PSoC4/Led_Green_PM.c **** * \funcusage
  78:.\Generated_Source\PSoC4/Led_Green_PM.c **** *  Refer to Led_Green_Sleep() for an example usage.
  79:.\Generated_Source\PSoC4/Led_Green_PM.c **** *******************************************************************************/
  80:.\Generated_Source\PSoC4/Led_Green_PM.c **** void Led_Green_Wakeup(void)
  81:.\Generated_Source\PSoC4/Led_Green_PM.c **** {
 181              		.loc 1 81 0
 182              		.cfi_startproc
  82:.\Generated_Source\PSoC4/Led_Green_PM.c ****     #if defined(Led_Green__PC)
  83:.\Generated_Source\PSoC4/Led_Green_PM.c ****         Led_Green_PC = Led_Green_backup.pcState;
 183              		.loc 1 83 0
 184 0000 024B     		ldr	r3, .L5
  84:.\Generated_Source\PSoC4/Led_Green_PM.c ****     #else
  85:.\Generated_Source\PSoC4/Led_Green_PM.c ****         #if (CY_PSOC4_4200L)
  86:.\Generated_Source\PSoC4/Led_Green_PM.c ****             /* Restore the regulator state and come out of suspend mode */
  87:.\Generated_Source\PSoC4/Led_Green_PM.c ****             Led_Green_USB_POWER_REG &= Led_Green_USBIO_EXIT_SLEEP_PH1;
  88:.\Generated_Source\PSoC4/Led_Green_PM.c ****             Led_Green_CR1_REG = Led_Green_backup.usbState;
  89:.\Generated_Source\PSoC4/Led_Green_PM.c ****             Led_Green_USB_POWER_REG &= Led_Green_USBIO_EXIT_SLEEP_PH2;
  90:.\Generated_Source\PSoC4/Led_Green_PM.c ****         #endif
  91:.\Generated_Source\PSoC4/Led_Green_PM.c ****     #endif
  92:.\Generated_Source\PSoC4/Led_Green_PM.c ****     #if defined(CYIPBLOCK_m0s8ioss_VERSION) && defined(Led_Green__SIO)
  93:.\Generated_Source\PSoC4/Led_Green_PM.c ****         Led_Green_SIO_REG = Led_Green_backup.sioState;
  94:.\Generated_Source\PSoC4/Led_Green_PM.c ****     #endif
  95:.\Generated_Source\PSoC4/Led_Green_PM.c **** }
 185              		.loc 1 95 0
 186              		@ sp needed
  83:.\Generated_Source\PSoC4/Led_Green_PM.c ****     #else
 187              		.loc 1 83 0
 188 0002 1A68     		ldr	r2, [r3]
 189 0004 024B     		ldr	r3, .L5+4
 190 0006 1A60     		str	r2, [r3]
 191              		.loc 1 95 0
 192 0008 7047     		bx	lr
 193              	.L6:
 194 000a C046     		.align	2
 195              	.L5:
 196 000c 00000000 		.word	.LANCHOR0
 197 0010 08030440 		.word	1074004744
 198              		.cfi_endproc
 199              	.LFE1:
 200              		.size	Led_Green_Wakeup, .-Led_Green_Wakeup
 201              		.bss
 202              		.align	2
 203              		.set	.LANCHOR0,. + 0
 204              		.type	Led_Green_backup, %object
 205              		.size	Led_Green_backup, 12
 206              	Led_Green_backup:
 207 0000 00000000 		.space	12
 207      00000000 
ARM GAS  C:\Users\zozo\AppData\Local\Temp\cckjEMaG.s 			page 13


 207      00000000 
 208              		.text
 209              	.Letext0:
 210              		.file 2 ".\\Generated_Source\\PSoC4\\cytypes.h"
 211              		.file 3 ".\\Generated_Source\\PSoC4\\Led_Green.h"
 212              		.section	.debug_info,"",%progbits
 213              	.Ldebug_info0:
 214 0000 05010000 		.4byte	0x105
 215 0004 0400     		.2byte	0x4
 216 0006 00000000 		.4byte	.Ldebug_abbrev0
 217 000a 04       		.byte	0x4
 218 000b 01       		.uleb128 0x1
 219 000c 15000000 		.4byte	.LASF20
 220 0010 01       		.byte	0x1
 221 0011 F9010000 		.4byte	.LASF21
 222 0015 8F010000 		.4byte	.LASF22
 223 0019 00000000 		.4byte	.Ldebug_ranges0+0
 224 001d 00000000 		.4byte	0
 225 0021 00000000 		.4byte	.Ldebug_line0
 226 0025 02       		.uleb128 0x2
 227 0026 01       		.byte	0x1
 228 0027 06       		.byte	0x6
 229 0028 ED010000 		.4byte	.LASF0
 230 002c 02       		.uleb128 0x2
 231 002d 01       		.byte	0x1
 232 002e 08       		.byte	0x8
 233 002f B9000000 		.4byte	.LASF1
 234 0033 02       		.uleb128 0x2
 235 0034 02       		.byte	0x2
 236 0035 05       		.byte	0x5
 237 0036 4B010000 		.4byte	.LASF2
 238 003a 02       		.uleb128 0x2
 239 003b 02       		.byte	0x2
 240 003c 07       		.byte	0x7
 241 003d D9000000 		.4byte	.LASF3
 242 0041 02       		.uleb128 0x2
 243 0042 04       		.byte	0x4
 244 0043 05       		.byte	0x5
 245 0044 75010000 		.4byte	.LASF4
 246 0048 02       		.uleb128 0x2
 247 0049 04       		.byte	0x4
 248 004a 07       		.byte	0x7
 249 004b C7000000 		.4byte	.LASF5
 250 004f 02       		.uleb128 0x2
 251 0050 08       		.byte	0x8
 252 0051 05       		.byte	0x5
 253 0052 38010000 		.4byte	.LASF6
 254 0056 02       		.uleb128 0x2
 255 0057 08       		.byte	0x8
 256 0058 07       		.byte	0x7
 257 0059 07010000 		.4byte	.LASF7
 258 005d 03       		.uleb128 0x3
 259 005e 04       		.byte	0x4
 260 005f 05       		.byte	0x5
 261 0060 696E7400 		.ascii	"int\000"
 262 0064 02       		.uleb128 0x2
 263 0065 04       		.byte	0x4
ARM GAS  C:\Users\zozo\AppData\Local\Temp\cckjEMaG.s 			page 14


 264 0066 07       		.byte	0x7
 265 0067 FA000000 		.4byte	.LASF8
 266 006b 04       		.uleb128 0x4
 267 006c F3000000 		.4byte	.LASF12
 268 0070 02       		.byte	0x2
 269 0071 3A01     		.2byte	0x13a
 270 0073 48000000 		.4byte	0x48
 271 0077 02       		.uleb128 0x2
 272 0078 04       		.byte	0x4
 273 0079 04       		.byte	0x4
 274 007a 0F000000 		.4byte	.LASF9
 275 007e 02       		.uleb128 0x2
 276 007f 08       		.byte	0x8
 277 0080 04       		.byte	0x4
 278 0081 EC000000 		.4byte	.LASF10
 279 0085 02       		.uleb128 0x2
 280 0086 01       		.byte	0x1
 281 0087 08       		.byte	0x8
 282 0088 46010000 		.4byte	.LASF11
 283 008c 04       		.uleb128 0x4
 284 008d 00000000 		.4byte	.LASF13
 285 0091 02       		.byte	0x2
 286 0092 E401     		.2byte	0x1e4
 287 0094 98000000 		.4byte	0x98
 288 0098 05       		.uleb128 0x5
 289 0099 6B000000 		.4byte	0x6b
 290 009d 06       		.uleb128 0x6
 291 009e 0C       		.byte	0xc
 292 009f 03       		.byte	0x3
 293 00a0 21       		.byte	0x21
 294 00a1 CA000000 		.4byte	0xca
 295 00a5 07       		.uleb128 0x7
 296 00a6 55010000 		.4byte	.LASF14
 297 00aa 03       		.byte	0x3
 298 00ab 23       		.byte	0x23
 299 00ac 6B000000 		.4byte	0x6b
 300 00b0 00       		.byte	0
 301 00b1 07       		.uleb128 0x7
 302 00b2 2F010000 		.4byte	.LASF15
 303 00b6 03       		.byte	0x3
 304 00b7 24       		.byte	0x24
 305 00b8 6B000000 		.4byte	0x6b
 306 00bc 04       		.byte	0x4
 307 00bd 07       		.uleb128 0x7
 308 00be 06000000 		.4byte	.LASF16
 309 00c2 03       		.byte	0x3
 310 00c3 25       		.byte	0x25
 311 00c4 6B000000 		.4byte	0x6b
 312 00c8 08       		.byte	0x8
 313 00c9 00       		.byte	0
 314 00ca 08       		.uleb128 0x8
 315 00cb 5D010000 		.4byte	.LASF17
 316 00cf 03       		.byte	0x3
 317 00d0 26       		.byte	0x26
 318 00d1 9D000000 		.4byte	0x9d
 319 00d5 09       		.uleb128 0x9
 320 00d6 A9000000 		.4byte	.LASF18
ARM GAS  C:\Users\zozo\AppData\Local\Temp\cckjEMaG.s 			page 15


 321 00da 01       		.byte	0x1
 322 00db 2C       		.byte	0x2c
 323 00dc 00000000 		.4byte	.LFB0
 324 00e0 14000000 		.4byte	.LFE0-.LFB0
 325 00e4 01       		.uleb128 0x1
 326 00e5 9C       		.byte	0x9c
 327 00e6 09       		.uleb128 0x9
 328 00e7 7E010000 		.4byte	.LASF19
 329 00eb 01       		.byte	0x1
 330 00ec 50       		.byte	0x50
 331 00ed 00000000 		.4byte	.LFB1
 332 00f1 14000000 		.4byte	.LFE1-.LFB1
 333 00f5 01       		.uleb128 0x1
 334 00f6 9C       		.byte	0x9c
 335 00f7 0A       		.uleb128 0xa
 336 00f8 1E010000 		.4byte	.LASF23
 337 00fc 01       		.byte	0x1
 338 00fd 14       		.byte	0x14
 339 00fe CA000000 		.4byte	0xca
 340 0102 05       		.uleb128 0x5
 341 0103 03       		.byte	0x3
 342 0104 00000000 		.4byte	Led_Green_backup
 343 0108 00       		.byte	0
 344              		.section	.debug_abbrev,"",%progbits
 345              	.Ldebug_abbrev0:
 346 0000 01       		.uleb128 0x1
 347 0001 11       		.uleb128 0x11
 348 0002 01       		.byte	0x1
 349 0003 25       		.uleb128 0x25
 350 0004 0E       		.uleb128 0xe
 351 0005 13       		.uleb128 0x13
 352 0006 0B       		.uleb128 0xb
 353 0007 03       		.uleb128 0x3
 354 0008 0E       		.uleb128 0xe
 355 0009 1B       		.uleb128 0x1b
 356 000a 0E       		.uleb128 0xe
 357 000b 55       		.uleb128 0x55
 358 000c 17       		.uleb128 0x17
 359 000d 11       		.uleb128 0x11
 360 000e 01       		.uleb128 0x1
 361 000f 10       		.uleb128 0x10
 362 0010 17       		.uleb128 0x17
 363 0011 00       		.byte	0
 364 0012 00       		.byte	0
 365 0013 02       		.uleb128 0x2
 366 0014 24       		.uleb128 0x24
 367 0015 00       		.byte	0
 368 0016 0B       		.uleb128 0xb
 369 0017 0B       		.uleb128 0xb
 370 0018 3E       		.uleb128 0x3e
 371 0019 0B       		.uleb128 0xb
 372 001a 03       		.uleb128 0x3
 373 001b 0E       		.uleb128 0xe
 374 001c 00       		.byte	0
 375 001d 00       		.byte	0
 376 001e 03       		.uleb128 0x3
 377 001f 24       		.uleb128 0x24
ARM GAS  C:\Users\zozo\AppData\Local\Temp\cckjEMaG.s 			page 16


 378 0020 00       		.byte	0
 379 0021 0B       		.uleb128 0xb
 380 0022 0B       		.uleb128 0xb
 381 0023 3E       		.uleb128 0x3e
 382 0024 0B       		.uleb128 0xb
 383 0025 03       		.uleb128 0x3
 384 0026 08       		.uleb128 0x8
 385 0027 00       		.byte	0
 386 0028 00       		.byte	0
 387 0029 04       		.uleb128 0x4
 388 002a 16       		.uleb128 0x16
 389 002b 00       		.byte	0
 390 002c 03       		.uleb128 0x3
 391 002d 0E       		.uleb128 0xe
 392 002e 3A       		.uleb128 0x3a
 393 002f 0B       		.uleb128 0xb
 394 0030 3B       		.uleb128 0x3b
 395 0031 05       		.uleb128 0x5
 396 0032 49       		.uleb128 0x49
 397 0033 13       		.uleb128 0x13
 398 0034 00       		.byte	0
 399 0035 00       		.byte	0
 400 0036 05       		.uleb128 0x5
 401 0037 35       		.uleb128 0x35
 402 0038 00       		.byte	0
 403 0039 49       		.uleb128 0x49
 404 003a 13       		.uleb128 0x13
 405 003b 00       		.byte	0
 406 003c 00       		.byte	0
 407 003d 06       		.uleb128 0x6
 408 003e 13       		.uleb128 0x13
 409 003f 01       		.byte	0x1
 410 0040 0B       		.uleb128 0xb
 411 0041 0B       		.uleb128 0xb
 412 0042 3A       		.uleb128 0x3a
 413 0043 0B       		.uleb128 0xb
 414 0044 3B       		.uleb128 0x3b
 415 0045 0B       		.uleb128 0xb
 416 0046 01       		.uleb128 0x1
 417 0047 13       		.uleb128 0x13
 418 0048 00       		.byte	0
 419 0049 00       		.byte	0
 420 004a 07       		.uleb128 0x7
 421 004b 0D       		.uleb128 0xd
 422 004c 00       		.byte	0
 423 004d 03       		.uleb128 0x3
 424 004e 0E       		.uleb128 0xe
 425 004f 3A       		.uleb128 0x3a
 426 0050 0B       		.uleb128 0xb
 427 0051 3B       		.uleb128 0x3b
 428 0052 0B       		.uleb128 0xb
 429 0053 49       		.uleb128 0x49
 430 0054 13       		.uleb128 0x13
 431 0055 38       		.uleb128 0x38
 432 0056 0B       		.uleb128 0xb
 433 0057 00       		.byte	0
 434 0058 00       		.byte	0
ARM GAS  C:\Users\zozo\AppData\Local\Temp\cckjEMaG.s 			page 17


 435 0059 08       		.uleb128 0x8
 436 005a 16       		.uleb128 0x16
 437 005b 00       		.byte	0
 438 005c 03       		.uleb128 0x3
 439 005d 0E       		.uleb128 0xe
 440 005e 3A       		.uleb128 0x3a
 441 005f 0B       		.uleb128 0xb
 442 0060 3B       		.uleb128 0x3b
 443 0061 0B       		.uleb128 0xb
 444 0062 49       		.uleb128 0x49
 445 0063 13       		.uleb128 0x13
 446 0064 00       		.byte	0
 447 0065 00       		.byte	0
 448 0066 09       		.uleb128 0x9
 449 0067 2E       		.uleb128 0x2e
 450 0068 00       		.byte	0
 451 0069 3F       		.uleb128 0x3f
 452 006a 19       		.uleb128 0x19
 453 006b 03       		.uleb128 0x3
 454 006c 0E       		.uleb128 0xe
 455 006d 3A       		.uleb128 0x3a
 456 006e 0B       		.uleb128 0xb
 457 006f 3B       		.uleb128 0x3b
 458 0070 0B       		.uleb128 0xb
 459 0071 27       		.uleb128 0x27
 460 0072 19       		.uleb128 0x19
 461 0073 11       		.uleb128 0x11
 462 0074 01       		.uleb128 0x1
 463 0075 12       		.uleb128 0x12
 464 0076 06       		.uleb128 0x6
 465 0077 40       		.uleb128 0x40
 466 0078 18       		.uleb128 0x18
 467 0079 9742     		.uleb128 0x2117
 468 007b 19       		.uleb128 0x19
 469 007c 00       		.byte	0
 470 007d 00       		.byte	0
 471 007e 0A       		.uleb128 0xa
 472 007f 34       		.uleb128 0x34
 473 0080 00       		.byte	0
 474 0081 03       		.uleb128 0x3
 475 0082 0E       		.uleb128 0xe
 476 0083 3A       		.uleb128 0x3a
 477 0084 0B       		.uleb128 0xb
 478 0085 3B       		.uleb128 0x3b
 479 0086 0B       		.uleb128 0xb
 480 0087 49       		.uleb128 0x49
 481 0088 13       		.uleb128 0x13
 482 0089 02       		.uleb128 0x2
 483 008a 18       		.uleb128 0x18
 484 008b 00       		.byte	0
 485 008c 00       		.byte	0
 486 008d 00       		.byte	0
 487              		.section	.debug_aranges,"",%progbits
 488 0000 24000000 		.4byte	0x24
 489 0004 0200     		.2byte	0x2
 490 0006 00000000 		.4byte	.Ldebug_info0
 491 000a 04       		.byte	0x4
ARM GAS  C:\Users\zozo\AppData\Local\Temp\cckjEMaG.s 			page 18


 492 000b 00       		.byte	0
 493 000c 0000     		.2byte	0
 494 000e 0000     		.2byte	0
 495 0010 00000000 		.4byte	.LFB0
 496 0014 14000000 		.4byte	.LFE0-.LFB0
 497 0018 00000000 		.4byte	.LFB1
 498 001c 14000000 		.4byte	.LFE1-.LFB1
 499 0020 00000000 		.4byte	0
 500 0024 00000000 		.4byte	0
 501              		.section	.debug_ranges,"",%progbits
 502              	.Ldebug_ranges0:
 503 0000 00000000 		.4byte	.LFB0
 504 0004 14000000 		.4byte	.LFE0
 505 0008 00000000 		.4byte	.LFB1
 506 000c 14000000 		.4byte	.LFE1
 507 0010 00000000 		.4byte	0
 508 0014 00000000 		.4byte	0
 509              		.section	.debug_line,"",%progbits
 510              	.Ldebug_line0:
 511 0000 93000000 		.section	.debug_str,"MS",%progbits,1
 511      02005A00 
 511      00000201 
 511      FB0E0D00 
 511      01010101 
 512              	.LASF13:
 513 0000 72656733 		.ascii	"reg32\000"
 513      3200
 514              	.LASF16:
 515 0006 75736253 		.ascii	"usbState\000"
 515      74617465 
 515      00
 516              	.LASF9:
 517 000f 666C6F61 		.ascii	"float\000"
 517      7400
 518              	.LASF20:
 519 0015 474E5520 		.ascii	"GNU C 4.9.3 20150303 (release) [ARM/embedded-4_9-br"
 519      4320342E 
 519      392E3320 
 519      32303135 
 519      30333033 
 520 0048 616E6368 		.ascii	"anch revision 221220] -mcpu=cortex-m0 -mthumb -g -O"
 520      20726576 
 520      6973696F 
 520      6E203232 
 520      31323230 
 521 007b 73202D66 		.ascii	"s -ffunction-sections -flto -ffat-lto-objects\000"
 521      66756E63 
 521      74696F6E 
 521      2D736563 
 521      74696F6E 
 522              	.LASF18:
 523 00a9 4C65645F 		.ascii	"Led_Green_Sleep\000"
 523      47726565 
 523      6E5F536C 
 523      65657000 
 524              	.LASF1:
 525 00b9 756E7369 		.ascii	"unsigned char\000"
ARM GAS  C:\Users\zozo\AppData\Local\Temp\cckjEMaG.s 			page 19


 525      676E6564 
 525      20636861 
 525      7200
 526              	.LASF5:
 527 00c7 6C6F6E67 		.ascii	"long unsigned int\000"
 527      20756E73 
 527      69676E65 
 527      6420696E 
 527      7400
 528              	.LASF3:
 529 00d9 73686F72 		.ascii	"short unsigned int\000"
 529      7420756E 
 529      7369676E 
 529      65642069 
 529      6E7400
 530              	.LASF10:
 531 00ec 646F7562 		.ascii	"double\000"
 531      6C6500
 532              	.LASF12:
 533 00f3 75696E74 		.ascii	"uint32\000"
 533      333200
 534              	.LASF8:
 535 00fa 756E7369 		.ascii	"unsigned int\000"
 535      676E6564 
 535      20696E74 
 535      00
 536              	.LASF7:
 537 0107 6C6F6E67 		.ascii	"long long unsigned int\000"
 537      206C6F6E 
 537      6720756E 
 537      7369676E 
 537      65642069 
 538              	.LASF23:
 539 011e 4C65645F 		.ascii	"Led_Green_backup\000"
 539      47726565 
 539      6E5F6261 
 539      636B7570 
 539      00
 540              	.LASF15:
 541 012f 73696F53 		.ascii	"sioState\000"
 541      74617465 
 541      00
 542              	.LASF6:
 543 0138 6C6F6E67 		.ascii	"long long int\000"
 543      206C6F6E 
 543      6720696E 
 543      7400
 544              	.LASF11:
 545 0146 63686172 		.ascii	"char\000"
 545      00
 546              	.LASF2:
 547 014b 73686F72 		.ascii	"short int\000"
 547      7420696E 
 547      7400
 548              	.LASF14:
 549 0155 70635374 		.ascii	"pcState\000"
 549      61746500 
ARM GAS  C:\Users\zozo\AppData\Local\Temp\cckjEMaG.s 			page 20


 550              	.LASF17:
 551 015d 4C65645F 		.ascii	"Led_Green_BACKUP_STRUCT\000"
 551      47726565 
 551      6E5F4241 
 551      434B5550 
 551      5F535452 
 552              	.LASF4:
 553 0175 6C6F6E67 		.ascii	"long int\000"
 553      20696E74 
 553      00
 554              	.LASF19:
 555 017e 4C65645F 		.ascii	"Led_Green_Wakeup\000"
 555      47726565 
 555      6E5F5761 
 555      6B657570 
 555      00
 556              	.LASF22:
 557 018f 433A5C55 		.ascii	"C:\\Users\\zozo\\GitHub\\Connection_Parameters1\\Co"
 557      73657273 
 557      5C7A6F7A 
 557      6F5C4769 
 557      74487562 
 558 01bd 6E6E6563 		.ascii	"nnection_Parameters\\Connection_Parameters.cydsn\000"
 558      74696F6E 
 558      5F506172 
 558      616D6574 
 558      6572735C 
 559              	.LASF0:
 560 01ed 7369676E 		.ascii	"signed char\000"
 560      65642063 
 560      68617200 
 561              	.LASF21:
 562 01f9 2E5C4765 		.ascii	".\\Generated_Source\\PSoC4\\Led_Green_PM.c\000"
 562      6E657261 
 562      7465645F 
 562      536F7572 
 562      63655C50 
 563              		.comm	__gnu_lto_v1,1,1
 564              		.ident	"GCC: (GNU Tools for ARM Embedded Processors) 4.9.3 20150303 (release) [ARM/embedded-4_9-br
