ARM GAS  C:\Users\zozo\AppData\Local\Temp\ccALURuZ.s 			page 1


   1              		.cpu cortex-m0
   2              		.fpu softvfp
   3              		.eabi_attribute 20, 1
   4              		.eabi_attribute 21, 1
   5              		.eabi_attribute 23, 3
   6              		.eabi_attribute 24, 1
   7              		.eabi_attribute 25, 1
   8              		.eabi_attribute 26, 1
   9              		.eabi_attribute 30, 4
  10              		.eabi_attribute 34, 0
  11              		.eabi_attribute 18, 4
  12              		.code	16
  13              		.file	"Led_Blue_PM.c"
  14              		.text
  15              	.Ltext0:
  16              		.section	.gnu.lto_.profile.d9225cbc,"",%progbits
  17 0000 789C6366 		.ascii	"x\234cf```a\200\000F\006\0166\000\000\212\000\027"
  17      60606061 
  17      80004606 
  17      0E360000 
  17      8A0017
  18              		.text
  19              		.section	.gnu.lto_.jmpfuncs.d9225cbc,"",%progbits
  20 0000 789C6366 		.ascii	"x\234cf\300\0168\2404\023\024\003\000\0018\000\020"
  20      C00E38A0 
  20      34131403 
  20      00013800 
  20      10
  21              		.text
  22              		.section	.gnu.lto_.inline.d9225cbc,"",%progbits
  23 0000 789C6366 		.ascii	"x\234cf\300\0164\2404\023\003\003+\013#\003\023\313"
  23      C00E34A0 
  23      34130303 
  23      2B0B2303 
  23      13CB
  24 0012 027906B6 		.ascii	"\002y\006\266\005\362L\0201\014!\006\000G\026\003\\"
  24      05F24C10 
  24      310C2106 
  24      00471603 
  24      5C
  25              		.text
  26              		.section	.gnu.lto_.pureconst.d9225cbc,"",%progbits
  27 0000 789C6366 		.ascii	"x\234cf```e\200\000&\006)&)\000\000\373\000A"
  27      60606065 
  27      80002606 
  27      29262900 
  27      00FB0041 
  28              		.text
  29              		.section	.gnu.lto_Led_Blue_Sleep.d9225cbc,"",%progbits
  30 0000 789C654F 		.ascii	"x\234eO1HBQ\024\275\347~\375X.\321\350\034H\203N\015"
  30      31484251 
  30      14BDE77E 
  30      FD582ED1 
  30      E81C4883 
  31 0016 4D0D35B4 		.ascii	"M\0155\264\024\010\256B\204\375-\222$G\361\377\260\220"
  31      1408AE42 
  31      84FD2D92 
ARM GAS  C:\Users\zozo\AppData\Local\Temp\ccALURuZ.s 			page 2


  31      2447F1FF 
  31      B090
  32 0028 A092A6A0 		.ascii	"\240\222\246\240l\010\"KS\010\232j\370\271\006E4\010"
  32      6C08224B 
  32      53089A6A 
  32      F8B90645 
  32      3408
  33 003a 0E456050 		.ascii	"\016E`PM\231P\374D\355>]\202\036<\356\273\347\236w\316"
  33      4D9950FC 
  33      44ED3E5D 
  33      821E3CEE 
  33      BBE79E77 
  34 004f 3D1AFD3F 		.ascii	"=\032\375?>\271\023 \032\225\012\215\300\331[\"\313"
  34      3EB91320 
  34      1A950A8D 
  34      C0D95B22 
  34      CB
  35 0060 C3807A10 		.ascii	"\303\200z\020(\305H\341\215\033\214\254]\330\365\372"
  35      28C548E1 
  35      8D1B8CAC 
  35      5DD8F5FA 
  36 0070 8F4CD3FC 		.ascii	"\217L\323\374\250\334X!\033\016\0235\271\257\203c\370"
  36      A8DC5821 
  36      1B0E1335 
  36      B9AF8363 
  36      F8
  37 0081 49488D74 		.ascii	"IH\215t\273\352\325\323B\032\352\317\220\207.\372T\036"
  37      BBEAD5D3 
  37      421AEACF 
  37      90872EFA 
  37      541E
  38 0093 B6CD6EB7 		.ascii	"\266\315n\267Y\272\376\201\213\311a\301\3522W./\314"
  38      59BAFE81 
  38      8BC961C1 
  38      EA32572E 
  38      2FCC
  39 00a5 AA6A3554 		.ascii	"\252j5T\2766:\027\003\352\3137+\313\313\265\315\352"
  39      BE363A17 
  39      03EACB37 
  39      2BCBCBB5 
  39      CDEA
  40 00b7 E02B3BCC 		.ascii	"\340+;\314\231\365\254\351R\006O\365\273{O\017\"\325"
  40      99F5ACE9 
  40      52064FF5 
  40      BB7B4F0F 
  40      22D5
  41 00c9 BE1F5E2D 		.ascii	"\276\037^-\347\260g\245e\033\015'\360\341\024\222\011"
  41      E7B067A5 
  41      651B0D27 
  41      F0E11492 
  41      09
  42 00da 05E44035 		.ascii	"\005\344@5\254\356<\217(9a\036<l\2258\33123\246\307"
  42      ACEE3C8F 
  42      2839611E 
  42      3C6C9538 
  42      D93233A6 
  43 00ef 61575BED 		.ascii	"aW[\355\366W\316\325k\363Vz\037J\317T,7\212H\342L\011"
ARM GAS  C:\Users\zozo\AppData\Local\Temp\ccALURuZ.s 			page 3


  43      F657CED5 
  43      6BF3567A 
  43      1F4ACF54 
  43      2C378A48 
  44 0106 CAAC53DC 		.ascii	"\312\254S\334>\327\003\005\211f\217;\254\243$\304\317"
  44      3ED70305 
  44      89668F3B 
  44      ACA324C4 
  44      CF
  45 0117 5E7C9411 		.ascii	"^|\224\021\220\205\351\021\226\335r+?\205\326%\243\304"
  45      9085E911 
  45      96DD722B 
  45      3F85D625 
  45      A3C4
  46 0129 12863F18 		.ascii	"\022\206?\030\2316\226\214\370\374\212\2610\027\216"
  46      9936968C 
  46      F8FC8AB1 
  46      30178E
  47 0138 25E25123 		.ascii	"%\342Q#\022\012\307\246\306\"3\002L.&\214\271\320l0"
  47      120AC7A6 
  47      C6223302 
  47      4C2E268C 
  47      B9D06C30 
  48 014c 4ABF83EE 		.ascii	"J\277\203\356\201e"
  48      8165
  49              		.text
  50              		.section	.gnu.lto_Led_Blue_Wakeup.d9225cbc,"",%progbits
  51 0000 789C658F 		.ascii	"x\234e\217\261KBQ\024\306\3179O\037\226K4\204\371\017"
  51      B14B4251 
  51      14C6CF39 
  51      4F1F964B 
  51      3484F90F 
  52 0014 4884B6B4 		.ascii	"H\204\266\264\265\025\324R \270>\220\260\267E\222\344"
  52      B515D452 
  52      20B83E90 
  52      B0B74592 
  52      E4
  53 0025 28DE27CF 		.ascii	"(\336'\317p\251\254)\310\032\202\310\322\024\202Zjx"
  53      70A9AC29 
  53      C81A82C8 
  53      D214825A 
  53      6A78
  54 0037 F4071451 		.ascii	"\364\007\024Q!8\024\202\2015e\016\361\010\263s\237S"
  54      21381482 
  54      8135650E 
  54      F108B373 
  54      9F53
  55 0049 74E172EF 		.ascii	"t\341r\357\375\316w\277\3379\012\374_~\336S\0100\306"
  55      FDCE77BF 
  55      DF390AFC 
  55      5F7EDE53 
  55      0830C6
  56 005c 272A8094 		.ascii	"'*\200\224\277\0050<\204(/\200\220&L\343\033\265\011"
  56      BF05303C 
  56      84282F80 
  56      90264CE3 
  56      1BB509
ARM GAS  C:\Users\zozo\AppData\Local\Temp\ccALURuZ.s 			page 4


  57 006f F35669D7 		.ascii	"\363Vi\327\0338\022B|d.|Y\237M\000\035\352\307\3401"
  57      1B381242 
  57      7C642E7C 
  57      599F4D00 
  57      1DEAC7E0 
  58 0084 06803D6D 		.ascii	"\006\200=m\263[\363\252&{\206\3725,\242\312\361P\035"
  58      B35BF3AA 
  58      267B86FA 
  58      352CA2CA 
  58      F1501D
  59 0097 B644AFD7 		.ascii	"\266D\257\327y\334nM\240\213\300&\026\233l\220\224W"
  59      79DC6E4D 
  59      A08BC026 
  59      169B6C90 
  59      9457
  60 00a9 22792A75 		.ascii	"\"y*u\314\\\266\237\032\003\362\317\027I\344\301\303"
  60      CC5CB69F 
  60      1A03F2CF 
  60      1749E4C1 
  60      C3
  61 00ba 668552DF 		.ascii	"f\205R\337\"'<6QW\006\262\372\322\274\273\367\264\210"
  61      22273C36 
  61      515706B2 
  61      FAD2BCBB 
  61      F7B488
  62 00cd 15E75934 		.ascii	"\025\347Y4\314\002\356\343\236!\244K\301\023L\341)\372"
  62      CC02EEE3 
  62      9E21A44B 
  62      C1134CE1 
  62      29FA
  63 00df 9DDA4F79 		.ascii	"\235\332Oy\353\\\015\216\333\344\302\022{>\235v\261"
  63      EB5C0D8E 
  63      DBE4C212 
  63      7B3E9D76 
  63      B1
  64 00f0 8C41A8E3 		.ascii	"\214A\250\343\315NcD\242\330v\225\335\250\015\312Dw"
  64      CD4E6344 
  64      A2D87695 
  64      DDA80DCA 
  64      4477
  65 0102 6E3D2F5C 		.ascii	"n=/\\\177 n'\350\375\360zU2L\303\032\265I\3053\364c"
  65      7F206E27 
  65      E8FDF07A 
  65      55324CC3 
  65      1AB549C5 
  66 0119 4542B0CA 		.ascii	"EB\260\312\271\334-<\243a\365fe\240d4y@\236\211y\201"
  66      B9DC2D3C 
  66      A361F566 
  66      65A06434 
  66      79409E89 
  67 012f 9036A7AF 		.ascii	"\2206\247\257\350\211\3055})\032\211'\0231]\013G\342"
  67      E889C535 
  67      7D291A89 
  67      2713315D 
  67      0B47E2
  68 0142 3393DA3C 		.ascii	"3\223\332<\013\323\313I=\032^\010\305\340\027\353\254"
  68      0BD3CB49 
ARM GAS  C:\Users\zozo\AppData\Local\Temp\ccALURuZ.s 			page 5


  68      3D1A5E08 
  68      C5E017EB 
  68      AC
  69 0153 7F05     		.ascii	"\177\005"
  70              		.text
  71              		.section	.gnu.lto_.symbol_nodes.d9225cbc,"",%progbits
  72 0000 789C6366 		.ascii	"x\234cf``\320d\200\002&\306z\006\206\011\347\030\030"
  72      6060D064 
  72      800226C6 
  72      7A068609 
  72      E71818
  73 0013 EAEB19E6 		.ascii	"\352\353\031\346-\340``e`X\300T\317\314\304T\317\210"
  73      2DE06060 
  73      656058C0 
  73      54CFCCC4 
  73      54CF88
  74 0026 2CCC0000 		.ascii	",\314\000\000\310\"\011\240"
  74      C82209A0 
  75              		.text
  76              		.section	.gnu.lto_.refs.d9225cbc,"",%progbits
  77 0000 789C6366 		.ascii	"x\234cf``\340f\200\000F\006FF&F& \311\000\000\001l\000"
  77      6060E066 
  77      80004606 
  77      46462646 
  77      2620C900 
  78 0018 19       		.ascii	"\031"
  79              		.text
  80              		.section	.gnu.lto_.decls.d9225cbc,"",%progbits
  81 0000 789C8D53 		.ascii	"x\234\215SkHTA\024\236s\257\273\256\327m\023\204\212"
  81      6B485441 
  81      149E73AF 
  81      BBAED76D 
  81      13848A
  82 0013 7ED91A5B 		.ascii	"~\331\032[D\370\303\242\277Y\376\010z\261\264J?\022"
  82      44F8C3A2 
  82      BF59FE08 
  82      7AB1B44A 
  82      3F12
  83 0025 CCB68B89 		.ascii	"\314\266\213\211\221\213\356\376\350\337\330\026\254"
  83      918BEEFE 
  83      E8DFD816 
  83      AC
  84 0032 153D1614 		.ascii	"\025=\026\024{\337R\312t35\263U[\3356-\237Q!h\364TR"
  84      7BDF52CA 
  84      743335B3 
  84      555BDD36 
  84      2D9F5121 
  85 004a C48A568C 		.ascii	"\304\212V\214\036\020\330\231\271\373*\326j\340\334"
  85      1E10D899 
  85      B9FB2AD6 
  85      6AE0DC
  86 0059 9973E7FB 		.ascii	"\231s\347\373\2769s\316\031\221\020\342G\233\307q!\201"
  86      BE3973CE 
  86      199110E2 
  86      479BC771 
  86      2181
  87 006b 90295C8B 		.ascii	"\220)\\\213hf\022\035\002\232\007\255\021\015\320\036"
ARM GAS  C:\Users\zozo\AppData\Local\Temp\ccALURuZ.s 			page 6


  87      6866121D 
  87      029A07AD 
  87      110DD01E 
  88 007b 91DF07DB 		.ascii	"\221\337\007\333K\014qV\240\015\242\365\243\015\241"
  88      4B0C7156 
  88      A00DA2F5 
  88      A30DA1
  89 008a 05D0BC21 		.ascii	"\005\320\274!\236/4{\026\320i\374C'\226\037\326\214"
  89      9E2F347B 
  89      16D069FC 
  89      4327961F 
  89      D68C
  90 009c D559289E 		.ascii	"\325Y(\236Y\001\006'\276\317\351\247\0050H)\314=?:\371"
  90      59010627 
  90      BECFE9A7 
  90      05304829 
  90      CC3D3F3A 
  91 00b1 4544572F 		.ascii	"EDW/\011\314m\373\361\365\266vi%e\303IS\0040/\201\033"
  91      09CC6DFB 
  91      F1F5B676 
  91      692565C3 
  91      49530430 
  92 00c8 B01CEA60 		.ascii	"\260\034\352`9*\336\204\245\370\335\223\240*u\235\273"
  92      392ADE84 
  92      A5F8DD93 
  92      A02A759D 
  92      BB
  93 00d9 E6974401 		.ascii	"\346\227D\001\330\272\246z|DZ[\217,\027\365\367\011"
  93      D8BAA67A 
  93      7C445A5B 
  93      8F2C17F5 
  93      F709
  94 00eb D1E33E8E 		.ascii	"\321\343>\216^\0341\244]\246JS\320\353}\241\247u\324"
  94      5E1C31A4 
  94      5DA64A53 
  94      D0EB7DA1 
  94      A775D4
  95 00fe 3F3FBF91 		.ascii	"??\277\221KA=\210\320\000k\031\222\2559\005<\220\206"
  95      4B413D88 
  95      D0006B19 
  95      92AD3905 
  95      3C9086
  96 0111 B4F7BDC3 		.ascii	"\264\367\275\303s\011b\026\327>5S\345[\304%\224\272"
  96      73096216 
  96      D73E3553 
  96      E55BC425 
  96      94BA
  97 0123 1AAD2AC0 		.ascii	"\032\255*\300\371\267b\370\267\302\374F\316o\352n\250"
  97      F9B762F8 
  97      B7C2FC46 
  97      CE6FEA6E 
  97      A8
  98 0134 48E2B7DC 		.ascii	"H\342\267\334\313$\276\035\013VH\374\226z~\313f\337"
  98      CB24BE1D 
  98      0B5648FC 
  98      967A7ECB 
  98      66DF
ARM GAS  C:\Users\zozo\AppData\Local\Temp\ccALURuZ.s 			page 7


  99 0146 2B513473 		.ascii	"+Q4s\365\366\306/\303\311\034\231\306\334\016w_\265"
  99      F5F6C62F 
  99      C3C91C99 
  99      C6DC0E77 
  99      5FB5
 100 0158 96231398 		.ascii	"\226#\023\230;>6z?Q,\344\310\362\353\235'\023qk\205"
 100      3B3E367A 
 100      3F512CE4 
 100      C8F2EB9D 
 100      2713716B 
 101 016d C46FF6F6 		.ascii	"\304o\366\366\302\217\332$\356\262\016Y\214\277\204"
 101      C28FDA24 
 101      EEB20E59 
 101      8CBF84
 102 017c CE80FB99 		.ascii	"\316\200\373\231\004&\251\026\363\020|\363\260k\253"
 102      0426A916 
 102      F3107CF3 
 102      B06BAB
 103 018b 93668117 		.ascii	"\223f\201\027$h\215D\312\331l\270(=B\3178iR\237\201"
 103      24688D44 
 103      CAD96CB8 
 103      283D42CF 
 103      3869529F 
 104 01a0 400BA6F8 		.ascii	"@\013\246\370\016\246\030\356\201\011\021\034\013w\361"
 104      0EA618EE 
 104      8109111C 
 104      0B77F1
 105 01af 671BFEC4 		.ascii	"g\033\376\304\263\352\317\366\3724\242\033x\034\237"
 105      B3EACFF6 
 105      FA34A21B 
 105      781C9F
 106 01be DFD0ADE2 		.ascii	"\337\320\255\342yu\375uh\266\002\304\032\325\251\255"
 106      7975FD75 
 106      68B602C4 
 106      1AD5A9AD 
 107 01ce ACF26878 		.ascii	"\254\362hx\354:t5\003?{\252\364`L5\032M\012\036\026"
 107      EC3A7435 
 107      033F7BAA 
 107      F4604C35 
 107      1A4D0A1E 
 108 01e3 7C35E936 		.ascii	"|5\3516\234\243J\000xH\355\030R\027\244F\217^\315*\274"
 108      9CA34A00 
 108      7848ED18 
 108      5217A446 
 108      8F5ECD2A 
 109 01f8 063FE42C 		.ascii	"\006?\344,\253\376\031J\263\354\004n\343v\023/>\003"
 109      ABFE194A 
 109      B3EC046E 
 109      E376132F 
 109      3E03
 110 020a 635CF000 		.ascii	"c\\\360\000C\364\201\021\272\321\374`\344\227a\372\312"
 110      43F48111 
 110      BAD1FC60 
 110      E49761FA 
 110      CA
 111 021b 500BCD3A 		.ascii	"P\013\315:*r\361\216\270\342-LG\305\016G\261\235\177"
 111      2A72F18E 
ARM GAS  C:\Users\zozo\AppData\Local\Temp\ccALURuZ.s 			page 8


 111      B8E22D4C 
 111      47C50E47 
 111      B19D7F
 112 022e 62EF4324 		.ascii	"b\357C$\022\226\310w\375\231:\006 \341Z\207{K\0309\375"
 112      1296C877 
 112      FD993A06 
 112      20E15A87 
 112      7B4B1839 
 113 0243 72460BA9 		.ascii	"rF\013\251\246x\361\302C\014\363o!s\351'Z\200\000\202"
 113      A678F1C2 
 113      430CF36F 
 113      2173E927 
 113      5A800082 
 114 0257 9AA3F561 		.ascii	"\232\243\365a'\205\233\267\332\371\372\244(>S\263\373"
 114      27859BB7 
 114      DAF9FAA4 
 114      283E53B3 
 114      FB
 115 0268 B4F7F58C 		.ascii	"\264\367\365\214~C+u)\3138\207\011\262\022u\207f\277"
 115      7E432B75 
 115      29CB3887 
 115      09B21275 
 115      8766BF
 116 027b 3A33E8A5 		.ascii	":3\350\245\311\211O\311\351W)U\202\3361E(\247\312\021"
 116      C9894FC9 
 116      E9572955 
 116      82DE3145 
 116      28A7CA11 
 117 028f 4A59D772 		.ascii	"JY\327rb\217zXLj{X\363B/l \360\010\322Q\300\345n\373"
 117      628F7A58 
 117      4C6A7B58 
 117      F3422F6C 
 117      20F008D2 
 118 02a8 A011C7D5 		.ascii	"\240\021\307\325\203\237W\316^\321I.\366 \377\263_\204"
 118      839F57CE 
 118      5ED1492E 
 118      F620FFB3 
 118      5F84
 119 02ba 13DFA767 		.ascii	"\023\337\247g\015 \231\342\223\006\342\220\324\226u"
 119      0D2099E2 
 119      9306E290 
 119      D49675
 120 02c9 CE6D3B8A 		.ascii	"\316m;\212-\333\217ey\034MI\037H\221\224x\373\233'\004"
 120      2DDB8F65 
 120      791C4D49 
 120      1F489194 
 120      78FB9B27 
 121 02de FDF168F3 		.ascii	"\375\361h\363rpX\232\300 \350\3713\304\231=\256\206"
 121      7270589A 
 121      C020E8F9 
 121      33C4993D 
 121      AE86
 122 02f0 A96ADD6F 		.ascii	"\251j\335o\350@L\245\011\014\205\320l6l\227\367\347"
 122      E8404CA5 
 122      090C85D0 
 122      6C366C97 
 122      F7E7
ARM GAS  C:\Users\zozo\AppData\Local\Temp\ccALURuZ.s 			page 9


 123 0302 6F3EE890 		.ascii	"o>\350\220\363-\007e\331\246\335\26237-\233\254\312"
 123      F32D0765 
 123      D9A6DDB2 
 123      33372D9B 
 123      ACCA
 124 0314 C8DB221F 		.ascii	"\310\333\"\037\222K\013\354\270k)q\224Z\345<\263\245"
 124      924B0BEC 
 124      B86B2971 
 124      945AE53C 
 124      B3A5
 125 0326 247B7D5E 		.ascii	"${}^\004n\336\221a%\213#\356\356\202b\331a[\022\361"
 125      046EDE91 
 125      61258B23 
 125      EEEE8262 
 125      D9615B12 
 126 033b 376FCADE 		.ascii	"7o\312\336\226k\316\267\344\354\312\315\316\321:\212"
 126      966BCEB7 
 126      E4ECCACD 
 126      CED13A8A 
 127 034b 0ED9D765 		.ascii	"\016\331\327e\246/\250j=l?l\223\3132\016\220D\233\325"
 127      A62FA86A 
 127      3D6C3F6C 
 127      93CB320E 
 127      90449BD5 
 128 035f 624780AE 		.ascii	"bG\200\256\254\250D]8\312\366\361\305\312\177\306\204"
 128      ACA8445D 
 128      38CAF6F1 
 128      C5CA7FC6 
 128      84
 129 0370 F46840FB 		.ascii	"\364h@\373\012\254\305\016\233\246T.\\\227\371\013\024"
 129      0AACC50E 
 129      9BA6542E 
 129      5C97F90B 
 129      14
 130 0381 92C1A3   		.ascii	"\222\301\243"
 131              		.text
 132              		.section	.gnu.lto_.symtab.d9225cbc,"",%progbits
 133 0000 4C65645F 		.ascii	"Led_Blue_Sleep\000\000\000\000\000\000\000\000\000\000"
 133      426C7565 
 133      5F536C65 
 133      65700000 
 133      00000000 
 134 0018 0000AC00 		.ascii	"\000\000\254\000\000\000Led_Blue_Wakeup\000\000\000"
 134      00004C65 
 134      645F426C 
 134      75655F57 
 134      616B6575 
 135 0030 00000000 		.ascii	"\000\000\000\000\000\000\000\000\000\256\000\000\000"
 135      00000000 
 135      00AE0000 
 135      00
 136              		.text
 137              		.section	.gnu.lto_.opts,"",%progbits
 138 0000 272D666E 		.ascii	"'-fno-trapv' '-mcpu=cortex-m0' '-mthumb' '-g' '-Os'"
 138      6F2D7472 
 138      61707627 
 138      20272D6D 
ARM GAS  C:\Users\zozo\AppData\Local\Temp\ccALURuZ.s 			page 10


 138      6370753D 
 139 0033 20272D66 		.ascii	" '-ffunction-sections' '-flto' '-ffat-lto-objects'\000"
 139      66756E63 
 139      74696F6E 
 139      2D736563 
 139      74696F6E 
 140              		.text
 141              		.cfi_sections	.debug_frame
 142              		.section	.text.Led_Blue_Sleep,"ax",%progbits
 143              		.align	1
 144              		.global	Led_Blue_Sleep
 145              		.code	16
 146              		.thumb_func
 147              		.type	Led_Blue_Sleep, %function
 148              	Led_Blue_Sleep:
 149              	.LFB0:
 150              		.file 1 ".\\Generated_Source\\PSoC4\\Led_Blue_PM.c"
   1:.\Generated_Source\PSoC4/Led_Blue_PM.c **** /*******************************************************************************
   2:.\Generated_Source\PSoC4/Led_Blue_PM.c **** * File Name: Led_Blue.c  
   3:.\Generated_Source\PSoC4/Led_Blue_PM.c **** * Version 2.20
   4:.\Generated_Source\PSoC4/Led_Blue_PM.c **** *
   5:.\Generated_Source\PSoC4/Led_Blue_PM.c **** * Description:
   6:.\Generated_Source\PSoC4/Led_Blue_PM.c **** *  This file contains APIs to set up the Pins component for low power modes.
   7:.\Generated_Source\PSoC4/Led_Blue_PM.c **** *
   8:.\Generated_Source\PSoC4/Led_Blue_PM.c **** * Note:
   9:.\Generated_Source\PSoC4/Led_Blue_PM.c **** *
  10:.\Generated_Source\PSoC4/Led_Blue_PM.c **** ********************************************************************************
  11:.\Generated_Source\PSoC4/Led_Blue_PM.c **** * Copyright 2015, Cypress Semiconductor Corporation.  All rights reserved.
  12:.\Generated_Source\PSoC4/Led_Blue_PM.c **** * You may use this file only in accordance with the license, terms, conditions, 
  13:.\Generated_Source\PSoC4/Led_Blue_PM.c **** * disclaimers, and limitations in the end user license agreement accompanying 
  14:.\Generated_Source\PSoC4/Led_Blue_PM.c **** * the software package with which this file was provided.
  15:.\Generated_Source\PSoC4/Led_Blue_PM.c **** *******************************************************************************/
  16:.\Generated_Source\PSoC4/Led_Blue_PM.c **** 
  17:.\Generated_Source\PSoC4/Led_Blue_PM.c **** #include "cytypes.h"
  18:.\Generated_Source\PSoC4/Led_Blue_PM.c **** #include "Led_Blue.h"
  19:.\Generated_Source\PSoC4/Led_Blue_PM.c **** 
  20:.\Generated_Source\PSoC4/Led_Blue_PM.c **** static Led_Blue_BACKUP_STRUCT  Led_Blue_backup = {0u, 0u, 0u};
  21:.\Generated_Source\PSoC4/Led_Blue_PM.c **** 
  22:.\Generated_Source\PSoC4/Led_Blue_PM.c **** 
  23:.\Generated_Source\PSoC4/Led_Blue_PM.c **** /*******************************************************************************
  24:.\Generated_Source\PSoC4/Led_Blue_PM.c **** * Function Name: Led_Blue_Sleep
  25:.\Generated_Source\PSoC4/Led_Blue_PM.c **** ****************************************************************************//**
  26:.\Generated_Source\PSoC4/Led_Blue_PM.c **** *
  27:.\Generated_Source\PSoC4/Led_Blue_PM.c **** * \brief Stores the pin configuration and prepares the pin for entering chip 
  28:.\Generated_Source\PSoC4/Led_Blue_PM.c **** *  deep-sleep/hibernate modes. This function must be called for SIO and USBIO
  29:.\Generated_Source\PSoC4/Led_Blue_PM.c **** *  pins. It is not essential if using GPIO or GPIO_OVT pins.
  30:.\Generated_Source\PSoC4/Led_Blue_PM.c **** *
  31:.\Generated_Source\PSoC4/Led_Blue_PM.c **** * <b>Note</b> This function is available in PSoC 4 only.
  32:.\Generated_Source\PSoC4/Led_Blue_PM.c **** *
  33:.\Generated_Source\PSoC4/Led_Blue_PM.c **** * \return 
  34:.\Generated_Source\PSoC4/Led_Blue_PM.c **** *  None 
  35:.\Generated_Source\PSoC4/Led_Blue_PM.c **** *  
  36:.\Generated_Source\PSoC4/Led_Blue_PM.c **** * \sideeffect
  37:.\Generated_Source\PSoC4/Led_Blue_PM.c **** *  For SIO pins, this function configures the pin input threshold to CMOS and
  38:.\Generated_Source\PSoC4/Led_Blue_PM.c **** *  drive level to Vddio. This is needed for SIO pins when in device 
  39:.\Generated_Source\PSoC4/Led_Blue_PM.c **** *  deep-sleep/hibernate modes.
  40:.\Generated_Source\PSoC4/Led_Blue_PM.c **** *
ARM GAS  C:\Users\zozo\AppData\Local\Temp\ccALURuZ.s 			page 11


  41:.\Generated_Source\PSoC4/Led_Blue_PM.c **** * \funcusage
  42:.\Generated_Source\PSoC4/Led_Blue_PM.c **** *  \snippet Led_Blue_SUT.c usage_Led_Blue_Sleep_Wakeup
  43:.\Generated_Source\PSoC4/Led_Blue_PM.c **** *******************************************************************************/
  44:.\Generated_Source\PSoC4/Led_Blue_PM.c **** void Led_Blue_Sleep(void)
  45:.\Generated_Source\PSoC4/Led_Blue_PM.c **** {
 151              		.loc 1 45 0
 152              		.cfi_startproc
  46:.\Generated_Source\PSoC4/Led_Blue_PM.c ****     #if defined(Led_Blue__PC)
  47:.\Generated_Source\PSoC4/Led_Blue_PM.c ****         Led_Blue_backup.pcState = Led_Blue_PC;
 153              		.loc 1 47 0
 154 0000 024B     		ldr	r3, .L2
  48:.\Generated_Source\PSoC4/Led_Blue_PM.c ****     #else
  49:.\Generated_Source\PSoC4/Led_Blue_PM.c ****         #if (CY_PSOC4_4200L)
  50:.\Generated_Source\PSoC4/Led_Blue_PM.c ****             /* Save the regulator state and put the PHY into suspend mode */
  51:.\Generated_Source\PSoC4/Led_Blue_PM.c ****             Led_Blue_backup.usbState = Led_Blue_CR1_REG;
  52:.\Generated_Source\PSoC4/Led_Blue_PM.c ****             Led_Blue_USB_POWER_REG |= Led_Blue_USBIO_ENTER_SLEEP;
  53:.\Generated_Source\PSoC4/Led_Blue_PM.c ****             Led_Blue_CR1_REG &= Led_Blue_USBIO_CR1_OFF;
  54:.\Generated_Source\PSoC4/Led_Blue_PM.c ****         #endif
  55:.\Generated_Source\PSoC4/Led_Blue_PM.c ****     #endif
  56:.\Generated_Source\PSoC4/Led_Blue_PM.c ****     #if defined(CYIPBLOCK_m0s8ioss_VERSION) && defined(Led_Blue__SIO)
  57:.\Generated_Source\PSoC4/Led_Blue_PM.c ****         Led_Blue_backup.sioState = Led_Blue_SIO_REG;
  58:.\Generated_Source\PSoC4/Led_Blue_PM.c ****         /* SIO requires unregulated output buffer and single ended input buffer */
  59:.\Generated_Source\PSoC4/Led_Blue_PM.c ****         Led_Blue_SIO_REG &= (uint32)(~Led_Blue_SIO_LPM_MASK);
  60:.\Generated_Source\PSoC4/Led_Blue_PM.c ****     #endif  
  61:.\Generated_Source\PSoC4/Led_Blue_PM.c **** }
 155              		.loc 1 61 0
 156              		@ sp needed
  47:.\Generated_Source\PSoC4/Led_Blue_PM.c ****     #else
 157              		.loc 1 47 0
 158 0002 1A68     		ldr	r2, [r3]
 159 0004 024B     		ldr	r3, .L2+4
 160 0006 1A60     		str	r2, [r3]
 161              		.loc 1 61 0
 162 0008 7047     		bx	lr
 163              	.L3:
 164 000a C046     		.align	2
 165              	.L2:
 166 000c 08030440 		.word	1074004744
 167 0010 00000000 		.word	.LANCHOR0
 168              		.cfi_endproc
 169              	.LFE0:
 170              		.size	Led_Blue_Sleep, .-Led_Blue_Sleep
 171              		.section	.text.Led_Blue_Wakeup,"ax",%progbits
 172              		.align	1
 173              		.global	Led_Blue_Wakeup
 174              		.code	16
 175              		.thumb_func
 176              		.type	Led_Blue_Wakeup, %function
 177              	Led_Blue_Wakeup:
 178              	.LFB1:
  62:.\Generated_Source\PSoC4/Led_Blue_PM.c **** 
  63:.\Generated_Source\PSoC4/Led_Blue_PM.c **** 
  64:.\Generated_Source\PSoC4/Led_Blue_PM.c **** /*******************************************************************************
  65:.\Generated_Source\PSoC4/Led_Blue_PM.c **** * Function Name: Led_Blue_Wakeup
  66:.\Generated_Source\PSoC4/Led_Blue_PM.c **** ****************************************************************************//**
  67:.\Generated_Source\PSoC4/Led_Blue_PM.c **** *
  68:.\Generated_Source\PSoC4/Led_Blue_PM.c **** * \brief Restores the pin configuration that was saved during Pin_Sleep().
ARM GAS  C:\Users\zozo\AppData\Local\Temp\ccALURuZ.s 			page 12


  69:.\Generated_Source\PSoC4/Led_Blue_PM.c **** *
  70:.\Generated_Source\PSoC4/Led_Blue_PM.c **** * For USBIO pins, the wakeup is only triggered for falling edge interrupts.
  71:.\Generated_Source\PSoC4/Led_Blue_PM.c **** *
  72:.\Generated_Source\PSoC4/Led_Blue_PM.c **** * <b>Note</b> This function is available in PSoC 4 only.
  73:.\Generated_Source\PSoC4/Led_Blue_PM.c **** *
  74:.\Generated_Source\PSoC4/Led_Blue_PM.c **** * \return 
  75:.\Generated_Source\PSoC4/Led_Blue_PM.c **** *  None
  76:.\Generated_Source\PSoC4/Led_Blue_PM.c **** *  
  77:.\Generated_Source\PSoC4/Led_Blue_PM.c **** * \funcusage
  78:.\Generated_Source\PSoC4/Led_Blue_PM.c **** *  Refer to Led_Blue_Sleep() for an example usage.
  79:.\Generated_Source\PSoC4/Led_Blue_PM.c **** *******************************************************************************/
  80:.\Generated_Source\PSoC4/Led_Blue_PM.c **** void Led_Blue_Wakeup(void)
  81:.\Generated_Source\PSoC4/Led_Blue_PM.c **** {
 179              		.loc 1 81 0
 180              		.cfi_startproc
  82:.\Generated_Source\PSoC4/Led_Blue_PM.c ****     #if defined(Led_Blue__PC)
  83:.\Generated_Source\PSoC4/Led_Blue_PM.c ****         Led_Blue_PC = Led_Blue_backup.pcState;
 181              		.loc 1 83 0
 182 0000 024B     		ldr	r3, .L5
  84:.\Generated_Source\PSoC4/Led_Blue_PM.c ****     #else
  85:.\Generated_Source\PSoC4/Led_Blue_PM.c ****         #if (CY_PSOC4_4200L)
  86:.\Generated_Source\PSoC4/Led_Blue_PM.c ****             /* Restore the regulator state and come out of suspend mode */
  87:.\Generated_Source\PSoC4/Led_Blue_PM.c ****             Led_Blue_USB_POWER_REG &= Led_Blue_USBIO_EXIT_SLEEP_PH1;
  88:.\Generated_Source\PSoC4/Led_Blue_PM.c ****             Led_Blue_CR1_REG = Led_Blue_backup.usbState;
  89:.\Generated_Source\PSoC4/Led_Blue_PM.c ****             Led_Blue_USB_POWER_REG &= Led_Blue_USBIO_EXIT_SLEEP_PH2;
  90:.\Generated_Source\PSoC4/Led_Blue_PM.c ****         #endif
  91:.\Generated_Source\PSoC4/Led_Blue_PM.c ****     #endif
  92:.\Generated_Source\PSoC4/Led_Blue_PM.c ****     #if defined(CYIPBLOCK_m0s8ioss_VERSION) && defined(Led_Blue__SIO)
  93:.\Generated_Source\PSoC4/Led_Blue_PM.c ****         Led_Blue_SIO_REG = Led_Blue_backup.sioState;
  94:.\Generated_Source\PSoC4/Led_Blue_PM.c ****     #endif
  95:.\Generated_Source\PSoC4/Led_Blue_PM.c **** }
 183              		.loc 1 95 0
 184              		@ sp needed
  83:.\Generated_Source\PSoC4/Led_Blue_PM.c ****     #else
 185              		.loc 1 83 0
 186 0002 1A68     		ldr	r2, [r3]
 187 0004 024B     		ldr	r3, .L5+4
 188 0006 1A60     		str	r2, [r3]
 189              		.loc 1 95 0
 190 0008 7047     		bx	lr
 191              	.L6:
 192 000a C046     		.align	2
 193              	.L5:
 194 000c 00000000 		.word	.LANCHOR0
 195 0010 08030440 		.word	1074004744
 196              		.cfi_endproc
 197              	.LFE1:
 198              		.size	Led_Blue_Wakeup, .-Led_Blue_Wakeup
 199              		.bss
 200              		.align	2
 201              		.set	.LANCHOR0,. + 0
 202              		.type	Led_Blue_backup, %object
 203              		.size	Led_Blue_backup, 12
 204              	Led_Blue_backup:
 205 0000 00000000 		.space	12
 205      00000000 
 205      00000000 
ARM GAS  C:\Users\zozo\AppData\Local\Temp\ccALURuZ.s 			page 13


 206              		.text
 207              	.Letext0:
 208              		.file 2 ".\\Generated_Source\\PSoC4\\cytypes.h"
 209              		.file 3 ".\\Generated_Source\\PSoC4\\Led_Blue.h"
 210              		.section	.debug_info,"",%progbits
 211              	.Ldebug_info0:
 212 0000 05010000 		.4byte	0x105
 213 0004 0400     		.2byte	0x4
 214 0006 00000000 		.4byte	.Ldebug_abbrev0
 215 000a 04       		.byte	0x4
 216 000b 01       		.uleb128 0x1
 217 000c 24000000 		.4byte	.LASF20
 218 0010 01       		.byte	0x1
 219 0011 02010000 		.4byte	.LASF21
 220 0015 9B010000 		.4byte	.LASF22
 221 0019 00000000 		.4byte	.Ldebug_ranges0+0
 222 001d 00000000 		.4byte	0
 223 0021 00000000 		.4byte	.Ldebug_line0
 224 0025 02       		.uleb128 0x2
 225 0026 01       		.byte	0x1
 226 0027 06       		.byte	0x6
 227 0028 F9010000 		.4byte	.LASF0
 228 002c 02       		.uleb128 0x2
 229 002d 01       		.byte	0x1
 230 002e 08       		.byte	0x8
 231 002f B8000000 		.4byte	.LASF1
 232 0033 02       		.uleb128 0x2
 233 0034 02       		.byte	0x2
 234 0035 05       		.byte	0x5
 235 0036 80010000 		.4byte	.LASF2
 236 003a 02       		.uleb128 0x2
 237 003b 02       		.byte	0x2
 238 003c 07       		.byte	0x7
 239 003d D8000000 		.4byte	.LASF3
 240 0041 02       		.uleb128 0x2
 241 0042 04       		.byte	0x4
 242 0043 05       		.byte	0x5
 243 0044 92010000 		.4byte	.LASF4
 244 0048 02       		.uleb128 0x2
 245 0049 04       		.byte	0x4
 246 004a 07       		.byte	0x7
 247 004b C6000000 		.4byte	.LASF5
 248 004f 02       		.uleb128 0x2
 249 0050 08       		.byte	0x8
 250 0051 05       		.byte	0x5
 251 0052 6D010000 		.4byte	.LASF6
 252 0056 02       		.uleb128 0x2
 253 0057 08       		.byte	0x8
 254 0058 07       		.byte	0x7
 255 0059 3D010000 		.4byte	.LASF7
 256 005d 03       		.uleb128 0x3
 257 005e 04       		.byte	0x4
 258 005f 05       		.byte	0x5
 259 0060 696E7400 		.ascii	"int\000"
 260 0064 02       		.uleb128 0x2
 261 0065 04       		.byte	0x4
 262 0066 07       		.byte	0x7
ARM GAS  C:\Users\zozo\AppData\Local\Temp\ccALURuZ.s 			page 14


 263 0067 30010000 		.4byte	.LASF8
 264 006b 04       		.uleb128 0x4
 265 006c 29010000 		.4byte	.LASF12
 266 0070 02       		.byte	0x2
 267 0071 3A01     		.2byte	0x13a
 268 0073 48000000 		.4byte	0x48
 269 0077 02       		.uleb128 0x2
 270 0078 04       		.byte	0x4
 271 0079 04       		.byte	0x4
 272 007a 1E000000 		.4byte	.LASF9
 273 007e 02       		.uleb128 0x2
 274 007f 08       		.byte	0x8
 275 0080 04       		.byte	0x4
 276 0081 EB000000 		.4byte	.LASF10
 277 0085 02       		.uleb128 0x2
 278 0086 01       		.byte	0x1
 279 0087 08       		.byte	0x8
 280 0088 7B010000 		.4byte	.LASF11
 281 008c 04       		.uleb128 0x4
 282 008d 00000000 		.4byte	.LASF13
 283 0091 02       		.byte	0x2
 284 0092 E401     		.2byte	0x1e4
 285 0094 98000000 		.4byte	0x98
 286 0098 05       		.uleb128 0x5
 287 0099 6B000000 		.4byte	0x6b
 288 009d 06       		.uleb128 0x6
 289 009e 0C       		.byte	0xc
 290 009f 03       		.byte	0x3
 291 00a0 21       		.byte	0x21
 292 00a1 CA000000 		.4byte	0xca
 293 00a5 07       		.uleb128 0x7
 294 00a6 8A010000 		.4byte	.LASF14
 295 00aa 03       		.byte	0x3
 296 00ab 23       		.byte	0x23
 297 00ac 6B000000 		.4byte	0x6b
 298 00b0 00       		.byte	0
 299 00b1 07       		.uleb128 0x7
 300 00b2 64010000 		.4byte	.LASF15
 301 00b6 03       		.byte	0x3
 302 00b7 24       		.byte	0x24
 303 00b8 6B000000 		.4byte	0x6b
 304 00bc 04       		.byte	0x4
 305 00bd 07       		.uleb128 0x7
 306 00be 15000000 		.4byte	.LASF16
 307 00c2 03       		.byte	0x3
 308 00c3 25       		.byte	0x25
 309 00c4 6B000000 		.4byte	0x6b
 310 00c8 08       		.byte	0x8
 311 00c9 00       		.byte	0
 312 00ca 08       		.uleb128 0x8
 313 00cb 05020000 		.4byte	.LASF17
 314 00cf 03       		.byte	0x3
 315 00d0 26       		.byte	0x26
 316 00d1 9D000000 		.4byte	0x9d
 317 00d5 09       		.uleb128 0x9
 318 00d6 06000000 		.4byte	.LASF18
 319 00da 01       		.byte	0x1
ARM GAS  C:\Users\zozo\AppData\Local\Temp\ccALURuZ.s 			page 15


 320 00db 2C       		.byte	0x2c
 321 00dc 00000000 		.4byte	.LFB0
 322 00e0 14000000 		.4byte	.LFE0-.LFB0
 323 00e4 01       		.uleb128 0x1
 324 00e5 9C       		.byte	0x9c
 325 00e6 09       		.uleb128 0x9
 326 00e7 54010000 		.4byte	.LASF19
 327 00eb 01       		.byte	0x1
 328 00ec 50       		.byte	0x50
 329 00ed 00000000 		.4byte	.LFB1
 330 00f1 14000000 		.4byte	.LFE1-.LFB1
 331 00f5 01       		.uleb128 0x1
 332 00f6 9C       		.byte	0x9c
 333 00f7 0A       		.uleb128 0xa
 334 00f8 F2000000 		.4byte	.LASF23
 335 00fc 01       		.byte	0x1
 336 00fd 14       		.byte	0x14
 337 00fe CA000000 		.4byte	0xca
 338 0102 05       		.uleb128 0x5
 339 0103 03       		.byte	0x3
 340 0104 00000000 		.4byte	Led_Blue_backup
 341 0108 00       		.byte	0
 342              		.section	.debug_abbrev,"",%progbits
 343              	.Ldebug_abbrev0:
 344 0000 01       		.uleb128 0x1
 345 0001 11       		.uleb128 0x11
 346 0002 01       		.byte	0x1
 347 0003 25       		.uleb128 0x25
 348 0004 0E       		.uleb128 0xe
 349 0005 13       		.uleb128 0x13
 350 0006 0B       		.uleb128 0xb
 351 0007 03       		.uleb128 0x3
 352 0008 0E       		.uleb128 0xe
 353 0009 1B       		.uleb128 0x1b
 354 000a 0E       		.uleb128 0xe
 355 000b 55       		.uleb128 0x55
 356 000c 17       		.uleb128 0x17
 357 000d 11       		.uleb128 0x11
 358 000e 01       		.uleb128 0x1
 359 000f 10       		.uleb128 0x10
 360 0010 17       		.uleb128 0x17
 361 0011 00       		.byte	0
 362 0012 00       		.byte	0
 363 0013 02       		.uleb128 0x2
 364 0014 24       		.uleb128 0x24
 365 0015 00       		.byte	0
 366 0016 0B       		.uleb128 0xb
 367 0017 0B       		.uleb128 0xb
 368 0018 3E       		.uleb128 0x3e
 369 0019 0B       		.uleb128 0xb
 370 001a 03       		.uleb128 0x3
 371 001b 0E       		.uleb128 0xe
 372 001c 00       		.byte	0
 373 001d 00       		.byte	0
 374 001e 03       		.uleb128 0x3
 375 001f 24       		.uleb128 0x24
 376 0020 00       		.byte	0
ARM GAS  C:\Users\zozo\AppData\Local\Temp\ccALURuZ.s 			page 16


 377 0021 0B       		.uleb128 0xb
 378 0022 0B       		.uleb128 0xb
 379 0023 3E       		.uleb128 0x3e
 380 0024 0B       		.uleb128 0xb
 381 0025 03       		.uleb128 0x3
 382 0026 08       		.uleb128 0x8
 383 0027 00       		.byte	0
 384 0028 00       		.byte	0
 385 0029 04       		.uleb128 0x4
 386 002a 16       		.uleb128 0x16
 387 002b 00       		.byte	0
 388 002c 03       		.uleb128 0x3
 389 002d 0E       		.uleb128 0xe
 390 002e 3A       		.uleb128 0x3a
 391 002f 0B       		.uleb128 0xb
 392 0030 3B       		.uleb128 0x3b
 393 0031 05       		.uleb128 0x5
 394 0032 49       		.uleb128 0x49
 395 0033 13       		.uleb128 0x13
 396 0034 00       		.byte	0
 397 0035 00       		.byte	0
 398 0036 05       		.uleb128 0x5
 399 0037 35       		.uleb128 0x35
 400 0038 00       		.byte	0
 401 0039 49       		.uleb128 0x49
 402 003a 13       		.uleb128 0x13
 403 003b 00       		.byte	0
 404 003c 00       		.byte	0
 405 003d 06       		.uleb128 0x6
 406 003e 13       		.uleb128 0x13
 407 003f 01       		.byte	0x1
 408 0040 0B       		.uleb128 0xb
 409 0041 0B       		.uleb128 0xb
 410 0042 3A       		.uleb128 0x3a
 411 0043 0B       		.uleb128 0xb
 412 0044 3B       		.uleb128 0x3b
 413 0045 0B       		.uleb128 0xb
 414 0046 01       		.uleb128 0x1
 415 0047 13       		.uleb128 0x13
 416 0048 00       		.byte	0
 417 0049 00       		.byte	0
 418 004a 07       		.uleb128 0x7
 419 004b 0D       		.uleb128 0xd
 420 004c 00       		.byte	0
 421 004d 03       		.uleb128 0x3
 422 004e 0E       		.uleb128 0xe
 423 004f 3A       		.uleb128 0x3a
 424 0050 0B       		.uleb128 0xb
 425 0051 3B       		.uleb128 0x3b
 426 0052 0B       		.uleb128 0xb
 427 0053 49       		.uleb128 0x49
 428 0054 13       		.uleb128 0x13
 429 0055 38       		.uleb128 0x38
 430 0056 0B       		.uleb128 0xb
 431 0057 00       		.byte	0
 432 0058 00       		.byte	0
 433 0059 08       		.uleb128 0x8
ARM GAS  C:\Users\zozo\AppData\Local\Temp\ccALURuZ.s 			page 17


 434 005a 16       		.uleb128 0x16
 435 005b 00       		.byte	0
 436 005c 03       		.uleb128 0x3
 437 005d 0E       		.uleb128 0xe
 438 005e 3A       		.uleb128 0x3a
 439 005f 0B       		.uleb128 0xb
 440 0060 3B       		.uleb128 0x3b
 441 0061 0B       		.uleb128 0xb
 442 0062 49       		.uleb128 0x49
 443 0063 13       		.uleb128 0x13
 444 0064 00       		.byte	0
 445 0065 00       		.byte	0
 446 0066 09       		.uleb128 0x9
 447 0067 2E       		.uleb128 0x2e
 448 0068 00       		.byte	0
 449 0069 3F       		.uleb128 0x3f
 450 006a 19       		.uleb128 0x19
 451 006b 03       		.uleb128 0x3
 452 006c 0E       		.uleb128 0xe
 453 006d 3A       		.uleb128 0x3a
 454 006e 0B       		.uleb128 0xb
 455 006f 3B       		.uleb128 0x3b
 456 0070 0B       		.uleb128 0xb
 457 0071 27       		.uleb128 0x27
 458 0072 19       		.uleb128 0x19
 459 0073 11       		.uleb128 0x11
 460 0074 01       		.uleb128 0x1
 461 0075 12       		.uleb128 0x12
 462 0076 06       		.uleb128 0x6
 463 0077 40       		.uleb128 0x40
 464 0078 18       		.uleb128 0x18
 465 0079 9742     		.uleb128 0x2117
 466 007b 19       		.uleb128 0x19
 467 007c 00       		.byte	0
 468 007d 00       		.byte	0
 469 007e 0A       		.uleb128 0xa
 470 007f 34       		.uleb128 0x34
 471 0080 00       		.byte	0
 472 0081 03       		.uleb128 0x3
 473 0082 0E       		.uleb128 0xe
 474 0083 3A       		.uleb128 0x3a
 475 0084 0B       		.uleb128 0xb
 476 0085 3B       		.uleb128 0x3b
 477 0086 0B       		.uleb128 0xb
 478 0087 49       		.uleb128 0x49
 479 0088 13       		.uleb128 0x13
 480 0089 02       		.uleb128 0x2
 481 008a 18       		.uleb128 0x18
 482 008b 00       		.byte	0
 483 008c 00       		.byte	0
 484 008d 00       		.byte	0
 485              		.section	.debug_aranges,"",%progbits
 486 0000 24000000 		.4byte	0x24
 487 0004 0200     		.2byte	0x2
 488 0006 00000000 		.4byte	.Ldebug_info0
 489 000a 04       		.byte	0x4
 490 000b 00       		.byte	0
ARM GAS  C:\Users\zozo\AppData\Local\Temp\ccALURuZ.s 			page 18


 491 000c 0000     		.2byte	0
 492 000e 0000     		.2byte	0
 493 0010 00000000 		.4byte	.LFB0
 494 0014 14000000 		.4byte	.LFE0-.LFB0
 495 0018 00000000 		.4byte	.LFB1
 496 001c 14000000 		.4byte	.LFE1-.LFB1
 497 0020 00000000 		.4byte	0
 498 0024 00000000 		.4byte	0
 499              		.section	.debug_ranges,"",%progbits
 500              	.Ldebug_ranges0:
 501 0000 00000000 		.4byte	.LFB0
 502 0004 14000000 		.4byte	.LFE0
 503 0008 00000000 		.4byte	.LFB1
 504 000c 14000000 		.4byte	.LFE1
 505 0010 00000000 		.4byte	0
 506 0014 00000000 		.4byte	0
 507              		.section	.debug_line,"",%progbits
 508              	.Ldebug_line0:
 509 0000 91000000 		.section	.debug_str,"MS",%progbits,1
 509      02005800 
 509      00000201 
 509      FB0E0D00 
 509      01010101 
 510              	.LASF13:
 511 0000 72656733 		.ascii	"reg32\000"
 511      3200
 512              	.LASF18:
 513 0006 4C65645F 		.ascii	"Led_Blue_Sleep\000"
 513      426C7565 
 513      5F536C65 
 513      657000
 514              	.LASF16:
 515 0015 75736253 		.ascii	"usbState\000"
 515      74617465 
 515      00
 516              	.LASF9:
 517 001e 666C6F61 		.ascii	"float\000"
 517      7400
 518              	.LASF20:
 519 0024 474E5520 		.ascii	"GNU C 4.9.3 20150303 (release) [ARM/embedded-4_9-br"
 519      4320342E 
 519      392E3320 
 519      32303135 
 519      30333033 
 520 0057 616E6368 		.ascii	"anch revision 221220] -mcpu=cortex-m0 -mthumb -g -O"
 520      20726576 
 520      6973696F 
 520      6E203232 
 520      31323230 
 521 008a 73202D66 		.ascii	"s -ffunction-sections -flto -ffat-lto-objects\000"
 521      66756E63 
 521      74696F6E 
 521      2D736563 
 521      74696F6E 
 522              	.LASF1:
 523 00b8 756E7369 		.ascii	"unsigned char\000"
 523      676E6564 
ARM GAS  C:\Users\zozo\AppData\Local\Temp\ccALURuZ.s 			page 19


 523      20636861 
 523      7200
 524              	.LASF5:
 525 00c6 6C6F6E67 		.ascii	"long unsigned int\000"
 525      20756E73 
 525      69676E65 
 525      6420696E 
 525      7400
 526              	.LASF3:
 527 00d8 73686F72 		.ascii	"short unsigned int\000"
 527      7420756E 
 527      7369676E 
 527      65642069 
 527      6E7400
 528              	.LASF10:
 529 00eb 646F7562 		.ascii	"double\000"
 529      6C6500
 530              	.LASF23:
 531 00f2 4C65645F 		.ascii	"Led_Blue_backup\000"
 531      426C7565 
 531      5F626163 
 531      6B757000 
 532              	.LASF21:
 533 0102 2E5C4765 		.ascii	".\\Generated_Source\\PSoC4\\Led_Blue_PM.c\000"
 533      6E657261 
 533      7465645F 
 533      536F7572 
 533      63655C50 
 534              	.LASF12:
 535 0129 75696E74 		.ascii	"uint32\000"
 535      333200
 536              	.LASF8:
 537 0130 756E7369 		.ascii	"unsigned int\000"
 537      676E6564 
 537      20696E74 
 537      00
 538              	.LASF7:
 539 013d 6C6F6E67 		.ascii	"long long unsigned int\000"
 539      206C6F6E 
 539      6720756E 
 539      7369676E 
 539      65642069 
 540              	.LASF19:
 541 0154 4C65645F 		.ascii	"Led_Blue_Wakeup\000"
 541      426C7565 
 541      5F57616B 
 541      65757000 
 542              	.LASF15:
 543 0164 73696F53 		.ascii	"sioState\000"
 543      74617465 
 543      00
 544              	.LASF6:
 545 016d 6C6F6E67 		.ascii	"long long int\000"
 545      206C6F6E 
 545      6720696E 
 545      7400
 546              	.LASF11:
ARM GAS  C:\Users\zozo\AppData\Local\Temp\ccALURuZ.s 			page 20


 547 017b 63686172 		.ascii	"char\000"
 547      00
 548              	.LASF2:
 549 0180 73686F72 		.ascii	"short int\000"
 549      7420696E 
 549      7400
 550              	.LASF14:
 551 018a 70635374 		.ascii	"pcState\000"
 551      61746500 
 552              	.LASF4:
 553 0192 6C6F6E67 		.ascii	"long int\000"
 553      20696E74 
 553      00
 554              	.LASF22:
 555 019b 433A5C55 		.ascii	"C:\\Users\\zozo\\GitHub\\Connection_Parameters1\\Co"
 555      73657273 
 555      5C7A6F7A 
 555      6F5C4769 
 555      74487562 
 556 01c9 6E6E6563 		.ascii	"nnection_Parameters\\Connection_Parameters.cydsn\000"
 556      74696F6E 
 556      5F506172 
 556      616D6574 
 556      6572735C 
 557              	.LASF0:
 558 01f9 7369676E 		.ascii	"signed char\000"
 558      65642063 
 558      68617200 
 559              	.LASF17:
 560 0205 4C65645F 		.ascii	"Led_Blue_BACKUP_STRUCT\000"
 560      426C7565 
 560      5F424143 
 560      4B55505F 
 560      53545255 
 561              		.comm	__gnu_lto_v1,1,1
 562              		.ident	"GCC: (GNU Tools for ARM Embedded Processors) 4.9.3 20150303 (release) [ARM/embedded-4_9-br
