ARM GAS  C:\Users\zozo\AppData\Local\Temp\cceqpmPj.s 			page 1


   1              		.cpu cortex-m0
   2              		.fpu softvfp
   3              		.eabi_attribute 20, 1
   4              		.eabi_attribute 21, 1
   5              		.eabi_attribute 23, 3
   6              		.eabi_attribute 24, 1
   7              		.eabi_attribute 25, 1
   8              		.eabi_attribute 26, 1
   9              		.eabi_attribute 30, 4
  10              		.eabi_attribute 34, 0
  11              		.eabi_attribute 18, 4
  12              		.code	16
  13              		.file	"Led_Red_PM.c"
  14              		.text
  15              	.Ltext0:
  16              		.section	.gnu.lto_.profile.d9226e87,"",%progbits
  17 0000 789C6366 		.ascii	"x\234cf```a\200\000F\006\0166\000\000\212\000\027"
  17      60606061 
  17      80004606 
  17      0E360000 
  17      8A0017
  18              		.text
  19              		.section	.gnu.lto_.jmpfuncs.d9226e87,"",%progbits
  20 0000 789C6366 		.ascii	"x\234cf\300\0168\2404\023\024\003\000\0018\000\020"
  20      C00E38A0 
  20      34131403 
  20      00013800 
  20      10
  21              		.text
  22              		.section	.gnu.lto_.inline.d9226e87,"",%progbits
  23 0000 789C6366 		.ascii	"x\234cf\300\0164\2404\023\003\003+\013#\003\023\313"
  23      C00E34A0 
  23      34130303 
  23      2B0B2303 
  23      13CB
  24 0012 027906B6 		.ascii	"\002y\006\266\005\362L\0201\014!\006\000G\026\003\\"
  24      05F24C10 
  24      310C2106 
  24      00471603 
  24      5C
  25              		.text
  26              		.section	.gnu.lto_.pureconst.d9226e87,"",%progbits
  27 0000 789C6366 		.ascii	"x\234cf```e\200\000&\006)&)\000\000\373\000A"
  27      60606065 
  27      80002606 
  27      29262900 
  27      00FB0041 
  28              		.text
  29              		.section	.gnu.lto_Led_Red_Sleep.d9226e87,"",%progbits
  30 0000 789C654F 		.ascii	"x\234eO=HBa\024\275\347\276\347C\021\"\032\235#[\264"
  30      3D484261 
  30      14BDE7BE 
  30      E7431122 
  30      1A9D235B 
  31 0015 A5BDA1A1 		.ascii	"\245\275\241\241\245@r\025\"\354\255\011R\243\370^\274"
  31      A5407215 
  31      22ECAD09 
ARM GAS  C:\Users\zozo\AppData\Local\Temp\cceqpmPj.s 			page 2


  31      52A3F85E 
  31      BC
  32 0026 411A4A1A 		.ascii	"A\032J\032\"(\203\006\351GSh\252\355%mA\021\015\201"
  32      22288306 
  32      E9475368 
  32      AAED256D 
  32      41110D81 
  33 003a 602D06B5 		.ascii	"`-\006\265eB\361\022\265\373\351\022\364\301\345\373"
  33      6542F112 
  33      B5FBE912 
  33      F4C1E5FB 
  34 004a EEB9E73B 		.ascii	"\356\271\347;\347\036\215\376\237\220\324\014\210&\345"
  34      E71E8DFE 
  34      9F90D40C 
  34      8826E5
  35 0059 8646E0FC 		.ascii	"\206F\340\374\035\221\355g@=\010\224ed\361\316-F\336"
  35      1D91ED67 
  35      403D0894 
  35      6564F1CE 
  35      2D46DE
  36 006c 2DED05C3 		.ascii	"-\355\005\303E\313\262>j\267v\314\205\307Dm\036\352"
  36      45CBB23E 
  36      6AB776CC 
  36      85C7446D 
  36      1EEA
  37 007e E0186112 		.ascii	"\340\030a\022R\313\351>\005\015GH\243\303\031N`\210"
  37      52CBE93E 
  37      050D4748 
  37      A3C3194E 
  37      6088
  38 0090 3E55C75C 		.ascii	">U\307\\\253\337oW\256\177\2403y,XS\346\312\345\225"
  38      ABDF6F57 
  38      AE7FA033 
  38      792C5853 
  38      E6CAE595 
  39 00a4 59DD5A1D 		.ascii	"Y\335Z\035\265\257\315^1\240\276|\263\262l\3344.G\336"
  39      B5AFCD5E 
  39      31A0BE7C 
  39      B3B26CDC 
  39      342E47DE 
  40 00b8 D863CE39 		.ascii	"\330c\3169yKW\006/\315\373\007\377\000\"\325^\265w\335"
  40      794B5706 
  40      2FCDFB07 
  40      FF0022D5 
  40      5EB577DD 
  41 00cc 4001FBB6 		.ascii	"@\001\373\266#\353h8E\010g\220P(\241\000\252cc\347h"
  41      23EB6838 
  41      45086790 
  41      5028A100 
  41      AA6363E7 
  42 00e1 5CE909F5 		.ascii	"\\\351\011\365\360q\253\302\231\216\225\263\374\036"
  42      F071ABC2 
  42      998E95B3 
  42      FC1E
  43 00ef EB5DB5DC 		.ascii	"\353]\265\334_=}\320\236\330\316\001\224\236\245X>\224"
  43      5F3D7DD0 
  43      9ED8CE01 
ARM GAS  C:\Users\zozo\AppData\Local\Temp\cceqpmPj.s 			page 3


  43      949EA558 
  43      3E94
  44 0101 91C1B912 		.ascii	"\221\301\271\022\224Y\257\274}aDJ\222\315\235\362\330"
  44      9459AFBC 
  44      7D61444A 
  44      92CD9DF2 
  44      D8
  45 0112 4045889F 		.ascii	"@E\210\237\203\374\250\"\"\033\3233l\267\343S~\012m"
  45      83FCA822 
  45      221BD333 
  45      6CB7E353 
  45      7E0A6D
  46 0125 4A48C925 		.ascii	"JH\311%\214\211hb\316\\5\323\313k\346\312R<\265\236"
  46      8C896862 
  46      CE5C35D3 
  46      CB6BE6CA 
  46      523CB59E 
  47 0139 4E9A8958 		.ascii	"N\232\211X<5;\235\230\027`Q*\266\020M\322/\315\313\201"
  47      3C353B9D 
  47      98176051 
  47      2AB6104D 
  47      D22FCDCB 
  48 014e 84       		.ascii	"\204"
  49              		.text
  50              		.section	.gnu.lto_Led_Red_Wakeup.d9226e87,"",%progbits
  51 0000 789C658F 		.ascii	"x\234e\217\277KBQ\024\307\357\367<}(BDC\230\177@\006"
  51      BF4B4251 
  51      14C7EFF7 
  51      3C7D2842 
  51      4443987F 
  52 0016 A12D8D6D 		.ascii	"\241-\215mA-\005\222\253\020aoM\220\032\305\373\344"
  52      412D0592 
  52      AB10616F 
  52      4D901AC5 
  52      FBE4
  53 0028 054E650D 		.ascii	"\005Ne\015\021\364\003\032\"KS\010\212\332^\321\\DE"
  53      11F4031A 
  53      224B5308 
  53      8ADA5ED1 
  53      5C4445
  54 003b 20588B81 		.ascii	" X\213\201m\231C<\302\354\334\327\024]8\234{\317\371"
  54      6D99433C 
  54      C2ECDCD7 
  54      145D389C 
  54      7BCFF9
  55 004e DEEFE71C 		.ascii	"\336\357\347\034M\374?!\2161\0101\304\031\232\000\025"
  55      4DFC3F21 
  55      8E310831 
  55      C4199A00 
  55      15
  56 005f 6E84307D 		.ascii	"n\2040}\004\250\213\200\310\022\262x\243\026\241`\227"
  56      04A88B80 
  56      C812B278 
  56      A316A160 
  56      97
  57 0070 3603E17D 		.ascii	"6\003\341})\345{\3564\270\034tH\2106\375\332\340\000"
  57      29E57BEE 
ARM GAS  C:\Users\zozo\AppData\Local\Temp\cceqpmPj.s 			page 4


  57      34B81C74 
  57      488836FD 
  57      DAE000
  58 0083 61C19A96 		.ascii	"a\301\232\226\325y\012\350\026kz\177{(Bg{Q\355\263e"
  58      D5790AE8 
  58      166B7A7F 
  58      7B284267 
  58      7B51EDB3 
  59 0098 B7DB7E58 		.ascii	"\267\333~Xk\216\300C\302!.6X\240(\257D*k5\344\316Z\217"
  59      6B8EC043 
  59      C2212E36 
  59      58A028AF 
  59      442A6B35 
  60 00b0 977EF5E7 		.ascii	"\227~\365\347\223\024r\367~\245B\231/\231\227>\207\250"
  60      931472F7 
  60      7EA54299 
  60      2F99973E 
  60      87A8
  61 00c2 A30CB9FA 		.ascii	"\243\014\271\372\322\270\275\3635\211+\356\263hZ\333"
  61      D2B8BDF3 
  61      35892BEE 
  61      B3685ADB 
  62 00d2 D8C19629 		.ascii	"\330\301\226)\225J\303!28B\310\355}\227WO\364\310\260"
  62      954AC321 
  62      323842C8 
  62      ED7D9757 
  62      4FF4C8B0 
  63 00e6 431E9458 		.ascii	"C\036\224X\363\341\216\2132\"\242\206\253\365\275~\205"
  63      F3E18E8B 
  63      3222A286 
  63      ABF5BD7E 
  63      85
  64 00f7 6259FDBA 		.ascii	"bY\375\272~\336\243\034\275y\253 =\177 ^\327\350\242"
  64      7EDEA31C 
  64      BD79AB20 
  64      3D7F205E 
  64      D7E8A2
  65 010a BD61FB15 		.ascii	"\275a\373\025\3042\355\001\207t\034#\204\212\242\240"
  65      C432ED01 
  65      87741C23 
  65      848AA2A0 
  66 011a CAC63CAE 		.ascii	"\312\306<\256x\206iw'\224\243\2024xC^\212\201\203\321"
  66      78866977 
  66      2794A382 
  66      3478435E 
  66      8A8183D1 
  67 012e C4A4B160 		.ascii	"\304\244\261`\244\347\026\215\371\331xj)\2354\022\261"
  67      A4E7168D 
  67      F9D9786A 
  67      299D3412 
  67      B1
  68 013f 786A7C34 		.ascii	"xj|41\305\205\031\216\330t4)~\000\365\317\177\035"
  68      31C58519 
  68      8ED87434 
  68      297E00F5 
  68      CF7F1D
  69              		.text
ARM GAS  C:\Users\zozo\AppData\Local\Temp\cceqpmPj.s 			page 5


  70              		.section	.gnu.lto_.symbol_nodes.d9226e87,"",%progbits
  71 0000 789C6366 		.ascii	"x\234cf``\320d\200\002&\306z\006\206\011\347\030\030"
  71      6060D064 
  71      800226C6 
  71      7A068609 
  71      E71818
  72 0013 EAEB19E6 		.ascii	"\352\353\031\346-\340``e`X\300T\317\314\304T\317\210"
  72      2DE06060 
  72      656058C0 
  72      54CFCCC4 
  72      54CF88
  73 0026 2CCC0000 		.ascii	",\314\000\000\310\"\011\240"
  73      C82209A0 
  74              		.text
  75              		.section	.gnu.lto_.refs.d9226e87,"",%progbits
  76 0000 789C6366 		.ascii	"x\234cf``\340f\200\000F\006FF&F& \311\000\000\001l\000"
  76      6060E066 
  76      80004606 
  76      46462646 
  76      2620C900 
  77 0018 19       		.ascii	"\031"
  78              		.text
  79              		.section	.gnu.lto_.decls.d9226e87,"",%progbits
  80 0000 789C8D53 		.ascii	"x\234\215S[L\023Q\020\275\263K\037,\265\232\020\037"
  80      5B4C1351 
  80      10BDB34B 
  80      1F2CB59A 
  80      101F
  81 0012 F10B4B52 		.ascii	"\361\013KR\215!|\240\361SQ>H|\245\021\211\037\222 \326"
  81      8D217CA0 
  81      F153513E 
  81      487CA511 
  81      891F9220 
  82 0027 8D1A0D34 		.ascii	"\215\032\0154\320~\370w\265\230\024_\321F\210`\324\252"
  82      D07EF877 
  82      B598145F 
  82      D1468860 
  82      D4AA
  83 0039 441179AB 		.ascii	"D\021y\253X\005\244\226\202`\253\211\306(\342\033\323"
  83      5805A496 
  83      8260AB89 
  83      C628E21B 
  83      D3
  84 004a 84E80725 		.ascii	"\204\350\007% \202\232\340\334\273\335\266\0320\336"
  84      20829AE0 
  84      DCBBDDB6 
  84      1A30DE
  85 0059 64F6DED9 		.ascii	"d\366\336\331{\316\231\331\231Y\221\020\342C\233\301"
  85      7BCE99D9 
  85      99599110 
  85      E2439BC1 
  86 0069 559344C8 		.ascii	"U\223D\310G<\213h\026\022_\002Z\003Z\023\032\240\365"
  86      473C8B68 
  86      16125F02 
  86      5A035A13 
  86      1AA0F5
  87 007c 913F17BB 		.ascii	"\221?\027\273\323E9\313\320\202h\003h!4?\2327\312\353"
ARM GAS  C:\Users\zozo\AppData\Local\Temp\cceqpmPj.s 			page 6


  87      D34539CB 
  87      D0826803 
  87      6821343F 
  87      9A37CAEB 
  88 0090 8AEE0D73 		.ascii	"\212\356\015s\3504\375\245\223\310W5\023u\346\312gL"
  88      E834FDA5 
  88      93C85735 
  88      1375E6CA 
  88      674C
  89 00a2 80E0F0D4 		.ascii	"\200\340\360\324\270aD\000\243\264\200\2715\257\302"
  89      B8614400 
  89      A3B480B9 
  89      35AFC2
  90 00b1 1322BA06 		.ascii	"\023\"\272\006I`n\373\364d\263vq%e\313I\027\010`Y\004"
  90      49606EFB 
  90      F464B376 
  90      712565CB 
  90      49170860 
  91 00c7 D76129D4 		.ascii	"\327a)\324\301RT\274\001\213\361\2713IQ\372\362\323"
  91      C15254BC 
  91      018BF1B9 
  91      334951FA 
  91      F2D3
  92 00d9 79DD280A 		.ascii	"y\335(\012\300\316W\317}z!e\324#\313E}>!\036\356x\335"
  92      C0CE57CF 
  92      7D7A2165 
  92      D423CB45 
  92      7D3E211E 
  93 00f0 D04B4DDA 		.ascii	"\320KM\332E\352i\2114{_\033h\035\365\315\314\254\343"
  93      45EA6989 
  93      347B5F1B 
  93      681DF5CD 
  93      CCACE3
  94 0103 52500F22 		.ascii	"RP\017\"\334\204\014\206dgN\201\006HC\332\323o\027\336"
  94      DC840C86 
  94      64674E81 
  94      064843DA 
  94      D36F17DE 
  95 0117 68C4B55C 		.ascii	"h\304\265\\\373\363\331\326\345\\\301SwU\253\3609\275"
  95      FBF3D9D6 
  95      E55CC153 
  95      7755ABF0 
  95      39BD
  96 0129 3181DEA8 		.ascii	"1\201\336\250\322\2338\275\245\373fE2\377\310]L\341"
  96      D29B38BD 
  96      A5FB6645 
  96      32FFC85D 
  96      4CE1
  97 013b FBD14885 		.ascii	"\373\321H\205\304?\322\300\334\360\333\361r\215\270"
  97      C43FD2C0 
  97      DCF0DBF1 
  97      728DB8
  98 014a 858BDF6B 		.ascii	"\205\213\337k\232x\222\302\221i\314\275\357\356?\247"
  98      9A7892C2 
  98      9169CCBD 
  98      EFEE3FA7 
  99 015a E5C824E6 		.ascii	"\345\310$\346~\032|\325\251\023\255\034y\370Z\307\011"
ARM GAS  C:\Users\zozo\AppData\Local\Temp\cceqpmPj.s 			page 7


  99      7E1A7CD5 
  99      A913AD1C 
  99      79F85AC7 
  99      09
 100 016b 1D5E2D93 		.ascii	"\035^-\223\370\207}8?]\233\314]6 \363\361\225\320\341"
 100      F8877D38 
 100      3F5D9BCC 
 100      5D3620F3 
 100      F195D0E1 
 101 017f 773F93C0 		.ascii	"w?\223\300,\325b\031\"C=\0176:i6xA\202\333\261L9\233"
 101      2CD56219 
 101      22433D0F 
 101      363A6936 
 101      784182DB 
 102 0197 2D17A547 		.ascii	"-\027\245G\350i'M\3567\022h\303\012\337\302\012\303"
 102      E869274D 
 102      EE371268 
 102      C30ADFC2 
 102      0AC3
 103 01a9 5D302382 		.ascii	"]0#\202c\341\016\276l\307\227\030\253\376Lo\227F<\005"
 103      63E10EBE 
 103      6CC79718 
 103      ABFE4C6F 
 103      97463C05 
 104 01bd 3C8FD1F7 		.ascii	"<\217\321\367t\243X\245\234'Cc\025 ^R\234\332\312\252"
 104      74A358A5 
 104      9C274363 
 104      15205E52 
 104      9CDACAAA 
 105 01d1 060DCF5D 		.ascii	"\006\015\317]\217\256\346\361\257@\225\001L\251&\223"
 105      8FAEE6F1 
 105      AF409501 
 105      4CA92693 
 106 01e1 D983C122 		.ascii	"\331\203\301\"\203a\267\261\232z\374\300S\272\207)="
 106      8361B7B1 
 106      9A7AFCC0 
 106      53BA8729 
 106      3D
 107 01f2 80D478E8 		.ascii	"\200\324x\350\025\254\301+\361A\316\260\346\237\246"
 107      15ACC12B 
 107      F141CEB0 
 107      E69FA6
 108 0201 34DB4EA0 		.ascii	"4\333N\240\031\257[x\357\031\030\363\202\207\230b\027"
 108      19AF5B78 
 108      EF1918F3 
 108      82879862 
 108      17
 109 0212 98A01BCD 		.ascii	"\230\240\033\315\007&\3761L\337\023j\243\331\345\"\027"
 109      0726FE31 
 109      4CDF136A 
 109      A3D9E522 
 109      17
 110 0223 BF3FAB78 		.ascii	"\277?\253x\033\323Q\260O\342\330\216\277\261\235\020"
 110      1BD351B0 
 110      4FE2D88E 
 110      BFB19D10 
 111 0233 CB8415F2 		.ascii	"\313\204\025\362\343@\226\236\001\210\332ku\264\204"
ARM GAS  C:\Users\zozo\AppData\Local\Temp\cceqpmPj.s 			page 8


 111      E340969E 
 111      0188DA6B 
 111      75B484
 112 0242 E0C31FA3 		.ascii	"\340\303\037\243)\220j\236-_\350\3014\377\2252\227~"
 112      29906A9E 
 112      2D5FE8C1 
 112      34FF9532 
 112      977E
 113 0254 AA05F023 		.ascii	"\252\005\360#\2505\336\037\026I\235\335\351\311\260"
 113      A835DE1F 
 113      16499DDD 
 113      E9C9B0
 114 0263 572F8694 		.ascii	"W/\206\224\352\272\273\252\003\2725\267\251\313\263"
 114      EABABBAA 
 114      03BA35B7 
 114      A9CBB3
 115 0272 84739820 		.ascii	"\204s\230 kQwt\367);\237\257wW\206\304\364\313\224z"
 115      6B517774 
 115      F7293B9F 
 115      AF775786 
 115      C4F4CB94 
 116 0287 22CD83BF 		.ascii	"\"\315\203\277\3400\365\034\241\224M-'\006\224`\011"
 116      E030F51C 
 116      A1944D2D 
 116      27069460 
 116      09
 117 0298 A50DB0E1 		.ascii	"\245\015\260\341\205^XC\240\017\322Q\300\345n\377\252"
 117      855E5843 
 117      A00FD251 
 117      C0E56EFF 
 117      AA
 118 02a9 11DF2881 		.ascii	"\021\337(\201\237W\216]\322K.\366?\376\347\274\010\307"
 118      9F578E5D 
 118      D24B2EF6 
 118      3FFEE7BC 
 118      08C7
 119 02bb A746C68C 		.ascii	"\247F\306\214 \231g'=\236\205\244\214\254s|S9\216\354"
 119      20996727 
 119      3D9E85A4 
 119      8CAC737C 
 119      53398EEC 
 120 02cf 00B6E551 		.ascii	"\000\266\345Q\274$\375 \305J\342\035h\035\026\014\307"
 120      BC24FD20 
 120      C54AE21D 
 120      681D160C 
 120      C7
 121 02e0 E2C3CBC1 		.ascii	"\342\303\313\301\2524\201 \030\370o\210;\242_\007\202"
 121      AA348120 
 121      18F86F88 
 121      3BA25F07 
 121      82
 122 02f1 2753FE40 		.ascii	"'S\376@\373\023:M \024E\263}\336fyO\3416\264\274\203"
 122      FB133A4D 
 122      201445B3 
 122      7DDE6679 
 122      4FE136B4 
 123 0307 B26CD3E6 		.ascii	"\262l\323\346n\315O\313!\346\314\202\\\271X.-\262\263"
ARM GAS  C:\Users\zozo\AppData\Local\Temp\cceqpmPj.s 			page 9


 123      6ECD4FCB 
 123      21E6CC82 
 123      5CB9582E 
 123      2DB2B3
 124 031a 8B1247A9 		.ascii	"\213\022G\251U.\260\344\225\344\254.P\321\226-\231V"
 124      552EB0E4 
 124      95E4AC2E 
 124      50D1962D 
 124      9956
 125 032c 6254BD1D 		.ascii	"bT\275\035E\007d\207m\241\352nX\237\263)\337R\230\267"
 125      45076487 
 125      6DA1EA6E 
 125      589FB329 
 125      DF5298B7 
 126 0340 7D5B7ECE 		.ascii	"}[~\316v\255c\177\261}UV\372\234\222\326C\366C6\271"
 126      76AD637F 
 126      B17D5556 
 126      FA9C92D6 
 126      43F64336 
 127 0355 2C731FD1 		.ascii	",s\037\321\331\254yv\004\350\313\366\227(\007G\331n"
 127      D9AC7976 
 127      04E8CBF6 
 127      97280747 
 127      D96E
 128 0367 7E989B1D 		.ascii	"~\230\233\035\215\211\354X6\273\213\254\007\0346M\251"
 128      8D89EC58 
 128      36BB8BAC 
 128      071C364D 
 128      A9
 129 0378 BC7755D6 		.ascii	"\274wU\326o\324l\277G"
 129      6FD46CBF 
 129      47
 130              		.text
 131              		.section	.gnu.lto_.symtab.d9226e87,"",%progbits
 132 0000 4C65645F 		.ascii	"Led_Red_Sleep\000\000\000\000\000\000\000\000\000\000"
 132      5265645F 
 132      536C6565 
 132      70000000 
 132      00000000 
 133 0017 0000AC00 		.ascii	"\000\000\254\000\000\000Led_Red_Wakeup\000\000\000\000"
 133      00004C65 
 133      645F5265 
 133      645F5761 
 133      6B657570 
 134 002f 00000000 		.ascii	"\000\000\000\000\000\000\000\000\256\000\000\000"
 134      00000000 
 134      AE000000 
 135              		.text
 136              		.section	.gnu.lto_.opts,"",%progbits
 137 0000 272D666E 		.ascii	"'-fno-trapv' '-mcpu=cortex-m0' '-mthumb' '-g' '-Os'"
 137      6F2D7472 
 137      61707627 
 137      20272D6D 
 137      6370753D 
 138 0033 20272D66 		.ascii	" '-ffunction-sections' '-flto' '-ffat-lto-objects'\000"
 138      66756E63 
 138      74696F6E 
ARM GAS  C:\Users\zozo\AppData\Local\Temp\cceqpmPj.s 			page 10


 138      2D736563 
 138      74696F6E 
 139              		.text
 140              		.cfi_sections	.debug_frame
 141              		.section	.text.Led_Red_Sleep,"ax",%progbits
 142              		.align	1
 143              		.global	Led_Red_Sleep
 144              		.code	16
 145              		.thumb_func
 146              		.type	Led_Red_Sleep, %function
 147              	Led_Red_Sleep:
 148              	.LFB0:
 149              		.file 1 ".\\Generated_Source\\PSoC4\\Led_Red_PM.c"
   1:.\Generated_Source\PSoC4/Led_Red_PM.c **** /*******************************************************************************
   2:.\Generated_Source\PSoC4/Led_Red_PM.c **** * File Name: Led_Red.c  
   3:.\Generated_Source\PSoC4/Led_Red_PM.c **** * Version 2.20
   4:.\Generated_Source\PSoC4/Led_Red_PM.c **** *
   5:.\Generated_Source\PSoC4/Led_Red_PM.c **** * Description:
   6:.\Generated_Source\PSoC4/Led_Red_PM.c **** *  This file contains APIs to set up the Pins component for low power modes.
   7:.\Generated_Source\PSoC4/Led_Red_PM.c **** *
   8:.\Generated_Source\PSoC4/Led_Red_PM.c **** * Note:
   9:.\Generated_Source\PSoC4/Led_Red_PM.c **** *
  10:.\Generated_Source\PSoC4/Led_Red_PM.c **** ********************************************************************************
  11:.\Generated_Source\PSoC4/Led_Red_PM.c **** * Copyright 2015, Cypress Semiconductor Corporation.  All rights reserved.
  12:.\Generated_Source\PSoC4/Led_Red_PM.c **** * You may use this file only in accordance with the license, terms, conditions, 
  13:.\Generated_Source\PSoC4/Led_Red_PM.c **** * disclaimers, and limitations in the end user license agreement accompanying 
  14:.\Generated_Source\PSoC4/Led_Red_PM.c **** * the software package with which this file was provided.
  15:.\Generated_Source\PSoC4/Led_Red_PM.c **** *******************************************************************************/
  16:.\Generated_Source\PSoC4/Led_Red_PM.c **** 
  17:.\Generated_Source\PSoC4/Led_Red_PM.c **** #include "cytypes.h"
  18:.\Generated_Source\PSoC4/Led_Red_PM.c **** #include "Led_Red.h"
  19:.\Generated_Source\PSoC4/Led_Red_PM.c **** 
  20:.\Generated_Source\PSoC4/Led_Red_PM.c **** static Led_Red_BACKUP_STRUCT  Led_Red_backup = {0u, 0u, 0u};
  21:.\Generated_Source\PSoC4/Led_Red_PM.c **** 
  22:.\Generated_Source\PSoC4/Led_Red_PM.c **** 
  23:.\Generated_Source\PSoC4/Led_Red_PM.c **** /*******************************************************************************
  24:.\Generated_Source\PSoC4/Led_Red_PM.c **** * Function Name: Led_Red_Sleep
  25:.\Generated_Source\PSoC4/Led_Red_PM.c **** ****************************************************************************//**
  26:.\Generated_Source\PSoC4/Led_Red_PM.c **** *
  27:.\Generated_Source\PSoC4/Led_Red_PM.c **** * \brief Stores the pin configuration and prepares the pin for entering chip 
  28:.\Generated_Source\PSoC4/Led_Red_PM.c **** *  deep-sleep/hibernate modes. This function must be called for SIO and USBIO
  29:.\Generated_Source\PSoC4/Led_Red_PM.c **** *  pins. It is not essential if using GPIO or GPIO_OVT pins.
  30:.\Generated_Source\PSoC4/Led_Red_PM.c **** *
  31:.\Generated_Source\PSoC4/Led_Red_PM.c **** * <b>Note</b> This function is available in PSoC 4 only.
  32:.\Generated_Source\PSoC4/Led_Red_PM.c **** *
  33:.\Generated_Source\PSoC4/Led_Red_PM.c **** * \return 
  34:.\Generated_Source\PSoC4/Led_Red_PM.c **** *  None 
  35:.\Generated_Source\PSoC4/Led_Red_PM.c **** *  
  36:.\Generated_Source\PSoC4/Led_Red_PM.c **** * \sideeffect
  37:.\Generated_Source\PSoC4/Led_Red_PM.c **** *  For SIO pins, this function configures the pin input threshold to CMOS and
  38:.\Generated_Source\PSoC4/Led_Red_PM.c **** *  drive level to Vddio. This is needed for SIO pins when in device 
  39:.\Generated_Source\PSoC4/Led_Red_PM.c **** *  deep-sleep/hibernate modes.
  40:.\Generated_Source\PSoC4/Led_Red_PM.c **** *
  41:.\Generated_Source\PSoC4/Led_Red_PM.c **** * \funcusage
  42:.\Generated_Source\PSoC4/Led_Red_PM.c **** *  \snippet Led_Red_SUT.c usage_Led_Red_Sleep_Wakeup
  43:.\Generated_Source\PSoC4/Led_Red_PM.c **** *******************************************************************************/
  44:.\Generated_Source\PSoC4/Led_Red_PM.c **** void Led_Red_Sleep(void)
ARM GAS  C:\Users\zozo\AppData\Local\Temp\cceqpmPj.s 			page 11


  45:.\Generated_Source\PSoC4/Led_Red_PM.c **** {
 150              		.loc 1 45 0
 151              		.cfi_startproc
  46:.\Generated_Source\PSoC4/Led_Red_PM.c ****     #if defined(Led_Red__PC)
  47:.\Generated_Source\PSoC4/Led_Red_PM.c ****         Led_Red_backup.pcState = Led_Red_PC;
 152              		.loc 1 47 0
 153 0000 024B     		ldr	r3, .L2
  48:.\Generated_Source\PSoC4/Led_Red_PM.c ****     #else
  49:.\Generated_Source\PSoC4/Led_Red_PM.c ****         #if (CY_PSOC4_4200L)
  50:.\Generated_Source\PSoC4/Led_Red_PM.c ****             /* Save the regulator state and put the PHY into suspend mode */
  51:.\Generated_Source\PSoC4/Led_Red_PM.c ****             Led_Red_backup.usbState = Led_Red_CR1_REG;
  52:.\Generated_Source\PSoC4/Led_Red_PM.c ****             Led_Red_USB_POWER_REG |= Led_Red_USBIO_ENTER_SLEEP;
  53:.\Generated_Source\PSoC4/Led_Red_PM.c ****             Led_Red_CR1_REG &= Led_Red_USBIO_CR1_OFF;
  54:.\Generated_Source\PSoC4/Led_Red_PM.c ****         #endif
  55:.\Generated_Source\PSoC4/Led_Red_PM.c ****     #endif
  56:.\Generated_Source\PSoC4/Led_Red_PM.c ****     #if defined(CYIPBLOCK_m0s8ioss_VERSION) && defined(Led_Red__SIO)
  57:.\Generated_Source\PSoC4/Led_Red_PM.c ****         Led_Red_backup.sioState = Led_Red_SIO_REG;
  58:.\Generated_Source\PSoC4/Led_Red_PM.c ****         /* SIO requires unregulated output buffer and single ended input buffer */
  59:.\Generated_Source\PSoC4/Led_Red_PM.c ****         Led_Red_SIO_REG &= (uint32)(~Led_Red_SIO_LPM_MASK);
  60:.\Generated_Source\PSoC4/Led_Red_PM.c ****     #endif  
  61:.\Generated_Source\PSoC4/Led_Red_PM.c **** }
 154              		.loc 1 61 0
 155              		@ sp needed
  47:.\Generated_Source\PSoC4/Led_Red_PM.c ****     #else
 156              		.loc 1 47 0
 157 0002 1A68     		ldr	r2, [r3]
 158 0004 024B     		ldr	r3, .L2+4
 159 0006 1A60     		str	r2, [r3]
 160              		.loc 1 61 0
 161 0008 7047     		bx	lr
 162              	.L3:
 163 000a C046     		.align	2
 164              	.L2:
 165 000c 08020440 		.word	1074004488
 166 0010 00000000 		.word	.LANCHOR0
 167              		.cfi_endproc
 168              	.LFE0:
 169              		.size	Led_Red_Sleep, .-Led_Red_Sleep
 170              		.section	.text.Led_Red_Wakeup,"ax",%progbits
 171              		.align	1
 172              		.global	Led_Red_Wakeup
 173              		.code	16
 174              		.thumb_func
 175              		.type	Led_Red_Wakeup, %function
 176              	Led_Red_Wakeup:
 177              	.LFB1:
  62:.\Generated_Source\PSoC4/Led_Red_PM.c **** 
  63:.\Generated_Source\PSoC4/Led_Red_PM.c **** 
  64:.\Generated_Source\PSoC4/Led_Red_PM.c **** /*******************************************************************************
  65:.\Generated_Source\PSoC4/Led_Red_PM.c **** * Function Name: Led_Red_Wakeup
  66:.\Generated_Source\PSoC4/Led_Red_PM.c **** ****************************************************************************//**
  67:.\Generated_Source\PSoC4/Led_Red_PM.c **** *
  68:.\Generated_Source\PSoC4/Led_Red_PM.c **** * \brief Restores the pin configuration that was saved during Pin_Sleep().
  69:.\Generated_Source\PSoC4/Led_Red_PM.c **** *
  70:.\Generated_Source\PSoC4/Led_Red_PM.c **** * For USBIO pins, the wakeup is only triggered for falling edge interrupts.
  71:.\Generated_Source\PSoC4/Led_Red_PM.c **** *
  72:.\Generated_Source\PSoC4/Led_Red_PM.c **** * <b>Note</b> This function is available in PSoC 4 only.
ARM GAS  C:\Users\zozo\AppData\Local\Temp\cceqpmPj.s 			page 12


  73:.\Generated_Source\PSoC4/Led_Red_PM.c **** *
  74:.\Generated_Source\PSoC4/Led_Red_PM.c **** * \return 
  75:.\Generated_Source\PSoC4/Led_Red_PM.c **** *  None
  76:.\Generated_Source\PSoC4/Led_Red_PM.c **** *  
  77:.\Generated_Source\PSoC4/Led_Red_PM.c **** * \funcusage
  78:.\Generated_Source\PSoC4/Led_Red_PM.c **** *  Refer to Led_Red_Sleep() for an example usage.
  79:.\Generated_Source\PSoC4/Led_Red_PM.c **** *******************************************************************************/
  80:.\Generated_Source\PSoC4/Led_Red_PM.c **** void Led_Red_Wakeup(void)
  81:.\Generated_Source\PSoC4/Led_Red_PM.c **** {
 178              		.loc 1 81 0
 179              		.cfi_startproc
  82:.\Generated_Source\PSoC4/Led_Red_PM.c ****     #if defined(Led_Red__PC)
  83:.\Generated_Source\PSoC4/Led_Red_PM.c ****         Led_Red_PC = Led_Red_backup.pcState;
 180              		.loc 1 83 0
 181 0000 024B     		ldr	r3, .L5
  84:.\Generated_Source\PSoC4/Led_Red_PM.c ****     #else
  85:.\Generated_Source\PSoC4/Led_Red_PM.c ****         #if (CY_PSOC4_4200L)
  86:.\Generated_Source\PSoC4/Led_Red_PM.c ****             /* Restore the regulator state and come out of suspend mode */
  87:.\Generated_Source\PSoC4/Led_Red_PM.c ****             Led_Red_USB_POWER_REG &= Led_Red_USBIO_EXIT_SLEEP_PH1;
  88:.\Generated_Source\PSoC4/Led_Red_PM.c ****             Led_Red_CR1_REG = Led_Red_backup.usbState;
  89:.\Generated_Source\PSoC4/Led_Red_PM.c ****             Led_Red_USB_POWER_REG &= Led_Red_USBIO_EXIT_SLEEP_PH2;
  90:.\Generated_Source\PSoC4/Led_Red_PM.c ****         #endif
  91:.\Generated_Source\PSoC4/Led_Red_PM.c ****     #endif
  92:.\Generated_Source\PSoC4/Led_Red_PM.c ****     #if defined(CYIPBLOCK_m0s8ioss_VERSION) && defined(Led_Red__SIO)
  93:.\Generated_Source\PSoC4/Led_Red_PM.c ****         Led_Red_SIO_REG = Led_Red_backup.sioState;
  94:.\Generated_Source\PSoC4/Led_Red_PM.c ****     #endif
  95:.\Generated_Source\PSoC4/Led_Red_PM.c **** }
 182              		.loc 1 95 0
 183              		@ sp needed
  83:.\Generated_Source\PSoC4/Led_Red_PM.c ****     #else
 184              		.loc 1 83 0
 185 0002 1A68     		ldr	r2, [r3]
 186 0004 024B     		ldr	r3, .L5+4
 187 0006 1A60     		str	r2, [r3]
 188              		.loc 1 95 0
 189 0008 7047     		bx	lr
 190              	.L6:
 191 000a C046     		.align	2
 192              	.L5:
 193 000c 00000000 		.word	.LANCHOR0
 194 0010 08020440 		.word	1074004488
 195              		.cfi_endproc
 196              	.LFE1:
 197              		.size	Led_Red_Wakeup, .-Led_Red_Wakeup
 198              		.bss
 199              		.align	2
 200              		.set	.LANCHOR0,. + 0
 201              		.type	Led_Red_backup, %object
 202              		.size	Led_Red_backup, 12
 203              	Led_Red_backup:
 204 0000 00000000 		.space	12
 204      00000000 
 204      00000000 
 205              		.text
 206              	.Letext0:
 207              		.file 2 ".\\Generated_Source\\PSoC4\\cytypes.h"
 208              		.file 3 ".\\Generated_Source\\PSoC4\\Led_Red.h"
ARM GAS  C:\Users\zozo\AppData\Local\Temp\cceqpmPj.s 			page 13


 209              		.section	.debug_info,"",%progbits
 210              	.Ldebug_info0:
 211 0000 05010000 		.4byte	0x105
 212 0004 0400     		.2byte	0x4
 213 0006 00000000 		.4byte	.Ldebug_abbrev0
 214 000a 04       		.byte	0x4
 215 000b 01       		.uleb128 0x1
 216 000c 3B000000 		.4byte	.LASF20
 217 0010 01       		.byte	0x1
 218 0011 0F000000 		.4byte	.LASF21
 219 0015 AD010000 		.4byte	.LASF22
 220 0019 00000000 		.4byte	.Ldebug_ranges0+0
 221 001d 00000000 		.4byte	0
 222 0021 00000000 		.4byte	.Ldebug_line0
 223 0025 02       		.uleb128 0x2
 224 0026 01       		.byte	0x1
 225 0027 06       		.byte	0x6
 226 0028 0B020000 		.4byte	.LASF0
 227 002c 02       		.uleb128 0x2
 228 002d 01       		.byte	0x1
 229 002e 08       		.byte	0x8
 230 002f CF000000 		.4byte	.LASF1
 231 0033 02       		.uleb128 0x2
 232 0034 02       		.byte	0x2
 233 0035 05       		.byte	0x5
 234 0036 7C010000 		.4byte	.LASF2
 235 003a 02       		.uleb128 0x2
 236 003b 02       		.byte	0x2
 237 003c 07       		.byte	0x7
 238 003d EF000000 		.4byte	.LASF3
 239 0041 02       		.uleb128 0x2
 240 0042 04       		.byte	0x4
 241 0043 05       		.byte	0x5
 242 0044 8E010000 		.4byte	.LASF4
 243 0048 02       		.uleb128 0x2
 244 0049 04       		.byte	0x4
 245 004a 07       		.byte	0x7
 246 004b DD000000 		.4byte	.LASF5
 247 004f 02       		.uleb128 0x2
 248 0050 08       		.byte	0x8
 249 0051 05       		.byte	0x5
 250 0052 4C010000 		.4byte	.LASF6
 251 0056 02       		.uleb128 0x2
 252 0057 08       		.byte	0x8
 253 0058 07       		.byte	0x7
 254 0059 1D010000 		.4byte	.LASF7
 255 005d 03       		.uleb128 0x3
 256 005e 04       		.byte	0x4
 257 005f 05       		.byte	0x5
 258 0060 696E7400 		.ascii	"int\000"
 259 0064 02       		.uleb128 0x2
 260 0065 04       		.byte	0x4
 261 0066 07       		.byte	0x7
 262 0067 10010000 		.4byte	.LASF8
 263 006b 04       		.uleb128 0x4
 264 006c 09010000 		.4byte	.LASF12
 265 0070 02       		.byte	0x2
ARM GAS  C:\Users\zozo\AppData\Local\Temp\cceqpmPj.s 			page 14


 266 0071 3A01     		.2byte	0x13a
 267 0073 48000000 		.4byte	0x48
 268 0077 02       		.uleb128 0x2
 269 0078 04       		.byte	0x4
 270 0079 04       		.byte	0x4
 271 007a 35000000 		.4byte	.LASF9
 272 007e 02       		.uleb128 0x2
 273 007f 08       		.byte	0x8
 274 0080 04       		.byte	0x4
 275 0081 02010000 		.4byte	.LASF10
 276 0085 02       		.uleb128 0x2
 277 0086 01       		.byte	0x1
 278 0087 08       		.byte	0x8
 279 0088 5A010000 		.4byte	.LASF11
 280 008c 04       		.uleb128 0x4
 281 008d 00000000 		.4byte	.LASF13
 282 0091 02       		.byte	0x2
 283 0092 E401     		.2byte	0x1e4
 284 0094 98000000 		.4byte	0x98
 285 0098 05       		.uleb128 0x5
 286 0099 6B000000 		.4byte	0x6b
 287 009d 06       		.uleb128 0x6
 288 009e 0C       		.byte	0xc
 289 009f 03       		.byte	0x3
 290 00a0 21       		.byte	0x21
 291 00a1 CA000000 		.4byte	0xca
 292 00a5 07       		.uleb128 0x7
 293 00a6 86010000 		.4byte	.LASF14
 294 00aa 03       		.byte	0x3
 295 00ab 23       		.byte	0x23
 296 00ac 6B000000 		.4byte	0x6b
 297 00b0 00       		.byte	0
 298 00b1 07       		.uleb128 0x7
 299 00b2 43010000 		.4byte	.LASF15
 300 00b6 03       		.byte	0x3
 301 00b7 24       		.byte	0x24
 302 00b8 6B000000 		.4byte	0x6b
 303 00bc 04       		.byte	0x4
 304 00bd 07       		.uleb128 0x7
 305 00be 06000000 		.4byte	.LASF16
 306 00c2 03       		.byte	0x3
 307 00c3 25       		.byte	0x25
 308 00c4 6B000000 		.4byte	0x6b
 309 00c8 08       		.byte	0x8
 310 00c9 00       		.byte	0
 311 00ca 08       		.uleb128 0x8
 312 00cb 97010000 		.4byte	.LASF17
 313 00cf 03       		.byte	0x3
 314 00d0 26       		.byte	0x26
 315 00d1 9D000000 		.4byte	0x9d
 316 00d5 09       		.uleb128 0x9
 317 00d6 5F010000 		.4byte	.LASF18
 318 00da 01       		.byte	0x1
 319 00db 2C       		.byte	0x2c
 320 00dc 00000000 		.4byte	.LFB0
 321 00e0 14000000 		.4byte	.LFE0-.LFB0
 322 00e4 01       		.uleb128 0x1
ARM GAS  C:\Users\zozo\AppData\Local\Temp\cceqpmPj.s 			page 15


 323 00e5 9C       		.byte	0x9c
 324 00e6 09       		.uleb128 0x9
 325 00e7 34010000 		.4byte	.LASF19
 326 00eb 01       		.byte	0x1
 327 00ec 50       		.byte	0x50
 328 00ed 00000000 		.4byte	.LFB1
 329 00f1 14000000 		.4byte	.LFE1-.LFB1
 330 00f5 01       		.uleb128 0x1
 331 00f6 9C       		.byte	0x9c
 332 00f7 0A       		.uleb128 0xa
 333 00f8 6D010000 		.4byte	.LASF23
 334 00fc 01       		.byte	0x1
 335 00fd 14       		.byte	0x14
 336 00fe CA000000 		.4byte	0xca
 337 0102 05       		.uleb128 0x5
 338 0103 03       		.byte	0x3
 339 0104 00000000 		.4byte	Led_Red_backup
 340 0108 00       		.byte	0
 341              		.section	.debug_abbrev,"",%progbits
 342              	.Ldebug_abbrev0:
 343 0000 01       		.uleb128 0x1
 344 0001 11       		.uleb128 0x11
 345 0002 01       		.byte	0x1
 346 0003 25       		.uleb128 0x25
 347 0004 0E       		.uleb128 0xe
 348 0005 13       		.uleb128 0x13
 349 0006 0B       		.uleb128 0xb
 350 0007 03       		.uleb128 0x3
 351 0008 0E       		.uleb128 0xe
 352 0009 1B       		.uleb128 0x1b
 353 000a 0E       		.uleb128 0xe
 354 000b 55       		.uleb128 0x55
 355 000c 17       		.uleb128 0x17
 356 000d 11       		.uleb128 0x11
 357 000e 01       		.uleb128 0x1
 358 000f 10       		.uleb128 0x10
 359 0010 17       		.uleb128 0x17
 360 0011 00       		.byte	0
 361 0012 00       		.byte	0
 362 0013 02       		.uleb128 0x2
 363 0014 24       		.uleb128 0x24
 364 0015 00       		.byte	0
 365 0016 0B       		.uleb128 0xb
 366 0017 0B       		.uleb128 0xb
 367 0018 3E       		.uleb128 0x3e
 368 0019 0B       		.uleb128 0xb
 369 001a 03       		.uleb128 0x3
 370 001b 0E       		.uleb128 0xe
 371 001c 00       		.byte	0
 372 001d 00       		.byte	0
 373 001e 03       		.uleb128 0x3
 374 001f 24       		.uleb128 0x24
 375 0020 00       		.byte	0
 376 0021 0B       		.uleb128 0xb
 377 0022 0B       		.uleb128 0xb
 378 0023 3E       		.uleb128 0x3e
 379 0024 0B       		.uleb128 0xb
ARM GAS  C:\Users\zozo\AppData\Local\Temp\cceqpmPj.s 			page 16


 380 0025 03       		.uleb128 0x3
 381 0026 08       		.uleb128 0x8
 382 0027 00       		.byte	0
 383 0028 00       		.byte	0
 384 0029 04       		.uleb128 0x4
 385 002a 16       		.uleb128 0x16
 386 002b 00       		.byte	0
 387 002c 03       		.uleb128 0x3
 388 002d 0E       		.uleb128 0xe
 389 002e 3A       		.uleb128 0x3a
 390 002f 0B       		.uleb128 0xb
 391 0030 3B       		.uleb128 0x3b
 392 0031 05       		.uleb128 0x5
 393 0032 49       		.uleb128 0x49
 394 0033 13       		.uleb128 0x13
 395 0034 00       		.byte	0
 396 0035 00       		.byte	0
 397 0036 05       		.uleb128 0x5
 398 0037 35       		.uleb128 0x35
 399 0038 00       		.byte	0
 400 0039 49       		.uleb128 0x49
 401 003a 13       		.uleb128 0x13
 402 003b 00       		.byte	0
 403 003c 00       		.byte	0
 404 003d 06       		.uleb128 0x6
 405 003e 13       		.uleb128 0x13
 406 003f 01       		.byte	0x1
 407 0040 0B       		.uleb128 0xb
 408 0041 0B       		.uleb128 0xb
 409 0042 3A       		.uleb128 0x3a
 410 0043 0B       		.uleb128 0xb
 411 0044 3B       		.uleb128 0x3b
 412 0045 0B       		.uleb128 0xb
 413 0046 01       		.uleb128 0x1
 414 0047 13       		.uleb128 0x13
 415 0048 00       		.byte	0
 416 0049 00       		.byte	0
 417 004a 07       		.uleb128 0x7
 418 004b 0D       		.uleb128 0xd
 419 004c 00       		.byte	0
 420 004d 03       		.uleb128 0x3
 421 004e 0E       		.uleb128 0xe
 422 004f 3A       		.uleb128 0x3a
 423 0050 0B       		.uleb128 0xb
 424 0051 3B       		.uleb128 0x3b
 425 0052 0B       		.uleb128 0xb
 426 0053 49       		.uleb128 0x49
 427 0054 13       		.uleb128 0x13
 428 0055 38       		.uleb128 0x38
 429 0056 0B       		.uleb128 0xb
 430 0057 00       		.byte	0
 431 0058 00       		.byte	0
 432 0059 08       		.uleb128 0x8
 433 005a 16       		.uleb128 0x16
 434 005b 00       		.byte	0
 435 005c 03       		.uleb128 0x3
 436 005d 0E       		.uleb128 0xe
ARM GAS  C:\Users\zozo\AppData\Local\Temp\cceqpmPj.s 			page 17


 437 005e 3A       		.uleb128 0x3a
 438 005f 0B       		.uleb128 0xb
 439 0060 3B       		.uleb128 0x3b
 440 0061 0B       		.uleb128 0xb
 441 0062 49       		.uleb128 0x49
 442 0063 13       		.uleb128 0x13
 443 0064 00       		.byte	0
 444 0065 00       		.byte	0
 445 0066 09       		.uleb128 0x9
 446 0067 2E       		.uleb128 0x2e
 447 0068 00       		.byte	0
 448 0069 3F       		.uleb128 0x3f
 449 006a 19       		.uleb128 0x19
 450 006b 03       		.uleb128 0x3
 451 006c 0E       		.uleb128 0xe
 452 006d 3A       		.uleb128 0x3a
 453 006e 0B       		.uleb128 0xb
 454 006f 3B       		.uleb128 0x3b
 455 0070 0B       		.uleb128 0xb
 456 0071 27       		.uleb128 0x27
 457 0072 19       		.uleb128 0x19
 458 0073 11       		.uleb128 0x11
 459 0074 01       		.uleb128 0x1
 460 0075 12       		.uleb128 0x12
 461 0076 06       		.uleb128 0x6
 462 0077 40       		.uleb128 0x40
 463 0078 18       		.uleb128 0x18
 464 0079 9742     		.uleb128 0x2117
 465 007b 19       		.uleb128 0x19
 466 007c 00       		.byte	0
 467 007d 00       		.byte	0
 468 007e 0A       		.uleb128 0xa
 469 007f 34       		.uleb128 0x34
 470 0080 00       		.byte	0
 471 0081 03       		.uleb128 0x3
 472 0082 0E       		.uleb128 0xe
 473 0083 3A       		.uleb128 0x3a
 474 0084 0B       		.uleb128 0xb
 475 0085 3B       		.uleb128 0x3b
 476 0086 0B       		.uleb128 0xb
 477 0087 49       		.uleb128 0x49
 478 0088 13       		.uleb128 0x13
 479 0089 02       		.uleb128 0x2
 480 008a 18       		.uleb128 0x18
 481 008b 00       		.byte	0
 482 008c 00       		.byte	0
 483 008d 00       		.byte	0
 484              		.section	.debug_aranges,"",%progbits
 485 0000 24000000 		.4byte	0x24
 486 0004 0200     		.2byte	0x2
 487 0006 00000000 		.4byte	.Ldebug_info0
 488 000a 04       		.byte	0x4
 489 000b 00       		.byte	0
 490 000c 0000     		.2byte	0
 491 000e 0000     		.2byte	0
 492 0010 00000000 		.4byte	.LFB0
 493 0014 14000000 		.4byte	.LFE0-.LFB0
ARM GAS  C:\Users\zozo\AppData\Local\Temp\cceqpmPj.s 			page 18


 494 0018 00000000 		.4byte	.LFB1
 495 001c 14000000 		.4byte	.LFE1-.LFB1
 496 0020 00000000 		.4byte	0
 497 0024 00000000 		.4byte	0
 498              		.section	.debug_ranges,"",%progbits
 499              	.Ldebug_ranges0:
 500 0000 00000000 		.4byte	.LFB0
 501 0004 14000000 		.4byte	.LFE0
 502 0008 00000000 		.4byte	.LFB1
 503 000c 14000000 		.4byte	.LFE1
 504 0010 00000000 		.4byte	0
 505 0014 00000000 		.4byte	0
 506              		.section	.debug_line,"",%progbits
 507              	.Ldebug_line0:
 508 0000 8F000000 		.section	.debug_str,"MS",%progbits,1
 508      02005600 
 508      00000201 
 508      FB0E0D00 
 508      01010101 
 509              	.LASF13:
 510 0000 72656733 		.ascii	"reg32\000"
 510      3200
 511              	.LASF16:
 512 0006 75736253 		.ascii	"usbState\000"
 512      74617465 
 512      00
 513              	.LASF21:
 514 000f 2E5C4765 		.ascii	".\\Generated_Source\\PSoC4\\Led_Red_PM.c\000"
 514      6E657261 
 514      7465645F 
 514      536F7572 
 514      63655C50 
 515              	.LASF9:
 516 0035 666C6F61 		.ascii	"float\000"
 516      7400
 517              	.LASF20:
 518 003b 474E5520 		.ascii	"GNU C 4.9.3 20150303 (release) [ARM/embedded-4_9-br"
 518      4320342E 
 518      392E3320 
 518      32303135 
 518      30333033 
 519 006e 616E6368 		.ascii	"anch revision 221220] -mcpu=cortex-m0 -mthumb -g -O"
 519      20726576 
 519      6973696F 
 519      6E203232 
 519      31323230 
 520 00a1 73202D66 		.ascii	"s -ffunction-sections -flto -ffat-lto-objects\000"
 520      66756E63 
 520      74696F6E 
 520      2D736563 
 520      74696F6E 
 521              	.LASF1:
 522 00cf 756E7369 		.ascii	"unsigned char\000"
 522      676E6564 
 522      20636861 
 522      7200
 523              	.LASF5:
ARM GAS  C:\Users\zozo\AppData\Local\Temp\cceqpmPj.s 			page 19


 524 00dd 6C6F6E67 		.ascii	"long unsigned int\000"
 524      20756E73 
 524      69676E65 
 524      6420696E 
 524      7400
 525              	.LASF3:
 526 00ef 73686F72 		.ascii	"short unsigned int\000"
 526      7420756E 
 526      7369676E 
 526      65642069 
 526      6E7400
 527              	.LASF10:
 528 0102 646F7562 		.ascii	"double\000"
 528      6C6500
 529              	.LASF12:
 530 0109 75696E74 		.ascii	"uint32\000"
 530      333200
 531              	.LASF8:
 532 0110 756E7369 		.ascii	"unsigned int\000"
 532      676E6564 
 532      20696E74 
 532      00
 533              	.LASF7:
 534 011d 6C6F6E67 		.ascii	"long long unsigned int\000"
 534      206C6F6E 
 534      6720756E 
 534      7369676E 
 534      65642069 
 535              	.LASF19:
 536 0134 4C65645F 		.ascii	"Led_Red_Wakeup\000"
 536      5265645F 
 536      57616B65 
 536      757000
 537              	.LASF15:
 538 0143 73696F53 		.ascii	"sioState\000"
 538      74617465 
 538      00
 539              	.LASF6:
 540 014c 6C6F6E67 		.ascii	"long long int\000"
 540      206C6F6E 
 540      6720696E 
 540      7400
 541              	.LASF11:
 542 015a 63686172 		.ascii	"char\000"
 542      00
 543              	.LASF18:
 544 015f 4C65645F 		.ascii	"Led_Red_Sleep\000"
 544      5265645F 
 544      536C6565 
 544      7000
 545              	.LASF23:
 546 016d 4C65645F 		.ascii	"Led_Red_backup\000"
 546      5265645F 
 546      6261636B 
 546      757000
 547              	.LASF2:
 548 017c 73686F72 		.ascii	"short int\000"
ARM GAS  C:\Users\zozo\AppData\Local\Temp\cceqpmPj.s 			page 20


 548      7420696E 
 548      7400
 549              	.LASF14:
 550 0186 70635374 		.ascii	"pcState\000"
 550      61746500 
 551              	.LASF4:
 552 018e 6C6F6E67 		.ascii	"long int\000"
 552      20696E74 
 552      00
 553              	.LASF17:
 554 0197 4C65645F 		.ascii	"Led_Red_BACKUP_STRUCT\000"
 554      5265645F 
 554      4241434B 
 554      55505F53 
 554      54525543 
 555              	.LASF22:
 556 01ad 433A5C55 		.ascii	"C:\\Users\\zozo\\GitHub\\Connection_Parameters1\\Co"
 556      73657273 
 556      5C7A6F7A 
 556      6F5C4769 
 556      74487562 
 557 01db 6E6E6563 		.ascii	"nnection_Parameters\\Connection_Parameters.cydsn\000"
 557      74696F6E 
 557      5F506172 
 557      616D6574 
 557      6572735C 
 558              	.LASF0:
 559 020b 7369676E 		.ascii	"signed char\000"
 559      65642063 
 559      68617200 
 560              		.comm	__gnu_lto_v1,1,1
 561              		.ident	"GCC: (GNU Tools for ARM Embedded Processors) 4.9.3 20150303 (release) [ARM/embedded-4_9-br
