ARM GAS  C:\Users\zozo\AppData\Local\Temp\ccr3Hw2M.s 			page 1


   1              		.cpu cortex-m0
   2              		.fpu softvfp
   3              		.eabi_attribute 20, 1
   4              		.eabi_attribute 21, 1
   5              		.eabi_attribute 23, 3
   6              		.eabi_attribute 24, 1
   7              		.eabi_attribute 25, 1
   8              		.eabi_attribute 26, 1
   9              		.eabi_attribute 30, 4
  10              		.eabi_attribute 34, 0
  11              		.eabi_attribute 18, 4
  12              		.code	16
  13              		.file	"SW2.c"
  14              		.text
  15              	.Ltext0:
  16              		.section	.gnu.lto_.profile.d9226bb4,"",%progbits
  17 0000 789C6366 		.ascii	"x\234cf```a\200\000F\0065\005\000\000\340\000O"
  17      60606061 
  17      80004606 
  17      35050000 
  17      E0004F
  18              		.text
  19              		.section	.gnu.lto_.jmpfuncs.d9226bb4,"",%progbits
  20 0000 789C6366 		.ascii	"x\234cf\300\016d\2404\033\003##c=#\210`b``f``abdd\256"
  20      C00E64A0 
  20      341B0323 
  20      23633D23 
  20      88606260 
  21 001d AF6705CA 		.ascii	"\257g\005\312\001\000 \267\002>"
  21      010020B7 
  21      023E
  22              		.text
  23              		.section	.gnu.lto_.inline.d9226bb4,"",%progbits
  24 0000 789C6366 		.ascii	"x\234cf\300\016f@i6\006\006\016vFF\006F\006\006f\216"
  24      C00E6640 
  24      69360606 
  24      0E764646 
  24      06460606 
  25 0016 03760C6C 		.ascii	"\003v\014l\013\344\231\030\230.\360\263\200$\031\361"
  25      0BE49918 
  25      982EF0B3 
  25      802419F1 
  26 0026 C83131B0 		.ascii	"\31011\260\261220\261}\320\203\210\003\0013\246\020"
  26      B1323230 
  26      B17DD083 
  26      88030133 
  26      A610
  27 0038 0B032707 		.ascii	"\013\003'\007#\023\310\004\2409\014,\250\246\000\011"
  27      2313C804 
  27      A0390C2C 
  27      A8A60009 
  28 0048 1E902256 		.ascii	"\036\220\"V\006v6\240>\270$\010\000\000\311\241\017"
  28      067636A0 
  28      3EB82408 
  28      0000C9A1 
  28      0F
  29 0059 C8       		.ascii	"\310"
ARM GAS  C:\Users\zozo\AppData\Local\Temp\ccr3Hw2M.s 			page 2


  30              		.text
  31              		.section	.gnu.lto_.pureconst.d9226bb4,"",%progbits
  32 0000 789C6366 		.ascii	"x\234cf``\340e\200\0006\006)F)&)f)\026)V)\000\005\261"
  32      6060E065 
  32      80003606 
  32      29462926 
  32      29662916 
  33 001a 00C2     		.ascii	"\000\302"
  34              		.text
  35              		.section	.gnu.lto_SW2_SetDriveMode.d9226bb4,"",%progbits
  36 0000 789C7D51 		.ascii	"x\234}Q\317+DQ\030\375\316}o\336\214\374L\331\314F)"
  36      CF2B4451 
  36      18FDCE7D 
  36      6FDE8CFC 
  36      4CD9CC46 
  37 0015 A464217F 		.ascii	"\244d!\177\200\262\260U\263\260\231B\274\262aJ\254\335"
  37      80B2B055 
  37      B3B09942 
  37      BCB2614A 
  37      ACDD
  38 0027 19536435 		.ascii	"\031Sd5$\231$\013\311\357\241,\260\220\027RJ\304\202"
  38      2499240B 
  38      C9EFA12C 
  38      B0901752 
  38      4AC482
  39 003a 9AFCD88C 		.ascii	"\232\374\330\214\260B#\314B\317\367\315\314N\271u\277"
  39      B04223CC 
  39      42CFF7CD 
  39      CC4EB975 
  39      BF
  40 004b FBDDD339 		.ascii	"\373\335\3239\347\235\367]\203\376.?\357}\020\325\360"
  40      E79DF75D 
  40      83FE2E3F 
  40      EF7D10D5 
  40      F0
  41 005c 0983A062 		.ascii	"\011\203\240b\347Da\237\002\244!\320\260\3020^\324\273"
  41      E744619F 
  41      02A421D0 
  41      B0C2305E 
  41      D4BB
  42 006e 42CC599B 		.ascii	"B\314Y\233)\254]\324Z\277E\266{\365TgF\021\245U\316"
  42      29AC5DD4 
  42      5ABF45B6 
  42      7BF55467 
  42      4611A555 
  43 0083 074BA865 		.ascii	"\007K\250e\316S\346e\251\330\250\002q\3773qs\245\252"
  43      CE53E665 
  43      A9D8A802 
  43      71FF3371 
  43      73A5AA
  44 0096 17B48E38 		.ascii	"\027\264\2168\247\011\335\214\014\233.\303`\005\352"
  44      A709DD8C 
  44      0C9B2EC3 
  44      6005EA
  45 00a5 FDA8F313 		.ascii	"\375\250\363\023\003\204\025T\013\371=\372sShE\331\274"
  45      03841554 
  45      0BF93DFA 
ARM GAS  C:\Users\zozo\AppData\Local\Temp\ccr3Hw2M.s 			page 3


  45      73536845 
  45      D9BC
  46 00b7 2CE78955 		.ascii	",\347\211UX\234\2136\313\035\355\272\351\263\313\347"
  46      589C8B36 
  46      CB1DEDBA 
  46      E9B3CBE7 
  47 00c7 1A1428D6 		.ascii	"\032\024(\326(C\212\011Qz\244\265\244x\245\020\245x"
  47      28438A09 
  47      517AA4B5 
  47      A478A510 
  47      A578
  48 00d9 4BF047BE 		.ascii	"K\360G\276\360i$q\3709~\035\267\304\355K\311_\334\035"
  48      F0692471 
  48      F8397E1D 
  48      B7C4ED4B 
  48      C95FDC1D 
  49 00ed DFED963C 		.ascii	"\337\355\226<\253\2142\306\2421m\312\267\037R\027\227"
  49      AB8C32C6 
  49      A2316DCA 
  49      B71F5217 
  49      97
  50 00fe BE2C4472 		.ascii	"\276,Dr\335KO;\005s\230\015G9\262\2115\370\261\016\236"
  50      DD4B4F3B 
  50      0573980D 
  50      4739B289 
  50      35F8B10E 
  51 0113 13363007 		.ascii	"\02360\007Jb\344;og\344\034\217F\267f\213D\256\\\327"
  51      4A62E43B 
  51      6F67E41C 
  51      8F46B766 
  51      8B44AE5C 
  52 0128 FD2E2524 		.ascii	"\375.%$\230\235D\344\336\233\243y\276\224)\262\333\274"
  52      989D44E4 
  52      DE9BA379 
  52      BE9429B2 
  52      DBBC
  53 013a 4C20961D 		.ascii	"L \226\035\304_\347\2632O\005a3+\031\371\310S\274Ys"
  53      C45FE7B3 
  53      324F0561 
  53      332B19F9 
  53      C853BC59 
  54 014f 8BA1C349 		.ascii	"\213\241\303I\010\364_\254-\216\305\022\272G\330\331"
  54      08F45FAC 
  54      2D8EC512 
  54      BA47D8D9 
  55 015f 39514297 		.ascii	"9QB\227\027I\361ty\004<\220\312\206`\253\335o\017t\015"
  55      1749F174 
  55      79043C90 
  55      CA8660AB 
  55      DD6F0F74 
  56 0174 DA3D1D81 		.ascii	"\332=\035\201\320\320@\267\035l\013\204Z\232\202\201"
  56      D0D040B7 
  56      1D6C0B84 
  56      5A9A8281 
  57 0184 F6C6866E 		.ascii	"\366\306\206n2\373B=\366/\231\314\245\254"
  57      32FB423D 
  57      F62F99CC 
ARM GAS  C:\Users\zozo\AppData\Local\Temp\ccr3Hw2M.s 			page 4


  57      A5AC
  58              		.text
  59              		.section	.gnu.lto_SW2_Write.d9226bb4,"",%progbits
  60 0000 789C6591 		.ascii	"x\234e\221Oh\023A\024\306\3377\223\315\206FD<\225\\"
  60      4F681341 
  60      14C6DF37 
  60      93CD8646 
  60      443C955C 
  61 0014 0A965205 		.ascii	"\012\226R\005\355A\274\351\241\340\241W!\240\227\240"
  61      ED41BCE9 
  61      A1E0A157 
  61      21A097A0 
  62 0024 84766FC5 		.ascii	"\204vo\305B\260\275fR\327F=E\221R\220Fj\021\377D\323"
  62      42B0BD66 
  62      52D7463D 
  62      45915290 
  62      466A11FF 
  63 003a AA070F5E 		.ascii	"\252\007\017^\226\012\336\214\024\241\332\022b\244)"
  63      960ADE8C 
  63      14A1DA12 
  63      62A429
  64 0049 58F460D3 		.ascii	"X\364`\323\322\232\203\215\357\355\20048\354\356\314"
  64      D29A838D 
  64      EFED8034 
  64      38ECEECC 
  65 0059 7EFB7EDF 		.ascii	"~\373~\337~oF\323\377#\301\367\240\":\30534A\025*D\271"
  65      7E6F46D3 
  65      FF23C1F7 
  65      A0223AC5 
  65      33344115 
  66 0070 98026441 		.ascii	"\230\002dA\240\254B\026\233jK\241\020\224f\342\375\217"
  66      A0AC4216 
  66      9B6A4BA1 
  66      109466E2 
  66      FD8F
  67 0082 8C31BF9A 		.ascii	"\2141\277\232o\273ot\267\030\333V\326\006\217\321\317"
  67      6FBB6F74 
  67      B718DB56 
  67      D6068FD1 
  67      CF
  68 0093 25DB2573 		.ascii	"%\333%sO\353c ^/.\177\330w\373\346\215\231\014\312e"
  68      4FEB6320 
  68      5E2F2E7F 
  68      D877FBE6 
  68      8D990CCA 
  69 00a8 3388167B 		.ascii	"3\210\026{>\201f\002'\0238\221 \026\010O\321'\305\315"
  69      3E816602 
  69      27133891 
  69      2016084F 
  69      D127C5CD 
  70 00bc E9D2AED2 		.ascii	"\351\322\256\322\307C\360\333\303\365\007n\357\034\203"
  70      C743F0DB 
  70      C3F5076E 
  70      EF1C83
  71 00cb F5CDF5F7 		.ascii	"\365\315\365\367q3c\374z\273\335#\374\263\203\274\035"
  71      713363FC 
  71      7ABBDD23 
ARM GAS  C:\Users\zozo\AppData\Local\Temp\ccr3Hw2M.s 			page 5


  71      FCB383BC 
  71      1D
  72 00dc 0C6CF97F 		.ascii	"\014l\371\177>\307\243>\007;\202\022zm(<G\024<\211\262"
  72      3EC7A33E 
  72      073B8212 
  72      7A6D283C 
  72      47143C89 
  73 00f1 703430ED 		.ascii	"p40\355\366\353\235;7\317\242K\361\217\225\346\207\216"
  73      F6EB9D3B 
  73      37CFA24B 
  73      F18F95E6 
  73      878E
  74 0103 907C7420 		.ascii	"\220|t !\242\"\270\241\020\223\002\242\006\337\262\007"
  74      21A222B8 
  74      A1109302 
  74      A206DFB2 
  74      07
  75 0114 1BFCC2B3 		.ascii	"\033\374\302\263^\303\322\356\355JqB\214\367\224lH\376"
  75      5EC3D2EE 
  75      ED4A7142 
  75      8CF7946C 
  75      48FE
  76 0126 D69BD543 		.ascii	"\326\233\325C\337UKE\214_0\021\211\362\265\361q9\026"
  76      DF554B45 
  76      8C5F3011 
  76      89F2B5F1 
  76      713916
  77 0139 4A61B28D 		.ascii	"Ja\262\215\237\255f\327,\356\347|n\337\301\013$P\006"
  77      9FAD66D7 
  77      2CEEE77C 
  77      6EDFC10B 
  77      245006
  78 014c 27C70266 		.ascii	"'\307\002fAk\230\374\222\257*k\250\331\223\225\353\277"
  78      416B98FC 
  78      92AF2A6B 
  78      A8D99395 
  78      EBBF
  79 015e A7AAB04A 		.ascii	"\247\252\260J\204E\366\370\264_y\007\261\324Y\302\""
  79      8445F6F8 
  79      B45F7907 
  79      B1D459C2 
  79      22
  80 016f D32B0811 		.ascii	"\323+\010\021\211\312E\302T\247V\212\227-\304\227\303"
  80      89CA45C2 
  80      54A7568A 
  80      972DC497 
  80      C3
  81 0180 D0DE7CFD 		.ascii	"\320\336|\375\207\205\270\247\227\014q\325\316?g74\217"
  81      8785B8A7 
  81      970C71D5 
  81      CE3F6737 
  81      348F
  82 0192 763AB992 		.ascii	"v:\271\222\247\226\257\025\317\331\242\230\225\226\356"
  82      A796AF15 
  82      CFD9A298 
  82      9596EE
  83 01a1 CE1D16A1 		.ascii	"\316\035\026\241\243\233\\\340t\366\363\212\373a\204"
ARM GAS  C:\Users\zozo\AppData\Local\Temp\ccr3Hw2M.s 			page 6


  83      A39B5CE0 
  83      74F6F38A 
  83      FB6184
  84 01b0 6AC805AB 		.ascii	"j\310\005\253CR/g\323\340\023\346\255\343\215\354\031"
  84      43522F67 
  84      D3E013E6 
  84      ADE38DEC 
  84      19
  85 01c1 480D7957 		.ascii	"H\015yW\275L\372\2327r%96\236\031\366R\027\222c\347"
  85      BD4CFA9A 
  85      37722539 
  85      369E19F6 
  85      52179263 
  86 01d6 CFA49297 		.ascii	"\317\244\222\227N\017\014\2233\221\036\035\367\234\221"
  86      4E0F0C93 
  86      33911E1D 
  86      F79C91
  87 01e5 CCC5F4E8 		.ascii	"\314\305\364\350_\014w\323\033"
  87      5F0C77D3 
  87      1B
  88              		.text
  89              		.section	.gnu.lto_SW2_Read.d9226bb4,"",%progbits
  90 0000 789C658F 		.ascii	"x\234e\217?HBQ\024\306\317w\356\323\014\227h\012\227"
  90      3F484251 
  90      14C6CF77 
  90      EED30C97 
  90      680A97
  91 0013 68490271 		.ascii	"hI\002q\210\346\226\206\326\300!\010!\302\336\232 5"
  91      88E69686 
  91      D6C02108 
  91      21C2DE9A 
  91      2035
  92 0025 7BB59741 		.ascii	"{\265\227A4\210\020\015\345\024Q\366\007\267 h\210h"
  92      3488100D 
  92      E51451F6 
  92      07B72068 
  92      8868
  93 0037 94FE2014 		.ascii	"\224\376 \024HX\203\201\321\222\010\331\033\312\316"
  93      48588381 
  93      D19208D9 
  93      1BCACE
  94 0046 F5B575E1 		.ascii	"\365\265u\341\236s\317=?\276\357\034E\377OH\356$\210"
  94      9E73CF3D 
  94      3FBEEF1C 
  94      45FF4F48 
  94      EE2488
  95 0059 46244311 		.ascii	"F$C\0218\177C\224\0110`\036\004J3\322x\343\026\243r"
  95      387F4394 
  95      0930601E 
  95      044A33D2 
  95      78E316A3 
  96 006e FE534578 		.ascii	"\376SEx_\353\354G\266\372\024\\\033r\231\250\315\204"
  96      5FEBEC47 
  96      B6FA145C 
  96      1B7299A8 
  96      CD84
  97 0080 48086346 		.ascii	"H\010cF\007\007\010\223\200-\347\3731\350w\264\326\003"
ARM GAS  C:\Users\zozo\AppData\Local\Temp\ccr3Hw2M.s 			page 7


  97      07070893 
  97      802DE7FB 
  97      31E877B4 
  97      D603
  98 0092 A62F8D43 		.ascii	"\246/\215C\370\305\203\312\203\227\272\333mW\012\315"
  98      F8C583CA 
  98      8397BADB 
  98      6D570ACD 
  99 00a2 51F633B9 		.ascii	"Q\3663\271,\216\022,\023|d\344\250!\3018\2772\233\254"
  99      2C8E122C 
  99      137C64E4 
  99      A821C138 
  99      BF329BAC 
 100 00b6 6AB8FADC 		.ascii	"j\270\372\334x(\315\031\211\016\2331\212g\245m\325d"
 100      7828CD19 
 100      890E9B31 
 100      8A67A56D 
 100      D564
 101 00c8 97D971F2 		.ascii	"\227\331q\362\3322\206\317\215\333\373@\357\213LY\276"
 101      DA3286CF 
 101      8DDBFB40 
 101      EF8B4C59 
 101      BE
 102 00d9 DB6C068A 		.ascii	"\333l\006\212\330\3118pY\241\204\020\216 \003\342\030"
 102      D8C93870 
 102      59A18410 
 102      8E2003E2 
 102      18
 103 00ea 45500DAB 		.ascii	"EP\015\253_\271\206\362\004\225\247\271u\261[\3507\002"
 103      5FB986F2 
 103      0495A7B9 
 103      75B15BE8 
 103      3702
 104 00fc D0209C08 		.ascii	"\320 \234\010,T=w\355\363(K@\241:{/\3570\224\325G8\355"
 104      2C543D77 
 104      EDF3284B 
 104      40A13A7B 
 104      2FEF3094 
 105 0114 41D9FA7A 		.ascii	"A\331\372z\304c|\202Q\035\370\253z\253\300\254 3\015"
 105      C4637C82 
 105      511DF8AB 
 105      7AABC0AC 
 105      20330D
 106 0127 47E3D3F6 		.ascii	"G\343\323\366\222\235ZX\266\027\347c\311\225T\302\216"
 106      929D5A58 
 106      B617E763 
 106      C99554C2 
 106      8E
 107 0138 CFC49253 		.ascii	"\317\304\222S\023\361\330\354x4A\277_\357yX"
 107      13F1D8EC 
 107      783441BF 
 107      5FEF7958 
 108              		.text
 109              		.section	.gnu.lto_SW2_ReadDataReg.d9226bb4,"",%progbits
 110 0000 789C658F 		.ascii	"x\234e\217?HBQ\024\306\317w\336\323,\033\242)\\\242"
 110      3F484251 
 110      14C6CF77 
ARM GAS  C:\Users\zozo\AppData\Local\Temp\ccr3Hw2M.s 			page 8


 110      DED32C1B 
 110      A2295CA2 
 111 0014 490271A8 		.ascii	"I\002q\250\346\226\206\326\300!\010!\302\336\232 5{"
 111      E69686D6 
 111      C0210821 
 111      C2DE9A20 
 111      357B
 112 0026 B5975293 		.ascii	"\265\227R\223\004M\345\024\321?\2431\202\206\220\306"
 112      044DE514 
 112      D13FA331 
 112      828690C6 
 113 0036 28A22194 		.ascii	"(\242!\224\260\006\015\243\206L\320\336Pv\256\257\255"
 113      B0060DA3 
 113      864CD0DE 
 113      5076AEAF 
 113      AD
 114 0047 0BF79C7B 		.ascii	"\013\367\234{\356\371\361}\347\030\364\377\004\344N"
 114      EEF9F17D 
 114      E718F4FF 
 114      04E44E
 115 0056 82684432 		.ascii	"\202hD2\014\002\347n\210R>\006\364\203@IF\022\257\334"
 115      0C02E76E 
 115      88523E06 
 115      F4834049 
 115      4612AFDC 
 116 006a 605C9FFF 		.ascii	"`\\\237\377\334#\270\247T\372\243Xz\364\257\0159L\324"
 116      DC23B8A7 
 116      54FAA358 
 116      7AF4AF0D 
 116      394CD4
 117 007d 64422880 		.ascii	"dB(\200Q\255\203}\004I\300\206\375\375\340\367\332J"
 117      51AD837D 
 117      0449C086 
 117      FDFDE0F7 
 117      DA4A
 118 008f A901DD97 		.ascii	"\251\001\335\227\306\001\274\342A\247\203\227\252\323"
 118      C601BCE2 
 118      41A78397 
 118      AAD3
 119 009d 69BE6CD6 		.ascii	"i\276l\326\307\331\313\344\2608J0u\360\220\226\243\252"
 119      C7D9CBE4 
 119      B0384A30 
 119      75F09096 
 119      A3AA
 120 00af 04ED5C63 		.ascii	"\004\355\\c\326\331(\243\330\332h\025\346\264D\233\365"
 120      D6D928A3 
 120      D8DA6815 
 120      E6B4449B 
 120      F5
 121 00c0 18D9F5B3 		.ascii	"\030\331\365\263R\177\235\035fe\347\224\251\015\237"
 121      527F9D1D 
 121      6665E794 
 121      A90D9F
 122 00cf AAB777BE 		.ascii	"\252\267w\276\356\027\351\262\366\356|\366\345\261\235"
 122      EE17E9B2 
 122      F6EE7CF6 
 122      E5B19D
ARM GAS  C:\Users\zozo\AppData\Local\Temp\ccr3Hw2M.s 			page 9


 123 00de B2E1B081 		.ascii	"\262\341\260\201C\004p\004\031\020\307\310\203\312X"
 123      43047004 
 123      1910C7C8 
 123      83CA58
 124 00ed FDCA540D 		.ascii	"\375\312T\015W\320p5\267.v6{\265\000\024\010\005\201"
 124      57D07035 
 124      B72E7636 
 124      7BB50014 
 124      080581
 125 0100 85AA64AE 		.ascii	"\205\252d\256<.e\012(T{\367\371\015\2322{\010'](]\311"
 125      3C2E650A 
 125      28547BF7 
 125      F90D9A32 
 125      7B08275D 
 126 0117 865CC623 		.ascii	"\206\\\306#\030U\200\277\252\273\012\364\0122\323p8"
 126      185580BF 
 126      AABB0AF4 
 126      0A32D370 
 126      38
 127 0128 3A6D2D59 		.ascii	":m-Y\211\205ekq>\022_I\304\254\350L$>5\021\215\314\216"
 127      8985656B 
 127      713E125F 
 127      49C4ACE8 
 127      4C243E35 
 128 0140 8563F40B 		.ascii	"\205c\364\013\235\003z\305"
 128      9D037AC5 
 129              		.text
 130              		.section	.gnu.lto_SW2_SetInterruptMode.d9226bb4,"",%progbits
 131 0000 789C6D91 		.ascii	"x\234m\221OhSA\020\306\367\333}\371\327D,\342\241\344"
 131      4F685341 
 131      10C6F7DB 
 131      7DF9D744 
 131      2CE2A1E4 
 132 0014 52B1841E 		.ascii	"R\261\204\036\012ED\360*\364\340M\0129x\011\210\264"
 132      0A4544F0 
 132      2AF4E04D 
 132      0A397809 
 132      88B4
 133 0026 51723091 		.ascii	"Qr0\221\030O\036\372R\323\024\304C\250E\212\241hPik"
 133      184F1EFA 
 133      52D314C4 
 133      43A8458A 
 133      A1685069 
 134 003b 348D5645 		.ascii	"4\215VE\203\207\020E\213\342?(\026*\304R\023k\261\212"
 134      83871045 
 134      8BE23F28 
 134      162AC452 
 134      136BB18A 
 135 004f 31D134A2 		.ascii	"1\3214\242\304\231\367\342\241\350\203\267\273\363c"
 135      C499F7E2 
 135      A1E883B7 
 135      BBF363
 136 005e E6DB6F66 		.ascii	"\346\333of\225\370\367s\323\177E\012\261\227v(\001\231"
 136      95F8F773 
 136      D37F450A 
 136      B1977628 
 136      0199
ARM GAS  C:\Users\zozo\AppData\Local\Temp\ccr3Hw2M.s 			page 10


 137 0070 782144D4 		.ascii	"x!D\324.\001>\010\210!\211!\254\311\212D\"\237\236p"
 137      2E013E08 
 137      88218921 
 137      ACC98A44 
 137      229F9E70 
 138 0084 765FD575 		.ascii	"v_\325u\375\353\267j\307HG\203\312\252\322\224\301\024"
 138      FDEBB76A 
 138      C7484783 
 138      CAAAD294 
 138      C114
 139 0096 BA29A57C 		.ascii	"\272)\245|/uJ\355\204\240\343\263\225\215\252\353\243"
 139      2F754AED 
 139      84A0E3B3 
 139      958DAAEB 
 139      A3
 140 00a7 6C48B473 		.ascii	"lH\264sxa\261\\S\034J\311a\372\321x\326\346\271\254"
 140      7861B15C 
 140      531C4AC9 
 140      61FAD178 
 140      D6E6B9AC 
 141 00bb EBC3F9A7 		.ascii	"\353\303\371\247Y}\037q\205i(\222\303\014\334\270\006"
 141      597D1F71 
 141      85692892 
 141      C30CDCB8 
 141      06
 142 00cc B7202490 		.ascii	"\267 $\220\206\207\262W\033kS[T\217\241\273\022\275"
 142      8687B257 
 142      1B6B535B 
 142      548FA1BB 
 142      12BD
 143 00de F8DD6956 		.ascii	"\370\335iV~\372[y\375?\2257\340\341\364W\017\307\337"
 143      7EFA5B79 
 143      FD3F9537 
 143      E0E1F457 
 143      0FC7DF
 144 00f1 5BD42EA3 		.ascii	"[\324.\243\364~\246\366\334iX\332\301anl~\302jX\322"
 144      F47EA6F6 
 144      DC6958DA 
 144      C1616E6C 
 144      7EC26A58 
 145 0106 38FC7CBE 		.ascii	"8\374|\276\220\224])\022^\236\031}\342\322\347\365\330"
 145      90945D29 
 145      125E9E19 
 145      7DE2D2E7 
 145      F5D8
 146 0118 72B3D9D9 		.ascii	"r\263\331\331\220\0322\246\376,\351g\341nM\216J*\261"
 146      901A32A6 
 146      FE2CE967 
 146      E16E4D8E 
 146      4A2AB1
 147 012b DF8B4E6B 		.ascii	"\337\213Nk\214&\322\216\233\3502\247\201[\260\2026&"
 147      8C26D28E 
 147      9BE832A7 
 147      815BB082 
 147      3626
 148 013d B3DBF27A 		.ascii	"\263\333\362z\2639\267pn\272G\271$\031\263(pO\032\037"
 148      B339B770 
ARM GAS  C:\Users\zozo\AppData\Local\Temp\ccr3Hw2M.s 			page 11


 148      6EBA47B9 
 148      2419B328 
 148      704F1A1F 
 149 0151 2DBC5805 		.ascii	"-\274X\005\347\331\300~\355\004\254\016\246m\274\010"
 149      E7D9C07E 
 149      ED04AC0E 
 149      A66DBC08 
 150 0161 51223D7E 		.ascii	"Q\"=~\2062\015\215v\265\204\302\2173\305\\?_Q\227\374"
 150      86320D8D 
 150      76B584C2 
 150      8F33C55C 
 150      3F5F5197 
 151 0176 26992F23 		.ascii	"&\231/#\031;\367`;\033K\350F\037\357J/_\233\310\360"
 151      193BF760 
 151      3B1B4BE8 
 151      461FEF4A 
 151      2F5F9BC8 
 152 018b 7829F9B8 		.ascii	"x)\371\270\262u\022\311h\014\015i\307\034\365p\233{"
 152      B27512C9 
 152      680C0D69 
 152      C71CF570 
 152      9B7B
 153 019d C01D4C42 		.ascii	"\300\035LB,a\2708\372K3\005\265:\015\216\310\317\370"
 153      2C61B838 
 153      FA4B3305 
 153      B53A0D8E 
 153      C8CFF8
 154 01b0 BA328985 		.ascii	"\2722\211\205 \221\323\033\361u\230\204\357%.\336@\032"
 154      2091D31B 
 154      F1759884 
 154      EF252EDE 
 154      401A
 155 01c2 8D927982 		.ascii	"\215\222y\202f\316\207\334\203V\226\235\224\352d\200"
 155      66CE87DC 
 155      8356969D 
 155      94EA6480 
 156 01d2 E56D2672 		.ascii	"\345m&r\020\345\264Z|\241%\336f\2509\010\026\306R\333"
 156      10E5B45A 
 156      7CA125DE 
 156      66A83908 
 156      16C652DB 
 157 01e6 996DB21B 		.ascii	"\231m\262\033\315[6\033\276K\206\251J\024\021\315\277"
 157      CD5B361B 
 157      BE4B86A9 
 157      4A1411CD 
 157      BF
 158 01f7 3DC0F9FC 		.ascii	"=\300\371\374\014%\011\236\015M\252\263\327\267\337"
 158      0C25099E 
 158      0D4DAAB3 
 158      D7B7DF
 159 0206 1FF4870F 		.ascii	"\037\364\207\017G\374\203\207\274\241\223\341\001\277"
 159      47FC8387 
 159      BCA193E1 
 159      01BF
 160 0214 AFDF1BEA 		.ascii	"\257\337\033\352\333\343\363\036\334\335; \354\307C"
 160      DBE3F31E 
 160      DCDD3B20 
ARM GAS  C:\Users\zozo\AppData\Local\Temp\ccr3Hw2M.s 			page 12


 160      ECC743
 161 0223 27029140 		.ascii	"'\002\221@(\250\035\013\015\372m\201`$\334w\344\350"
 161      28A81D0B 
 161      0DFA6D81 
 161      6024DC77 
 161      E4E8
 162 0235 1FF462FB 		.ascii	"\037\364b\373\235"
 162      9D
 163              		.text
 164              		.section	.gnu.lto_SW2_ClearInterrupt.d9226bb4,"",%progbits
 165 0000 789C6590 		.ascii	"x\234e\220OHTQ\024\306\317w\356\21435.\244\225\314F"
 165      4F485451 
 165      14C6CF77 
 165      EE8C3335 
 165      2EA495CC 
 166 0015 C8850831 		.ascii	"\310\205\0101\013i\025\356\\\270\015f\341f \006}+)A"
 166      0B6915EE 
 166      5CB80D66 
 166      E1662006 
 166      7D2B2941 
 167 0029 C7ADDED1 		.ascii	"\307\255\336\321\227C\272\031\214@P\027\022\221\177"
 167      9743BA19 
 167      8C405017 
 167      12917F
 168 0038 2ADD061A 		.ascii	"*\335\006\032\303\020\256\"\211\240Dd\032H\321\010$"
 168      C310AE22 
 168      89A04464 
 168      1A48D108 
 168      24
 169 0049 51C79EA5 		.ascii	"Q\307\236\245\317s\336k\241t\341\275{\337\367\316\367"
 169      CF73DE6B 
 169      A174E1BD 
 169      7BDFF7CE 
 169      F7
 170 005a 9DDF3D86 		.ascii	"\235\337=\206\376_Iy\266A\224\222\035\206\300\305\217"
 170      FE5F4979 
 170      B6419492 
 170      1D86C0C5 
 170      8F
 171 006b 44F93803 		.ascii	"D\3718\003z \3200c\030?\370\220\361\341\355\305g\264"
 171      7A20D030 
 171      63183FF8 
 171      90F1E1ED 
 171      C567B4
 172 007e BCB076E4 		.ascii	"\274\260v\344W\371\317v\342q\243\307DGL\270\223D\253"
 172      57F9CF76 
 172      E271A3C7 
 172      44474CB8 
 172      9344AB
 173 0091 E6E0255A 		.ascii	"\346\340%ZH\012\237}\177r\000s\033z\256\371\023\213"
 173      480A9F7D 
 173      7F720073 
 173      1B7AAEF9 
 173      138B
 174 00a3 F1E63931 		.ascii	"\361\34691U+\205\365\204\235\262n\325\367\233\304\212"
 174      552B85F5 
 174      849DB26E 
ARM GAS  C:\Users\zozo\AppData\Local\Temp\ccr3Hw2M.s 			page 13


 174      D5F79BC4 
 174      8A
 175 00b4 7998AB6E 		.ascii	"y\230\253n]b8t\317\277&\352\\km\003\026\320\254\015"
 175      5D623874 
 175      CFBF26EA 
 175      5C6B6D03 
 175      16D0AC0D 
 176 00c8 24791175 		.ascii	"$y\021u\002\011U\226o\225\254\357\037\035<\235\277g"
 176      02095596 
 176      6F95ACEF 
 176      1F1D3C9D 
 176      BF67
 177 00da E24C1E0B 		.ascii	"\342L\036\013\266\307\034!\375\031\325\357\030)\031"
 177      B6C71C21 
 177      FD19D5EF 
 177      182919
 178 00e9 EDC84B2F 		.ascii	"\355\310K/\261\313\254\273\331B\2716^[\033\322\260S"
 178      B1CBACBB 
 178      D942B936 
 178      5E5B1BD2 
 178      B053
 179 00fb D61BAD1E 		.ascii	"\326\033\255\036\237L\360>{l\212n\321F\264\375\267\235"
 179      9F4CF03E 
 179      7B6C8A6E 
 179      D146B4FD 
 179      B79D
 180 010d 8D4FF140 		.ascii	"\215O\361@\012h\366\366Kgf\026\323y\027\036G\260\204"
 180      0A68F6F6 
 180      4B676616 
 180      D379171E 
 180      47B084
 181 0120 245E4168 		.ascii	"$^Ah\361\032\263\240-\214l\026\376r\030h$S\224\321\337"
 181      F11AB3A0 
 181      2D8C6C16 
 181      FE721868 
 181      245394D1 
 182 0135 63EF112A 		.ascii	"c\357\021*\021\021u\034\2533\22374\222-\010o\304\376"
 182      1111751C 
 182      AB339337 
 182      34922D08 
 182      6FC4FE
 183 0148 05814781 		.ascii	"\005\201G\201\245Jc*\205\213\265\366\320\025\015\245"
 183      A54A632A 
 183      858BB5F6 
 183      D0150DA5 
 184 0158 F2649072 		.ascii	"\362d\220r\215!_\342\353\024\313B!\016m[\031[\177w3"
 184      8D215FE2 
 184      EB14CB42 
 184      210E6D5B 
 184      195B7F77 
 185 016d 4C884982 		.ascii	"L\210I\202\370N\237W\177B\373Fc\204\025\251\257\340"
 185      F84E9F57 
 185      7F42FB46 
 185      638415A9 
 185      AFE0
 186 017f 1F582C98 		.ascii	"\037X,\230\016t*2\243\246T\246\323y\344\364gsN\317\203"
 186      0E742A32 
ARM GAS  C:\Users\zozo\AppData\Local\Temp\ccr3Hw2M.s 			page 14


 186      A3A654A6 
 186      D379E4F4 
 186      67734ECF 
 187 0194 74DF607F 		.ascii	"t\337`\177\267\223\271\237\356\353\270\233Iw\265\245"
 187      B793B99F 
 187      EEEBB89B 
 187      4977B5A5 
 188 01a4 BAA9FE61 		.ascii	"\272\251\376av\240\327\351I\347\262\271\301\201K\250"
 188      76A0D7E9 
 188      49E7B2B9 
 188      C1814BA8 
 189 01b4 16B544   		.ascii	"\026\265D"
 190              		.text
 191              		.section	.gnu.lto_.symbol_nodes.d9226bb4,"",%progbits
 192 0000 789C55C7 		.ascii	"x\234U\307;\015\000 \020D\301w\037\022tbd-\240\200\240"
 192      3B0D0020 
 192      1044C177 
 192      1F127462 
 192      642DA080 
 193 0015 084D3414 		.ascii	"\010M4\024\334t\023\300\340q\004\363\200\304\332\035"
 193      DC7413C0 
 193      E07104F3 
 193      80C4DA1D 
 194 0025 3759B9CB 		.ascii	"7Y\271\313\313CQ\236\312\362\246\366\237\013\351b\031"
 194      CB43519E 
 194      CAF2A6F6 
 194      9F0BE962 
 194      19
 195 0036 56       		.ascii	"V"
 196              		.text
 197              		.section	.gnu.lto_.refs.d9226bb4,"",%progbits
 198 0000 789C6366 		.ascii	"x\234cf```d\200\002\000\000=\000\005"
 198      60606064 
 198      80020000 
 198      3D0005
 199              		.text
 200              		.section	.gnu.lto_.decls.d9226bb4,"",%progbits
 201 0000 789C8D54 		.ascii	"x\234\215T]H\034W\024\276g\356\356\272;.*\241\230\""
 201      5D481C57 
 201      14BE67EE 
 201      EEBA3B2E 
 201      2AA19822 
 202 0014 85AC1484 		.ascii	"\205\254\024\204\202\010\321\022\372\326\007\003\241"
 202      8208D112 
 202      FAD60703 
 202      A1
 203 0021 85168994 		.ascii	"\205\026\211\224<D\010\213\016\251P4l\326\226\274\335"
 203      3C44088B 
 203      0EA95034 
 203      6CD696BC 
 203      DD
 204 0032 B8B42E6D 		.ascii	"\270\264.m\020\335&U\323\037\205\330\306\374h6\272U"
 204      10DD2655 
 204      D31F85D8 
 204      C6FC6836 
 204      BA55
 205 0044 5737665D 		.ascii	"W7f]c\253U\023\267\266ImK\2421i\322\012\211&>\030Z2"
ARM GAS  C:\Users\zozo\AppData\Local\Temp\ccr3Hw2M.s 			page 15


 205      63AB5513 
 205      B7B6496D 
 205      4BA23169 
 205      D20A8926 
 206 005c 39F7CECC 		.ascii	"9\367\316\314\316\244\235\320\\8\273s\016\347\373\316"
 206      CEA49DD0 
 206      5C38BB73 
 206      0EE7FBCE 
 207 006c CF776728 		.ascii	"\317wg(!\244\007\010Q\361\020'!)\364\263\320*\210y\\"
 207      21A40708 
 207      51F11027 
 207      2129F4B3 
 207      D02A8879 
 208 0081 68FD6831 		.ascii	"h\375h1\264!\2648\332\004\332$\371\357\351\327\3639"
 208      B421B438 
 208      DA04DA24 
 208      F9EFE9D7 
 208      F339
 209 0093 BE17AD10 		.ascii	"\276\027\255\020-\215v\005\355M=\007\364\274\177\237"
 209      2D8D7605 
 209      ED4D3D07 
 209      F4BC7F9F 
 210 00a3 980D36DF 		.ascii	"\230\0156\337\2027\2601\033,\357\313\371?5\207lp\361"
 210      8237B031 
 210      1B2CEFCB 
 210      F93F3587 
 210      6C70F1
 211 00b6 E7C0C56D 		.ascii	"\347\300\305mp|~\217\336k\016\232\027m\014mN\347\361"
 211      707C7E8F 
 211      DE6B0E9A 
 211      176D0C6D 
 211      4EE7F1
 212 00c9 D9F43D61 		.ascii	"\331\364=a\3033\251\317l7\257\265\007\273]\257K0ss\363"
 212      C333A9CF 
 212      6C37AFB5 
 212      07BB5DAF 
 212      4B307373 
 213 00de A1F7AE04 		.ascii	"\241\367\256\0049r\036w\217_\273\275A\321\365\312\022"
 213      39721E77 
 213      8F5FBBBD 
 213      41D1F5CA 
 213      12
 214 00ef 77AF5E6C 		.ascii	"w\257^ljrS\011\370\363\211\366\345\237\344\342\323\214"
 214      6A725309 
 214      F8F389F6 
 214      E59FE4E2 
 214      D38C
 215 0101 B1304B26 		.ascii	"\2610K&\301\2448\374\315\350\221,\304\344\313\302m\236"
 215      C1A438FC 
 215      CDE8912C 
 215      C4E4CBC2 
 215      6D9E
 216 0113 393E4E85 		.ascii	"9>N\205\253r\234\264\270x\364\021\005\271(\314X#[\213"
 216      AB729CB4 
 216      B878F411 
 216      05B928CC 
 216      58235B8B 
ARM GAS  C:\Users\zozo\AppData\Local\Temp\ccr3Hw2M.s 			page 16


 217 0127 30FA2281 		.ascii	"0\372\"\201\342\002x\245\200@\037\024a\032\234\206b"
 217      E20278A5 
 217      80401F14 
 217      611A9C86 
 217      62
 218 0138 0267A000 		.ascii	"\002g\240\000\316B\001\351\306\002k\235k\013/1\346\200"
 218      CE4201E9 
 218      C6026B9D 
 218      6B0B2F31 
 218      E680
 219 014a 5E90E114 		.ascii	"^\220\341\024P\221\201c\360\012z\321\226\017\307[\034"
 219      50918163 
 219      F00A7AD1 
 219      960FC75B 
 219      1C
 220 015b 0E09833C 		.ascii	"\016\011\203<g\257\203\307f\333\276Heo=\306\370\011"
 220      67AF83C7 
 220      66DBBE48 
 220      656F3DC6 
 220      F809
 221 016d B13C092A 		.ascii	"\261<\011*\362\341$\322\366 -\201(l\305\337s\340\320"
 221      F2E124D2 
 221      F6202D81 
 221      286CC5DF 
 221      73E0D0
 222 0180 08DA96FF 		.ascii	"\010\332\226\377\3749\233\226\211\321\346WO\315\347"
 222      FC399B96 
 222      89D1E657 
 222      4FCDE7
 223 018f FABE625D 		.ascii	"\372\276b]\321\265#\241?*ZC\354([R\325m\002\004\347"
 223      D1B523A1 
 223      3F2A5A43 
 223      EC285B52 
 223      D56D0204 
 224 01a4 330D10FE 		.ascii	"3\015\020\376\254m\264\037|\010\374l\340\3270\2455\202"
 224      AC6DB41F 
 224      7C08FC6C 
 224      E0D730A5 
 224      3582
 225 01b6 A4E36C67 		.ascii	"\244\343lg\257K\220,\335\230P\222\215\354\037U\245\032"
 225      AF4B902C 
 225      DD985092 
 225      8DEC1F55 
 225      A51A
 226 01c8 C3808561 		.ascii	"\303\200\205a\300`\210\011\206\2713\323\037\201\265"
 226      C0608809 
 226      86B933D3 
 226      1F81B5
 227 01d7 673E8ED9 		.ascii	"g>\216\331\364\267\242\351\275z\317\277\335oLSZ'\312"
 227      F4B7A2E9 
 227      BD7ACFBF 
 227      DD6F4C53 
 227      5A27CA
 228 01ea 2DAD2E5C 		.ascii	"-\255.\\\220\265r\355\267\315r\010\200AK\271A\243\334"
 228      90B572ED 
 228      B7CD7208 
 228      80414BB9 
ARM GAS  C:\Users\zozo\AppData\Local\Temp\ccr3Hw2M.s 			page 17


 228      41A3DC
 229 01fd 9028D71A 		.ascii	"\220(\327\032\213\264J\364\003\30102\222n\366\012\206"
 229      8BB44AF4 
 229      03C13032 
 229      926EF60A 
 229      86
 230 020e AED9AF5D 		.ascii	"\256\331\257]=,\251\252\257\013\374\260\005?l\340\343"
 230      3D2CA9AA 
 230      AF0BFCB0 
 230      053F6CE0 
 230      E3
 231 021f 02FFE583 		.ascii	"\002\377\345\203{\011\017m\002\260\012\357\323\204o"
 231      7B090F6D 
 231      02B00AEF 
 231      D3846F
 232 022e 5BDD8CB9 		.ascii	"[\335\214\271\205\313;A\345\377^\351;\351\202\"Y\223"
 232      85CB3B41 
 232      E5FF5EE9 
 232      3BE98222 
 232      5993
 233 0240 F48126E9 		.ascii	"\364\201&\351\030\3167bJ\352\323%\025\267\0037\340\354"
 233      18CE3762 
 233      4AEAD325 
 233      15B70337 
 233      E0EC
 234 0252 C92199F9 		.ascii	"\311!\231\371\341\002^\020\237~AF1\230\300 VJt\377u"
 234      E1025E10 
 234      9F7E4146 
 234      3198C020 
 234      564A74FF 
 235 0267 2F5B883F 		.ascii	"/[\210?\226\021?t}\364\272;\023\273\010\"\030Y\271\265"
 235      96113F74 
 235      7DF4BA3B 
 235      13BB0822 
 235      1859B9B5 
 236 027b E87CE68D 		.ascii	"\350|\346\215\030\027\313M\0327\342\341\375\231(\245"
 236      1817CB4D 
 236      1A37E2E1 
 236      FD9928A5 
 237 028b CDDA6CE9 		.ascii	"\315\332l\351\205\253\237:\365+\261rg{\007\353:\314"
 237      85AB9F3A 
 237      F52BB172 
 237      677B07EB 
 237      3ACC
 238 029d 1EAB78A3 		.ascii	"\036\253x\2439\012R\226\015\245\214\015M\210\015\335"
 238      390A5296 
 238      0DA58C0D 
 238      4D880DDD 
 239 02ad 8A469BBC 		.ascii	"\212F\233\274\364\204\306\322\021\216&@\023\351\367"
 239      F484C6D2 
 239      118E2640 
 239      13E9F7
 240 02bc 3B4F8B74 		.ascii	";O\213t\311Bq\311\240\230\024\024\361\276\215\271l\361"
 240      C94271C9 
 240      A0981414 
 240      F1BE8DB9 
 240      6CF1
ARM GAS  C:\Users\zozo\AppData\Local\Temp\ccr3Hw2M.s 			page 18


 241 02ce 4EFA844E 		.ascii	"N\372\204N\221\251v\227x'\305L\341\310\340\252\223\016"
 241      91A97697 
 241      7827C54C 
 241      E1C8E0AA 
 241      930E
 242 02e0 3E2D41A1 		.ascii	">-A\241&\301\215\317\037u{\204\313?\307\271<\264\374"
 242      26C18DCF 
 242      1F757B84 
 242      CB3FC7B9 
 242      3CB4FC
 243 02f3 CBB54416 		.ascii	"\313\265D\026M\210ti4\025I\313\031E64E\346p_3\246\""
 243      4D887469 
 243      341549CB 
 243      19453634 
 243      45E6705F 
 244 030a 8556455A 		.ascii	"\205VEZB\3143\205\212|\207K\373\236+2\213\212\024\352"
 244      42CC3385 
 244      8A7C874B 
 244      FB9E2B32 
 244      8B8A14EA 
 245 031e 8A4C63F0 		.ascii	"\212Lc\360\007M\221\037\217\255w\272\3450\337\362sB"
 245      074D911F 
 245      8FAD77BA 
 245      E530DFF2 
 245      7342
 246 0330 A44F36EF 		.ascii	"\244O6\357\256\347h\337\005\033\320\274\015\210w\275"
 246      AEE768DF 
 246      051BD0BC 
 246      0D8877BD 
 247 0340 347B6E0B 		.ascii	"4{n\013\003\270\202=O\231=_\006\363\3130<}\376\246\344"
 247      03B8823D 
 247      4F993D5F 
 247      06F3CB30 
 247      3C7DFEA6 
 248 0355 FDD8EC5E 		.ascii	"\375\330\354^$\033\304\004\322\340\025\273\346\377\316"
 248      241BC404 
 248      D2E015BB 
 248      E6FFCE
 249 0364 86DABAE0 		.ascii	"\206\332\272\340k\256]o\277\343+'/\227T\355R\352\224"
 249      6BAE5D6F 
 249      BFE32B27 
 249      2F9754ED 
 249      52EA94
 250 0377 803FA8D4 		.ascii	"\200?\250\324\354\253\254o\010T+U\025\225\365\345\257"
 250      ECABAC6F 
 250      08542B55 
 250      1595F5E5 
 250      AF
 251 0388 56551F0A 		.ascii	"VU\037\012\036:\240\034,y\227\344U\356)\335W\251\004"
 251      1E3AA01C 
 251      2C7997E4 
 251      55EE29DD 
 251      57A904
 252 039b 77066ADF 		.ascii	"w\006j\337W\336\252\257Q\266=\023\204\231%\325\304\303"
 252      57DEAAAF 
 252      51B63D13 
 252      849925D5 
ARM GAS  C:\Users\zozo\AppData\Local\Temp\ccr3Hw2M.s 			page 19


 252      C4C3
 253 03ad 017B02B5 		.ascii	"\001{\002\265A\305\315\237v+\376\232\\\343a\247?\350"
 253      41C5CD9F 
 253      762BFE9A 
 253      5CE361A7 
 253      3FE8
 254 03bf DFADEC77 		.ascii	"\337\255\354w\361&\266\357xA\247~\243.\250\004\002\015"
 254      F126B6EF 
 254      7841A77E 
 254      A32EA804 
 254      020D
 255 03d1 07829C7E 		.ascii	"\007\202\234~\013\017\226\277\247\370\003\231\2603\240"
 255      0B0F96BF 
 255      A7F80399 
 255      B033A0
 256 03e0 EC2F2B15 		.ascii	"\354/+\025\240\262\322'\372\032\354y"
 256      A0B2D227 
 256      FA1AEC79 
 257              		.text
 258              		.section	.gnu.lto_.symtab.d9226bb4,"",%progbits
 259 0000 5357325F 		.ascii	"SW2_SetDriveMode\000\000\000\000\000\000\000\000\000"
 259      53657444 
 259      72697665 
 259      4D6F6465 
 259      00000000 
 260 0019 000000B2 		.ascii	"\000\000\000\262\000\000\000SW2_Write\000\000\000\000"
 260      00000053 
 260      57325F57 
 260      72697465 
 260      00000000 
 261 002d 00000000 		.ascii	"\000\000\000\000\000\000\000\000\264\000\000\000SW2"
 261      00000000 
 261      B4000000 
 261      535732
 262 003c 5F526561 		.ascii	"_Read\000\000\000\000\000\000\000\000\000\000\000\000"
 262      64000000 
 262      00000000 
 262      00000000 
 262      00
 263 004d B7000000 		.ascii	"\267\000\000\000SW2_ReadDataReg\000\000\000\000\000"
 263      5357325F 
 263      52656164 
 263      44617461 
 263      52656700 
 264 0065 00000000 		.ascii	"\000\000\000\000\000\000\000\271\000\000\000SW2_Set"
 264      000000B9 
 264      00000053 
 264      57325F53 
 264      6574
 265 0077 496E7465 		.ascii	"InterruptMode\000\000\000\000\000\000\000\000\000\000"
 265      72727570 
 265      744D6F64 
 265      65000000 
 265      00000000 
 266 008e 0000C300 		.ascii	"\000\000\303\000\000\000SW2_ClearInterrupt\000\000\000"
 266      00005357 
 266      325F436C 
ARM GAS  C:\Users\zozo\AppData\Local\Temp\ccr3Hw2M.s 			page 20


 266      65617249 
 266      6E746572 
 267 00a9 00000000 		.ascii	"\000\000\000\000\000\000\000\000\000\305\000\000\000"
 267      00000000 
 267      00C50000 
 267      00
 268              		.text
 269              		.section	.gnu.lto_.opts,"",%progbits
 270 0000 272D666E 		.ascii	"'-fno-trapv' '-mcpu=cortex-m0' '-mthumb' '-g' '-Os'"
 270      6F2D7472 
 270      61707627 
 270      20272D6D 
 270      6370753D 
 271 0033 20272D66 		.ascii	" '-ffunction-sections' '-flto' '-ffat-lto-objects'\000"
 271      66756E63 
 271      74696F6E 
 271      2D736563 
 271      74696F6E 
 272              		.text
 273              		.cfi_sections	.debug_frame
 274              		.section	.text.SW2_SetDriveMode,"ax",%progbits
 275              		.align	1
 276              		.global	SW2_SetDriveMode
 277              		.code	16
 278              		.thumb_func
 279              		.type	SW2_SetDriveMode, %function
 280              	SW2_SetDriveMode:
 281              	.LFB0:
 282              		.file 1 ".\\Generated_Source\\PSoC4\\SW2.c"
   1:.\Generated_Source\PSoC4/SW2.c **** /*******************************************************************************
   2:.\Generated_Source\PSoC4/SW2.c **** * File Name: SW2.c  
   3:.\Generated_Source\PSoC4/SW2.c **** * Version 2.20
   4:.\Generated_Source\PSoC4/SW2.c **** *
   5:.\Generated_Source\PSoC4/SW2.c **** * Description:
   6:.\Generated_Source\PSoC4/SW2.c **** *  This file contains API to enable firmware control of a Pins component.
   7:.\Generated_Source\PSoC4/SW2.c **** *
   8:.\Generated_Source\PSoC4/SW2.c **** ********************************************************************************
   9:.\Generated_Source\PSoC4/SW2.c **** * Copyright 2008-2015, Cypress Semiconductor Corporation.  All rights reserved.
  10:.\Generated_Source\PSoC4/SW2.c **** * You may use this file only in accordance with the license, terms, conditions, 
  11:.\Generated_Source\PSoC4/SW2.c **** * disclaimers, and limitations in the end user license agreement accompanying 
  12:.\Generated_Source\PSoC4/SW2.c **** * the software package with which this file was provided.
  13:.\Generated_Source\PSoC4/SW2.c **** *******************************************************************************/
  14:.\Generated_Source\PSoC4/SW2.c **** 
  15:.\Generated_Source\PSoC4/SW2.c **** #include "cytypes.h"
  16:.\Generated_Source\PSoC4/SW2.c **** #include "SW2.h"
  17:.\Generated_Source\PSoC4/SW2.c **** 
  18:.\Generated_Source\PSoC4/SW2.c **** 
  19:.\Generated_Source\PSoC4/SW2.c **** #if defined(SW2__PC)
  20:.\Generated_Source\PSoC4/SW2.c ****     #define SW2_SetP4PinDriveMode(shift, mode)  \
  21:.\Generated_Source\PSoC4/SW2.c ****     do { \
  22:.\Generated_Source\PSoC4/SW2.c ****         SW2_PC =   (SW2_PC & \
  23:.\Generated_Source\PSoC4/SW2.c ****                                 (uint32)(~(uint32)(SW2_DRIVE_MODE_IND_MASK << \
  24:.\Generated_Source\PSoC4/SW2.c ****                                 (SW2_DRIVE_MODE_BITS * (shift))))) | \
  25:.\Generated_Source\PSoC4/SW2.c ****                                 (uint32)((uint32)(mode) << \
  26:.\Generated_Source\PSoC4/SW2.c ****                                 (SW2_DRIVE_MODE_BITS * (shift))); \
  27:.\Generated_Source\PSoC4/SW2.c ****     } while (0)
  28:.\Generated_Source\PSoC4/SW2.c **** #else
ARM GAS  C:\Users\zozo\AppData\Local\Temp\ccr3Hw2M.s 			page 21


  29:.\Generated_Source\PSoC4/SW2.c ****     #if (CY_PSOC4_4200L)
  30:.\Generated_Source\PSoC4/SW2.c ****         #define SW2_SetP4PinDriveMode(shift, mode)  \
  31:.\Generated_Source\PSoC4/SW2.c ****         do { \
  32:.\Generated_Source\PSoC4/SW2.c ****             SW2_USBIO_CTRL_REG = (SW2_USBIO_CTRL_REG & \
  33:.\Generated_Source\PSoC4/SW2.c ****                                     (uint32)(~(uint32)(SW2_DRIVE_MODE_IND_MASK << \
  34:.\Generated_Source\PSoC4/SW2.c ****                                     (SW2_DRIVE_MODE_BITS * (shift))))) | \
  35:.\Generated_Source\PSoC4/SW2.c ****                                     (uint32)((uint32)(mode) << \
  36:.\Generated_Source\PSoC4/SW2.c ****                                     (SW2_DRIVE_MODE_BITS * (shift))); \
  37:.\Generated_Source\PSoC4/SW2.c ****         } while (0)
  38:.\Generated_Source\PSoC4/SW2.c ****     #endif
  39:.\Generated_Source\PSoC4/SW2.c **** #endif
  40:.\Generated_Source\PSoC4/SW2.c ****   
  41:.\Generated_Source\PSoC4/SW2.c **** 
  42:.\Generated_Source\PSoC4/SW2.c **** #if defined(SW2__PC) || (CY_PSOC4_4200L) 
  43:.\Generated_Source\PSoC4/SW2.c ****     /*******************************************************************************
  44:.\Generated_Source\PSoC4/SW2.c ****     * Function Name: SW2_SetDriveMode
  45:.\Generated_Source\PSoC4/SW2.c ****     ****************************************************************************//**
  46:.\Generated_Source\PSoC4/SW2.c ****     *
  47:.\Generated_Source\PSoC4/SW2.c ****     * \brief Sets the drive mode for each of the Pins component's pins.
  48:.\Generated_Source\PSoC4/SW2.c ****     * 
  49:.\Generated_Source\PSoC4/SW2.c ****     * <b>Note</b> This affects all pins in the Pins component instance. Use the
  50:.\Generated_Source\PSoC4/SW2.c ****     * Per-Pin APIs if you wish to control individual pin's drive modes.
  51:.\Generated_Source\PSoC4/SW2.c ****     *
  52:.\Generated_Source\PSoC4/SW2.c ****     * <b>Note</b> USBIOs have limited drive functionality. Refer to the Drive Mode
  53:.\Generated_Source\PSoC4/SW2.c ****     * parameter for more information.
  54:.\Generated_Source\PSoC4/SW2.c ****     *
  55:.\Generated_Source\PSoC4/SW2.c ****     * \param mode
  56:.\Generated_Source\PSoC4/SW2.c ****     *  Mode for the selected signals. Valid options are documented in 
  57:.\Generated_Source\PSoC4/SW2.c ****     *  \ref driveMode.
  58:.\Generated_Source\PSoC4/SW2.c ****     *
  59:.\Generated_Source\PSoC4/SW2.c ****     * \return
  60:.\Generated_Source\PSoC4/SW2.c ****     *  None
  61:.\Generated_Source\PSoC4/SW2.c ****     *
  62:.\Generated_Source\PSoC4/SW2.c ****     * \sideeffect
  63:.\Generated_Source\PSoC4/SW2.c ****     *  If you use read-modify-write operations that are not atomic, the ISR can
  64:.\Generated_Source\PSoC4/SW2.c ****     *  cause corruption of this function. An ISR that interrupts this function 
  65:.\Generated_Source\PSoC4/SW2.c ****     *  and performs writes to the Pins component Drive Mode registers can cause 
  66:.\Generated_Source\PSoC4/SW2.c ****     *  corrupted port data. To avoid this issue, you should either use the Per-Pin
  67:.\Generated_Source\PSoC4/SW2.c ****     *  APIs (primary method) or disable interrupts around this function.
  68:.\Generated_Source\PSoC4/SW2.c ****     *
  69:.\Generated_Source\PSoC4/SW2.c ****     * \funcusage
  70:.\Generated_Source\PSoC4/SW2.c ****     *  \snippet SW2_SUT.c usage_SW2_SetDriveMode
  71:.\Generated_Source\PSoC4/SW2.c ****     *******************************************************************************/
  72:.\Generated_Source\PSoC4/SW2.c ****     void SW2_SetDriveMode(uint8 mode)
  73:.\Generated_Source\PSoC4/SW2.c ****     {
 283              		.loc 1 73 0
 284              		.cfi_startproc
 285              	.LVL0:
  74:.\Generated_Source\PSoC4/SW2.c **** 		SW2_SetP4PinDriveMode(SW2__0__SHIFT, mode);
 286              		.loc 1 74 0
 287 0000 034A     		ldr	r2, .L2
 288 0002 044B     		ldr	r3, .L2+4
 289 0004 1168     		ldr	r1, [r2]
 290 0006 4005     		lsl	r0, r0, #21
 291              	.LVL1:
 292 0008 0B40     		and	r3, r1
 293 000a 1843     		orr	r0, r3
ARM GAS  C:\Users\zozo\AppData\Local\Temp\ccr3Hw2M.s 			page 22


 294 000c 1060     		str	r0, [r2]
  75:.\Generated_Source\PSoC4/SW2.c ****     }
 295              		.loc 1 75 0
 296              		@ sp needed
 297 000e 7047     		bx	lr
 298              	.L3:
 299              		.align	2
 300              	.L2:
 301 0010 08020440 		.word	1074004488
 302 0014 FFFF1FFF 		.word	-14680065
 303              		.cfi_endproc
 304              	.LFE0:
 305              		.size	SW2_SetDriveMode, .-SW2_SetDriveMode
 306              		.section	.text.SW2_Write,"ax",%progbits
 307              		.align	1
 308              		.global	SW2_Write
 309              		.code	16
 310              		.thumb_func
 311              		.type	SW2_Write, %function
 312              	SW2_Write:
 313              	.LFB1:
  76:.\Generated_Source\PSoC4/SW2.c **** #endif
  77:.\Generated_Source\PSoC4/SW2.c **** 
  78:.\Generated_Source\PSoC4/SW2.c **** 
  79:.\Generated_Source\PSoC4/SW2.c **** /*******************************************************************************
  80:.\Generated_Source\PSoC4/SW2.c **** * Function Name: SW2_Write
  81:.\Generated_Source\PSoC4/SW2.c **** ****************************************************************************//**
  82:.\Generated_Source\PSoC4/SW2.c **** *
  83:.\Generated_Source\PSoC4/SW2.c **** * \brief Writes the value to the physical port (data output register), masking
  84:.\Generated_Source\PSoC4/SW2.c **** *  and shifting the bits appropriately. 
  85:.\Generated_Source\PSoC4/SW2.c **** *
  86:.\Generated_Source\PSoC4/SW2.c **** * The data output register controls the signal applied to the physical pin in 
  87:.\Generated_Source\PSoC4/SW2.c **** * conjunction with the drive mode parameter. This function avoids changing 
  88:.\Generated_Source\PSoC4/SW2.c **** * other bits in the port by using the appropriate method (read-modify-write or
  89:.\Generated_Source\PSoC4/SW2.c **** * bit banding).
  90:.\Generated_Source\PSoC4/SW2.c **** *
  91:.\Generated_Source\PSoC4/SW2.c **** * <b>Note</b> This function should not be used on a hardware digital output pin 
  92:.\Generated_Source\PSoC4/SW2.c **** * as it is driven by the hardware signal attached to it.
  93:.\Generated_Source\PSoC4/SW2.c **** *
  94:.\Generated_Source\PSoC4/SW2.c **** * \param value
  95:.\Generated_Source\PSoC4/SW2.c **** *  Value to write to the component instance.
  96:.\Generated_Source\PSoC4/SW2.c **** *
  97:.\Generated_Source\PSoC4/SW2.c **** * \return 
  98:.\Generated_Source\PSoC4/SW2.c **** *  None 
  99:.\Generated_Source\PSoC4/SW2.c **** *
 100:.\Generated_Source\PSoC4/SW2.c **** * \sideeffect
 101:.\Generated_Source\PSoC4/SW2.c **** *  If you use read-modify-write operations that are not atomic; the Interrupt 
 102:.\Generated_Source\PSoC4/SW2.c **** *  Service Routines (ISR) can cause corruption of this function. An ISR that 
 103:.\Generated_Source\PSoC4/SW2.c **** *  interrupts this function and performs writes to the Pins component data 
 104:.\Generated_Source\PSoC4/SW2.c **** *  register can cause corrupted port data. To avoid this issue, you should 
 105:.\Generated_Source\PSoC4/SW2.c **** *  either use the Per-Pin APIs (primary method) or disable interrupts around 
 106:.\Generated_Source\PSoC4/SW2.c **** *  this function.
 107:.\Generated_Source\PSoC4/SW2.c **** *
 108:.\Generated_Source\PSoC4/SW2.c **** * \funcusage
 109:.\Generated_Source\PSoC4/SW2.c **** *  \snippet SW2_SUT.c usage_SW2_Write
 110:.\Generated_Source\PSoC4/SW2.c **** *******************************************************************************/
 111:.\Generated_Source\PSoC4/SW2.c **** void SW2_Write(uint8 value)
ARM GAS  C:\Users\zozo\AppData\Local\Temp\ccr3Hw2M.s 			page 23


 112:.\Generated_Source\PSoC4/SW2.c **** {
 314              		.loc 1 112 0
 315              		.cfi_startproc
 316              	.LVL2:
 113:.\Generated_Source\PSoC4/SW2.c ****     uint8 drVal = (uint8)(SW2_DR & (uint8)(~SW2_MASK));
 317              		.loc 1 113 0
 318 0000 7F23     		mov	r3, #127
 319 0002 044A     		ldr	r2, .L5
 114:.\Generated_Source\PSoC4/SW2.c ****     drVal = (drVal | ((uint8)(value << SW2_SHIFT) & SW2_MASK));
 320              		.loc 1 114 0
 321 0004 C001     		lsl	r0, r0, #7
 322              	.LVL3:
 113:.\Generated_Source\PSoC4/SW2.c ****     uint8 drVal = (uint8)(SW2_DR & (uint8)(~SW2_MASK));
 323              		.loc 1 113 0
 324 0006 1168     		ldr	r1, [r2]
 115:.\Generated_Source\PSoC4/SW2.c ****     SW2_DR = (uint32)drVal;
 116:.\Generated_Source\PSoC4/SW2.c **** }
 325              		.loc 1 116 0
 326              		@ sp needed
 113:.\Generated_Source\PSoC4/SW2.c ****     drVal = (drVal | ((uint8)(value << SW2_SHIFT) & SW2_MASK));
 327              		.loc 1 113 0
 328 0008 0B40     		and	r3, r1
 114:.\Generated_Source\PSoC4/SW2.c ****     drVal = (drVal | ((uint8)(value << SW2_SHIFT) & SW2_MASK));
 329              		.loc 1 114 0
 330 000a 1843     		orr	r0, r3
 115:.\Generated_Source\PSoC4/SW2.c ****     SW2_DR = (uint32)drVal;
 331              		.loc 1 115 0
 332 000c C0B2     		uxtb	r0, r0
 333 000e 1060     		str	r0, [r2]
 334              		.loc 1 116 0
 335 0010 7047     		bx	lr
 336              	.L6:
 337 0012 C046     		.align	2
 338              	.L5:
 339 0014 00020440 		.word	1074004480
 340              		.cfi_endproc
 341              	.LFE1:
 342              		.size	SW2_Write, .-SW2_Write
 343              		.section	.text.SW2_Read,"ax",%progbits
 344              		.align	1
 345              		.global	SW2_Read
 346              		.code	16
 347              		.thumb_func
 348              		.type	SW2_Read, %function
 349              	SW2_Read:
 350              	.LFB2:
 117:.\Generated_Source\PSoC4/SW2.c **** 
 118:.\Generated_Source\PSoC4/SW2.c **** 
 119:.\Generated_Source\PSoC4/SW2.c **** /*******************************************************************************
 120:.\Generated_Source\PSoC4/SW2.c **** * Function Name: SW2_Read
 121:.\Generated_Source\PSoC4/SW2.c **** ****************************************************************************//**
 122:.\Generated_Source\PSoC4/SW2.c **** *
 123:.\Generated_Source\PSoC4/SW2.c **** * \brief Reads the associated physical port (pin status register) and masks 
 124:.\Generated_Source\PSoC4/SW2.c **** *  the required bits according to the width and bit position of the component
 125:.\Generated_Source\PSoC4/SW2.c **** *  instance. 
 126:.\Generated_Source\PSoC4/SW2.c **** *
 127:.\Generated_Source\PSoC4/SW2.c **** * The pin's status register returns the current logic level present on the 
ARM GAS  C:\Users\zozo\AppData\Local\Temp\ccr3Hw2M.s 			page 24


 128:.\Generated_Source\PSoC4/SW2.c **** * physical pin.
 129:.\Generated_Source\PSoC4/SW2.c **** *
 130:.\Generated_Source\PSoC4/SW2.c **** * \return 
 131:.\Generated_Source\PSoC4/SW2.c **** *  The current value for the pins in the component as a right justified number.
 132:.\Generated_Source\PSoC4/SW2.c **** *
 133:.\Generated_Source\PSoC4/SW2.c **** * \funcusage
 134:.\Generated_Source\PSoC4/SW2.c **** *  \snippet SW2_SUT.c usage_SW2_Read  
 135:.\Generated_Source\PSoC4/SW2.c **** *******************************************************************************/
 136:.\Generated_Source\PSoC4/SW2.c **** uint8 SW2_Read(void)
 137:.\Generated_Source\PSoC4/SW2.c **** {
 351              		.loc 1 137 0
 352              		.cfi_startproc
 138:.\Generated_Source\PSoC4/SW2.c ****     return (uint8)((SW2_PS & SW2_MASK) >> SW2_SHIFT);
 353              		.loc 1 138 0
 354 0000 024B     		ldr	r3, .L8
 139:.\Generated_Source\PSoC4/SW2.c **** }
 355              		.loc 1 139 0
 356              		@ sp needed
 138:.\Generated_Source\PSoC4/SW2.c ****     return (uint8)((SW2_PS & SW2_MASK) >> SW2_SHIFT);
 357              		.loc 1 138 0
 358 0002 1868     		ldr	r0, [r3]
 359 0004 0006     		lsl	r0, r0, #24
 360 0006 C00F     		lsr	r0, r0, #31
 361              		.loc 1 139 0
 362 0008 7047     		bx	lr
 363              	.L9:
 364 000a C046     		.align	2
 365              	.L8:
 366 000c 04020440 		.word	1074004484
 367              		.cfi_endproc
 368              	.LFE2:
 369              		.size	SW2_Read, .-SW2_Read
 370              		.section	.text.SW2_ReadDataReg,"ax",%progbits
 371              		.align	1
 372              		.global	SW2_ReadDataReg
 373              		.code	16
 374              		.thumb_func
 375              		.type	SW2_ReadDataReg, %function
 376              	SW2_ReadDataReg:
 377              	.LFB3:
 140:.\Generated_Source\PSoC4/SW2.c **** 
 141:.\Generated_Source\PSoC4/SW2.c **** 
 142:.\Generated_Source\PSoC4/SW2.c **** /*******************************************************************************
 143:.\Generated_Source\PSoC4/SW2.c **** * Function Name: SW2_ReadDataReg
 144:.\Generated_Source\PSoC4/SW2.c **** ****************************************************************************//**
 145:.\Generated_Source\PSoC4/SW2.c **** *
 146:.\Generated_Source\PSoC4/SW2.c **** * \brief Reads the associated physical port's data output register and masks 
 147:.\Generated_Source\PSoC4/SW2.c **** *  the correct bits according to the width and bit position of the component 
 148:.\Generated_Source\PSoC4/SW2.c **** *  instance. 
 149:.\Generated_Source\PSoC4/SW2.c **** *
 150:.\Generated_Source\PSoC4/SW2.c **** * The data output register controls the signal applied to the physical pin in 
 151:.\Generated_Source\PSoC4/SW2.c **** * conjunction with the drive mode parameter. This is not the same as the 
 152:.\Generated_Source\PSoC4/SW2.c **** * preferred SW2_Read() API because the 
 153:.\Generated_Source\PSoC4/SW2.c **** * SW2_ReadDataReg() reads the data register instead of the status 
 154:.\Generated_Source\PSoC4/SW2.c **** * register. For output pins this is a useful function to determine the value 
 155:.\Generated_Source\PSoC4/SW2.c **** * just written to the pin.
 156:.\Generated_Source\PSoC4/SW2.c **** *
ARM GAS  C:\Users\zozo\AppData\Local\Temp\ccr3Hw2M.s 			page 25


 157:.\Generated_Source\PSoC4/SW2.c **** * \return 
 158:.\Generated_Source\PSoC4/SW2.c **** *  The current value of the data register masked and shifted into a right 
 159:.\Generated_Source\PSoC4/SW2.c **** *  justified number for the component instance.
 160:.\Generated_Source\PSoC4/SW2.c **** *
 161:.\Generated_Source\PSoC4/SW2.c **** * \funcusage
 162:.\Generated_Source\PSoC4/SW2.c **** *  \snippet SW2_SUT.c usage_SW2_ReadDataReg 
 163:.\Generated_Source\PSoC4/SW2.c **** *******************************************************************************/
 164:.\Generated_Source\PSoC4/SW2.c **** uint8 SW2_ReadDataReg(void)
 165:.\Generated_Source\PSoC4/SW2.c **** {
 378              		.loc 1 165 0
 379              		.cfi_startproc
 166:.\Generated_Source\PSoC4/SW2.c ****     return (uint8)((SW2_DR & SW2_MASK) >> SW2_SHIFT);
 380              		.loc 1 166 0
 381 0000 024B     		ldr	r3, .L11
 167:.\Generated_Source\PSoC4/SW2.c **** }
 382              		.loc 1 167 0
 383              		@ sp needed
 166:.\Generated_Source\PSoC4/SW2.c ****     return (uint8)((SW2_DR & SW2_MASK) >> SW2_SHIFT);
 384              		.loc 1 166 0
 385 0002 1868     		ldr	r0, [r3]
 386 0004 0006     		lsl	r0, r0, #24
 387 0006 C00F     		lsr	r0, r0, #31
 388              		.loc 1 167 0
 389 0008 7047     		bx	lr
 390              	.L12:
 391 000a C046     		.align	2
 392              	.L11:
 393 000c 00020440 		.word	1074004480
 394              		.cfi_endproc
 395              	.LFE3:
 396              		.size	SW2_ReadDataReg, .-SW2_ReadDataReg
 397              		.section	.text.SW2_SetInterruptMode,"ax",%progbits
 398              		.align	1
 399              		.global	SW2_SetInterruptMode
 400              		.code	16
 401              		.thumb_func
 402              		.type	SW2_SetInterruptMode, %function
 403              	SW2_SetInterruptMode:
 404              	.LFB4:
 168:.\Generated_Source\PSoC4/SW2.c **** 
 169:.\Generated_Source\PSoC4/SW2.c **** 
 170:.\Generated_Source\PSoC4/SW2.c **** /*******************************************************************************
 171:.\Generated_Source\PSoC4/SW2.c **** * Function Name: SW2_SetInterruptMode
 172:.\Generated_Source\PSoC4/SW2.c **** ****************************************************************************//**
 173:.\Generated_Source\PSoC4/SW2.c **** *
 174:.\Generated_Source\PSoC4/SW2.c **** * \brief Configures the interrupt mode for each of the Pins component's
 175:.\Generated_Source\PSoC4/SW2.c **** *  pins. Alternatively you may set the interrupt mode for all the pins
 176:.\Generated_Source\PSoC4/SW2.c **** *  specified in the Pins component.
 177:.\Generated_Source\PSoC4/SW2.c **** *
 178:.\Generated_Source\PSoC4/SW2.c **** *  <b>Note</b> The interrupt is port-wide and therefore any enabled pin
 179:.\Generated_Source\PSoC4/SW2.c **** *  interrupt may trigger it.
 180:.\Generated_Source\PSoC4/SW2.c **** *
 181:.\Generated_Source\PSoC4/SW2.c **** * \param position
 182:.\Generated_Source\PSoC4/SW2.c **** *  The pin position as listed in the Pins component. You may OR these to be 
 183:.\Generated_Source\PSoC4/SW2.c **** *  able to configure the interrupt mode of multiple pins within a Pins 
 184:.\Generated_Source\PSoC4/SW2.c **** *  component. Or you may use SW2_INTR_ALL to configure the
 185:.\Generated_Source\PSoC4/SW2.c **** *  interrupt mode of all the pins in the Pins component.       
ARM GAS  C:\Users\zozo\AppData\Local\Temp\ccr3Hw2M.s 			page 26


 186:.\Generated_Source\PSoC4/SW2.c **** *  - SW2_0_INTR       (First pin in the list)
 187:.\Generated_Source\PSoC4/SW2.c **** *  - SW2_1_INTR       (Second pin in the list)
 188:.\Generated_Source\PSoC4/SW2.c **** *  - ...
 189:.\Generated_Source\PSoC4/SW2.c **** *  - SW2_INTR_ALL     (All pins in Pins component)
 190:.\Generated_Source\PSoC4/SW2.c **** *
 191:.\Generated_Source\PSoC4/SW2.c **** * \param mode
 192:.\Generated_Source\PSoC4/SW2.c **** *  Interrupt mode for the selected pins. Valid options are documented in
 193:.\Generated_Source\PSoC4/SW2.c **** *  \ref intrMode.
 194:.\Generated_Source\PSoC4/SW2.c **** *
 195:.\Generated_Source\PSoC4/SW2.c **** * \return 
 196:.\Generated_Source\PSoC4/SW2.c **** *  None
 197:.\Generated_Source\PSoC4/SW2.c **** *  
 198:.\Generated_Source\PSoC4/SW2.c **** * \sideeffect
 199:.\Generated_Source\PSoC4/SW2.c **** *  It is recommended that the interrupt be disabled before calling this 
 200:.\Generated_Source\PSoC4/SW2.c **** *  function to avoid unintended interrupt requests. Note that the interrupt
 201:.\Generated_Source\PSoC4/SW2.c **** *  type is port wide, and therefore will trigger for any enabled pin on the 
 202:.\Generated_Source\PSoC4/SW2.c **** *  port.
 203:.\Generated_Source\PSoC4/SW2.c **** *
 204:.\Generated_Source\PSoC4/SW2.c **** * \funcusage
 205:.\Generated_Source\PSoC4/SW2.c **** *  \snippet SW2_SUT.c usage_SW2_SetInterruptMode
 206:.\Generated_Source\PSoC4/SW2.c **** *******************************************************************************/
 207:.\Generated_Source\PSoC4/SW2.c **** void SW2_SetInterruptMode(uint16 position, uint16 mode)
 208:.\Generated_Source\PSoC4/SW2.c **** {
 405              		.loc 1 208 0
 406              		.cfi_startproc
 407              	.LVL4:
 209:.\Generated_Source\PSoC4/SW2.c ****     uint32 intrCfg;
 210:.\Generated_Source\PSoC4/SW2.c ****     
 211:.\Generated_Source\PSoC4/SW2.c ****     intrCfg =  SW2_INTCFG & (uint32)(~(uint32)position);
 408              		.loc 1 211 0
 409 0000 034A     		ldr	r2, .L14
 212:.\Generated_Source\PSoC4/SW2.c ****     SW2_INTCFG = intrCfg | ((uint32)position & (uint32)mode);
 213:.\Generated_Source\PSoC4/SW2.c **** }
 410              		.loc 1 213 0
 411              		@ sp needed
 211:.\Generated_Source\PSoC4/SW2.c ****     SW2_INTCFG = intrCfg | ((uint32)position & (uint32)mode);
 412              		.loc 1 211 0
 413 0002 1368     		ldr	r3, [r2]
 414              	.LVL5:
 415 0004 8343     		bic	r3, r0
 416              	.LVL6:
 212:.\Generated_Source\PSoC4/SW2.c ****     SW2_INTCFG = intrCfg | ((uint32)position & (uint32)mode);
 417              		.loc 1 212 0
 418 0006 0840     		and	r0, r1
 419              	.LVL7:
 420 0008 1843     		orr	r0, r3
 421 000a 1060     		str	r0, [r2]
 422              		.loc 1 213 0
 423 000c 7047     		bx	lr
 424              	.L15:
 425 000e C046     		.align	2
 426              	.L14:
 427 0010 0C020440 		.word	1074004492
 428              		.cfi_endproc
 429              	.LFE4:
 430              		.size	SW2_SetInterruptMode, .-SW2_SetInterruptMode
 431              		.section	.text.SW2_ClearInterrupt,"ax",%progbits
ARM GAS  C:\Users\zozo\AppData\Local\Temp\ccr3Hw2M.s 			page 27


 432              		.align	1
 433              		.global	SW2_ClearInterrupt
 434              		.code	16
 435              		.thumb_func
 436              		.type	SW2_ClearInterrupt, %function
 437              	SW2_ClearInterrupt:
 438              	.LFB5:
 214:.\Generated_Source\PSoC4/SW2.c **** 
 215:.\Generated_Source\PSoC4/SW2.c **** 
 216:.\Generated_Source\PSoC4/SW2.c **** /*******************************************************************************
 217:.\Generated_Source\PSoC4/SW2.c **** * Function Name: SW2_ClearInterrupt
 218:.\Generated_Source\PSoC4/SW2.c **** ****************************************************************************//**
 219:.\Generated_Source\PSoC4/SW2.c **** *
 220:.\Generated_Source\PSoC4/SW2.c **** * \brief Clears any active interrupts attached with the component and returns 
 221:.\Generated_Source\PSoC4/SW2.c **** *  the value of the interrupt status register allowing determination of which
 222:.\Generated_Source\PSoC4/SW2.c **** *  pins generated an interrupt event.
 223:.\Generated_Source\PSoC4/SW2.c **** *
 224:.\Generated_Source\PSoC4/SW2.c **** * \return 
 225:.\Generated_Source\PSoC4/SW2.c **** *  The right-shifted current value of the interrupt status register. Each pin 
 226:.\Generated_Source\PSoC4/SW2.c **** *  has one bit set if it generated an interrupt event. For example, bit 0 is 
 227:.\Generated_Source\PSoC4/SW2.c **** *  for pin 0 and bit 1 is for pin 1 of the Pins component.
 228:.\Generated_Source\PSoC4/SW2.c **** *  
 229:.\Generated_Source\PSoC4/SW2.c **** * \sideeffect
 230:.\Generated_Source\PSoC4/SW2.c **** *  Clears all bits of the physical port's interrupt status register, not just
 231:.\Generated_Source\PSoC4/SW2.c **** *  those associated with the Pins component.
 232:.\Generated_Source\PSoC4/SW2.c **** *
 233:.\Generated_Source\PSoC4/SW2.c **** * \funcusage
 234:.\Generated_Source\PSoC4/SW2.c **** *  \snippet SW2_SUT.c usage_SW2_ClearInterrupt
 235:.\Generated_Source\PSoC4/SW2.c **** *******************************************************************************/
 236:.\Generated_Source\PSoC4/SW2.c **** uint8 SW2_ClearInterrupt(void)
 237:.\Generated_Source\PSoC4/SW2.c **** {
 439              		.loc 1 237 0
 440              		.cfi_startproc
 238:.\Generated_Source\PSoC4/SW2.c **** 	uint8 maskedStatus = (uint8)(SW2_INTSTAT & SW2_MASK);
 441              		.loc 1 238 0
 442 0000 7F22     		mov	r2, #127
 443 0002 034B     		ldr	r3, .L17
 239:.\Generated_Source\PSoC4/SW2.c **** 	SW2_INTSTAT = maskedStatus;
 240:.\Generated_Source\PSoC4/SW2.c ****     return maskedStatus >> SW2_SHIFT;
 241:.\Generated_Source\PSoC4/SW2.c **** }
 444              		.loc 1 241 0
 445              		@ sp needed
 238:.\Generated_Source\PSoC4/SW2.c **** 	uint8 maskedStatus = (uint8)(SW2_INTSTAT & SW2_MASK);
 446              		.loc 1 238 0
 447 0004 1868     		ldr	r0, [r3]
 448 0006 9043     		bic	r0, r2
 449 0008 C0B2     		uxtb	r0, r0
 450              	.LVL8:
 239:.\Generated_Source\PSoC4/SW2.c **** 	SW2_INTSTAT = maskedStatus;
 451              		.loc 1 239 0
 452 000a 1860     		str	r0, [r3]
 240:.\Generated_Source\PSoC4/SW2.c **** }
 453              		.loc 1 240 0
 454 000c C009     		lsr	r0, r0, #7
 455              	.LVL9:
 456              		.loc 1 241 0
 457 000e 7047     		bx	lr
ARM GAS  C:\Users\zozo\AppData\Local\Temp\ccr3Hw2M.s 			page 28


 458              	.L18:
 459              		.align	2
 460              	.L17:
 461 0010 10020440 		.word	1074004496
 462              		.cfi_endproc
 463              	.LFE5:
 464              		.size	SW2_ClearInterrupt, .-SW2_ClearInterrupt
 465              		.text
 466              	.Letext0:
 467              		.file 2 ".\\Generated_Source\\PSoC4\\cytypes.h"
 468              		.section	.debug_info,"",%progbits
 469              	.Ldebug_info0:
 470 0000 97010000 		.4byte	0x197
 471 0004 0400     		.2byte	0x4
 472 0006 00000000 		.4byte	.Ldebug_abbrev0
 473 000a 04       		.byte	0x4
 474 000b 01       		.uleb128 0x1
 475 000c 1B000000 		.4byte	.LASF27
 476 0010 01       		.byte	0x1
 477 0011 32010000 		.4byte	.LASF28
 478 0015 D1010000 		.4byte	.LASF29
 479 0019 00000000 		.4byte	.Ldebug_ranges0+0
 480 001d 00000000 		.4byte	0
 481 0021 00000000 		.4byte	.Ldebug_line0
 482 0025 02       		.uleb128 0x2
 483 0026 01       		.byte	0x1
 484 0027 06       		.byte	0x6
 485 0028 2F020000 		.4byte	.LASF0
 486 002c 02       		.uleb128 0x2
 487 002d 01       		.byte	0x1
 488 002e 08       		.byte	0x8
 489 002f C6000000 		.4byte	.LASF1
 490 0033 02       		.uleb128 0x2
 491 0034 02       		.byte	0x2
 492 0035 05       		.byte	0x5
 493 0036 9E010000 		.4byte	.LASF2
 494 003a 02       		.uleb128 0x2
 495 003b 02       		.byte	0x2
 496 003c 07       		.byte	0x7
 497 003d EC000000 		.4byte	.LASF3
 498 0041 02       		.uleb128 0x2
 499 0042 04       		.byte	0x4
 500 0043 05       		.byte	0x5
 501 0044 C8010000 		.4byte	.LASF4
 502 0048 02       		.uleb128 0x2
 503 0049 04       		.byte	0x4
 504 004a 07       		.byte	0x7
 505 004b DA000000 		.4byte	.LASF5
 506 004f 02       		.uleb128 0x2
 507 0050 08       		.byte	0x8
 508 0051 05       		.byte	0x5
 509 0052 6B010000 		.4byte	.LASF6
 510 0056 02       		.uleb128 0x2
 511 0057 08       		.byte	0x8
 512 0058 07       		.byte	0x7
 513 0059 AF000000 		.4byte	.LASF7
 514 005d 03       		.uleb128 0x3
ARM GAS  C:\Users\zozo\AppData\Local\Temp\ccr3Hw2M.s 			page 29


 515 005e 04       		.byte	0x4
 516 005f 05       		.byte	0x5
 517 0060 696E7400 		.ascii	"int\000"
 518 0064 02       		.uleb128 0x2
 519 0065 04       		.byte	0x4
 520 0066 07       		.byte	0x7
 521 0067 25010000 		.4byte	.LASF8
 522 006b 04       		.uleb128 0x4
 523 006c B2010000 		.4byte	.LASF9
 524 0070 02       		.byte	0x2
 525 0071 3801     		.2byte	0x138
 526 0073 2C000000 		.4byte	0x2c
 527 0077 04       		.uleb128 0x4
 528 0078 06010000 		.4byte	.LASF10
 529 007c 02       		.byte	0x2
 530 007d 3901     		.2byte	0x139
 531 007f 3A000000 		.4byte	0x3a
 532 0083 04       		.uleb128 0x4
 533 0084 16010000 		.4byte	.LASF11
 534 0088 02       		.byte	0x2
 535 0089 3A01     		.2byte	0x13a
 536 008b 48000000 		.4byte	0x48
 537 008f 02       		.uleb128 0x2
 538 0090 04       		.byte	0x4
 539 0091 04       		.byte	0x4
 540 0092 15000000 		.4byte	.LASF12
 541 0096 02       		.uleb128 0x2
 542 0097 08       		.byte	0x8
 543 0098 04       		.byte	0x4
 544 0099 FF000000 		.4byte	.LASF13
 545 009d 02       		.uleb128 0x2
 546 009e 01       		.byte	0x1
 547 009f 08       		.byte	0x8
 548 00a0 86010000 		.4byte	.LASF14
 549 00a4 04       		.uleb128 0x4
 550 00a5 09000000 		.4byte	.LASF15
 551 00a9 02       		.byte	0x2
 552 00aa E401     		.2byte	0x1e4
 553 00ac B0000000 		.4byte	0xb0
 554 00b0 05       		.uleb128 0x5
 555 00b1 83000000 		.4byte	0x83
 556 00b5 06       		.uleb128 0x6
 557 00b6 3B020000 		.4byte	.LASF16
 558 00ba 01       		.byte	0x1
 559 00bb 48       		.byte	0x48
 560 00bc 00000000 		.4byte	.LFB0
 561 00c0 18000000 		.4byte	.LFE0-.LFB0
 562 00c4 01       		.uleb128 0x1
 563 00c5 9C       		.byte	0x9c
 564 00c6 DA000000 		.4byte	0xda
 565 00ca 07       		.uleb128 0x7
 566 00cb 51010000 		.4byte	.LASF18
 567 00cf 01       		.byte	0x1
 568 00d0 48       		.byte	0x48
 569 00d1 6B000000 		.4byte	0x6b
 570 00d5 00000000 		.4byte	.LLST0
 571 00d9 00       		.byte	0
ARM GAS  C:\Users\zozo\AppData\Local\Temp\ccr3Hw2M.s 			page 30


 572 00da 06       		.uleb128 0x6
 573 00db A8010000 		.4byte	.LASF17
 574 00df 01       		.byte	0x1
 575 00e0 6F       		.byte	0x6f
 576 00e1 00000000 		.4byte	.LFB1
 577 00e5 18000000 		.4byte	.LFE1-.LFB1
 578 00e9 01       		.uleb128 0x1
 579 00ea 9C       		.byte	0x9c
 580 00eb 0A010000 		.4byte	0x10a
 581 00ef 07       		.uleb128 0x7
 582 00f0 0F000000 		.4byte	.LASF19
 583 00f4 01       		.byte	0x1
 584 00f5 6F       		.byte	0x6f
 585 00f6 6B000000 		.4byte	0x6b
 586 00fa 21000000 		.4byte	.LLST1
 587 00fe 08       		.uleb128 0x8
 588 00ff D4000000 		.4byte	.LASF30
 589 0103 01       		.byte	0x1
 590 0104 71       		.byte	0x71
 591 0105 6B000000 		.4byte	0x6b
 592 0109 00       		.byte	0
 593 010a 09       		.uleb128 0x9
 594 010b 00000000 		.4byte	.LASF20
 595 010f 01       		.byte	0x1
 596 0110 88       		.byte	0x88
 597 0111 6B000000 		.4byte	0x6b
 598 0115 00000000 		.4byte	.LFB2
 599 0119 10000000 		.4byte	.LFE2-.LFB2
 600 011d 01       		.uleb128 0x1
 601 011e 9C       		.byte	0x9c
 602 011f 09       		.uleb128 0x9
 603 0120 B8010000 		.4byte	.LASF21
 604 0124 01       		.byte	0x1
 605 0125 A4       		.byte	0xa4
 606 0126 6B000000 		.4byte	0x6b
 607 012a 00000000 		.4byte	.LFB3
 608 012e 10000000 		.4byte	.LFE3-.LFB3
 609 0132 01       		.uleb128 0x1
 610 0133 9C       		.byte	0x9c
 611 0134 06       		.uleb128 0x6
 612 0135 56010000 		.4byte	.LASF22
 613 0139 01       		.byte	0x1
 614 013a CF       		.byte	0xcf
 615 013b 00000000 		.4byte	.LFB4
 616 013f 14000000 		.4byte	.LFE4-.LFB4
 617 0143 01       		.uleb128 0x1
 618 0144 9C       		.byte	0x9c
 619 0145 75010000 		.4byte	0x175
 620 0149 07       		.uleb128 0x7
 621 014a 0D010000 		.4byte	.LASF23
 622 014e 01       		.byte	0x1
 623 014f CF       		.byte	0xcf
 624 0150 77000000 		.4byte	0x77
 625 0154 42000000 		.4byte	.LLST2
 626 0158 0A       		.uleb128 0xa
 627 0159 51010000 		.4byte	.LASF18
 628 015d 01       		.byte	0x1
ARM GAS  C:\Users\zozo\AppData\Local\Temp\ccr3Hw2M.s 			page 31


 629 015e CF       		.byte	0xcf
 630 015f 77000000 		.4byte	0x77
 631 0163 01       		.uleb128 0x1
 632 0164 51       		.byte	0x51
 633 0165 0B       		.uleb128 0xb
 634 0166 1D010000 		.4byte	.LASF25
 635 016a 01       		.byte	0x1
 636 016b D1       		.byte	0xd1
 637 016c 83000000 		.4byte	0x83
 638 0170 63000000 		.4byte	.LLST3
 639 0174 00       		.byte	0
 640 0175 0C       		.uleb128 0xc
 641 0176 8B010000 		.4byte	.LASF24
 642 017a 01       		.byte	0x1
 643 017b EC       		.byte	0xec
 644 017c 6B000000 		.4byte	0x6b
 645 0180 00000000 		.4byte	.LFB5
 646 0184 14000000 		.4byte	.LFE5-.LFB5
 647 0188 01       		.uleb128 0x1
 648 0189 9C       		.byte	0x9c
 649 018a 0B       		.uleb128 0xb
 650 018b 79010000 		.4byte	.LASF26
 651 018f 01       		.byte	0x1
 652 0190 EE       		.byte	0xee
 653 0191 6B000000 		.4byte	0x6b
 654 0195 80000000 		.4byte	.LLST4
 655 0199 00       		.byte	0
 656 019a 00       		.byte	0
 657              		.section	.debug_abbrev,"",%progbits
 658              	.Ldebug_abbrev0:
 659 0000 01       		.uleb128 0x1
 660 0001 11       		.uleb128 0x11
 661 0002 01       		.byte	0x1
 662 0003 25       		.uleb128 0x25
 663 0004 0E       		.uleb128 0xe
 664 0005 13       		.uleb128 0x13
 665 0006 0B       		.uleb128 0xb
 666 0007 03       		.uleb128 0x3
 667 0008 0E       		.uleb128 0xe
 668 0009 1B       		.uleb128 0x1b
 669 000a 0E       		.uleb128 0xe
 670 000b 55       		.uleb128 0x55
 671 000c 17       		.uleb128 0x17
 672 000d 11       		.uleb128 0x11
 673 000e 01       		.uleb128 0x1
 674 000f 10       		.uleb128 0x10
 675 0010 17       		.uleb128 0x17
 676 0011 00       		.byte	0
 677 0012 00       		.byte	0
 678 0013 02       		.uleb128 0x2
 679 0014 24       		.uleb128 0x24
 680 0015 00       		.byte	0
 681 0016 0B       		.uleb128 0xb
 682 0017 0B       		.uleb128 0xb
 683 0018 3E       		.uleb128 0x3e
 684 0019 0B       		.uleb128 0xb
 685 001a 03       		.uleb128 0x3
ARM GAS  C:\Users\zozo\AppData\Local\Temp\ccr3Hw2M.s 			page 32


 686 001b 0E       		.uleb128 0xe
 687 001c 00       		.byte	0
 688 001d 00       		.byte	0
 689 001e 03       		.uleb128 0x3
 690 001f 24       		.uleb128 0x24
 691 0020 00       		.byte	0
 692 0021 0B       		.uleb128 0xb
 693 0022 0B       		.uleb128 0xb
 694 0023 3E       		.uleb128 0x3e
 695 0024 0B       		.uleb128 0xb
 696 0025 03       		.uleb128 0x3
 697 0026 08       		.uleb128 0x8
 698 0027 00       		.byte	0
 699 0028 00       		.byte	0
 700 0029 04       		.uleb128 0x4
 701 002a 16       		.uleb128 0x16
 702 002b 00       		.byte	0
 703 002c 03       		.uleb128 0x3
 704 002d 0E       		.uleb128 0xe
 705 002e 3A       		.uleb128 0x3a
 706 002f 0B       		.uleb128 0xb
 707 0030 3B       		.uleb128 0x3b
 708 0031 05       		.uleb128 0x5
 709 0032 49       		.uleb128 0x49
 710 0033 13       		.uleb128 0x13
 711 0034 00       		.byte	0
 712 0035 00       		.byte	0
 713 0036 05       		.uleb128 0x5
 714 0037 35       		.uleb128 0x35
 715 0038 00       		.byte	0
 716 0039 49       		.uleb128 0x49
 717 003a 13       		.uleb128 0x13
 718 003b 00       		.byte	0
 719 003c 00       		.byte	0
 720 003d 06       		.uleb128 0x6
 721 003e 2E       		.uleb128 0x2e
 722 003f 01       		.byte	0x1
 723 0040 3F       		.uleb128 0x3f
 724 0041 19       		.uleb128 0x19
 725 0042 03       		.uleb128 0x3
 726 0043 0E       		.uleb128 0xe
 727 0044 3A       		.uleb128 0x3a
 728 0045 0B       		.uleb128 0xb
 729 0046 3B       		.uleb128 0x3b
 730 0047 0B       		.uleb128 0xb
 731 0048 27       		.uleb128 0x27
 732 0049 19       		.uleb128 0x19
 733 004a 11       		.uleb128 0x11
 734 004b 01       		.uleb128 0x1
 735 004c 12       		.uleb128 0x12
 736 004d 06       		.uleb128 0x6
 737 004e 40       		.uleb128 0x40
 738 004f 18       		.uleb128 0x18
 739 0050 9742     		.uleb128 0x2117
 740 0052 19       		.uleb128 0x19
 741 0053 01       		.uleb128 0x1
 742 0054 13       		.uleb128 0x13
ARM GAS  C:\Users\zozo\AppData\Local\Temp\ccr3Hw2M.s 			page 33


 743 0055 00       		.byte	0
 744 0056 00       		.byte	0
 745 0057 07       		.uleb128 0x7
 746 0058 05       		.uleb128 0x5
 747 0059 00       		.byte	0
 748 005a 03       		.uleb128 0x3
 749 005b 0E       		.uleb128 0xe
 750 005c 3A       		.uleb128 0x3a
 751 005d 0B       		.uleb128 0xb
 752 005e 3B       		.uleb128 0x3b
 753 005f 0B       		.uleb128 0xb
 754 0060 49       		.uleb128 0x49
 755 0061 13       		.uleb128 0x13
 756 0062 02       		.uleb128 0x2
 757 0063 17       		.uleb128 0x17
 758 0064 00       		.byte	0
 759 0065 00       		.byte	0
 760 0066 08       		.uleb128 0x8
 761 0067 34       		.uleb128 0x34
 762 0068 00       		.byte	0
 763 0069 03       		.uleb128 0x3
 764 006a 0E       		.uleb128 0xe
 765 006b 3A       		.uleb128 0x3a
 766 006c 0B       		.uleb128 0xb
 767 006d 3B       		.uleb128 0x3b
 768 006e 0B       		.uleb128 0xb
 769 006f 49       		.uleb128 0x49
 770 0070 13       		.uleb128 0x13
 771 0071 00       		.byte	0
 772 0072 00       		.byte	0
 773 0073 09       		.uleb128 0x9
 774 0074 2E       		.uleb128 0x2e
 775 0075 00       		.byte	0
 776 0076 3F       		.uleb128 0x3f
 777 0077 19       		.uleb128 0x19
 778 0078 03       		.uleb128 0x3
 779 0079 0E       		.uleb128 0xe
 780 007a 3A       		.uleb128 0x3a
 781 007b 0B       		.uleb128 0xb
 782 007c 3B       		.uleb128 0x3b
 783 007d 0B       		.uleb128 0xb
 784 007e 27       		.uleb128 0x27
 785 007f 19       		.uleb128 0x19
 786 0080 49       		.uleb128 0x49
 787 0081 13       		.uleb128 0x13
 788 0082 11       		.uleb128 0x11
 789 0083 01       		.uleb128 0x1
 790 0084 12       		.uleb128 0x12
 791 0085 06       		.uleb128 0x6
 792 0086 40       		.uleb128 0x40
 793 0087 18       		.uleb128 0x18
 794 0088 9742     		.uleb128 0x2117
 795 008a 19       		.uleb128 0x19
 796 008b 00       		.byte	0
 797 008c 00       		.byte	0
 798 008d 0A       		.uleb128 0xa
 799 008e 05       		.uleb128 0x5
ARM GAS  C:\Users\zozo\AppData\Local\Temp\ccr3Hw2M.s 			page 34


 800 008f 00       		.byte	0
 801 0090 03       		.uleb128 0x3
 802 0091 0E       		.uleb128 0xe
 803 0092 3A       		.uleb128 0x3a
 804 0093 0B       		.uleb128 0xb
 805 0094 3B       		.uleb128 0x3b
 806 0095 0B       		.uleb128 0xb
 807 0096 49       		.uleb128 0x49
 808 0097 13       		.uleb128 0x13
 809 0098 02       		.uleb128 0x2
 810 0099 18       		.uleb128 0x18
 811 009a 00       		.byte	0
 812 009b 00       		.byte	0
 813 009c 0B       		.uleb128 0xb
 814 009d 34       		.uleb128 0x34
 815 009e 00       		.byte	0
 816 009f 03       		.uleb128 0x3
 817 00a0 0E       		.uleb128 0xe
 818 00a1 3A       		.uleb128 0x3a
 819 00a2 0B       		.uleb128 0xb
 820 00a3 3B       		.uleb128 0x3b
 821 00a4 0B       		.uleb128 0xb
 822 00a5 49       		.uleb128 0x49
 823 00a6 13       		.uleb128 0x13
 824 00a7 02       		.uleb128 0x2
 825 00a8 17       		.uleb128 0x17
 826 00a9 00       		.byte	0
 827 00aa 00       		.byte	0
 828 00ab 0C       		.uleb128 0xc
 829 00ac 2E       		.uleb128 0x2e
 830 00ad 01       		.byte	0x1
 831 00ae 3F       		.uleb128 0x3f
 832 00af 19       		.uleb128 0x19
 833 00b0 03       		.uleb128 0x3
 834 00b1 0E       		.uleb128 0xe
 835 00b2 3A       		.uleb128 0x3a
 836 00b3 0B       		.uleb128 0xb
 837 00b4 3B       		.uleb128 0x3b
 838 00b5 0B       		.uleb128 0xb
 839 00b6 27       		.uleb128 0x27
 840 00b7 19       		.uleb128 0x19
 841 00b8 49       		.uleb128 0x49
 842 00b9 13       		.uleb128 0x13
 843 00ba 11       		.uleb128 0x11
 844 00bb 01       		.uleb128 0x1
 845 00bc 12       		.uleb128 0x12
 846 00bd 06       		.uleb128 0x6
 847 00be 40       		.uleb128 0x40
 848 00bf 18       		.uleb128 0x18
 849 00c0 9742     		.uleb128 0x2117
 850 00c2 19       		.uleb128 0x19
 851 00c3 00       		.byte	0
 852 00c4 00       		.byte	0
 853 00c5 00       		.byte	0
 854              		.section	.debug_loc,"",%progbits
 855              	.Ldebug_loc0:
 856              	.LLST0:
ARM GAS  C:\Users\zozo\AppData\Local\Temp\ccr3Hw2M.s 			page 35


 857 0000 00000000 		.4byte	.LVL0
 858 0004 08000000 		.4byte	.LVL1
 859 0008 0100     		.2byte	0x1
 860 000a 50       		.byte	0x50
 861 000b 08000000 		.4byte	.LVL1
 862 000f 18000000 		.4byte	.LFE0
 863 0013 0400     		.2byte	0x4
 864 0015 F3       		.byte	0xf3
 865 0016 01       		.uleb128 0x1
 866 0017 50       		.byte	0x50
 867 0018 9F       		.byte	0x9f
 868 0019 00000000 		.4byte	0
 869 001d 00000000 		.4byte	0
 870              	.LLST1:
 871 0021 00000000 		.4byte	.LVL2
 872 0025 06000000 		.4byte	.LVL3
 873 0029 0100     		.2byte	0x1
 874 002b 50       		.byte	0x50
 875 002c 06000000 		.4byte	.LVL3
 876 0030 18000000 		.4byte	.LFE1
 877 0034 0400     		.2byte	0x4
 878 0036 F3       		.byte	0xf3
 879 0037 01       		.uleb128 0x1
 880 0038 50       		.byte	0x50
 881 0039 9F       		.byte	0x9f
 882 003a 00000000 		.4byte	0
 883 003e 00000000 		.4byte	0
 884              	.LLST2:
 885 0042 00000000 		.4byte	.LVL4
 886 0046 08000000 		.4byte	.LVL7
 887 004a 0100     		.2byte	0x1
 888 004c 50       		.byte	0x50
 889 004d 08000000 		.4byte	.LVL7
 890 0051 14000000 		.4byte	.LFE4
 891 0055 0400     		.2byte	0x4
 892 0057 F3       		.byte	0xf3
 893 0058 01       		.uleb128 0x1
 894 0059 50       		.byte	0x50
 895 005a 9F       		.byte	0x9f
 896 005b 00000000 		.4byte	0
 897 005f 00000000 		.4byte	0
 898              	.LLST3:
 899 0063 04000000 		.4byte	.LVL5
 900 0067 06000000 		.4byte	.LVL6
 901 006b 0B00     		.2byte	0xb
 902 006d 70       		.byte	0x70
 903 006e 00       		.sleb128 0
 904 006f 0A       		.byte	0xa
 905 0070 FFFF     		.2byte	0xffff
 906 0072 1A       		.byte	0x1a
 907 0073 20       		.byte	0x20
 908 0074 73       		.byte	0x73
 909 0075 00       		.sleb128 0
 910 0076 1A       		.byte	0x1a
 911 0077 9F       		.byte	0x9f
 912 0078 00000000 		.4byte	0
 913 007c 00000000 		.4byte	0
ARM GAS  C:\Users\zozo\AppData\Local\Temp\ccr3Hw2M.s 			page 36


 914              	.LLST4:
 915 0080 0A000000 		.4byte	.LVL8
 916 0084 0E000000 		.4byte	.LVL9
 917 0088 0100     		.2byte	0x1
 918 008a 50       		.byte	0x50
 919 008b 0E000000 		.4byte	.LVL9
 920 008f 14000000 		.4byte	.LFE5
 921 0093 0400     		.2byte	0x4
 922 0095 73       		.byte	0x73
 923 0096 00       		.sleb128 0
 924 0097 06       		.byte	0x6
 925 0098 9F       		.byte	0x9f
 926 0099 00000000 		.4byte	0
 927 009d 00000000 		.4byte	0
 928              		.section	.debug_aranges,"",%progbits
 929 0000 44000000 		.4byte	0x44
 930 0004 0200     		.2byte	0x2
 931 0006 00000000 		.4byte	.Ldebug_info0
 932 000a 04       		.byte	0x4
 933 000b 00       		.byte	0
 934 000c 0000     		.2byte	0
 935 000e 0000     		.2byte	0
 936 0010 00000000 		.4byte	.LFB0
 937 0014 18000000 		.4byte	.LFE0-.LFB0
 938 0018 00000000 		.4byte	.LFB1
 939 001c 18000000 		.4byte	.LFE1-.LFB1
 940 0020 00000000 		.4byte	.LFB2
 941 0024 10000000 		.4byte	.LFE2-.LFB2
 942 0028 00000000 		.4byte	.LFB3
 943 002c 10000000 		.4byte	.LFE3-.LFB3
 944 0030 00000000 		.4byte	.LFB4
 945 0034 14000000 		.4byte	.LFE4-.LFB4
 946 0038 00000000 		.4byte	.LFB5
 947 003c 14000000 		.4byte	.LFE5-.LFB5
 948 0040 00000000 		.4byte	0
 949 0044 00000000 		.4byte	0
 950              		.section	.debug_ranges,"",%progbits
 951              	.Ldebug_ranges0:
 952 0000 00000000 		.4byte	.LFB0
 953 0004 18000000 		.4byte	.LFE0
 954 0008 00000000 		.4byte	.LFB1
 955 000c 18000000 		.4byte	.LFE1
 956 0010 00000000 		.4byte	.LFB2
 957 0014 10000000 		.4byte	.LFE2
 958 0018 00000000 		.4byte	.LFB3
 959 001c 10000000 		.4byte	.LFE3
 960 0020 00000000 		.4byte	.LFB4
 961 0024 14000000 		.4byte	.LFE4
 962 0028 00000000 		.4byte	.LFB5
 963 002c 14000000 		.4byte	.LFE5
 964 0030 00000000 		.4byte	0
 965 0034 00000000 		.4byte	0
 966              		.section	.debug_line,"",%progbits
 967              	.Ldebug_line0:
 968 0000 C5000000 		.section	.debug_str,"MS",%progbits,1
 968      02004200 
 968      00000201 
ARM GAS  C:\Users\zozo\AppData\Local\Temp\ccr3Hw2M.s 			page 37


 968      FB0E0D00 
 968      01010101 
 969              	.LASF20:
 970 0000 5357325F 		.ascii	"SW2_Read\000"
 970      52656164 
 970      00
 971              	.LASF15:
 972 0009 72656733 		.ascii	"reg32\000"
 972      3200
 973              	.LASF19:
 974 000f 76616C75 		.ascii	"value\000"
 974      6500
 975              	.LASF12:
 976 0015 666C6F61 		.ascii	"float\000"
 976      7400
 977              	.LASF27:
 978 001b 474E5520 		.ascii	"GNU C 4.9.3 20150303 (release) [ARM/embedded-4_9-br"
 978      4320342E 
 978      392E3320 
 978      32303135 
 978      30333033 
 979 004e 616E6368 		.ascii	"anch revision 221220] -mcpu=cortex-m0 -mthumb -g -O"
 979      20726576 
 979      6973696F 
 979      6E203232 
 979      31323230 
 980 0081 73202D66 		.ascii	"s -ffunction-sections -flto -ffat-lto-objects\000"
 980      66756E63 
 980      74696F6E 
 980      2D736563 
 980      74696F6E 
 981              	.LASF7:
 982 00af 6C6F6E67 		.ascii	"long long unsigned int\000"
 982      206C6F6E 
 982      6720756E 
 982      7369676E 
 982      65642069 
 983              	.LASF1:
 984 00c6 756E7369 		.ascii	"unsigned char\000"
 984      676E6564 
 984      20636861 
 984      7200
 985              	.LASF30:
 986 00d4 64725661 		.ascii	"drVal\000"
 986      6C00
 987              	.LASF5:
 988 00da 6C6F6E67 		.ascii	"long unsigned int\000"
 988      20756E73 
 988      69676E65 
 988      6420696E 
 988      7400
 989              	.LASF3:
 990 00ec 73686F72 		.ascii	"short unsigned int\000"
 990      7420756E 
 990      7369676E 
 990      65642069 
 990      6E7400
ARM GAS  C:\Users\zozo\AppData\Local\Temp\ccr3Hw2M.s 			page 38


 991              	.LASF13:
 992 00ff 646F7562 		.ascii	"double\000"
 992      6C6500
 993              	.LASF10:
 994 0106 75696E74 		.ascii	"uint16\000"
 994      313600
 995              	.LASF23:
 996 010d 706F7369 		.ascii	"position\000"
 996      74696F6E 
 996      00
 997              	.LASF11:
 998 0116 75696E74 		.ascii	"uint32\000"
 998      333200
 999              	.LASF25:
 1000 011d 696E7472 		.ascii	"intrCfg\000"
 1000      43666700 
 1001              	.LASF8:
 1002 0125 756E7369 		.ascii	"unsigned int\000"
 1002      676E6564 
 1002      20696E74 
 1002      00
 1003              	.LASF28:
 1004 0132 2E5C4765 		.ascii	".\\Generated_Source\\PSoC4\\SW2.c\000"
 1004      6E657261 
 1004      7465645F 
 1004      536F7572 
 1004      63655C50 
 1005              	.LASF18:
 1006 0151 6D6F6465 		.ascii	"mode\000"
 1006      00
 1007              	.LASF22:
 1008 0156 5357325F 		.ascii	"SW2_SetInterruptMode\000"
 1008      53657449 
 1008      6E746572 
 1008      72757074 
 1008      4D6F6465 
 1009              	.LASF6:
 1010 016b 6C6F6E67 		.ascii	"long long int\000"
 1010      206C6F6E 
 1010      6720696E 
 1010      7400
 1011              	.LASF26:
 1012 0179 6D61736B 		.ascii	"maskedStatus\000"
 1012      65645374 
 1012      61747573 
 1012      00
 1013              	.LASF14:
 1014 0186 63686172 		.ascii	"char\000"
 1014      00
 1015              	.LASF24:
 1016 018b 5357325F 		.ascii	"SW2_ClearInterrupt\000"
 1016      436C6561 
 1016      72496E74 
 1016      65727275 
 1016      707400
 1017              	.LASF2:
 1018 019e 73686F72 		.ascii	"short int\000"
ARM GAS  C:\Users\zozo\AppData\Local\Temp\ccr3Hw2M.s 			page 39


 1018      7420696E 
 1018      7400
 1019              	.LASF17:
 1020 01a8 5357325F 		.ascii	"SW2_Write\000"
 1020      57726974 
 1020      6500
 1021              	.LASF9:
 1022 01b2 75696E74 		.ascii	"uint8\000"
 1022      3800
 1023              	.LASF21:
 1024 01b8 5357325F 		.ascii	"SW2_ReadDataReg\000"
 1024      52656164 
 1024      44617461 
 1024      52656700 
 1025              	.LASF4:
 1026 01c8 6C6F6E67 		.ascii	"long int\000"
 1026      20696E74 
 1026      00
 1027              	.LASF29:
 1028 01d1 433A5C55 		.ascii	"C:\\Users\\zozo\\GitHub\\Connection_Parameters1\\Co"
 1028      73657273 
 1028      5C7A6F7A 
 1028      6F5C4769 
 1028      74487562 
 1029 01ff 6E6E6563 		.ascii	"nnection_Parameters\\Connection_Parameters.cydsn\000"
 1029      74696F6E 
 1029      5F506172 
 1029      616D6574 
 1029      6572735C 
 1030              	.LASF0:
 1031 022f 7369676E 		.ascii	"signed char\000"
 1031      65642063 
 1031      68617200 
 1032              	.LASF16:
 1033 023b 5357325F 		.ascii	"SW2_SetDriveMode\000"
 1033      53657444 
 1033      72697665 
 1033      4D6F6465 
 1033      00
 1034              		.comm	__gnu_lto_v1,1,1
 1035              		.ident	"GCC: (GNU Tools for ARM Embedded Processors) 4.9.3 20150303 (release) [ARM/embedded-4_9-br
